It: 0, Loss: 2.577e-01, nu: 0.020, Time: 0.16
It: 100, Loss: 4.262e-02, nu: 0.020, Time: 13.00
It: 200, Loss: 2.253e-02, nu: 0.020, Time: 12.90
It: 300, Loss: 5.473e-02, nu: 0.020, Time: 13.19
It: 400, Loss: 8.183e-02, nu: 0.020, Time: 13.22
It: 500, Loss: 5.968e-02, nu: 0.020, Time: 12.97
It: 600, Loss: 2.960e-02, nu: 0.020, Time: 13.12
It: 700, Loss: 5.445e-01, nu: 0.020, Time: 13.24
It: 800, Loss: 4.508e-02, nu: 0.020, Time: 13.59
It: 900, Loss: 4.844e-02, nu: 0.020, Time: 13.41
It: 1000, Loss: 2.909e-02, nu: 0.020, Time: 13.57
It: 1100, Loss: 4.296e-04, nu: 0.020, Time: 13.95
It: 1200, Loss: 1.005e-04, nu: 0.020, Time: 14.20
It: 1300, Loss: 6.080e-05, nu: 0.020, Time: 13.91
It: 1400, Loss: 1.086e-03, nu: 0.020, Time: 13.84
It: 1500, Loss: 3.883e-05, nu: 0.020, Time: 13.87
It: 1600, Loss: 5.047e-04, nu: 0.020, Time: 14.00
It: 1700, Loss: 2.671e-05, nu: 0.020, Time: 14.14
It: 1800, Loss: 2.213e-05, nu: 0.020, Time: 13.84
It: 1900, Loss: 2.660e-05, nu: 0.020, Time: 13.90
It: 2000, Loss: 1.602e-05, nu: 0.020, Time: 13.93
It: 2100, Loss: 1.365e-05, nu: 0.020, Time: 13.93
It: 2200, Loss: 1.253e-05, nu: 0.020, Time: 13.80
It: 2300, Loss: 1.207e-05, nu: 0.020, Time: 14.01
It: 2400, Loss: 1.125e-05, nu: 0.020, Time: 14.11
It: 2500, Loss: 9.929e-06, nu: 0.020, Time: 13.98
It: 2600, Loss: 9.112e-06, nu: 0.020, Time: 13.94
It: 2700, Loss: 7.949e-06, nu: 0.020, Time: 13.87
It: 2800, Loss: 7.950e-06, nu: 0.020, Time: 13.73
It: 2900, Loss: 7.077e-06, nu: 0.020, Time: 13.64
It: 3000, Loss: 6.979e-06, nu: 0.020, Time: 13.94
It: 3100, Loss: 6.328e-06, nu: 0.020, Time: 13.64
It: 3200, Loss: 5.958e-06, nu: 0.020, Time: 13.87
It: 3300, Loss: 5.570e-06, nu: 0.020, Time: 13.85
It: 3400, Loss: 5.775e-06, nu: 0.020, Time: 13.78
It: 3500, Loss: 5.546e-06, nu: 0.020, Time: 13.82
It: 3600, Loss: 5.051e-06, nu: 0.020, Time: 13.89
It: 3700, Loss: 5.150e-06, nu: 0.020, Time: 13.91
It: 3800, Loss: 4.721e-06, nu: 0.020, Time: 13.76
It: 3900, Loss: 4.631e-06, nu: 0.020, Time: 13.94
It: 4000, Loss: 4.404e-06, nu: 0.020, Time: 13.82
It: 4100, Loss: 4.345e-06, nu: 0.020, Time: 13.89
It: 4200, Loss: 4.029e-06, nu: 0.020, Time: 13.52
It: 4300, Loss: 3.999e-06, nu: 0.020, Time: 13.59
It: 4400, Loss: 3.912e-06, nu: 0.020, Time: 14.08
It: 4500, Loss: 4.105e-06, nu: 0.020, Time: 13.81
It: 4600, Loss: 3.900e-06, nu: 0.020, Time: 13.78
It: 4700, Loss: 3.860e-06, nu: 0.020, Time: 13.85
It: 4800, Loss: 3.718e-06, nu: 0.020, Time: 13.94
It: 4900, Loss: 3.611e-06, nu: 0.020, Time: 13.68
It: 5000, Loss: 3.376e-06, nu: 0.020, Time: 13.87
It: 5100, Loss: 3.519e-06, nu: 0.020, Time: 13.85
It: 5200, Loss: 3.327e-06, nu: 0.020, Time: 13.79
It: 5300, Loss: 3.383e-06, nu: 0.020, Time: 14.02
It: 5400, Loss: 3.272e-06, nu: 0.020, Time: 13.95
It: 5500, Loss: 3.259e-06, nu: 0.020, Time: 13.70
It: 5600, Loss: 3.237e-06, nu: 0.020, Time: 13.46
It: 5700, Loss: 2.994e-06, nu: 0.020, Time: 13.65
It: 5800, Loss: 3.235e-06, nu: 0.020, Time: 13.76
It: 5900, Loss: 3.001e-06, nu: 0.020, Time: 13.66
It: 6000, Loss: 2.843e-06, nu: 0.020, Time: 13.61
It: 6100, Loss: 2.944e-06, nu: 0.020, Time: 13.84
It: 6200, Loss: 3.075e-06, nu: 0.020, Time: 14.04
It: 6300, Loss: 2.933e-06, nu: 0.020, Time: 13.71
It: 6400, Loss: 2.811e-06, nu: 0.020, Time: 13.92
It: 6500, Loss: 2.804e-06, nu: 0.020, Time: 13.85
It: 6600, Loss: 2.686e-06, nu: 0.020, Time: 13.48
It: 6700, Loss: 2.641e-06, nu: 0.020, Time: 13.89
It: 6800, Loss: 2.784e-06, nu: 0.020, Time: 13.71
It: 6900, Loss: 2.756e-06, nu: 0.020, Time: 13.60
It: 7000, Loss: 2.661e-06, nu: 0.020, Time: 13.73
It: 7100, Loss: 2.710e-06, nu: 0.020, Time: 13.56
It: 7200, Loss: 2.630e-06, nu: 0.020, Time: 13.86
It: 7300, Loss: 2.778e-06, nu: 0.020, Time: 13.97
It: 7400, Loss: 2.722e-06, nu: 0.020, Time: 13.37
It: 7500, Loss: 2.619e-06, nu: 0.020, Time: 14.16
It: 7600, Loss: 2.544e-06, nu: 0.020, Time: 14.07
It: 7700, Loss: 2.672e-06, nu: 0.020, Time: 14.01
It: 7800, Loss: 2.502e-06, nu: 0.020, Time: 13.89
It: 7900, Loss: 2.563e-06, nu: 0.020, Time: 13.90
It: 8000, Loss: 2.472e-06, nu: 0.020, Time: 13.93
It: 8100, Loss: 2.472e-06, nu: 0.020, Time: 13.59
It: 8200, Loss: 2.555e-06, nu: 0.020, Time: 13.62
It: 8300, Loss: 2.403e-06, nu: 0.020, Time: 13.87
It: 8400, Loss: 2.438e-06, nu: 0.020, Time: 13.65
It: 8500, Loss: 2.349e-06, nu: 0.020, Time: 13.64
It: 8600, Loss: 2.401e-06, nu: 0.020, Time: 13.66
It: 8700, Loss: 2.394e-06, nu: 0.020, Time: 13.54
It: 8800, Loss: 2.480e-06, nu: 0.020, Time: 13.69
It: 8900, Loss: 2.591e-06, nu: 0.020, Time: 13.75
It: 9000, Loss: 2.505e-06, nu: 0.020, Time: 14.02
It: 9100, Loss: 2.422e-06, nu: 0.020, Time: 13.74
It: 9200, Loss: 2.409e-06, nu: 0.020, Time: 13.92
It: 9300, Loss: 2.340e-06, nu: 0.020, Time: 13.83
It: 9400, Loss: 2.270e-06, nu: 0.020, Time: 13.43
It: 9500, Loss: 2.415e-06, nu: 0.020, Time: 13.84
It: 9600, Loss: 2.315e-06, nu: 0.020, Time: 13.99
It: 9700, Loss: 2.267e-06, nu: 0.020, Time: 13.87
It: 9800, Loss: 2.312e-06, nu: 0.020, Time: 14.00
It: 9900, Loss: 2.269e-06, nu: 0.020, Time: 13.93
It: 10000, Loss: 2.196e-06, nu: 0.020, Time: 13.93
It: 10100, Loss: 2.294e-06, nu: 0.020, Time: 13.84
It: 10200, Loss: 2.184e-06, nu: 0.020, Time: 14.14
It: 10300, Loss: 2.294e-06, nu: 0.020, Time: 13.90
It: 10400, Loss: 2.238e-06, nu: 0.020, Time: 14.12
It: 10500, Loss: 2.258e-06, nu: 0.020, Time: 14.09
It: 10600, Loss: 2.330e-06, nu: 0.020, Time: 13.96
It: 10700, Loss: 2.321e-06, nu: 0.020, Time: 14.31
It: 10800, Loss: 2.169e-06, nu: 0.020, Time: 14.23
It: 10900, Loss: 2.103e-06, nu: 0.020, Time: 14.02
It: 11000, Loss: 2.271e-06, nu: 0.020, Time: 13.93
It: 11100, Loss: 2.212e-06, nu: 0.020, Time: 13.78
It: 11200, Loss: 2.205e-06, nu: 0.020, Time: 13.60
It: 11300, Loss: 2.132e-06, nu: 0.020, Time: 13.93
It: 11400, Loss: 2.170e-06, nu: 0.020, Time: 13.92
It: 11500, Loss: 2.324e-06, nu: 0.020, Time: 13.84
It: 11600, Loss: 2.136e-06, nu: 0.020, Time: 13.61
It: 11700, Loss: 2.274e-06, nu: 0.020, Time: 13.95
It: 11800, Loss: 2.167e-06, nu: 0.020, Time: 13.90
It: 11900, Loss: 2.104e-06, nu: 0.020, Time: 14.07
It: 12000, Loss: 2.139e-06, nu: 0.020, Time: 13.62
It: 12100, Loss: 2.156e-06, nu: 0.020, Time: 13.76
It: 12200, Loss: 2.110e-06, nu: 0.020, Time: 13.75
It: 12300, Loss: 2.237e-06, nu: 0.020, Time: 13.94
It: 12400, Loss: 1.990e-06, nu: 0.020, Time: 13.90
It: 12500, Loss: 2.131e-06, nu: 0.020, Time: 13.72
It: 12600, Loss: 2.202e-06, nu: 0.020, Time: 13.74
It: 12700, Loss: 2.090e-06, nu: 0.020, Time: 13.68
It: 12800, Loss: 2.091e-06, nu: 0.020, Time: 14.06
It: 12900, Loss: 2.150e-06, nu: 0.020, Time: 13.81
It: 13000, Loss: 2.028e-06, nu: 0.020, Time: 13.93
It: 13100, Loss: 2.063e-06, nu: 0.020, Time: 13.74
It: 13200, Loss: 2.051e-06, nu: 0.020, Time: 13.66
It: 13300, Loss: 2.091e-06, nu: 0.020, Time: 13.84
It: 13400, Loss: 2.152e-06, nu: 0.020, Time: 13.63
It: 13500, Loss: 2.069e-06, nu: 0.020, Time: 13.90
It: 13600, Loss: 2.058e-06, nu: 0.020, Time: 13.90
It: 13700, Loss: 2.222e-06, nu: 0.020, Time: 13.98
It: 13800, Loss: 2.017e-06, nu: 0.020, Time: 13.86
It: 13900, Loss: 2.028e-06, nu: 0.020, Time: 13.86
It: 14000, Loss: 2.018e-06, nu: 0.020, Time: 13.58
It: 14100, Loss: 2.158e-06, nu: 0.020, Time: 13.88
It: 14200, Loss: 2.069e-06, nu: 0.020, Time: 13.77
It: 14300, Loss: 2.011e-06, nu: 0.020, Time: 13.70
It: 14400, Loss: 1.949e-06, nu: 0.020, Time: 13.75
It: 14500, Loss: 1.985e-06, nu: 0.020, Time: 13.55
It: 14600, Loss: 2.081e-06, nu: 0.020, Time: 13.65
It: 14700, Loss: 1.922e-06, nu: 0.020, Time: 13.90
It: 14800, Loss: 2.204e-06, nu: 0.020, Time: 14.39
It: 14900, Loss: 2.067e-06, nu: 0.020, Time: 14.01
It: 15000, Loss: 2.017e-06, nu: 0.020, Time: 14.11
It: 15100, Loss: 2.045e-06, nu: 0.020, Time: 14.16
It: 15200, Loss: 2.131e-06, nu: 0.020, Time: 13.84
It: 15300, Loss: 1.962e-06, nu: 0.020, Time: 14.22
It: 15400, Loss: 2.084e-06, nu: 0.020, Time: 14.06
It: 15500, Loss: 2.026e-06, nu: 0.020, Time: 13.91
It: 15600, Loss: 2.021e-06, nu: 0.020, Time: 13.88
It: 15700, Loss: 2.131e-06, nu: 0.020, Time: 14.00
It: 15800, Loss: 2.107e-06, nu: 0.020, Time: 13.89
It: 15900, Loss: 2.040e-06, nu: 0.020, Time: 13.75
It: 16000, Loss: 1.980e-06, nu: 0.020, Time: 13.95
It: 16100, Loss: 2.065e-06, nu: 0.020, Time: 13.79
It: 16200, Loss: 2.036e-06, nu: 0.020, Time: 13.99
It: 16300, Loss: 1.992e-06, nu: 0.020, Time: 13.61
It: 16400, Loss: 2.088e-06, nu: 0.020, Time: 13.86
It: 16500, Loss: 2.014e-06, nu: 0.020, Time: 13.89
It: 16600, Loss: 1.973e-06, nu: 0.020, Time: 13.73
It: 16700, Loss: 2.035e-06, nu: 0.020, Time: 13.63
It: 16800, Loss: 2.117e-06, nu: 0.020, Time: 13.71
It: 16900, Loss: 2.007e-06, nu: 0.020, Time: 13.36
It: 17000, Loss: 2.039e-06, nu: 0.020, Time: 13.70
It: 17100, Loss: 1.961e-06, nu: 0.020, Time: 13.62
It: 17200, Loss: 1.989e-06, nu: 0.020, Time: 13.71
It: 17300, Loss: 2.063e-06, nu: 0.020, Time: 13.41
It: 17400, Loss: 1.962e-06, nu: 0.020, Time: 13.78
It: 17500, Loss: 2.058e-06, nu: 0.020, Time: 13.81
It: 17600, Loss: 2.002e-06, nu: 0.020, Time: 13.72
It: 17700, Loss: 1.942e-06, nu: 0.020, Time: 13.71
It: 17800, Loss: 2.082e-06, nu: 0.020, Time: 13.96
It: 17900, Loss: 1.935e-06, nu: 0.020, Time: 13.90
It: 18000, Loss: 2.025e-06, nu: 0.020, Time: 13.59
It: 18100, Loss: 2.012e-06, nu: 0.020, Time: 13.98
It: 18200, Loss: 2.004e-06, nu: 0.020, Time: 13.73
It: 18300, Loss: 1.989e-06, nu: 0.020, Time: 13.63
It: 18400, Loss: 1.974e-06, nu: 0.020, Time: 13.70
It: 18500, Loss: 2.047e-06, nu: 0.020, Time: 13.91
It: 18600, Loss: 1.995e-06, nu: 0.020, Time: 13.56
It: 18700, Loss: 2.088e-06, nu: 0.020, Time: 13.77
It: 18800, Loss: 1.913e-06, nu: 0.020, Time: 13.56
It: 18900, Loss: 2.053e-06, nu: 0.020, Time: 13.84
It: 19000, Loss: 1.933e-06, nu: 0.020, Time: 13.78
It: 19100, Loss: 1.899e-06, nu: 0.020, Time: 13.75
It: 19200, Loss: 2.041e-06, nu: 0.020, Time: 13.71
It: 19300, Loss: 2.027e-06, nu: 0.020, Time: 13.71
It: 19400, Loss: 2.098e-06, nu: 0.020, Time: 13.84
It: 19500, Loss: 1.961e-06, nu: 0.020, Time: 13.80
It: 19600, Loss: 1.993e-06, nu: 0.020, Time: 13.79
It: 19700, Loss: 1.959e-06, nu: 0.020, Time: 13.73
It: 19800, Loss: 1.955e-06, nu: 0.020, Time: 13.92
It: 19900, Loss: 1.976e-06, nu: 0.020, Time: 13.87
It: 20000, Loss: 2.056e-06, nu: 0.020, Time: 13.76
It: 20100, Loss: 1.935e-06, nu: 0.020, Time: 13.84
It: 20200, Loss: 2.042e-06, nu: 0.020, Time: 13.76
It: 20300, Loss: 2.035e-06, nu: 0.020, Time: 13.72
It: 20400, Loss: 1.904e-06, nu: 0.020, Time: 13.68
It: 20500, Loss: 2.039e-06, nu: 0.020, Time: 13.77
It: 20600, Loss: 2.031e-06, nu: 0.020, Time: 13.78
It: 20700, Loss: 2.025e-06, nu: 0.020, Time: 13.83
It: 20800, Loss: 2.048e-06, nu: 0.020, Time: 13.88
It: 20900, Loss: 2.120e-06, nu: 0.020, Time: 13.87
It: 21000, Loss: 2.018e-06, nu: 0.020, Time: 13.94
It: 21100, Loss: 2.021e-06, nu: 0.020, Time: 14.17
It: 21200, Loss: 1.930e-06, nu: 0.020, Time: 13.59
It: 21300, Loss: 1.940e-06, nu: 0.020, Time: 13.38
It: 21400, Loss: 1.969e-06, nu: 0.020, Time: 13.42
It: 21500, Loss: 2.017e-06, nu: 0.020, Time: 13.62
It: 21600, Loss: 1.984e-06, nu: 0.020, Time: 13.38
It: 21700, Loss: 1.928e-06, nu: 0.020, Time: 13.45
It: 21800, Loss: 1.956e-06, nu: 0.020, Time: 13.19
It: 21900, Loss: 1.993e-06, nu: 0.020, Time: 13.46
It: 22000, Loss: 2.077e-06, nu: 0.020, Time: 13.79
It: 22100, Loss: 1.909e-06, nu: 0.020, Time: 13.81
It: 22200, Loss: 1.964e-06, nu: 0.020, Time: 13.34
It: 22300, Loss: 1.901e-06, nu: 0.020, Time: 13.76
It: 22400, Loss: 1.992e-06, nu: 0.020, Time: 13.60
It: 22500, Loss: 2.070e-06, nu: 0.020, Time: 13.18
It: 22600, Loss: 1.995e-06, nu: 0.020, Time: 13.64
It: 22700, Loss: 1.822e-06, nu: 0.020, Time: 13.78
It: 22800, Loss: 2.021e-06, nu: 0.020, Time: 12.98
It: 22900, Loss: 2.040e-06, nu: 0.020, Time: 13.03
It: 23000, Loss: 1.906e-06, nu: 0.020, Time: 13.03
It: 23100, Loss: 1.963e-06, nu: 0.020, Time: 13.03
It: 23200, Loss: 2.047e-06, nu: 0.020, Time: 13.00
It: 23300, Loss: 2.078e-06, nu: 0.020, Time: 13.15
It: 23400, Loss: 1.938e-06, nu: 0.020, Time: 13.36
It: 23500, Loss: 2.005e-06, nu: 0.020, Time: 13.36
It: 23600, Loss: 2.009e-06, nu: 0.020, Time: 13.47
It: 23700, Loss: 2.031e-06, nu: 0.020, Time: 13.29
It: 23800, Loss: 1.984e-06, nu: 0.020, Time: 13.24
It: 23900, Loss: 2.107e-06, nu: 0.020, Time: 13.26
It: 24000, Loss: 2.006e-06, nu: 0.020, Time: 13.26
It: 24100, Loss: 1.923e-06, nu: 0.020, Time: 13.18
It: 24200, Loss: 2.037e-06, nu: 0.020, Time: 13.15
It: 24300, Loss: 1.974e-06, nu: 0.020, Time: 13.30
It: 24400, Loss: 1.970e-06, nu: 0.020, Time: 13.28
It: 24500, Loss: 1.960e-06, nu: 0.020, Time: 12.61
It: 24600, Loss: 2.154e-06, nu: 0.020, Time: 11.52
It: 24700, Loss: 2.036e-06, nu: 0.020, Time: 11.21
It: 24800, Loss: 2.042e-06, nu: 0.020, Time: 11.11
It: 24900, Loss: 2.033e-06, nu: 0.020, Time: 11.21
It: 25000, Loss: 1.992e-06, nu: 0.020, Time: 11.04
It: 25100, Loss: 2.002e-06, nu: 0.020, Time: 11.42
It: 25200, Loss: 1.947e-06, nu: 0.020, Time: 11.09
It: 25300, Loss: 1.998e-06, nu: 0.020, Time: 11.18
It: 25400, Loss: 1.968e-06, nu: 0.020, Time: 11.18
It: 25500, Loss: 1.994e-06, nu: 0.020, Time: 11.14
It: 25600, Loss: 1.929e-06, nu: 0.020, Time: 11.17
It: 25700, Loss: 2.039e-06, nu: 0.020, Time: 11.22
It: 25800, Loss: 2.029e-06, nu: 0.020, Time: 11.13
It: 25900, Loss: 2.003e-06, nu: 0.020, Time: 11.25
It: 26000, Loss: 1.973e-06, nu: 0.020, Time: 11.04
It: 26100, Loss: 1.956e-06, nu: 0.020, Time: 11.20
It: 26200, Loss: 1.949e-06, nu: 0.020, Time: 11.14
It: 26300, Loss: 1.980e-06, nu: 0.020, Time: 11.09
It: 26400, Loss: 1.976e-06, nu: 0.020, Time: 11.18
It: 26500, Loss: 1.934e-06, nu: 0.020, Time: 11.12
It: 26600, Loss: 1.955e-06, nu: 0.020, Time: 11.08
It: 26700, Loss: 1.975e-06, nu: 0.020, Time: 11.30
It: 26800, Loss: 1.972e-06, nu: 0.020, Time: 11.10
It: 26900, Loss: 2.048e-06, nu: 0.020, Time: 11.34
It: 27000, Loss: 1.992e-06, nu: 0.020, Time: 11.05
It: 27100, Loss: 1.936e-06, nu: 0.020, Time: 11.41
It: 27200, Loss: 1.991e-06, nu: 0.020, Time: 11.39
It: 27300, Loss: 2.014e-06, nu: 0.020, Time: 11.18
It: 27400, Loss: 2.021e-06, nu: 0.020, Time: 11.40
It: 27500, Loss: 2.088e-06, nu: 0.020, Time: 11.34
It: 27600, Loss: 2.036e-06, nu: 0.020, Time: 11.33
It: 27700, Loss: 1.960e-06, nu: 0.020, Time: 11.45
It: 27800, Loss: 1.970e-06, nu: 0.020, Time: 11.43
It: 27900, Loss: 1.950e-06, nu: 0.020, Time: 11.43
It: 28000, Loss: 1.976e-06, nu: 0.020, Time: 11.44
It: 28100, Loss: 1.901e-06, nu: 0.020, Time: 11.47
It: 28200, Loss: 1.980e-06, nu: 0.020, Time: 11.46
It: 28300, Loss: 2.040e-06, nu: 0.020, Time: 11.50
It: 28400, Loss: 2.010e-06, nu: 0.020, Time: 11.45
It: 28500, Loss: 1.950e-06, nu: 0.020, Time: 11.41
It: 28600, Loss: 2.083e-06, nu: 0.020, Time: 11.46
It: 28700, Loss: 1.984e-06, nu: 0.020, Time: 11.40
It: 28800, Loss: 2.003e-06, nu: 0.020, Time: 11.38
It: 28900, Loss: 2.024e-06, nu: 0.020, Time: 11.45
It: 29000, Loss: 2.011e-06, nu: 0.020, Time: 11.33
It: 29100, Loss: 2.105e-06, nu: 0.020, Time: 11.41
It: 29200, Loss: 2.023e-06, nu: 0.020, Time: 11.39
It: 29300, Loss: 1.913e-06, nu: 0.020, Time: 11.17
It: 29400, Loss: 2.016e-06, nu: 0.020, Time: 11.28
It: 29500, Loss: 2.006e-06, nu: 0.020, Time: 11.35
It: 29600, Loss: 2.011e-06, nu: 0.020, Time: 11.27
It: 29700, Loss: 2.012e-06, nu: 0.020, Time: 11.46
It: 29800, Loss: 2.036e-06, nu: 0.020, Time: 11.37
It: 29900, Loss: 2.021e-06, nu: 0.020, Time: 11.28
It: 30000, Loss: 1.988e-06, nu: 0.020, Time: 11.34
It: 30100, Loss: 1.980e-06, nu: 0.020, Time: 11.31
It: 30200, Loss: 2.058e-06, nu: 0.020, Time: 11.37
It: 30300, Loss: 2.011e-06, nu: 0.020, Time: 9.86
It: 30400, Loss: 2.052e-06, nu: 0.020, Time: 9.40
It: 30500, Loss: 1.970e-06, nu: 0.020, Time: 9.38
It: 30600, Loss: 1.958e-06, nu: 0.020, Time: 9.39
It: 30700, Loss: 2.044e-06, nu: 0.020, Time: 9.42
It: 30800, Loss: 2.012e-06, nu: 0.020, Time: 9.45
It: 30900, Loss: 2.002e-06, nu: 0.020, Time: 9.39
It: 31000, Loss: 2.016e-06, nu: 0.020, Time: 9.40
It: 31100, Loss: 1.955e-06, nu: 0.020, Time: 9.39
It: 31200, Loss: 1.937e-06, nu: 0.020, Time: 9.38
It: 31300, Loss: 1.955e-06, nu: 0.020, Time: 9.39
It: 31400, Loss: 1.952e-06, nu: 0.020, Time: 9.38
It: 31500, Loss: 2.052e-06, nu: 0.020, Time: 9.42
It: 31600, Loss: 1.957e-06, nu: 0.020, Time: 9.40
It: 31700, Loss: 2.029e-06, nu: 0.020, Time: 9.38
It: 31800, Loss: 1.999e-06, nu: 0.020, Time: 9.34
It: 31900, Loss: 1.985e-06, nu: 0.020, Time: 9.29
It: 32000, Loss: 2.001e-06, nu: 0.020, Time: 9.34
It: 32100, Loss: 2.029e-06, nu: 0.020, Time: 9.33
It: 32200, Loss: 2.009e-06, nu: 0.020, Time: 9.34
It: 32300, Loss: 1.973e-06, nu: 0.020, Time: 9.30
It: 32400, Loss: 2.032e-06, nu: 0.020, Time: 9.31
It: 32500, Loss: 1.976e-06, nu: 0.020, Time: 9.33
It: 32600, Loss: 2.014e-06, nu: 0.020, Time: 9.34
It: 32700, Loss: 2.067e-06, nu: 0.020, Time: 9.29
It: 32800, Loss: 1.955e-06, nu: 0.020, Time: 9.32
It: 32900, Loss: 2.030e-06, nu: 0.020, Time: 9.28
It: 33000, Loss: 1.983e-06, nu: 0.020, Time: 9.35
It: 33100, Loss: 2.016e-06, nu: 0.020, Time: 9.28
It: 33200, Loss: 1.979e-06, nu: 0.020, Time: 9.34
It: 33300, Loss: 1.979e-06, nu: 0.020, Time: 9.33
It: 33400, Loss: 1.973e-06, nu: 0.020, Time: 9.37
It: 33500, Loss: 1.955e-06, nu: 0.020, Time: 9.34
It: 33600, Loss: 2.088e-06, nu: 0.020, Time: 9.32
It: 33700, Loss: 1.942e-06, nu: 0.020, Time: 9.32
It: 33800, Loss: 1.972e-06, nu: 0.020, Time: 9.33
It: 33900, Loss: 2.111e-06, nu: 0.020, Time: 9.36
It: 34000, Loss: 2.016e-06, nu: 0.020, Time: 9.35
It: 34100, Loss: 2.032e-06, nu: 0.020, Time: 9.33
It: 34200, Loss: 2.017e-06, nu: 0.020, Time: 9.36
It: 34300, Loss: 1.930e-06, nu: 0.020, Time: 9.35
It: 34400, Loss: 2.063e-06, nu: 0.020, Time: 9.37
It: 34500, Loss: 2.084e-06, nu: 0.020, Time: 9.36
It: 34600, Loss: 1.981e-06, nu: 0.020, Time: 9.33
It: 34700, Loss: 2.057e-06, nu: 0.020, Time: 9.31
It: 34800, Loss: 1.976e-06, nu: 0.020, Time: 9.31
It: 34900, Loss: 1.949e-06, nu: 0.020, Time: 9.35
It: 35000, Loss: 2.003e-06, nu: 0.020, Time: 9.37
It: 35100, Loss: 2.002e-06, nu: 0.020, Time: 9.34
It: 35200, Loss: 2.019e-06, nu: 0.020, Time: 9.37
It: 35300, Loss: 1.984e-06, nu: 0.020, Time: 9.36
It: 35400, Loss: 2.062e-06, nu: 0.020, Time: 9.39
It: 35500, Loss: 1.916e-06, nu: 0.020, Time: 9.36
It: 35600, Loss: 2.057e-06, nu: 0.020, Time: 9.42
It: 35700, Loss: 1.972e-06, nu: 0.020, Time: 9.34
It: 35800, Loss: 2.005e-06, nu: 0.020, Time: 9.33
It: 35900, Loss: 2.001e-06, nu: 0.020, Time: 9.41
It: 36000, Loss: 2.079e-06, nu: 0.020, Time: 9.40
It: 36100, Loss: 2.003e-06, nu: 0.020, Time: 9.35
It: 36200, Loss: 2.007e-06, nu: 0.020, Time: 9.39
It: 36300, Loss: 2.003e-06, nu: 0.020, Time: 9.38
It: 36400, Loss: 2.046e-06, nu: 0.020, Time: 9.42
It: 36500, Loss: 1.999e-06, nu: 0.020, Time: 9.41
It: 36600, Loss: 1.940e-06, nu: 0.020, Time: 9.41
It: 36700, Loss: 2.050e-06, nu: 0.020, Time: 9.40
It: 36800, Loss: 2.017e-06, nu: 0.020, Time: 9.42
It: 36900, Loss: 2.037e-06, nu: 0.020, Time: 9.42
It: 37000, Loss: 2.099e-06, nu: 0.020, Time: 9.42
It: 37100, Loss: 2.008e-06, nu: 0.020, Time: 9.43
It: 37200, Loss: 1.986e-06, nu: 0.020, Time: 9.38
It: 37300, Loss: 2.044e-06, nu: 0.020, Time: 9.38
It: 37400, Loss: 1.984e-06, nu: 0.020, Time: 9.40
It: 37500, Loss: 2.065e-06, nu: 0.020, Time: 9.39
It: 37600, Loss: 2.012e-06, nu: 0.020, Time: 9.37
It: 37700, Loss: 2.060e-06, nu: 0.020, Time: 9.40
It: 37800, Loss: 2.019e-06, nu: 0.020, Time: 9.38
It: 37900, Loss: 2.098e-06, nu: 0.020, Time: 9.40
It: 38000, Loss: 2.054e-06, nu: 0.020, Time: 9.41
It: 38100, Loss: 1.920e-06, nu: 0.020, Time: 9.38
It: 38200, Loss: 1.955e-06, nu: 0.020, Time: 9.40
It: 38300, Loss: 1.951e-06, nu: 0.020, Time: 9.42
It: 38400, Loss: 1.993e-06, nu: 0.020, Time: 9.41
It: 38500, Loss: 1.993e-06, nu: 0.020, Time: 9.40
It: 38600, Loss: 2.083e-06, nu: 0.020, Time: 9.37
It: 38700, Loss: 1.903e-06, nu: 0.020, Time: 9.42
It: 38800, Loss: 2.003e-06, nu: 0.020, Time: 9.37
It: 38900, Loss: 2.132e-06, nu: 0.020, Time: 9.34
It: 39000, Loss: 2.029e-06, nu: 0.020, Time: 9.34
It: 39100, Loss: 2.075e-06, nu: 0.020, Time: 9.31
It: 39200, Loss: 2.077e-06, nu: 0.020, Time: 9.32
It: 39300, Loss: 1.964e-06, nu: 0.020, Time: 9.33
It: 39400, Loss: 2.003e-06, nu: 0.020, Time: 9.32
It: 39500, Loss: 2.032e-06, nu: 0.020, Time: 9.31
It: 39600, Loss: 2.054e-06, nu: 0.020, Time: 9.34
It: 39700, Loss: 1.938e-06, nu: 0.020, Time: 9.33
It: 39800, Loss: 2.032e-06, nu: 0.020, Time: 9.28
It: 39900, Loss: 2.054e-06, nu: 0.020, Time: 9.36
It: 40000, Loss: 2.049e-06, nu: 0.020, Time: 9.33
It: 40100, Loss: 2.012e-06, nu: 0.020, Time: 9.37
It: 40200, Loss: 2.094e-06, nu: 0.020, Time: 9.29
It: 40300, Loss: 2.017e-06, nu: 0.020, Time: 9.34
It: 40400, Loss: 1.991e-06, nu: 0.020, Time: 9.35
It: 40500, Loss: 1.965e-06, nu: 0.020, Time: 9.36
It: 40600, Loss: 2.053e-06, nu: 0.020, Time: 9.33
It: 40700, Loss: 2.061e-06, nu: 0.020, Time: 9.38
It: 40800, Loss: 2.065e-06, nu: 0.020, Time: 9.30
It: 40900, Loss: 1.922e-06, nu: 0.020, Time: 9.37
It: 41000, Loss: 1.929e-06, nu: 0.020, Time: 9.41
It: 41100, Loss: 2.061e-06, nu: 0.020, Time: 9.36
It: 41200, Loss: 2.053e-06, nu: 0.020, Time: 9.37
It: 41300, Loss: 1.953e-06, nu: 0.020, Time: 9.29
It: 41400, Loss: 1.909e-06, nu: 0.020, Time: 9.31
It: 41500, Loss: 2.022e-06, nu: 0.020, Time: 9.43
It: 41600, Loss: 2.011e-06, nu: 0.020, Time: 9.50
It: 41700, Loss: 1.963e-06, nu: 0.020, Time: 9.36
It: 41800, Loss: 1.963e-06, nu: 0.020, Time: 9.35
It: 41900, Loss: 1.949e-06, nu: 0.020, Time: 9.35
It: 42000, Loss: 1.990e-06, nu: 0.020, Time: 9.39
It: 42100, Loss: 2.028e-06, nu: 0.020, Time: 9.33
It: 42200, Loss: 2.034e-06, nu: 0.020, Time: 9.38
It: 42300, Loss: 2.056e-06, nu: 0.020, Time: 9.35
It: 42400, Loss: 2.070e-06, nu: 0.020, Time: 9.32
It: 42500, Loss: 1.916e-06, nu: 0.020, Time: 9.37
It: 42600, Loss: 2.075e-06, nu: 0.020, Time: 9.31
It: 42700, Loss: 2.049e-06, nu: 0.020, Time: 9.39
It: 42800, Loss: 2.001e-06, nu: 0.020, Time: 9.34
It: 42900, Loss: 1.943e-06, nu: 0.020, Time: 9.34
It: 43000, Loss: 2.001e-06, nu: 0.020, Time: 9.37
It: 43100, Loss: 2.159e-06, nu: 0.020, Time: 9.35
It: 43200, Loss: 1.964e-06, nu: 0.020, Time: 9.36
It: 43300, Loss: 1.932e-06, nu: 0.020, Time: 9.38
It: 43400, Loss: 2.029e-06, nu: 0.020, Time: 9.35
It: 43500, Loss: 2.033e-06, nu: 0.020, Time: 9.35
It: 43600, Loss: 1.971e-06, nu: 0.020, Time: 9.34
It: 43700, Loss: 2.102e-06, nu: 0.020, Time: 9.38
It: 43800, Loss: 1.871e-06, nu: 0.020, Time: 9.38
It: 43900, Loss: 2.044e-06, nu: 0.020, Time: 9.37
It: 44000, Loss: 2.025e-06, nu: 0.020, Time: 9.34
It: 44100, Loss: 2.003e-06, nu: 0.020, Time: 9.35
It: 44200, Loss: 2.007e-06, nu: 0.020, Time: 9.45
It: 44300, Loss: 1.982e-06, nu: 0.020, Time: 9.41
It: 44400, Loss: 1.942e-06, nu: 0.020, Time: 9.41
It: 44500, Loss: 1.943e-06, nu: 0.020, Time: 9.45
It: 44600, Loss: 1.985e-06, nu: 0.020, Time: 9.46
It: 44700, Loss: 2.049e-06, nu: 0.020, Time: 9.46
It: 44800, Loss: 2.018e-06, nu: 0.020, Time: 9.44
It: 44900, Loss: 2.004e-06, nu: 0.020, Time: 9.34
It: 45000, Loss: 1.973e-06, nu: 0.020, Time: 9.33
It: 45100, Loss: 1.906e-06, nu: 0.020, Time: 9.43
It: 45200, Loss: 1.909e-06, nu: 0.020, Time: 9.32
It: 45300, Loss: 2.064e-06, nu: 0.020, Time: 9.33
It: 45400, Loss: 2.038e-06, nu: 0.020, Time: 9.35
It: 45500, Loss: 1.978e-06, nu: 0.020, Time: 9.33
It: 45600, Loss: 1.945e-06, nu: 0.020, Time: 9.30
It: 45700, Loss: 1.976e-06, nu: 0.020, Time: 9.34
It: 45800, Loss: 1.921e-06, nu: 0.020, Time: 9.36
It: 45900, Loss: 2.127e-06, nu: 0.020, Time: 9.29
It: 46000, Loss: 1.993e-06, nu: 0.020, Time: 9.39
It: 46100, Loss: 1.949e-06, nu: 0.020, Time: 9.32
It: 46200, Loss: 2.059e-06, nu: 0.020, Time: 9.42
It: 46300, Loss: 2.029e-06, nu: 0.020, Time: 9.40
It: 46400, Loss: 1.978e-06, nu: 0.020, Time: 9.36
It: 46500, Loss: 1.944e-06, nu: 0.020, Time: 9.33
It: 46600, Loss: 2.039e-06, nu: 0.020, Time: 9.36
It: 46700, Loss: 2.000e-06, nu: 0.020, Time: 9.32
It: 46800, Loss: 1.949e-06, nu: 0.020, Time: 9.35
It: 46900, Loss: 1.998e-06, nu: 0.020, Time: 9.43
It: 47000, Loss: 1.920e-06, nu: 0.020, Time: 9.41
It: 47100, Loss: 1.981e-06, nu: 0.020, Time: 9.40
It: 47200, Loss: 2.119e-06, nu: 0.020, Time: 9.42
It: 47300, Loss: 1.945e-06, nu: 0.020, Time: 9.39
It: 47400, Loss: 1.951e-06, nu: 0.020, Time: 9.40
It: 47500, Loss: 1.954e-06, nu: 0.020, Time: 9.40
It: 47600, Loss: 1.963e-06, nu: 0.020, Time: 9.42
It: 47700, Loss: 2.055e-06, nu: 0.020, Time: 9.44
It: 47800, Loss: 2.013e-06, nu: 0.020, Time: 9.49
It: 47900, Loss: 1.962e-06, nu: 0.020, Time: 9.46
It: 48000, Loss: 2.127e-06, nu: 0.020, Time: 9.48
It: 48100, Loss: 2.034e-06, nu: 0.020, Time: 9.48
It: 48200, Loss: 2.015e-06, nu: 0.020, Time: 9.44
It: 48300, Loss: 1.939e-06, nu: 0.020, Time: 9.49
It: 48400, Loss: 2.011e-06, nu: 0.020, Time: 9.45
It: 48500, Loss: 2.036e-06, nu: 0.020, Time: 9.40
It: 48600, Loss: 1.921e-06, nu: 0.020, Time: 9.32
It: 48700, Loss: 2.038e-06, nu: 0.020, Time: 9.27
It: 48800, Loss: 1.943e-06, nu: 0.020, Time: 9.33/home/zihan/anaconda3/envs/x/lib/python3.7/site-packages/torch/nn/functional.py:1933: UserWarning: nn.functional.tanh is deprecated. Use torch.tanh instead.
  warnings.warn("nn.functional.tanh is deprecated. Use torch.tanh instead.")

It: 48900, Loss: 2.044e-06, nu: 0.020, Time: 9.30
It: 49000, Loss: 2.085e-06, nu: 0.020, Time: 9.25
It: 49100, Loss: 1.981e-06, nu: 0.020, Time: 9.30
It: 49200, Loss: 2.123e-06, nu: 0.020, Time: 9.24
It: 49300, Loss: 2.073e-06, nu: 0.020, Time: 9.32
It: 49400, Loss: 2.025e-06, nu: 0.020, Time: 9.30
It: 49500, Loss: 1.982e-06, nu: 0.020, Time: 9.29
It: 49600, Loss: 2.046e-06, nu: 0.020, Time: 9.35
It: 49700, Loss: 1.996e-06, nu: 0.020, Time: 9.42
It: 49800, Loss: 2.039e-06, nu: 0.020, Time: 9.39
It: 49900, Loss: 2.015e-06, nu: 0.020, Time: 9.34
Error u: 1.176766e-06
Error nu: 0.00000%
