torch.Size([1000000, 3]) torch.Size([1000000, 1]) torch.Size([1000000, 1])
It: 0, Loss: 8.940e-01, lamd1: -0.000, lamd2: -0.00009, Time: 0.51
It: 100, Loss: 1.618e-01, lamd1: -0.094, lamd2: 0.01578, Time: 42.15
It: 200, Loss: 1.646e-01, lamd1: 0.135, lamd2: -0.02547, Time: 42.37
It: 300, Loss: 1.411e-01, lamd1: -0.071, lamd2: 0.04074, Time: 41.77
It: 400, Loss: 1.208e-01, lamd1: -0.012, lamd2: 0.00041, Time: 41.95
It: 500, Loss: 1.237e-01, lamd1: 0.043, lamd2: 0.00277, Time: 42.40
It: 600, Loss: 1.117e-01, lamd1: -0.003, lamd2: -0.00040, Time: 42.61
It: 700, Loss: 9.780e-02, lamd1: 0.001, lamd2: 0.00002, Time: 42.53
It: 800, Loss: 9.567e-02, lamd1: -0.003, lamd2: -0.00011, Time: 42.49
It: 900, Loss: 9.467e-02, lamd1: -0.005, lamd2: -0.00104, Time: 42.40
It: 1000, Loss: 9.450e-02, lamd1: -0.006, lamd2: -0.00010, Time: 42.54
It: 1100, Loss: 9.442e-02, lamd1: -0.006, lamd2: -0.00014, Time: 42.50
It: 1200, Loss: 9.438e-02, lamd1: -0.006, lamd2: -0.00003, Time: 42.47
It: 1300, Loss: 9.694e-02, lamd1: -0.005, lamd2: 0.00034, Time: 42.43
It: 1400, Loss: 9.472e-02, lamd1: -0.005, lamd2: -0.00009, Time: 42.43
It: 1500, Loss: 9.477e-02, lamd1: -0.005, lamd2: -0.00037, Time: 42.37
It: 1600, Loss: 9.696e-02, lamd1: -0.005, lamd2: 0.00019, Time: 42.42
It: 1700, Loss: 9.442e-02, lamd1: -0.005, lamd2: -0.00011, Time: 41.85
It: 1800, Loss: 9.806e-02, lamd1: -0.005, lamd2: -0.00160, Time: 41.93
It: 1900, Loss: 9.438e-02, lamd1: -0.005, lamd2: -0.00003, Time: 41.98
It: 2000, Loss: 9.456e-02, lamd1: -0.005, lamd2: -0.00006, Time: 42.44
It: 2100, Loss: 9.511e-02, lamd1: -0.005, lamd2: -0.00001, Time: 41.99
It: 2200, Loss: 9.425e-02, lamd1: -0.004, lamd2: -0.00003, Time: 42.10
It: 2300, Loss: 9.720e-02, lamd1: -0.004, lamd2: -0.00036, Time: 42.06
It: 2400, Loss: 9.456e-02, lamd1: -0.005, lamd2: -0.00020, Time: 42.08
It: 2500, Loss: 9.423e-02, lamd1: -0.005, lamd2: -0.00006, Time: 42.09
It: 2600, Loss: 9.482e-02, lamd1: -0.005, lamd2: -0.00024, Time: 41.99
It: 2700, Loss: 9.653e-02, lamd1: -0.004, lamd2: 0.00008, Time: 42.00
It: 2800, Loss: 9.855e-02, lamd1: -0.005, lamd2: -0.00024, Time: 42.09
It: 2900, Loss: 9.440e-02, lamd1: -0.004, lamd2: -0.00039, Time: 42.41
It: 3000, Loss: 9.432e-02, lamd1: -0.004, lamd2: -0.00039, Time: 41.98
It: 3100, Loss: 1.004e-01, lamd1: -0.001, lamd2: 0.00069, Time: 42.28
It: 3200, Loss: 9.393e-02, lamd1: -0.003, lamd2: -0.00012, Time: 42.39
It: 3300, Loss: 9.461e-02, lamd1: 0.004, lamd2: -0.00063, Time: 42.52
It: 3400, Loss: 4.792e-01, lamd1: 0.002, lamd2: 0.11209, Time: 42.51
It: 3500, Loss: 3.244e-01, lamd1: 0.336, lamd2: -0.00831, Time: 42.42
It: 3600, Loss: 1.216e-01, lamd1: 0.050, lamd2: -0.00282, Time: 42.57
It: 3700, Loss: 1.189e-01, lamd1: 0.043, lamd2: -0.00011, Time: 42.52
It: 3800, Loss: 1.176e-01, lamd1: 0.043, lamd2: -0.00032, Time: 42.35
It: 3900, Loss: 1.091e-01, lamd1: 0.050, lamd2: -0.00020, Time: 42.49
It: 4000, Loss: 1.018e-01, lamd1: 0.014, lamd2: 0.00007, Time: 42.39
It: 4100, Loss: 9.709e-02, lamd1: 0.007, lamd2: 0.00013, Time: 42.52
It: 4200, Loss: 9.616e-02, lamd1: 0.004, lamd2: 0.00009, Time: 42.43
It: 4300, Loss: 9.573e-02, lamd1: 0.003, lamd2: 0.00007, Time: 42.48
It: 4400, Loss: 9.545e-02, lamd1: 0.002, lamd2: 0.00006, Time: 42.49
It: 4500, Loss: 9.523e-02, lamd1: 0.001, lamd2: 0.00004, Time: 42.21
It: 4600, Loss: 9.502e-02, lamd1: -0.000, lamd2: 0.00003, Time: 42.21
It: 4700, Loss: 9.485e-02, lamd1: -0.001, lamd2: 0.00002, Time: 42.29
It: 4800, Loss: 9.468e-02, lamd1: -0.002, lamd2: 0.00002, Time: 42.26
It: 4900, Loss: 9.456e-02, lamd1: -0.002, lamd2: 0.00001, Time: 42.29
It: 5000, Loss: 9.446e-02, lamd1: -0.002, lamd2: 0.00001, Time: 42.26
It: 5100, Loss: 9.439e-02, lamd1: -0.002, lamd2: -0.00000, Time: 42.21
It: 5200, Loss: 9.432e-02, lamd1: -0.002, lamd2: -0.00000, Time: 42.19
It: 5300, Loss: 9.427e-02, lamd1: -0.002, lamd2: -0.00000, Time: 42.24
It: 5400, Loss: 9.444e-02, lamd1: -0.002, lamd2: -0.00004, Time: 42.22
It: 5500, Loss: 9.460e-02, lamd1: -0.002, lamd2: -0.00005, Time: 42.46
It: 5600, Loss: 9.447e-02, lamd1: -0.002, lamd2: -0.00001, Time: 42.48
It: 5700, Loss: 9.419e-02, lamd1: -0.003, lamd2: 0.00001, Time: 42.43
It: 5800, Loss: 9.444e-02, lamd1: -0.003, lamd2: 0.00002, Time: 42.49
It: 5900, Loss: 9.418e-02, lamd1: -0.003, lamd2: -0.00001, Time: 42.40
It: 6000, Loss: 9.412e-02, lamd1: -0.003, lamd2: 0.00003, Time: 42.54
It: 6100, Loss: 9.423e-02, lamd1: -0.003, lamd2: 0.00000, Time: 42.45
It: 6200, Loss: 9.399e-02, lamd1: -0.002, lamd2: 0.00000, Time: 42.56
It: 6300, Loss: 9.398e-02, lamd1: -0.003, lamd2: 0.00011, Time: 42.50
It: 6400, Loss: 9.415e-02, lamd1: -0.003, lamd2: 0.00003, Time: 42.53
It: 6500, Loss: 9.393e-02, lamd1: -0.003, lamd2: 0.00008, Time: 42.39
It: 6600, Loss: 9.646e-02, lamd1: -0.003, lamd2: 0.00006, Time: 42.51
It: 6700, Loss: 9.390e-02, lamd1: -0.002, lamd2: 0.00002, Time: 42.45
It: 6800, Loss: 9.383e-02, lamd1: -0.002, lamd2: 0.00004, Time: 42.36
It: 6900, Loss: 9.383e-02, lamd1: -0.002, lamd2: 0.00004, Time: 42.45
It: 7000, Loss: 9.617e-02, lamd1: -0.002, lamd2: 0.00008, Time: 42.54
It: 7100, Loss: 9.450e-02, lamd1: -0.002, lamd2: 0.00007, Time: 42.21
It: 7200, Loss: 9.546e-02, lamd1: -0.003, lamd2: 0.00004, Time: 42.13
It: 7300, Loss: 9.365e-02, lamd1: -0.003, lamd2: 0.00002, Time: 42.43
It: 7400, Loss: 9.359e-02, lamd1: -0.002, lamd2: -0.00001, Time: 42.58
It: 7500, Loss: 9.352e-02, lamd1: -0.001, lamd2: -0.00002, Time: 42.49
It: 7600, Loss: 9.419e-02, lamd1: -0.000, lamd2: -0.00008, Time: 42.47
It: 7700, Loss: 9.341e-02, lamd1: 0.002, lamd2: -0.00004, Time: 42.50
It: 7800, Loss: 9.290e-02, lamd1: 0.008, lamd2: 0.00015, Time: 42.15
It: 7900, Loss: 1.891e-01, lamd1: 0.061, lamd2: -0.00577, Time: 42.24
It: 8000, Loss: 8.941e-01, lamd1: 0.164, lamd2: -0.14911, Time: 42.46
It: 8100, Loss: 8.941e-01, lamd1: 0.164, lamd2: -0.14957, Time: 42.19
It: 8200, Loss: 6.292e-01, lamd1: 0.159, lamd2: -0.13008, Time: 42.11
It: 8300, Loss: 8.941e-01, lamd1: 0.175, lamd2: 0.08118, Time: 42.65
It: 8400, Loss: 8.941e-01, lamd1: 0.175, lamd2: 0.08118, Time: 41.73
It: 8500, Loss: 8.941e-01, lamd1: 0.175, lamd2: 0.08118, Time: 42.04
It: 8600, Loss: 8.941e-01, lamd1: 0.175, lamd2: 0.08118, Time: 42.04
It: 8700, Loss: 8.941e-01, lamd1: 0.175, lamd2: 0.08118, Time: 41.82
It: 8800, Loss: 8.941e-01, lamd1: 0.175, lamd2: 0.08118, Time: 41.67
It: 8900, Loss: 8.941e-01, lamd1: 0.175, lamd2: 0.08118, Time: 41.25
It: 9000, Loss: 8.941e-01, lamd1: 0.175, lamd2: 0.08118, Time: 41.91
It: 9100, Loss: 8.941e-01, lamd1: 0.175, lamd2: 0.08118, Time: 42.40
It: 9200, Loss: 8.941e-01, lamd1: 0.175, lamd2: 0.08118, Time: 42.22
It: 9300, Loss: 8.941e-01, lamd1: 0.175, lamd2: 0.08118, Time: 42.41
It: 9400, Loss: 8.941e-01, lamd1: 0.175, lamd2: 0.08118, Time: 42.45
It: 9500, Loss: 8.941e-01, lamd1: 0.175, lamd2: 0.08118, Time: 42.52
It: 9600, Loss: 8.941e-01, lamd1: 0.175, lamd2: 0.08118, Time: 42.50
It: 9700, Loss: 8.941e-01, lamd1: 0.175, lamd2: 0.08118, Time: 42.45
It: 9800, Loss: 8.941e-01, lamd1: 0.175, lamd2: 0.08118, Time: 42.51
It: 9900, Loss: 8.941e-01, lamd1: 0.175, lamd2: 0.08118, Time: 42.35
It: 10000, Loss: 8.941e-01, lamd1: 0.175, lamd2: 0.08118, Time: 42.25
It: 10100, Loss: 8.941e-01, lamd1: 0.175, lamd2: 0.08118, Time: 42.34
It: 10200, Loss: 8.941e-01, lamd1: 0.175, lamd2: 0.08118, Time: 42.07
It: 10300, Loss: 8.941e-01, lamd1: 0.175, lamd2: 0.08118, Time: 42.32
It: 10400, Loss: 8.941e-01, lamd1: 0.175, lamd2: 0.08118, Time: 41.29
It: 10500, Loss: 8.941e-01, lamd1: 0.175, lamd2: 0.08118, Time: 42.23
It: 10600, Loss: 8.941e-01, lamd1: 0.175, lamd2: 0.08118, Time: 42.14
It: 10700, Loss: 8.941e-01, lamd1: 0.175, lamd2: 0.08118, Time: 41.10
It: 10800, Loss: 8.941e-01, lamd1: 0.175, lamd2: 0.08118, Time: 41.69
It: 10900, Loss: 8.941e-01, lamd1: 0.175, lamd2: 0.08118, Time: 41.32
It: 11000, Loss: 8.941e-01, lamd1: 0.175, lamd2: 0.08118, Time: 40.97
It: 11100, Loss: 8.941e-01, lamd1: 0.175, lamd2: 0.08118, Time: 41.95
It: 11200, Loss: 8.941e-01, lamd1: 0.175, lamd2: 0.08118, Time: 42.31
It: 11300, Loss: 8.941e-01, lamd1: 0.175, lamd2: 0.08118, Time: 42.14
It: 11400, Loss: 8.941e-01, lamd1: 0.175, lamd2: 0.08118, Time: 41.97
It: 11500, Loss: 8.941e-01, lamd1: 0.175, lamd2: 0.08118, Time: 42.16
It: 11600, Loss: 8.941e-01, lamd1: 0.175, lamd2: 0.08118, Time: 42.20
It: 11700, Loss: 8.941e-01, lamd1: 0.175, lamd2: 0.08118, Time: 42.19
It: 11800, Loss: 8.941e-01, lamd1: 0.175, lamd2: 0.08118, Time: 42.05
It: 11900, Loss: 8.941e-01, lamd1: 0.175, lamd2: 0.08118, Time: 42.09
It: 12000, Loss: 8.941e-01, lamd1: 0.175, lamd2: 0.08118, Time: 41.59
It: 12100, Loss: 8.941e-01, lamd1: 0.175, lamd2: 0.08118, Time: 41.32
It: 12200, Loss: 8.941e-01, lamd1: 0.175, lamd2: 0.08118, Time: 42.39
It: 12300, Loss: 8.941e-01, lamd1: 0.175, lamd2: 0.08118, Time: 42.46
It: 12400, Loss: 8.941e-01, lamd1: 0.175, lamd2: 0.08118, Time: 42.19
It: 12500, Loss: 8.941e-01, lamd1: 0.175, lamd2: 0.08118, Time: 41.44
It: 12600, Loss: 8.941e-01, lamd1: 0.175, lamd2: 0.08118, Time: 41.56
It: 12700, Loss: 8.941e-01, lamd1: 0.175, lamd2: 0.08118, Time: 41.87
It: 12800, Loss: 8.941e-01, lamd1: 0.175, lamd2: 0.08118, Time: 41.75
It: 12900, Loss: 8.941e-01, lamd1: 0.175, lamd2: 0.08118, Time: 41.92
It: 13000, Loss: 8.941e-01, lamd1: 0.175, lamd2: 0.08118, Time: 42.05
It: 13100, Loss: 8.930e-01, lamd1: 0.046, lamd2: -0.16286, Time: 41.98
It: 13200, Loss: 1.196e-01, lamd1: -0.005, lamd2: -0.00042, Time: 41.95
It: 13300, Loss: 1.105e-01, lamd1: 0.004, lamd2: -0.00083, Time: 42.00
It: 13400, Loss: 1.067e-01, lamd1: -0.013, lamd2: -0.00012, Time: 41.91
It: 13500, Loss: 1.041e-01, lamd1: 0.001, lamd2: 0.00026, Time: 42.13
It: 13600, Loss: 1.018e-01, lamd1: 0.007, lamd2: 0.00027, Time: 42.54
It: 13700, Loss: 1.002e-01, lamd1: 0.003, lamd2: 0.00020, Time: 42.41
It: 13800, Loss: 9.867e-02, lamd1: -0.004, lamd2: 0.00010, Time: 42.43
It: 13900, Loss: 9.644e-02, lamd1: -0.003, lamd2: 0.00016, Time: 42.37
It: 14000, Loss: 9.524e-02, lamd1: -0.003, lamd2: 0.00020, Time: 42.34
It: 14100, Loss: 9.474e-02, lamd1: -0.003, lamd2: 0.00016, Time: 42.52
It: 14200, Loss: 9.450e-02, lamd1: -0.003, lamd2: 0.00013, Time: 42.44
It: 14300, Loss: 9.433e-02, lamd1: -0.003, lamd2: 0.00011, Time: 42.50
It: 14400, Loss: 9.421e-02, lamd1: -0.003, lamd2: 0.00011, Time: 42.37
It: 14500, Loss: 9.412e-02, lamd1: -0.003, lamd2: 0.00011, Time: 42.27
It: 14600, Loss: 9.405e-02, lamd1: -0.003, lamd2: 0.00010, Time: 41.30
It: 14700, Loss: 9.416e-02, lamd1: -0.003, lamd2: 0.00008, Time: 41.73
It: 14800, Loss: 9.395e-02, lamd1: -0.003, lamd2: 0.00007, Time: 42.23
It: 14900, Loss: 9.392e-02, lamd1: -0.003, lamd2: 0.00005, Time: 42.31
It: 15000, Loss: 9.392e-02, lamd1: -0.003, lamd2: 0.00005, Time: 42.51
It: 15100, Loss: 9.382e-02, lamd1: -0.003, lamd2: 0.00003, Time: 41.74
It: 15200, Loss: 9.392e-02, lamd1: -0.002, lamd2: 0.00002, Time: 41.43
It: 15300, Loss: 9.368e-02, lamd1: 0.010, lamd2: 0.00024, Time: 41.57
It: 15400, Loss: 9.286e-02, lamd1: 0.036, lamd2: 0.00078, Time: 41.98
It: 15500, Loss: 9.236e-02, lamd1: 0.067, lamd2: 0.00188, Time: 41.78
It: 15600, Loss: 8.774e-02, lamd1: 0.438, lamd2: 0.01402, Time: 42.27
It: 15700, Loss: 8.123e-02, lamd1: 0.674, lamd2: 0.01756, Time: 42.32
It: 15800, Loss: 7.603e-02, lamd1: 0.772, lamd2: 0.01994, Time: 42.43
It: 15900, Loss: 6.734e-02, lamd1: 0.787, lamd2: 0.01965, Time: 42.46
It: 16000, Loss: 6.331e-02, lamd1: 0.796, lamd2: 0.01733, Time: 42.26
It: 16100, Loss: 6.079e-02, lamd1: 0.804, lamd2: 0.01637, Time: 41.84
It: 16200, Loss: 5.793e-02, lamd1: 0.818, lamd2: 0.01607, Time: 41.53
It: 16300, Loss: 5.588e-02, lamd1: 0.824, lamd2: 0.01596, Time: 42.25
It: 16400, Loss: 5.207e-02, lamd1: 0.836, lamd2: 0.01597, Time: 42.21
It: 16500, Loss: 5.290e-02, lamd1: 0.838, lamd2: 0.01452, Time: 42.07
It: 16600, Loss: 4.923e-02, lamd1: 0.833, lamd2: 0.01484, Time: 42.13
It: 16700, Loss: 4.289e-02, lamd1: 0.833, lamd2: 0.01376, Time: 42.12
It: 16800, Loss: 4.153e-02, lamd1: 0.832, lamd2: 0.01318, Time: 42.14
It: 16900, Loss: 4.063e-02, lamd1: 0.831, lamd2: 0.01264, Time: 42.32
It: 17000, Loss: 3.668e-02, lamd1: 0.827, lamd2: 0.01368, Time: 42.03
It: 17100, Loss: 3.724e-02, lamd1: 0.823, lamd2: 0.01234, Time: 42.03
It: 17200, Loss: 3.382e-02, lamd1: 0.817, lamd2: 0.01363, Time: 42.10
It: 17300, Loss: 2.867e-02, lamd1: 0.823, lamd2: 0.01409, Time: 42.13
It: 17400, Loss: 2.603e-02, lamd1: 0.830, lamd2: 0.01281, Time: 41.91
It: 17500, Loss: 2.466e-02, lamd1: 0.837, lamd2: 0.01204, Time: 42.02
It: 17600, Loss: 2.260e-02, lamd1: 0.841, lamd2: 0.01212, Time: 42.07
It: 17700, Loss: 2.171e-02, lamd1: 0.845, lamd2: 0.01130, Time: 42.14
It: 17800, Loss: 2.238e-02, lamd1: 0.852, lamd2: 0.01069, Time: 42.15
It: 17900, Loss: 2.233e-02, lamd1: 0.855, lamd2: 0.01079, Time: 42.02
It: 18000, Loss: 1.940e-02, lamd1: 0.859, lamd2: 0.01074, Time: 42.40
It: 18100, Loss: 1.863e-02, lamd1: 0.863, lamd2: 0.01091, Time: 42.34
It: 18200, Loss: 1.903e-02, lamd1: 0.865, lamd2: 0.01038, Time: 41.47
It: 18300, Loss: 1.851e-02, lamd1: 0.868, lamd2: 0.01028, Time: 41.95
It: 18400, Loss: 1.733e-02, lamd1: 0.867, lamd2: 0.01032, Time: 42.35
It: 18500, Loss: 1.683e-02, lamd1: 0.872, lamd2: 0.01012, Time: 42.04
It: 18600, Loss: 1.645e-02, lamd1: 0.875, lamd2: 0.01018, Time: 42.20
It: 18700, Loss: 1.643e-02, lamd1: 0.877, lamd2: 0.01003, Time: 42.12
It: 18800, Loss: 1.621e-02, lamd1: 0.879, lamd2: 0.00975, Time: 42.33
It: 18900, Loss: 1.602e-02, lamd1: 0.880, lamd2: 0.00979, Time: 42.16
It: 19000, Loss: 1.578e-02, lamd1: 0.881, lamd2: 0.00965, Time: 42.24
It: 19100, Loss: 1.580e-02, lamd1: 0.880, lamd2: 0.00979, Time: 42.33
It: 19200, Loss: 1.518e-02, lamd1: 0.884, lamd2: 0.00957, Time: 42.50
It: 19300, Loss: 1.510e-02, lamd1: 0.885, lamd2: 0.00952, Time: 42.56
It: 19400, Loss: 1.511e-02, lamd1: 0.885, lamd2: 0.00959, Time: 42.53
It: 19500, Loss: 1.493e-02, lamd1: 0.883, lamd2: 0.00964, Time: 42.32
It: 19600, Loss: 1.515e-02, lamd1: 0.888, lamd2: 0.00956, Time: 42.32
It: 19700, Loss: 1.471e-02, lamd1: 0.888, lamd2: 0.00941, Time: 42.18
It: 19800, Loss: 1.571e-02, lamd1: 0.886, lamd2: 0.00992, Time: 42.42
It: 19900, Loss: 1.440e-02, lamd1: 0.889, lamd2: 0.00961, Time: 42.29
It: 20000, Loss: 1.525e-02, lamd1: 0.889, lamd2: 0.00959, Time: 41.04
It: 20100, Loss: 1.410e-02, lamd1: 0.892, lamd2: 0.00970, Time: 40.85
It: 20200, Loss: 1.402e-02, lamd1: 0.893, lamd2: 0.00978, Time: 41.72
It: 20300, Loss: 1.394e-02, lamd1: 0.894, lamd2: 0.00991, Time: 42.07
It: 20400, Loss: 1.384e-02, lamd1: 0.894, lamd2: 0.01011, Time: 42.11
It: 20500, Loss: 1.372e-02, lamd1: 0.895, lamd2: 0.01043, Time: 42.26
It: 20600, Loss: 1.356e-02, lamd1: 0.897, lamd2: 0.01087, Time: 42.04
It: 20700, Loss: 1.337e-02, lamd1: 0.899, lamd2: 0.01146, Time: 42.00
It: 20800, Loss: 1.319e-02, lamd1: 0.901, lamd2: 0.01198, Time: 41.94
It: 20900, Loss: 1.303e-02, lamd1: 0.902, lamd2: 0.01228, Time: 42.39
It: 21000, Loss: 1.295e-02, lamd1: 0.903, lamd2: 0.01244, Time: 42.50
It: 21100, Loss: 1.359e-02, lamd1: 0.904, lamd2: 0.01244, Time: 42.43
It: 21200, Loss: 1.253e-02, lamd1: 0.906, lamd2: 0.01245, Time: 42.35
It: 21300, Loss: 1.241e-02, lamd1: 0.907, lamd2: 0.01248, Time: 42.14
It: 21400, Loss: 1.239e-02, lamd1: 0.908, lamd2: 0.01245, Time: 42.15
It: 21500, Loss: 1.204e-02, lamd1: 0.909, lamd2: 0.01250, Time: 42.18
It: 21600, Loss: 1.188e-02, lamd1: 0.911, lamd2: 0.01239, Time: 42.26
It: 21700, Loss: 1.176e-02, lamd1: 0.911, lamd2: 0.01239, Time: 42.49
It: 21800, Loss: 1.141e-02, lamd1: 0.914, lamd2: 0.01218, Time: 42.45
It: 21900, Loss: 1.118e-02, lamd1: 0.915, lamd2: 0.01214, Time: 42.54
It: 22000, Loss: 1.079e-02, lamd1: 0.917, lamd2: 0.01218, Time: 42.46
It: 22100, Loss: 1.047e-02, lamd1: 0.917, lamd2: 0.01230, Time: 42.52
It: 22200, Loss: 1.006e-02, lamd1: 0.922, lamd2: 0.01268, Time: 42.41
It: 22300, Loss: 9.811e-03, lamd1: 0.928, lamd2: 0.01300, Time: 42.37
It: 22400, Loss: 9.235e-03, lamd1: 0.931, lamd2: 0.01334, Time: 42.26
It: 22500, Loss: 9.024e-03, lamd1: 0.934, lamd2: 0.01341, Time: 42.23
It: 22600, Loss: 8.714e-03, lamd1: 0.936, lamd2: 0.01366, Time: 42.21
It: 22700, Loss: 8.461e-03, lamd1: 0.938, lamd2: 0.01357, Time: 41.97
It: 22800, Loss: 8.275e-03, lamd1: 0.939, lamd2: 0.01349, Time: 42.08
It: 22900, Loss: 8.091e-03, lamd1: 0.941, lamd2: 0.01351, Time: 42.17
It: 23000, Loss: 7.878e-03, lamd1: 0.942, lamd2: 0.01337, Time: 42.07
It: 23100, Loss: 7.787e-03, lamd1: 0.943, lamd2: 0.01356, Time: 42.42
It: 23200, Loss: 7.913e-03, lamd1: 0.945, lamd2: 0.01345, Time: 42.44
It: 23300, Loss: 7.306e-03, lamd1: 0.945, lamd2: 0.01353, Time: 42.28
It: 23400, Loss: 7.101e-03, lamd1: 0.947, lamd2: 0.01352, Time: 42.26
It: 23500, Loss: 7.014e-03, lamd1: 0.947, lamd2: 0.01349, Time: 41.97
It: 23600, Loss: 6.840e-03, lamd1: 0.949, lamd2: 0.01354, Time: 41.54
It: 23700, Loss: 6.720e-03, lamd1: 0.950, lamd2: 0.01360, Time: 42.36
It: 23800, Loss: 6.827e-03, lamd1: 0.952, lamd2: 0.01347, Time: 42.13
It: 23900, Loss: 6.256e-03, lamd1: 0.954, lamd2: 0.01351, Time: 41.69
It: 24000, Loss: 6.089e-03, lamd1: 0.955, lamd2: 0.01352, Time: 40.99
It: 24100, Loss: 5.931e-03, lamd1: 0.957, lamd2: 0.01344, Time: 42.22
It: 24200, Loss: 5.925e-03, lamd1: 0.958, lamd2: 0.01338, Time: 42.11
It: 24300, Loss: 6.382e-03, lamd1: 0.959, lamd2: 0.01328, Time: 42.19
It: 24400, Loss: 5.615e-03, lamd1: 0.959, lamd2: 0.01314, Time: 42.48
It: 24500, Loss: 5.602e-03, lamd1: 0.959, lamd2: 0.01300, Time: 42.40
It: 24600, Loss: 5.270e-03, lamd1: 0.961, lamd2: 0.01310, Time: 42.38
It: 24700, Loss: 5.643e-03, lamd1: 0.961, lamd2: 0.01315, Time: 42.33
It: 24800, Loss: 5.264e-03, lamd1: 0.961, lamd2: 0.01290, Time: 42.30
It: 24900, Loss: 5.343e-03, lamd1: 0.962, lamd2: 0.01274, Time: 42.39
It: 25000, Loss: 5.084e-03, lamd1: 0.964, lamd2: 0.01286, Time: 42.49
It: 25100, Loss: 5.135e-03, lamd1: 0.963, lamd2: 0.01286, Time: 42.31
It: 25200, Loss: 4.894e-03, lamd1: 0.965, lamd2: 0.01270, Time: 42.40
It: 25300, Loss: 4.877e-03, lamd1: 0.966, lamd2: 0.01278, Time: 42.28
It: 25400, Loss: 4.601e-03, lamd1: 0.967, lamd2: 0.01266, Time: 42.13
It: 25500, Loss: 4.917e-03, lamd1: 0.967, lamd2: 0.01270, Time: 42.37
It: 25600, Loss: 4.347e-03, lamd1: 0.966, lamd2: 0.01268, Time: 42.59
It: 25700, Loss: 4.250e-03, lamd1: 0.969, lamd2: 0.01273, Time: 42.31
It: 25800, Loss: 4.347e-03, lamd1: 0.969, lamd2: 0.01267, Time: 42.35
It: 25900, Loss: 5.381e-03, lamd1: 0.968, lamd2: 0.01278, Time: 42.27
It: 26000, Loss: 4.230e-03, lamd1: 0.970, lamd2: 0.01261, Time: 42.20
It: 26100, Loss: 3.976e-03, lamd1: 0.970, lamd2: 0.01263, Time: 42.11
It: 26200, Loss: 4.328e-03, lamd1: 0.970, lamd2: 0.01247, Time: 41.94
It: 26300, Loss: 3.979e-03, lamd1: 0.972, lamd2: 0.01264, Time: 42.13
It: 26400, Loss: 3.854e-03, lamd1: 0.972, lamd2: 0.01261, Time: 42.08
It: 26500, Loss: 3.742e-03, lamd1: 0.972, lamd2: 0.01259, Time: 41.86
It: 26600, Loss: 3.924e-03, lamd1: 0.973, lamd2: 0.01260, Time: 42.20
It: 26700, Loss: 3.967e-03, lamd1: 0.972, lamd2: 0.01243, Time: 41.99
It: 26800, Loss: 3.830e-03, lamd1: 0.974, lamd2: 0.01258, Time: 42.54
It: 26900, Loss: 4.178e-03, lamd1: 0.974, lamd2: 0.01272, Time: 42.42
It: 27000, Loss: 3.554e-03, lamd1: 0.975, lamd2: 0.01248, Time: 42.19
It: 27100, Loss: 4.065e-03, lamd1: 0.975, lamd2: 0.01268, Time: 42.11
It: 27200, Loss: 3.367e-03, lamd1: 0.976, lamd2: 0.01249, Time: 41.23
It: 27300, Loss: 3.787e-03, lamd1: 0.975, lamd2: 0.01248, Time: 41.40
It: 27400, Loss: 3.349e-03, lamd1: 0.977, lamd2: 0.01245, Time: 41.80
It: 27500, Loss: 3.205e-03, lamd1: 0.977, lamd2: 0.01251, Time: 41.36
It: 27600, Loss: 3.170e-03, lamd1: 0.976, lamd2: 0.01247, Time: 42.27
It: 27700, Loss: 3.484e-03, lamd1: 0.976, lamd2: 0.01264, Time: 42.37
It: 27800, Loss: 3.175e-03, lamd1: 0.976, lamd2: 0.01245, Time: 42.41
It: 27900, Loss: 3.928e-03, lamd1: 0.978, lamd2: 0.01249, Time: 42.35
It: 28000, Loss: 3.030e-03, lamd1: 0.978, lamd2: 0.01253, Time: 42.47
It: 28100, Loss: 3.050e-03, lamd1: 0.978, lamd2: 0.01253, Time: 42.24
It: 28200, Loss: 2.980e-03, lamd1: 0.978, lamd2: 0.01251, Time: 42.41
It: 28300, Loss: 3.293e-03, lamd1: 0.978, lamd2: 0.01266, Time: 41.17
It: 28400, Loss: 3.057e-03, lamd1: 0.977, lamd2: 0.01270, Time: 42.08
It: 28500, Loss: 3.087e-03, lamd1: 0.979, lamd2: 0.01264, Time: 42.55
It: 28600, Loss: 4.040e-03, lamd1: 0.979, lamd2: 0.01252, Time: 42.44
It: 28700, Loss: 2.795e-03, lamd1: 0.980, lamd2: 0.01268, Time: 41.09
It: 28800, Loss: 2.711e-03, lamd1: 0.979, lamd2: 0.01251, Time: 41.00
It: 28900, Loss: 2.877e-03, lamd1: 0.979, lamd2: 0.01255, Time: 42.36
It: 29000, Loss: 2.748e-03, lamd1: 0.980, lamd2: 0.01254, Time: 42.48
It: 29100, Loss: 2.647e-03, lamd1: 0.980, lamd2: 0.01250, Time: 42.43
It: 29200, Loss: 2.817e-03, lamd1: 0.977, lamd2: 0.01251, Time: 42.02
It: 29300, Loss: 2.603e-03, lamd1: 0.980, lamd2: 0.01243, Time: 41.70
It: 29400, Loss: 2.728e-03, lamd1: 0.980, lamd2: 0.01242, Time: 41.42
It: 29500, Loss: 3.209e-03, lamd1: 0.981, lamd2: 0.01257, Time: 42.27
It: 29600, Loss: 2.566e-03, lamd1: 0.980, lamd2: 0.01251, Time: 42.32
It: 29700, Loss: 2.612e-03, lamd1: 0.980, lamd2: 0.01258, Time: 42.31
It: 29800, Loss: 2.545e-03, lamd1: 0.978, lamd2: 0.01278, Time: 42.11
It: 29900, Loss: 2.631e-03, lamd1: 0.982, lamd2: 0.01240, Time: 42.06
It: 30000, Loss: 2.535e-03, lamd1: 0.981, lamd2: 0.01248, Time: 42.28
It: 30100, Loss: 2.388e-03, lamd1: 0.982, lamd2: 0.01246, Time: 42.30
It: 30200, Loss: 2.373e-03, lamd1: 0.982, lamd2: 0.01244, Time: 42.54
It: 30300, Loss: 2.358e-03, lamd1: 0.982, lamd2: 0.01244, Time: 41.48
It: 30400, Loss: 2.343e-03, lamd1: 0.982, lamd2: 0.01243, Time: 42.33
It: 30500, Loss: 2.328e-03, lamd1: 0.983, lamd2: 0.01242, Time: 42.59
It: 30600, Loss: 2.309e-03, lamd1: 0.983, lamd2: 0.01241, Time: 42.16
It: 30700, Loss: 2.289e-03, lamd1: 0.983, lamd2: 0.01239, Time: 42.38
It: 30800, Loss: 2.266e-03, lamd1: 0.983, lamd2: 0.01237, Time: 42.23
It: 30900, Loss: 2.244e-03, lamd1: 0.983, lamd2: 0.01235, Time: 42.47
It: 31000, Loss: 2.223e-03, lamd1: 0.983, lamd2: 0.01233, Time: 42.45
It: 31100, Loss: 2.246e-03, lamd1: 0.983, lamd2: 0.01232, Time: 42.50
It: 31200, Loss: 2.207e-03, lamd1: 0.984, lamd2: 0.01229, Time: 42.65
It: 31300, Loss: 2.203e-03, lamd1: 0.983, lamd2: 0.01221, Time: 42.68
It: 31400, Loss: 2.266e-03, lamd1: 0.984, lamd2: 0.01231, Time: 42.65
It: 31500, Loss: 2.168e-03, lamd1: 0.984, lamd2: 0.01230, Time: 42.45
It: 31600, Loss: 2.178e-03, lamd1: 0.983, lamd2: 0.01229, Time: 42.25
It: 31700, Loss: 2.133e-03, lamd1: 0.984, lamd2: 0.01227, Time: 42.69
It: 31800, Loss: 2.083e-03, lamd1: 0.984, lamd2: 0.01225, Time: 42.58
It: 31900, Loss: 2.136e-03, lamd1: 0.984, lamd2: 0.01224, Time: 42.49
It: 32000, Loss: 2.119e-03, lamd1: 0.984, lamd2: 0.01224, Time: 42.40
It: 32100, Loss: 2.314e-03, lamd1: 0.984, lamd2: 0.01230, Time: 42.47
It: 32200, Loss: 2.049e-03, lamd1: 0.985, lamd2: 0.01218, Time: 42.39
It: 32300, Loss: 2.025e-03, lamd1: 0.985, lamd2: 0.01219, Time: 42.46
It: 32400, Loss: 2.043e-03, lamd1: 0.985, lamd2: 0.01214, Time: 42.44
It: 32500, Loss: 2.137e-03, lamd1: 0.984, lamd2: 0.01225, Time: 42.45
It: 32600, Loss: 1.972e-03, lamd1: 0.985, lamd2: 0.01216, Time: 42.35
It: 32700, Loss: 2.225e-03, lamd1: 0.985, lamd2: 0.01213, Time: 41.78
It: 32800, Loss: 2.063e-03, lamd1: 0.985, lamd2: 0.01215, Time: 41.84
It: 32900, Loss: 1.988e-03, lamd1: 0.985, lamd2: 0.01216, Time: 42.06
It: 33000, Loss: 1.926e-03, lamd1: 0.985, lamd2: 0.01212, Time: 42.24
It: 33100, Loss: 1.917e-03, lamd1: 0.985, lamd2: 0.01212, Time: 42.24
It: 33200, Loss: 2.063e-03, lamd1: 0.985, lamd2: 0.01210, Time: 41.74
It: 33300, Loss: 1.894e-03, lamd1: 0.985, lamd2: 0.01213, Time: 42.39
It: 33400, Loss: 1.961e-03, lamd1: 0.985, lamd2: 0.01206, Time: 42.41
It: 33500, Loss: 1.905e-03, lamd1: 0.986, lamd2: 0.01209, Time: 42.29
It: 33600, Loss: 1.985e-03, lamd1: 0.986, lamd2: 0.01208, Time: 42.43
It: 33700, Loss: 1.991e-03, lamd1: 0.985, lamd2: 0.01213, Time: 42.48
It: 33800, Loss: 1.858e-03, lamd1: 0.986, lamd2: 0.01206, Time: 42.47
It: 33900, Loss: 1.851e-03, lamd1: 0.986, lamd2: 0.01203, Time: 42.51
It: 34000, Loss: 1.889e-03, lamd1: 0.986, lamd2: 0.01209, Time: 42.24
It: 34100, Loss: 1.849e-03, lamd1: 0.986, lamd2: 0.01205, Time: 42.23
It: 34200, Loss: 1.841e-03, lamd1: 0.985, lamd2: 0.01200, Time: 42.07
It: 34300, Loss: 1.831e-03, lamd1: 0.986, lamd2: 0.01207, Time: 41.91
It: 34400, Loss: 1.786e-03, lamd1: 0.986, lamd2: 0.01203, Time: 41.88
It: 34500, Loss: 1.786e-03, lamd1: 0.986, lamd2: 0.01202, Time: 42.34
It: 34600, Loss: 1.812e-03, lamd1: 0.986, lamd2: 0.01202, Time: 42.47
It: 34700, Loss: 1.779e-03, lamd1: 0.985, lamd2: 0.01200, Time: 42.42
It: 34800, Loss: 1.766e-03, lamd1: 0.987, lamd2: 0.01199, Time: 42.44
It: 34900, Loss: 1.873e-03, lamd1: 0.986, lamd2: 0.01201, Time: 41.87
It: 35000, Loss: 1.839e-03, lamd1: 0.986, lamd2: 0.01198, Time: 41.34
It: 35100, Loss: 1.828e-03, lamd1: 0.987, lamd2: 0.01201, Time: 41.16
It: 35200, Loss: 1.872e-03, lamd1: 0.986, lamd2: 0.01201, Time: 41.78
It: 35300, Loss: 1.740e-03, lamd1: 0.987, lamd2: 0.01200, Time: 42.15
It: 35400, Loss: 1.798e-03, lamd1: 0.987, lamd2: 0.01198, Time: 42.21
It: 35500, Loss: 1.702e-03, lamd1: 0.986, lamd2: 0.01198, Time: 42.40
It: 35600, Loss: 1.701e-03, lamd1: 0.987, lamd2: 0.01192, Time: 42.46
It: 35700, Loss: 1.777e-03, lamd1: 0.987, lamd2: 0.01194, Time: 42.41
It: 35800, Loss: 1.746e-03, lamd1: 0.987, lamd2: 0.01194, Time: 42.48
It: 35900, Loss: 1.782e-03, lamd1: 0.987, lamd2: 0.01189, Time: 41.98
It: 36000, Loss: 1.671e-03, lamd1: 0.987, lamd2: 0.01195, Time: 42.12
It: 36100, Loss: 1.904e-03, lamd1: 0.986, lamd2: 0.01192, Time: 42.10
It: 36200, Loss: 1.879e-03, lamd1: 0.987, lamd2: 0.01194, Time: 42.13
It: 36300, Loss: 1.716e-03, lamd1: 0.987, lamd2: 0.01196, Time: 42.39
It: 36400, Loss: 1.727e-03, lamd1: 0.987, lamd2: 0.01195, Time: 42.36
It: 36500, Loss: 1.655e-03, lamd1: 0.987, lamd2: 0.01193, Time: 42.19
It: 36600, Loss: 1.675e-03, lamd1: 0.987, lamd2: 0.01192, Time: 42.08
It: 36700, Loss: 1.644e-03, lamd1: 0.987, lamd2: 0.01193, Time: 42.15
It: 36800, Loss: 1.602e-03, lamd1: 0.987, lamd2: 0.01189, Time: 42.30
It: 36900, Loss: 1.746e-03, lamd1: 0.987, lamd2: 0.01198, Time: 42.15
It: 37000, Loss: 1.604e-03, lamd1: 0.988, lamd2: 0.01191, Time: 42.33
It: 37100, Loss: 1.796e-03, lamd1: 0.987, lamd2: 0.01176, Time: 42.41
It: 37200, Loss: 1.648e-03, lamd1: 0.987, lamd2: 0.01182, Time: 42.47
It: 37300, Loss: 1.646e-03, lamd1: 0.987, lamd2: 0.01188, Time: 42.44
It: 37400, Loss: 1.808e-03, lamd1: 0.988, lamd2: 0.01177, Time: 42.27
It: 37500, Loss: 1.614e-03, lamd1: 0.987, lamd2: 0.01194, Time: 42.24
It: 37600, Loss: 1.713e-03, lamd1: 0.988, lamd2: 0.01196, Time: 41.82
It: 37700, Loss: 1.638e-03, lamd1: 0.988, lamd2: 0.01191, Time: 42.15
It: 37800, Loss: 1.579e-03, lamd1: 0.988, lamd2: 0.01189, Time: 42.10
It: 37900, Loss: 1.557e-03, lamd1: 0.988, lamd2: 0.01187, Time: 42.22
It: 38000, Loss: 1.580e-03, lamd1: 0.988, lamd2: 0.01190, Time: 42.33
It: 38100, Loss: 1.910e-03, lamd1: 0.988, lamd2: 0.01180, Time: 42.50
It: 38200, Loss: 1.646e-03, lamd1: 0.988, lamd2: 0.01184, Time: 42.48
It: 38300, Loss: 1.509e-03, lamd1: 0.988, lamd2: 0.01185, Time: 42.10
It: 38400, Loss: 1.561e-03, lamd1: 0.988, lamd2: 0.01189, Time: 42.20
It: 38500, Loss: 1.794e-03, lamd1: 0.988, lamd2: 0.01188, Time: 42.22
It: 38600, Loss: 1.532e-03, lamd1: 0.988, lamd2: 0.01182, Time: 41.37
It: 38700, Loss: 1.538e-03, lamd1: 0.988, lamd2: 0.01187, Time: 41.92
It: 38800, Loss: 1.517e-03, lamd1: 0.988, lamd2: 0.01181, Time: 42.04
It: 38900, Loss: 1.472e-03, lamd1: 0.988, lamd2: 0.01185, Time: 41.31
It: 39000, Loss: 1.565e-03, lamd1: 0.988, lamd2: 0.01189, Time: 41.94
It: 39100, Loss: 1.660e-03, lamd1: 0.988, lamd2: 0.01182, Time: 42.44
It: 39200, Loss: 1.458e-03, lamd1: 0.988, lamd2: 0.01184, Time: 42.63
It: 39300, Loss: 1.589e-03, lamd1: 0.988, lamd2: 0.01187, Time: 42.43
It: 39400, Loss: 2.183e-03, lamd1: 0.988, lamd2: 0.01201, Time: 41.92
It: 39500, Loss: 1.440e-03, lamd1: 0.989, lamd2: 0.01183, Time: 42.30
It: 39600, Loss: 1.669e-03, lamd1: 0.988, lamd2: 0.01186, Time: 42.10
It: 39700, Loss: 1.449e-03, lamd1: 0.988, lamd2: 0.01176, Time: 42.31
It: 39800, Loss: 1.508e-03, lamd1: 0.988, lamd2: 0.01182, Time: 41.31
It: 39900, Loss: 1.519e-03, lamd1: 0.988, lamd2: 0.01187, Time: 41.83
It: 40000, Loss: 1.416e-03, lamd1: 0.988, lamd2: 0.01182, Time: 42.12
It: 40100, Loss: 1.411e-03, lamd1: 0.989, lamd2: 0.01181, Time: 41.74
It: 40200, Loss: 1.408e-03, lamd1: 0.989, lamd2: 0.01181, Time: 42.09
It: 40300, Loss: 1.404e-03, lamd1: 0.989, lamd2: 0.01181, Time: 42.03
It: 40400, Loss: 1.401e-03, lamd1: 0.989, lamd2: 0.01180, Time: 42.10
It: 40500, Loss: 1.398e-03, lamd1: 0.989, lamd2: 0.01180, Time: 42.17
It: 40600, Loss: 1.394e-03, lamd1: 0.989, lamd2: 0.01180, Time: 42.31
It: 40700, Loss: 1.391e-03, lamd1: 0.989, lamd2: 0.01180, Time: 42.30
It: 40800, Loss: 1.387e-03, lamd1: 0.989, lamd2: 0.01179, Time: 42.15
It: 40900, Loss: 1.383e-03, lamd1: 0.989, lamd2: 0.01179, Time: 42.17
It: 41000, Loss: 1.379e-03, lamd1: 0.989, lamd2: 0.01179, Time: 42.17
It: 41100, Loss: 1.375e-03, lamd1: 0.989, lamd2: 0.01179, Time: 41.95
It: 41200, Loss: 1.370e-03, lamd1: 0.989, lamd2: 0.01179, Time: 41.91
It: 41300, Loss: 1.367e-03, lamd1: 0.989, lamd2: 0.01178, Time: 42.13
It: 41400, Loss: 1.362e-03, lamd1: 0.989, lamd2: 0.01178, Time: 42.24
It: 41500, Loss: 1.507e-03, lamd1: 0.989, lamd2: 0.01169, Time: 42.25
It: 41600, Loss: 1.354e-03, lamd1: 0.989, lamd2: 0.01178, Time: 42.12
It: 41700, Loss: 1.349e-03, lamd1: 0.989, lamd2: 0.01178, Time: 42.18
It: 41800, Loss: 1.347e-03, lamd1: 0.989, lamd2: 0.01179, Time: 42.27
It: 41900, Loss: 1.342e-03, lamd1: 0.989, lamd2: 0.01178, Time: 42.41
It: 42000, Loss: 1.337e-03, lamd1: 0.989, lamd2: 0.01178, Time: 42.33
It: 42100, Loss: 1.333e-03, lamd1: 0.989, lamd2: 0.01177, Time: 42.13
It: 42200, Loss: 1.328e-03, lamd1: 0.989, lamd2: 0.01177, Time: 41.99
It: 42300, Loss: 1.325e-03, lamd1: 0.990, lamd2: 0.01178, Time: 41.18
It: 42400, Loss: 1.367e-03, lamd1: 0.989, lamd2: 0.01179, Time: 40.76
It: 42500, Loss: 1.330e-03, lamd1: 0.989, lamd2: 0.01172, Time: 40.95
It: 42600, Loss: 1.316e-03, lamd1: 0.989, lamd2: 0.01178, Time: 41.35
It: 42700, Loss: 1.334e-03, lamd1: 0.989, lamd2: 0.01175, Time: 42.29
It: 42800, Loss: 1.306e-03, lamd1: 0.990, lamd2: 0.01177, Time: 41.44
It: 42900, Loss: 1.301e-03, lamd1: 0.990, lamd2: 0.01176, Time: 41.24
It: 43000, Loss: 1.300e-03, lamd1: 0.990, lamd2: 0.01177, Time: 41.49
It: 43100, Loss: 1.294e-03, lamd1: 0.990, lamd2: 0.01176, Time: 41.41
It: 43200, Loss: 1.290e-03, lamd1: 0.990, lamd2: 0.01176, Time: 42.24
It: 43300, Loss: 1.294e-03, lamd1: 0.990, lamd2: 0.01176, Time: 42.10
It: 43400, Loss: 1.311e-03, lamd1: 0.990, lamd2: 0.01176, Time: 42.18
It: 43500, Loss: 1.308e-03, lamd1: 0.990, lamd2: 0.01175, Time: 42.14
It: 43600, Loss: 1.325e-03, lamd1: 0.990, lamd2: 0.01169, Time: 42.07
It: 43700, Loss: 1.427e-03, lamd1: 0.990, lamd2: 0.01177, Time: 42.10
It: 43800, Loss: 1.281e-03, lamd1: 0.990, lamd2: 0.01174, Time: 42.11
It: 43900, Loss: 1.293e-03, lamd1: 0.990, lamd2: 0.01179, Time: 42.22
It: 44000, Loss: 1.330e-03, lamd1: 0.990, lamd2: 0.01176, Time: 42.15
It: 44100, Loss: 1.264e-03, lamd1: 0.990, lamd2: 0.01173, Time: 42.22
It: 44200, Loss: 1.261e-03, lamd1: 0.990, lamd2: 0.01175, Time: 42.32
It: 44300, Loss: 1.260e-03, lamd1: 0.990, lamd2: 0.01174, Time: 42.49
It: 44400, Loss: 1.285e-03, lamd1: 0.990, lamd2: 0.01175, Time: 41.90
It: 44500, Loss: 1.264e-03, lamd1: 0.990, lamd2: 0.01177, Time: 42.13
It: 44600, Loss: 1.247e-03, lamd1: 0.990, lamd2: 0.01174, Time: 42.10
It: 44700, Loss: 1.286e-03, lamd1: 0.990, lamd2: 0.01176, Time: 42.01
It: 44800, Loss: 1.253e-03, lamd1: 0.990, lamd2: 0.01174, Time: 42.13
It: 44900, Loss: 1.236e-03, lamd1: 0.990, lamd2: 0.01173, Time: 42.22
It: 45000, Loss: 1.231e-03, lamd1: 0.990, lamd2: 0.01174, Time: 42.29
It: 45100, Loss: 1.228e-03, lamd1: 0.990, lamd2: 0.01172, Time: 42.08
It: 45200, Loss: 1.226e-03, lamd1: 0.990, lamd2: 0.01173, Time: 42.16
It: 45300, Loss: 1.222e-03, lamd1: 0.990, lamd2: 0.01174, Time: 42.15
It: 45400, Loss: 1.416e-03, lamd1: 0.990, lamd2: 0.01182, Time: 42.11
It: 45500, Loss: 1.364e-03, lamd1: 0.990, lamd2: 0.01172, Time: 42.21
It: 45600, Loss: 1.216e-03, lamd1: 0.990, lamd2: 0.01172, Time: 42.24
It: 45700, Loss: 1.220e-03, lamd1: 0.990, lamd2: 0.01173, Time: 42.17
It: 45800, Loss: 1.232e-03, lamd1: 0.990, lamd2: 0.01170, Time: 42.22
It: 45900, Loss: 1.320e-03, lamd1: 0.990, lamd2: 0.01175, Time: 42.19
It: 46000, Loss: 1.299e-03, lamd1: 0.990, lamd2: 0.01175, Time: 42.26
It: 46100, Loss: 1.201e-03, lamd1: 0.990, lamd2: 0.01173, Time: 41.35
It: 46200, Loss: 1.226e-03, lamd1: 0.990, lamd2: 0.01170, Time: 41.67
It: 46300, Loss: 1.196e-03, lamd1: 0.990, lamd2: 0.01174, Time: 42.28
It: 46400, Loss: 1.192e-03, lamd1: 0.990, lamd2: 0.01172, Time: 42.34
It: 46500, Loss: 1.189e-03, lamd1: 0.990, lamd2: 0.01172, Time: 42.27
It: 46600, Loss: 1.240e-03, lamd1: 0.990, lamd2: 0.01173, Time: 42.30
It: 46700, Loss: 1.185e-03, lamd1: 0.990, lamd2: 0.01172, Time: 42.25
It: 46800, Loss: 1.240e-03, lamd1: 0.990, lamd2: 0.01171, Time: 42.30
It: 46900, Loss: 1.179e-03, lamd1: 0.991, lamd2: 0.01172, Time: 42.24
It: 47000, Loss: 1.189e-03, lamd1: 0.991, lamd2: 0.01172, Time: 42.18
It: 47100, Loss: 1.175e-03, lamd1: 0.991, lamd2: 0.01172, Time: 41.95
It: 47200, Loss: 1.189e-03, lamd1: 0.990, lamd2: 0.01173, Time: 42.15
It: 47300, Loss: 1.177e-03, lamd1: 0.991, lamd2: 0.01172, Time: 42.14
It: 47400, Loss: 1.198e-03, lamd1: 0.990, lamd2: 0.01163, Time: 42.23
It: 47500, Loss: 1.194e-03, lamd1: 0.991, lamd2: 0.01172, Time: 42.24
It: 47600, Loss: 1.202e-03, lamd1: 0.990, lamd2: 0.01171, Time: 42.31
It: 47700, Loss: 1.160e-03, lamd1: 0.991, lamd2: 0.01172, Time: 41.62
It: 47800, Loss: 1.195e-03, lamd1: 0.990, lamd2: 0.01165, Time: 42.19
It: 47900, Loss: 1.172e-03, lamd1: 0.990, lamd2: 0.01169, Time: 42.16
It: 48000, Loss: 1.231e-03, lamd1: 0.990, lamd2: 0.01171, Time: 42.09
It: 48100, Loss: 1.178e-03, lamd1: 0.991, lamd2: 0.01172, Time: 42.03
It: 48200, Loss: 1.160e-03, lamd1: 0.991, lamd2: 0.01171, Time: 42.02
It: 48300, Loss: 1.189e-03, lamd1: 0.990, lamd2: 0.01171, Time: 42.28
It: 48400, Loss: 1.162e-03, lamd1: 0.991, lamd2: 0.01169, Time: 42.32
It: 48500, Loss: 1.221e-03, lamd1: 0.990, lamd2: 0.01170, Time: 42.29
It: 48600, Loss: 1.191e-03, lamd1: 0.990, lamd2: 0.01175, Time: 42.35
It: 48700, Loss: 1.140e-03, lamd1: 0.991, lamd2: 0.01169, Time: 42.26
It: 48800, Loss: 1.138e-03, lamd1: 0.991, lamd2: 0.01170, Time: 42.18
It: 48900, Loss: 1.139e-03, lamd1: 0.991, lamd2: 0.01174, Time: 42.40
It: 49000, Loss: 1.143e-03, lamd1: 0.991, lamd2: 0.01170, Time: 42.18
It: 49100, Loss: 1.307e-03, lamd1: 0.990, lamd2: 0.01175, Time: 42.17
It: 49200, Loss: 1.337e-03, lamd1: 0.991, lamd2: 0.01162, Time: 36.05
It: 49300, Loss: 1.131e-03, lamd1: 0.991, lamd2: 0.01170, Time: 35.24
It: 49400, Loss: 1.122e-03, lamd1: 0.991, lamd2: 0.01178, Time: 35.27
It: 49500, Loss: 1.130e-03, lamd1: 0.991, lamd2: 0.01167, Time: 35.57
It: 49600, Loss: 1.130e-03, lamd1: 0.991, lamd2: 0.01168, Time: 35.65
It: 49700, Loss: 1.121e-03, lamd1: 0.991, lamd2: 0.01169, Time: 35.32
It: 49800, Loss: 1.113e-03, lamd1: 0.991, lamd2: 0.01170, Time: 35.19
It: 49900, Loss: 1.113e-03, lamd1: 0.991, lamd2: 0.01170, Time: 35.22
It: 50000, Loss: 1.112e-03, lamd1: 0.991, lamd2: 0.01169, Time: 35.23
It: 50100, Loss: 1.108e-03, lamd1: 0.991, lamd2: 0.01169, Time: 35.34
It: 50200, Loss: 1.106e-03, lamd1: 0.991, lamd2: 0.01169, Time: 35.27
It: 50300, Loss: 1.105e-03, lamd1: 0.991, lamd2: 0.01169, Time: 35.44
It: 50400, Loss: 1.104e-03, lamd1: 0.991, lamd2: 0.01169, Time: 35.41
It: 50500, Loss: 1.103e-03, lamd1: 0.991, lamd2: 0.01169, Time: 35.37
It: 50600, Loss: 1.101e-03, lamd1: 0.991, lamd2: 0.01169, Time: 35.35
It: 50700, Loss: 1.100e-03, lamd1: 0.991, lamd2: 0.01169, Time: 35.44
It: 50800, Loss: 1.098e-03, lamd1: 0.991, lamd2: 0.01169, Time: 35.79
It: 50900, Loss: 1.097e-03, lamd1: 0.991, lamd2: 0.01169, Time: 35.95
It: 51000, Loss: 1.095e-03, lamd1: 0.991, lamd2: 0.01169, Time: 35.71
It: 51100, Loss: 1.093e-03, lamd1: 0.991, lamd2: 0.01169, Time: 35.35
It: 51200, Loss: 1.092e-03, lamd1: 0.991, lamd2: 0.01168, Time: 35.38
It: 51300, Loss: 1.090e-03, lamd1: 0.991, lamd2: 0.01168, Time: 35.22
It: 51400, Loss: 1.095e-03, lamd1: 0.991, lamd2: 0.01170, Time: 35.15
It: 51500, Loss: 1.086e-03, lamd1: 0.991, lamd2: 0.01168, Time: 35.16
It: 51600, Loss: 1.085e-03, lamd1: 0.991, lamd2: 0.01168, Time: 35.22
It: 51700, Loss: 1.130e-03, lamd1: 0.991, lamd2: 0.01163, Time: 35.39
It: 51800, Loss: 1.080e-03, lamd1: 0.991, lamd2: 0.01168, Time: 35.33
It: 51900, Loss: 1.081e-03, lamd1: 0.991, lamd2: 0.01168, Time: 35.09
It: 52000, Loss: 1.079e-03, lamd1: 0.991, lamd2: 0.01168, Time: 35.01
It: 52100, Loss: 1.076e-03, lamd1: 0.991, lamd2: 0.01168, Time: 34.99
It: 52200, Loss: 1.073e-03, lamd1: 0.991, lamd2: 0.01168, Time: 35.09
It: 52300, Loss: 1.071e-03, lamd1: 0.991, lamd2: 0.01168, Time: 35.19
It: 52400, Loss: 1.069e-03, lamd1: 0.991, lamd2: 0.01168, Time: 35.37
It: 52500, Loss: 1.082e-03, lamd1: 0.991, lamd2: 0.01165, Time: 35.18
It: 52600, Loss: 1.066e-03, lamd1: 0.991, lamd2: 0.01167, Time: 35.20
It: 52700, Loss: 1.064e-03, lamd1: 0.991, lamd2: 0.01168, Time: 35.26
It: 52800, Loss: 1.062e-03, lamd1: 0.991, lamd2: 0.01168, Time: 35.43
It: 52900, Loss: 1.060e-03, lamd1: 0.991, lamd2: 0.01168, Time: 35.44
It: 53000, Loss: 1.059e-03, lamd1: 0.991, lamd2: 0.01168, Time: 35.32
It: 53100, Loss: 1.063e-03, lamd1: 0.991, lamd2: 0.01169, Time: 35.35
It: 53200, Loss: 1.058e-03, lamd1: 0.991, lamd2: 0.01169, Time: 35.36
It: 53300, Loss: 1.053e-03, lamd1: 0.991, lamd2: 0.01168, Time: 35.32
It: 53400, Loss: 1.052e-03, lamd1: 0.991, lamd2: 0.01168, Time: 35.45
It: 53500, Loss: 1.050e-03, lamd1: 0.991, lamd2: 0.01168, Time: 35.16
It: 53600, Loss: 1.087e-03, lamd1: 0.991, lamd2: 0.01162, Time: 35.20
It: 53700, Loss: 1.047e-03, lamd1: 0.991, lamd2: 0.01168, Time: 35.30
It: 53800, Loss: 1.045e-03, lamd1: 0.991, lamd2: 0.01168, Time: 35.30
It: 53900, Loss: 1.043e-03, lamd1: 0.991, lamd2: 0.01168, Time: 35.32
It: 54000, Loss: 1.042e-03, lamd1: 0.991, lamd2: 0.01168, Time: 35.22
It: 54100, Loss: 1.040e-03, lamd1: 0.991, lamd2: 0.01168, Time: 35.31
It: 54200, Loss: 1.124e-03, lamd1: 0.991, lamd2: 0.01169, Time: 35.27
It: 54300, Loss: 1.037e-03, lamd1: 0.991, lamd2: 0.01168, Time: 35.21
It: 54400, Loss: 1.035e-03, lamd1: 0.991, lamd2: 0.01168, Time: 35.21
It: 54500, Loss: 1.036e-03, lamd1: 0.992, lamd2: 0.01168, Time: 35.23
It: 54600, Loss: 1.032e-03, lamd1: 0.992, lamd2: 0.01168, Time: 35.24
It: 54700, Loss: 1.030e-03, lamd1: 0.992, lamd2: 0.01168, Time: 35.26
It: 54800, Loss: 1.067e-03, lamd1: 0.991, lamd2: 0.01168, Time: 35.28
It: 54900, Loss: 1.044e-03, lamd1: 0.992, lamd2: 0.01167, Time: 35.19
It: 55000, Loss: 1.026e-03, lamd1: 0.992, lamd2: 0.01167, Time: 35.28
It: 55100, Loss: 1.024e-03, lamd1: 0.992, lamd2: 0.01168, Time: 35.37
It: 55200, Loss: 1.022e-03, lamd1: 0.992, lamd2: 0.01168, Time: 35.29
It: 55300, Loss: 1.021e-03, lamd1: 0.992, lamd2: 0.01167, Time: 35.31
It: 55400, Loss: 1.020e-03, lamd1: 0.992, lamd2: 0.01167, Time: 35.42
It: 55500, Loss: 1.018e-03, lamd1: 0.992, lamd2: 0.01167, Time: 35.38
It: 55600, Loss: 1.025e-03, lamd1: 0.992, lamd2: 0.01165, Time: 35.22
It: 55700, Loss: 1.016e-03, lamd1: 0.992, lamd2: 0.01168, Time: 35.27
It: 55800, Loss: 1.027e-03, lamd1: 0.992, lamd2: 0.01168, Time: 35.31
It: 55900, Loss: 1.038e-03, lamd1: 0.991, lamd2: 0.01165, Time: 35.33
It: 56000, Loss: 1.010e-03, lamd1: 0.992, lamd2: 0.01167, Time: 35.33
It: 56100, Loss: 1.009e-03, lamd1: 0.992, lamd2: 0.01167, Time: 35.36
It: 56200, Loss: 1.007e-03, lamd1: 0.992, lamd2: 0.01167, Time: 35.42
It: 56300, Loss: 1.025e-03, lamd1: 0.992, lamd2: 0.01166, Time: 35.44
It: 56400, Loss: 1.005e-03, lamd1: 0.992, lamd2: 0.01170, Time: 35.43
It: 56500, Loss: 1.007e-03, lamd1: 0.991, lamd2: 0.01172, Time: 35.50
It: 56600, Loss: 1.001e-03, lamd1: 0.992, lamd2: 0.01167, Time: 35.41
It: 56700, Loss: 1.013e-03, lamd1: 0.991, lamd2: 0.01162, Time: 35.51
It: 56800, Loss: 9.983e-04, lamd1: 0.992, lamd2: 0.01167, Time: 35.48
It: 56900, Loss: 9.968e-04, lamd1: 0.992, lamd2: 0.01167, Time: 35.43
It: 57000, Loss: 9.971e-04, lamd1: 0.992, lamd2: 0.01168, Time: 35.47
It: 57100, Loss: 1.001e-03, lamd1: 0.992, lamd2: 0.01169, Time: 35.47
It: 57200, Loss: 9.993e-04, lamd1: 0.992, lamd2: 0.01168, Time: 35.40
It: 57300, Loss: 1.002e-03, lamd1: 0.992, lamd2: 0.01169, Time: 35.50
It: 57400, Loss: 9.898e-04, lamd1: 0.992, lamd2: 0.01167, Time: 35.55
It: 57500, Loss: 9.885e-04, lamd1: 0.992, lamd2: 0.01167, Time: 35.41
It: 57600, Loss: 9.884e-04, lamd1: 0.992, lamd2: 0.01167, Time: 35.43
It: 57700, Loss: 9.855e-04, lamd1: 0.992, lamd2: 0.01168, Time: 35.41
It: 57800, Loss: 9.872e-04, lamd1: 0.992, lamd2: 0.01168, Time: 35.38
It: 57900, Loss: 9.836e-04, lamd1: 0.992, lamd2: 0.01166, Time: 35.60
It: 58000, Loss: 9.839e-04, lamd1: 0.992, lamd2: 0.01166, Time: 35.68
It: 58100, Loss: 9.838e-04, lamd1: 0.992, lamd2: 0.01168, Time: 35.67
It: 58200, Loss: 9.800e-04, lamd1: 0.992, lamd2: 0.01167, Time: 35.78
It: 58300, Loss: 9.770e-04, lamd1: 0.992, lamd2: 0.01167, Time: 35.88
It: 58400, Loss: 9.757e-04, lamd1: 0.992, lamd2: 0.01167, Time: 35.57
It: 58500, Loss: 9.798e-04, lamd1: 0.992, lamd2: 0.01167, Time: 35.63
It: 58600, Loss: 9.730e-04, lamd1: 0.992, lamd2: 0.01167, Time: 35.80
It: 58700, Loss: 9.780e-04, lamd1: 0.992, lamd2: 0.01167, Time: 35.61