It: 0, Loss: 2.983e-01, nu: 0.020, Time: 0.30
It: 100, Loss: 1.878e-02, nu: 0.020, Time: 24.01
It: 200, Loss: 1.910e-02, nu: 0.020, Time: 24.88
It: 300, Loss: 6.788e-03, nu: 0.020, Time: 24.66
It: 400, Loss: 1.402e-02, nu: 0.020, Time: 24.96
It: 500, Loss: 1.066e-02, nu: 0.020, Time: 25.29
It: 600, Loss: 1.095e-02, nu: 0.020, Time: 25.30
It: 700, Loss: 1.131e-02, nu: 0.020, Time: 25.26
It: 800, Loss: 9.088e-03, nu: 0.020, Time: 25.58
It: 900, Loss: 1.451e-03, nu: 0.020, Time: 25.60
It: 1000, Loss: 2.560e-04, nu: 0.020, Time: 25.51
It: 1100, Loss: 1.812e-04, nu: 0.020, Time: 25.19
It: 1200, Loss: 1.450e-04, nu: 0.020, Time: 25.34
It: 1300, Loss: 1.038e-04, nu: 0.020, Time: 25.31
It: 1400, Loss: 6.595e-05, nu: 0.020, Time: 25.36
It: 1500, Loss: 4.964e-05, nu: 0.020, Time: 24.85
It: 1600, Loss: 4.739e-05, nu: 0.020, Time: 25.09
It: 1700, Loss: 2.087e-05, nu: 0.020, Time: 25.14
It: 1800, Loss: 2.257e-05, nu: 0.020, Time: 25.60
It: 1900, Loss: 1.388e-05, nu: 0.020, Time: 25.60
It: 2000, Loss: 2.819e-05, nu: 0.020, Time: 25.68
It: 2100, Loss: 9.629e-06, nu: 0.020, Time: 25.27
It: 2200, Loss: 8.390e-06, nu: 0.020, Time: 25.59
It: 2300, Loss: 7.449e-06, nu: 0.020, Time: 25.53
It: 2400, Loss: 7.017e-06, nu: 0.020, Time: 25.31
It: 2500, Loss: 6.330e-06, nu: 0.020, Time: 25.19
It: 2600, Loss: 5.844e-06, nu: 0.020, Time: 25.42
It: 2700, Loss: 5.370e-06, nu: 0.020, Time: 25.34
It: 2800, Loss: 5.073e-06, nu: 0.020, Time: 25.20
It: 2900, Loss: 4.641e-06, nu: 0.020, Time: 25.42
It: 3000, Loss: 4.456e-06, nu: 0.020, Time: 25.39
It: 3100, Loss: 4.218e-06, nu: 0.020, Time: 25.45
It: 3200, Loss: 4.063e-06, nu: 0.020, Time: 25.28
It: 3300, Loss: 3.904e-06, nu: 0.020, Time: 25.23
It: 3400, Loss: 3.804e-06, nu: 0.020, Time: 25.34
It: 3500, Loss: 3.663e-06, nu: 0.020, Time: 25.43
It: 3600, Loss: 3.500e-06, nu: 0.020, Time: 25.19
It: 3700, Loss: 3.404e-06, nu: 0.020, Time: 25.33
It: 3800, Loss: 3.271e-06, nu: 0.020, Time: 25.22
It: 3900, Loss: 3.158e-06, nu: 0.020, Time: 25.29
It: 4000, Loss: 3.016e-06, nu: 0.020, Time: 25.22
It: 4100, Loss: 2.930e-06, nu: 0.020, Time: 25.13
It: 4200, Loss: 2.886e-06, nu: 0.020, Time: 25.47
It: 4300, Loss: 2.854e-06, nu: 0.020, Time: 25.36
It: 4400, Loss: 2.757e-06, nu: 0.020, Time: 25.26
It: 4500, Loss: 2.709e-06, nu: 0.020, Time: 25.36
It: 4600, Loss: 2.654e-06, nu: 0.020, Time: 25.45
It: 4700, Loss: 2.575e-06, nu: 0.020, Time: 25.52
It: 4800, Loss: 2.508e-06, nu: 0.020, Time: 25.27
It: 4900, Loss: 2.448e-06, nu: 0.020, Time: 25.58
It: 5000, Loss: 2.370e-06, nu: 0.020, Time: 25.33
It: 5100, Loss: 2.333e-06, nu: 0.020, Time: 25.35
It: 5200, Loss: 2.296e-06, nu: 0.020, Time: 25.23
It: 5300, Loss: 2.262e-06, nu: 0.020, Time: 25.28
It: 5400, Loss: 2.229e-06, nu: 0.020, Time: 25.25
It: 5500, Loss: 2.191e-06, nu: 0.020, Time: 25.34
It: 5600, Loss: 2.163e-06, nu: 0.020, Time: 25.30
It: 5700, Loss: 2.112e-06, nu: 0.020, Time: 25.34
It: 5800, Loss: 2.087e-06, nu: 0.020, Time: 25.40
It: 5900, Loss: 2.027e-06, nu: 0.020, Time: 25.68
It: 6000, Loss: 1.997e-06, nu: 0.020, Time: 25.49
It: 6100, Loss: 1.970e-06, nu: 0.020, Time: 25.26
It: 6200, Loss: 1.962e-06, nu: 0.020, Time: 25.45
It: 6300, Loss: 1.923e-06, nu: 0.020, Time: 25.27
It: 6400, Loss: 1.903e-06, nu: 0.020, Time: 25.19
It: 6500, Loss: 1.867e-06, nu: 0.020, Time: 25.30
It: 6600, Loss: 1.842e-06, nu: 0.020, Time: 25.27
It: 6700, Loss: 1.805e-06, nu: 0.020, Time: 25.39
It: 6800, Loss: 1.804e-06, nu: 0.020, Time: 25.52
It: 6900, Loss: 1.780e-06, nu: 0.020, Time: 25.45
It: 7000, Loss: 1.747e-06, nu: 0.020, Time: 25.54
It: 7100, Loss: 1.733e-06, nu: 0.020, Time: 25.34
It: 7200, Loss: 1.721e-06, nu: 0.020, Time: 25.54
It: 7300, Loss: 1.702e-06, nu: 0.020, Time: 25.22
It: 7400, Loss: 1.687e-06, nu: 0.020, Time: 25.23
It: 7500, Loss: 1.675e-06, nu: 0.020, Time: 25.28
It: 7600, Loss: 1.653e-06, nu: 0.020, Time: 25.03
It: 7700, Loss: 1.643e-06, nu: 0.020, Time: 25.17
It: 7800, Loss: 1.611e-06, nu: 0.020, Time: 25.19
It: 7900, Loss: 1.588e-06, nu: 0.020, Time: 24.98
It: 8000, Loss: 1.585e-06, nu: 0.020, Time: 25.17
It: 8100, Loss: 1.563e-06, nu: 0.020, Time: 25.04
It: 8200, Loss: 1.564e-06, nu: 0.020, Time: 24.92
It: 8300, Loss: 1.534e-06, nu: 0.020, Time: 24.88
It: 8400, Loss: 1.527e-06, nu: 0.020, Time: 24.95
It: 8500, Loss: 1.521e-06, nu: 0.020, Time: 24.94
It: 8600, Loss: 1.505e-06, nu: 0.020, Time: 25.26
It: 8700, Loss: 1.483e-06, nu: 0.020, Time: 25.12
It: 8800, Loss: 1.480e-06, nu: 0.020, Time: 25.04
It: 8900, Loss: 1.474e-06, nu: 0.020, Time: 25.16
It: 9000, Loss: 1.465e-06, nu: 0.020, Time: 25.50
It: 9100, Loss: 1.449e-06, nu: 0.020, Time: 25.60
It: 9200, Loss: 1.438e-06, nu: 0.020, Time: 25.54
It: 9300, Loss: 1.420e-06, nu: 0.020, Time: 25.59
It: 9400, Loss: 1.423e-06, nu: 0.020, Time: 25.50
It: 9500, Loss: 1.415e-06, nu: 0.020, Time: 25.47
It: 9600, Loss: 1.394e-06, nu: 0.020, Time: 25.34
It: 9700, Loss: 1.387e-06, nu: 0.020, Time: 25.39
It: 9800, Loss: 1.394e-06, nu: 0.020, Time: 25.37
It: 9900, Loss: 1.373e-06, nu: 0.020, Time: 25.02
It: 10000, Loss: 1.364e-06, nu: 0.020, Time: 25.49
It: 10100, Loss: 1.361e-06, nu: 0.020, Time: 25.26
It: 10200, Loss: 1.355e-06, nu: 0.020, Time: 25.05
It: 10300, Loss: 1.343e-06, nu: 0.020, Time: 24.89
It: 10400, Loss: 1.336e-06, nu: 0.020, Time: 24.80
It: 10500, Loss: 1.327e-06, nu: 0.020, Time: 24.98
It: 10600, Loss: 1.322e-06, nu: 0.020, Time: 25.02
It: 10700, Loss: 1.318e-06, nu: 0.020, Time: 25.30
It: 10800, Loss: 1.304e-06, nu: 0.020, Time: 25.19
It: 10900, Loss: 1.293e-06, nu: 0.020, Time: 24.94
It: 11000, Loss: 1.295e-06, nu: 0.020, Time: 25.38
It: 11100, Loss: 1.284e-06, nu: 0.020, Time: 25.35
It: 11200, Loss: 1.293e-06, nu: 0.020, Time: 25.34
It: 11300, Loss: 1.283e-06, nu: 0.020, Time: 25.46
It: 11400, Loss: 1.278e-06, nu: 0.020, Time: 25.39
It: 11500, Loss: 1.275e-06, nu: 0.020, Time: 25.18
It: 11600, Loss: 1.258e-06, nu: 0.020, Time: 25.15
It: 11700, Loss: 1.272e-06, nu: 0.020, Time: 25.79
It: 11800, Loss: 1.263e-06, nu: 0.020, Time: 25.42
It: 11900, Loss: 1.250e-06, nu: 0.020, Time: 25.18
It: 12000, Loss: 1.242e-06, nu: 0.020, Time: 25.45
It: 12100, Loss: 1.247e-06, nu: 0.020, Time: 25.24
It: 12200, Loss: 1.227e-06, nu: 0.020, Time: 25.40
It: 12300, Loss: 1.233e-06, nu: 0.020, Time: 25.33
It: 12400, Loss: 1.226e-06, nu: 0.020, Time: 25.32
It: 12500, Loss: 1.227e-06, nu: 0.020, Time: 25.49
It: 12600, Loss: 1.215e-06, nu: 0.020, Time: 25.24
It: 12700, Loss: 1.212e-06, nu: 0.020, Time: 25.47
It: 12800, Loss: 1.212e-06, nu: 0.020, Time: 24.36
It: 12900, Loss: 1.204e-06, nu: 0.020, Time: 23.09
It: 13000, Loss: 1.208e-06, nu: 0.020, Time: 23.37
It: 13100, Loss: 1.198e-06, nu: 0.020, Time: 23.51
It: 13200, Loss: 1.193e-06, nu: 0.020, Time: 22.32
It: 13300, Loss: 1.187e-06, nu: 0.020, Time: 20.21
It: 13400, Loss: 1.194e-06, nu: 0.020, Time: 20.14
It: 13500, Loss: 1.186e-06, nu: 0.020, Time: 20.33
It: 13600, Loss: 1.186e-06, nu: 0.020, Time: 20.30
It: 13700, Loss: 1.191e-06, nu: 0.020, Time: 20.18
It: 13800, Loss: 1.175e-06, nu: 0.020, Time: 20.28
It: 13900, Loss: 1.180e-06, nu: 0.020, Time: 20.19
It: 14000, Loss: 1.165e-06, nu: 0.020, Time: 20.25
It: 14100, Loss: 1.173e-06, nu: 0.020, Time: 20.36
It: 14200, Loss: 1.168e-06, nu: 0.020, Time: 20.24
It: 14300, Loss: 1.163e-06, nu: 0.020, Time: 20.06
It: 14400, Loss: 1.160e-06, nu: 0.020, Time: 20.40
It: 14500, Loss: 1.160e-06, nu: 0.020, Time: 20.42
It: 14600, Loss: 1.158e-06, nu: 0.020, Time: 20.28
It: 14700, Loss: 1.146e-06, nu: 0.020, Time: 20.49
It: 14800, Loss: 1.155e-06, nu: 0.020, Time: 20.32
It: 14900, Loss: 1.149e-06, nu: 0.020, Time: 20.28
It: 15000, Loss: 1.151e-06, nu: 0.020, Time: 20.14
It: 15100, Loss: 1.153e-06, nu: 0.020, Time: 20.17
It: 15200, Loss: 1.149e-06, nu: 0.020, Time: 20.37
It: 15300, Loss: 1.150e-06, nu: 0.020, Time: 20.46
It: 15400, Loss: 1.145e-06, nu: 0.020, Time: 17.96
It: 15500, Loss: 1.140e-06, nu: 0.020, Time: 15.86
It: 15600, Loss: 1.148e-06, nu: 0.020, Time: 15.85
It: 15700, Loss: 1.141e-06, nu: 0.020, Time: 15.84
It: 15800, Loss: 1.141e-06, nu: 0.020, Time: 15.85
It: 15900, Loss: 1.140e-06, nu: 0.020, Time: 15.87
It: 16000, Loss: 1.134e-06, nu: 0.020, Time: 15.93
It: 16100, Loss: 1.137e-06, nu: 0.020, Time: 15.87
It: 16200, Loss: 1.131e-06, nu: 0.020, Time: 15.86
It: 16300, Loss: 1.134e-06, nu: 0.020, Time: 15.74
It: 16400, Loss: 1.131e-06, nu: 0.020, Time: 15.78
It: 16500, Loss: 1.123e-06, nu: 0.020, Time: 15.74
It: 16600, Loss: 1.130e-06, nu: 0.020, Time: 15.73
It: 16700, Loss: 1.121e-06, nu: 0.020, Time: 15.79
It: 16800, Loss: 1.140e-06, nu: 0.020, Time: 15.77
It: 16900, Loss: 1.129e-06, nu: 0.020, Time: 15.81
It: 17000, Loss: 1.120e-06, nu: 0.020, Time: 15.87
It: 17100, Loss: 1.123e-06, nu: 0.020, Time: 15.81
It: 17200, Loss: 1.121e-06, nu: 0.020, Time: 15.79
It: 17300, Loss: 1.125e-06, nu: 0.020, Time: 15.76
It: 17400, Loss: 1.120e-06, nu: 0.020, Time: 15.80
It: 17500, Loss: 1.129e-06, nu: 0.020, Time: 15.74
It: 17600, Loss: 1.129e-06, nu: 0.020, Time: 15.74
It: 17700, Loss: 1.119e-06, nu: 0.020, Time: 15.77
It: 17800, Loss: 1.116e-06, nu: 0.020, Time: 15.75
It: 17900, Loss: 1.121e-06, nu: 0.020, Time: 15.76
It: 18000, Loss: 1.122e-06, nu: 0.020, Time: 15.80
It: 18100, Loss: 1.111e-06, nu: 0.020, Time: 15.73
It: 18200, Loss: 1.111e-06, nu: 0.020, Time: 15.77
It: 18300, Loss: 1.121e-06, nu: 0.020, Time: 15.74
It: 18400, Loss: 1.126e-06, nu: 0.020, Time: 15.75
It: 18500, Loss: 1.130e-06, nu: 0.020, Time: 15.77
It: 18600, Loss: 1.115e-06, nu: 0.020, Time: 15.80
It: 18700, Loss: 1.125e-06, nu: 0.020, Time: 15.76
It: 18800, Loss: 1.109e-06, nu: 0.020, Time: 15.76
It: 18900, Loss: 1.128e-06, nu: 0.020, Time: 15.75
It: 19000, Loss: 1.109e-06, nu: 0.020, Time: 15.83
It: 19100, Loss: 1.112e-06, nu: 0.020, Time: 15.75
It: 19200, Loss: 1.107e-06, nu: 0.020, Time: 15.76
It: 19300, Loss: 1.118e-06, nu: 0.020, Time: 15.76
It: 19400, Loss: 1.118e-06, nu: 0.020, Time: 15.75
It: 19500, Loss: 1.112e-06, nu: 0.020, Time: 15.75
It: 19600, Loss: 1.112e-06, nu: 0.020, Time: 15.71
It: 19700, Loss: 1.119e-06, nu: 0.020, Time: 15.72
It: 19800, Loss: 1.113e-06, nu: 0.020, Time: 15.70
It: 19900, Loss: 1.117e-06, nu: 0.020, Time: 15.70
It: 20000, Loss: 1.116e-06, nu: 0.020, Time: 15.78
It: 20100, Loss: 1.120e-06, nu: 0.020, Time: 15.70
It: 20200, Loss: 1.112e-06, nu: 0.020, Time: 15.73
It: 20300, Loss: 1.115e-06, nu: 0.020, Time: 15.70
It: 20400, Loss: 1.114e-06, nu: 0.020, Time: 15.69
It: 20500, Loss: 1.123e-06, nu: 0.020, Time: 15.71
It: 20600, Loss: 1.116e-06, nu: 0.020, Time: 15.70
It: 20700, Loss: 1.126e-06, nu: 0.020, Time: 15.72
It: 20800, Loss: 1.107e-06, nu: 0.020, Time: 15.73
It: 20900, Loss: 1.118e-06, nu: 0.020, Time: 15.69
It: 21000, Loss: 1.111e-06, nu: 0.020, Time: 15.74
It: 21100, Loss: 1.114e-06, nu: 0.020, Time: 15.68
It: 21200, Loss: 1.108e-06, nu: 0.020, Time: 15.70
It: 21300, Loss: 1.107e-06, nu: 0.020, Time: 15.77
It: 21400, Loss: 1.125e-06, nu: 0.020, Time: 15.75
It: 21500, Loss: 1.114e-06, nu: 0.020, Time: 15.76
It: 21600, Loss: 1.113e-06, nu: 0.020, Time: 15.80
It: 21700, Loss: 1.110e-06, nu: 0.020, Time: 15.75
It: 21800, Loss: 1.117e-06, nu: 0.020, Time: 15.79
It: 21900, Loss: 1.113e-06, nu: 0.020, Time: 15.78
It: 22000, Loss: 1.113e-06, nu: 0.020, Time: 15.81
It: 22100, Loss: 1.112e-06, nu: 0.020, Time: 15.77
It: 22200, Loss: 1.117e-06, nu: 0.020, Time: 15.76
It: 22300, Loss: 1.108e-06, nu: 0.020, Time: 15.77
It: 22400, Loss: 1.118e-06, nu: 0.020, Time: 15.89
It: 22500, Loss: 1.108e-06, nu: 0.020, Time: 15.87
It: 22600, Loss: 1.110e-06, nu: 0.020, Time: 15.86
It: 22700, Loss: 1.120e-06, nu: 0.020, Time: 15.85
It: 22800, Loss: 1.114e-06, nu: 0.020, Time: 15.89
It: 22900, Loss: 1.115e-06, nu: 0.020, Time: 15.91
It: 23000, Loss: 1.108e-06, nu: 0.020, Time: 15.91
It: 23100, Loss: 1.107e-06, nu: 0.020, Time: 15.88
It: 23200, Loss: 1.118e-06, nu: 0.020, Time: 15.86
It: 23300, Loss: 1.116e-06, nu: 0.020, Time: 15.89
It: 23400, Loss: 1.114e-06, nu: 0.020, Time: 15.89
It: 23500, Loss: 1.119e-06, nu: 0.020, Time: 15.85
It: 23600, Loss: 1.124e-06, nu: 0.020, Time: 15.88
It: 23700, Loss: 1.109e-06, nu: 0.020, Time: 15.87
It: 23800, Loss: 1.115e-06, nu: 0.020, Time: 15.89
It: 23900, Loss: 1.117e-06, nu: 0.020, Time: 15.84
It: 24000, Loss: 1.113e-06, nu: 0.020, Time: 15.90
It: 24100, Loss: 1.112e-06, nu: 0.020, Time: 15.88
It: 24200, Loss: 1.116e-06, nu: 0.020, Time: 15.87
It: 24300, Loss: 1.107e-06, nu: 0.020, Time: 15.84
It: 24400, Loss: 1.115e-06, nu: 0.020, Time: 15.79
It: 24500, Loss: 1.116e-06, nu: 0.020, Time: 15.80
It: 24600, Loss: 1.123e-06, nu: 0.020, Time: 15.80
It: 24700, Loss: 1.110e-06, nu: 0.020, Time: 15.78
It: 24800, Loss: 1.116e-06, nu: 0.020, Time: 15.79
It: 24900, Loss: 1.109e-06, nu: 0.020, Time: 15.80
It: 25000, Loss: 1.108e-06, nu: 0.020, Time: 15.81
It: 25100, Loss: 1.117e-06, nu: 0.020, Time: 15.79
It: 25200, Loss: 1.106e-06, nu: 0.020, Time: 15.74
It: 25300, Loss: 1.118e-06, nu: 0.020, Time: 15.83
It: 25400, Loss: 1.122e-06, nu: 0.020, Time: 15.83
It: 25500, Loss: 1.115e-06, nu: 0.020, Time: 15.84
It: 25600, Loss: 1.111e-06, nu: 0.020, Time: 15.84
It: 25700, Loss: 1.123e-06, nu: 0.020, Time: 15.83
It: 25800, Loss: 1.121e-06, nu: 0.020, Time: 15.87
It: 25900, Loss: 1.116e-06, nu: 0.020, Time: 15.86
It: 26000, Loss: 1.116e-06, nu: 0.020, Time: 15.88
It: 26100, Loss: 1.111e-06, nu: 0.020, Time: 15.86
It: 26200, Loss: 1.121e-06, nu: 0.020, Time: 15.83
It: 26300, Loss: 1.115e-06, nu: 0.020, Time: 15.83
It: 26400, Loss: 1.111e-06, nu: 0.020, Time: 15.88
It: 26500, Loss: 1.108e-06, nu: 0.020, Time: 15.85
It: 26600, Loss: 1.109e-06, nu: 0.020, Time: 15.86
It: 26700, Loss: 1.113e-06, nu: 0.020, Time: 15.85
It: 26800, Loss: 1.126e-06, nu: 0.020, Time: 15.85
It: 26900, Loss: 1.111e-06, nu: 0.020, Time: 15.81
It: 27000, Loss: 1.113e-06, nu: 0.020, Time: 15.84
It: 27100, Loss: 1.115e-06, nu: 0.020, Time: 15.77
It: 27200, Loss: 1.118e-06, nu: 0.020, Time: 15.80
It: 27300, Loss: 1.121e-06, nu: 0.020, Time: 15.78
It: 27400, Loss: 1.114e-06, nu: 0.020, Time: 15.80
It: 27500, Loss: 1.120e-06, nu: 0.020, Time: 12.69
It: 27600, Loss: 1.116e-06, nu: 0.020, Time: 10.75
It: 27700, Loss: 1.122e-06, nu: 0.020, Time: 10.75
It: 27800, Loss: 1.110e-06, nu: 0.020, Time: 10.75
It: 27900, Loss: 1.110e-06, nu: 0.020, Time: 10.75
It: 28000, Loss: 1.117e-06, nu: 0.020, Time: 10.78
It: 28100, Loss: 1.111e-06, nu: 0.020, Time: 10.76
It: 28200, Loss: 1.109e-06, nu: 0.020, Time: 10.77
It: 28300, Loss: 1.124e-06, nu: 0.020, Time: 10.82
It: 28400, Loss: 1.117e-06, nu: 0.020, Time: 10.81
It: 28500, Loss: 1.112e-06, nu: 0.020, Time: 10.78
It: 28600, Loss: 1.118e-06, nu: 0.020, Time: 10.76
It: 28700, Loss: 1.106e-06, nu: 0.020, Time: 10.81
It: 28800, Loss: 1.118e-06, nu: 0.020, Time: 10.72
It: 28900, Loss: 1.114e-06, nu: 0.020, Time: 10.71
It: 29000, Loss: 1.117e-06, nu: 0.020, Time: 10.75
It: 29100, Loss: 1.123e-06, nu: 0.020, Time: 10.71
It: 29200, Loss: 1.117e-06, nu: 0.020, Time: 10.71
It: 29300, Loss: 1.119e-06, nu: 0.020, Time: 10.72
It: 29400, Loss: 1.116e-06, nu: 0.020, Time: 10.73
It: 29500, Loss: 1.122e-06, nu: 0.020, Time: 10.73
It: 29600, Loss: 1.107e-06, nu: 0.020, Time: 10.72
It: 29700, Loss: 1.112e-06, nu: 0.020, Time: 10.74
It: 29800, Loss: 1.118e-06, nu: 0.020, Time: 10.74
It: 29900, Loss: 1.111e-06, nu: 0.020, Time: 10.73
It: 30000, Loss: 1.113e-06, nu: 0.020, Time: 10.80
It: 30100, Loss: 1.115e-06, nu: 0.020, Time: 10.74
It: 30200, Loss: 1.113e-06, nu: 0.020, Time: 10.75
It: 30300, Loss: 1.118e-06, nu: 0.020, Time: 10.79
It: 30400, Loss: 1.117e-06, nu: 0.020, Time: 10.71
It: 30500, Loss: 1.124e-06, nu: 0.020, Time: 10.71
It: 30600, Loss: 1.115e-06, nu: 0.020, Time: 10.70
It: 30700, Loss: 1.120e-06, nu: 0.020, Time: 10.71
It: 30800, Loss: 1.128e-06, nu: 0.020, Time: 10.70
It: 30900, Loss: 1.121e-06, nu: 0.020, Time: 10.69
It: 31000, Loss: 1.121e-06, nu: 0.020, Time: 10.74
It: 31100, Loss: 1.120e-06, nu: 0.020, Time: 10.75
It: 31200, Loss: 1.105e-06, nu: 0.020, Time: 10.75
It: 31300, Loss: 1.112e-06, nu: 0.020, Time: 10.75
It: 31400, Loss: 1.120e-06, nu: 0.020, Time: 10.76
It: 31500, Loss: 1.111e-06, nu: 0.020, Time: 10.76
It: 31600, Loss: 1.112e-06, nu: 0.020, Time: 10.73
It: 31700, Loss: 1.111e-06, nu: 0.020, Time: 10.74
It: 31800, Loss: 1.120e-06, nu: 0.020, Time: 10.74
It: 31900, Loss: 1.109e-06, nu: 0.020, Time: 10.74
It: 32000, Loss: 1.112e-06, nu: 0.020, Time: 10.78
It: 32100, Loss: 1.109e-06, nu: 0.020, Time: 10.74
It: 32200, Loss: 1.118e-06, nu: 0.020, Time: 10.73
It: 32300, Loss: 1.110e-06, nu: 0.020, Time: 10.75
It: 32400, Loss: 1.119e-06, nu: 0.020, Time: 10.75
It: 32500, Loss: 1.116e-06, nu: 0.020, Time: 10.71
It: 32600, Loss: 1.112e-06, nu: 0.020, Time: 10.69
It: 32700, Loss: 1.113e-06, nu: 0.020, Time: 10.72
It: 32800, Loss: 1.114e-06, nu: 0.020, Time: 10.74
It: 32900, Loss: 1.114e-06, nu: 0.020, Time: 10.72
It: 33000, Loss: 1.112e-06, nu: 0.020, Time: 10.78
It: 33100, Loss: 1.117e-06, nu: 0.020, Time: 10.71
It: 33200, Loss: 1.116e-06, nu: 0.020, Time: 10.72
It: 33300, Loss: 1.110e-06, nu: 0.020, Time: 10.72
It: 33400, Loss: 1.108e-06, nu: 0.020, Time: 10.75
It: 33500, Loss: 1.116e-06, nu: 0.020, Time: 10.75
It: 33600, Loss: 1.128e-06, nu: 0.020, Time: 10.76
It: 33700, Loss: 1.109e-06, nu: 0.020, Time: 10.74
It: 33800, Loss: 1.110e-06, nu: 0.020, Time: 10.73
It: 33900, Loss: 1.117e-06, nu: 0.020, Time: 10.73
It: 34000, Loss: 1.115e-06, nu: 0.020, Time: 10.77
It: 34100, Loss: 1.116e-06, nu: 0.020, Time: 10.73
It: 34200, Loss: 1.113e-06, nu: 0.020, Time: 10.71
It: 34300, Loss: 1.102e-06, nu: 0.020, Time: 10.72
It: 34400, Loss: 1.110e-06, nu: 0.020, Time: 10.72
It: 34500, Loss: 1.117e-06, nu: 0.020, Time: 10.74
It: 34600, Loss: 1.121e-06, nu: 0.020, Time: 10.72
It: 34700, Loss: 1.123e-06, nu: 0.020, Time: 10.75
It: 34800, Loss: 1.110e-06, nu: 0.020, Time: 10.75
It: 34900, Loss: 1.109e-06, nu: 0.020, Time: 10.71
It: 35000, Loss: 1.112e-06, nu: 0.020, Time: 10.75
It: 35100, Loss: 1.109e-06, nu: 0.020, Time: 10.68
It: 35200, Loss: 1.122e-06, nu: 0.020, Time: 10.71
It: 35300, Loss: 1.113e-06, nu: 0.020, Time: 10.70
It: 35400, Loss: 1.114e-06, nu: 0.020, Time: 10.71
It: 35500, Loss: 1.110e-06, nu: 0.020, Time: 10.72
It: 35600, Loss: 1.116e-06, nu: 0.020, Time: 10.70
It: 35700, Loss: 1.112e-06, nu: 0.020, Time: 10.70
It: 35800, Loss: 1.122e-06, nu: 0.020, Time: 10.70
It: 35900, Loss: 1.113e-06, nu: 0.020, Time: 10.69
It: 36000, Loss: 1.111e-06, nu: 0.020, Time: 10.76
It: 36100, Loss: 1.115e-06, nu: 0.020, Time: 10.71
It: 36200, Loss: 1.115e-06, nu: 0.020, Time: 10.71
It: 36300, Loss: 1.113e-06, nu: 0.020, Time: 10.73
It: 36400, Loss: 1.118e-06, nu: 0.020, Time: 10.72
It: 36500, Loss: 1.112e-06, nu: 0.020, Time: 10.71
It: 36600, Loss: 1.112e-06, nu: 0.020, Time: 10.72
It: 36700, Loss: 1.117e-06, nu: 0.020, Time: 10.72
It: 36800, Loss: 1.113e-06, nu: 0.020, Time: 10.71
It: 36900, Loss: 1.116e-06, nu: 0.020, Time: 10.70
It: 37000, Loss: 1.124e-06, nu: 0.020, Time: 10.75
It: 37100, Loss: 1.114e-06, nu: 0.020, Time: 10.71
It: 37200, Loss: 1.114e-06, nu: 0.020, Time: 10.70
It: 37300, Loss: 1.125e-06, nu: 0.020, Time: 10.71
It: 37400, Loss: 1.116e-06, nu: 0.020, Time: 10.70
It: 37500, Loss: 1.113e-06, nu: 0.020, Time: 10.74
It: 37600, Loss: 1.116e-06, nu: 0.020, Time: 10.71
It: 37700, Loss: 1.115e-06, nu: 0.020, Time: 10.74
It: 37800, Loss: 1.110e-06, nu: 0.020, Time: 10.68
It: 37900, Loss: 1.122e-06, nu: 0.020, Time: 10.70
It: 38000, Loss: 1.126e-06, nu: 0.020, Time: 10.73
It: 38100, Loss: 1.118e-06, nu: 0.020, Time: 10.71
It: 38200, Loss: 1.109e-06, nu: 0.020, Time: 10.72
It: 38300, Loss: 1.114e-06, nu: 0.020, Time: 10.70
It: 38400, Loss: 1.110e-06, nu: 0.020, Time: 10.70
It: 38500, Loss: 1.118e-06, nu: 0.020, Time: 10.70
It: 38600, Loss: 1.117e-06, nu: 0.020, Time: 10.69
It: 38700, Loss: 1.106e-06, nu: 0.020, Time: 10.71
It: 38800, Loss: 1.121e-06, nu: 0.020, Time: 10.69
It: 38900, Loss: 1.122e-06, nu: 0.020, Time: 10.69
It: 39000, Loss: 1.116e-06, nu: 0.020, Time: 10.77
It: 39100, Loss: 1.119e-06, nu: 0.020, Time: 10.71
It: 39200, Loss: 1.117e-06, nu: 0.020, Time: 10.70
It: 39300, Loss: 1.117e-06, nu: 0.020, Time: 10.72
It: 39400, Loss: 1.111e-06, nu: 0.020, Time: 10.70
It: 39500, Loss: 1.109e-06, nu: 0.020, Time: 10.72
It: 39600, Loss: 1.113e-06, nu: 0.020, Time: 10.71
It: 39700, Loss: 1.112e-06, nu: 0.020, Time: 10.73
It: 39800, Loss: 1.118e-06, nu: 0.020, Time: 10.70
It: 39900, Loss: 1.119e-06, nu: 0.020, Time: 10.71
It: 40000, Loss: 1.116e-06, nu: 0.020, Time: 10.75
It: 40100, Loss: 1.108e-06, nu: 0.020, Time: 10.70
It: 40200, Loss: 1.118e-06, nu: 0.020, Time: 10.71
It: 40300, Loss: 1.124e-06, nu: 0.020, Time: 10.70
It: 40400, Loss: 1.114e-06, nu: 0.020, Time: 10.70
It: 40500, Loss: 1.109e-06, nu: 0.020, Time: 10.71
It: 40600, Loss: 1.114e-06, nu: 0.020, Time: 10.69
It: 40700, Loss: 1.116e-06, nu: 0.020, Time: 10.69
It: 40800, Loss: 1.126e-06, nu: 0.020, Time: 10.74
It: 40900, Loss: 1.113e-06, nu: 0.020, Time: 10.74
It: 41000, Loss: 1.116e-06, nu: 0.020, Time: 10.77
It: 41100, Loss: 1.112e-06, nu: 0.020, Time: 10.74
It: 41200, Loss: 1.117e-06, nu: 0.020, Time: 10.75
It: 41300, Loss: 1.115e-06, nu: 0.020, Time: 10.72
It: 41400, Loss: 1.114e-06, nu: 0.020, Time: 10.73
It: 41500, Loss: 1.114e-06, nu: 0.020, Time: 10.74
It: 41600, Loss: 1.122e-06, nu: 0.020, Time: 10.73
It: 41700, Loss: 1.107e-06, nu: 0.020, Time: 10.73
It: 41800, Loss: 1.119e-06, nu: 0.020, Time: 10.74
It: 41900, Loss: 1.116e-06, nu: 0.020, Time: 10.74
It: 42000, Loss: 1.110e-06, nu: 0.020, Time: 10.77
It: 42100, Loss: 1.117e-06, nu: 0.020, Time: 10.75
It: 42200, Loss: 1.119e-06, nu: 0.020, Time: 10.77
It: 42300, Loss: 1.110e-06, nu: 0.020, Time: 10.74
It: 42400, Loss: 1.108e-06, nu: 0.020, Time: 10.75
It: 42500, Loss: 1.113e-06, nu: 0.020, Time: 10.74
It: 42600, Loss: 1.122e-06, nu: 0.020, Time: 10.75
It: 42700, Loss: 1.116e-06, nu: 0.020, Time: 10.75
It: 42800, Loss: 1.111e-06, nu: 0.020, Time: 10.78
It: 42900, Loss: 1.108e-06, nu: 0.020, Time: 10.77
It: 43000, Loss: 1.121e-06, nu: 0.020, Time: 10.76
It: 43100, Loss: 1.126e-06, nu: 0.020, Time: 10.74
It: 43200, Loss: 1.108e-06, nu: 0.020, Time: 10.75
It: 43300, Loss: 1.116e-06, nu: 0.020, Time: 10.75
It: 43400, Loss: 1.123e-06, nu: 0.020, Time: 10.75
It: 43500, Loss: 1.108e-06, nu: 0.020, Time: 10.75
It: 43600, Loss: 1.119e-06, nu: 0.020, Time: 10.72
It: 43700, Loss: 1.122e-06, nu: 0.020, Time: 10.71
It: 43800, Loss: 1.116e-06, nu: 0.020, Time: 10.69
It: 43900, Loss: 1.118e-06, nu: 0.020, Time: 10.72
It: 44000, Loss: 1.114e-06, nu: 0.020, Time: 10.75
It: 44100, Loss: 1.109e-06, nu: 0.020, Time: 10.74
It: 44200, Loss: 1.120e-06, nu: 0.020, Time: 10.71
It: 44300, Loss: 1.111e-06, nu: 0.020, Time: 10.72
It: 44400, Loss: 1.105e-06, nu: 0.020, Time: 10.71
It: 44500, Loss: 1.109e-06, nu: 0.020, Time: 10.71
It: 44600, Loss: 1.112e-06, nu: 0.020, Time: 10.71
It: 44700, Loss: 1.117e-06, nu: 0.020, Time: 10.68
It: 44800, Loss: 1.116e-06, nu: 0.020, Time: 10.70
It: 44900, Loss: 1.104e-06, nu: 0.020, Time: 10.70
It: 45000, Loss: 1.113e-06, nu: 0.020, Time: 10.72
It: 45100, Loss: 1.106e-06, nu: 0.020, Time: 10.70
It: 45200, Loss: 1.110e-06, nu: 0.020, Time: 10.70
It: 45300, Loss: 1.123e-06, nu: 0.020, Time: 10.72
It: 45400, Loss: 1.119e-06, nu: 0.020, Time: 10.70
It: 45500, Loss: 1.119e-06, nu: 0.020, Time: 10.68
It: 45600, Loss: 1.119e-06, nu: 0.020, Time: 10.72
It: 45700, Loss: 1.119e-06, nu: 0.020, Time: 10.71
It: 45800, Loss: 1.113e-06, nu: 0.020, Time: 10.70
It: 45900, Loss: 1.118e-06, nu: 0.020, Time: 10.70
It: 46000, Loss: 1.113e-06, nu: 0.020, Time: 10.71
It: 46100, Loss: 1.109e-06, nu: 0.020, Time: 10.69
It: 46200, Loss: 1.121e-06, nu: 0.020, Time: 10.70
It: 46300, Loss: 1.116e-06, nu: 0.020, Time: 10.71
It: 46400, Loss: 1.106e-06, nu: 0.020, Time: 10.71
It: 46500, Loss: 1.116e-06, nu: 0.020, Time: 10.70
It: 46600, Loss: 1.121e-06, nu: 0.020, Time: 10.70
It: 46700, Loss: 1.116e-06, nu: 0.020, Time: 10.71
It: 46800, Loss: 1.119e-06, nu: 0.020, Time: 10.70
It: 46900, Loss: 1.124e-06, nu: 0.020, Time: 10.70
It: 47000, Loss: 1.114e-06, nu: 0.020, Time: 10.73
It: 47100, Loss: 1.119e-06, nu: 0.020, Time: 10.70
It: 47200, Loss: 1.125e-06, nu: 0.020, Time: 10.69
It: 47300, Loss: 1.110e-06, nu: 0.020, Time: 10.71
It: 47400, Loss: 1.116e-06, nu: 0.020, Time: 10.69
It: 47500, Loss: 1.115e-06, nu: 0.020, Time: 10.71
It: 47600, Loss: 1.113e-06, nu: 0.020, Time: 10.71
It: 47700, Loss: 1.117e-06, nu: 0.020, Time: 10.69
It: 47800, Loss: 1.121e-06, nu: 0.020, Time: 10.70
It: 47900, Loss: 1.115e-06, nu: 0.020, Time: 10.71
It: 48000, Loss: 1.117e-06, nu: 0.020, Time: 10.77
It: 48100, Loss: 1.117e-06, nu: 0.020, Time: 10.72
It: 48200, Loss: 1.105e-06, nu: 0.020, Time: 10.71
It: 48300, Loss: 1.110e-06, nu: 0.020, Time: 10.73
It: 48400, Loss: 1.110e-06, nu: 0.020, Time: 10.72/home/zihan/anaconda3/envs/x/lib/python3.7/site-packages/torch/nn/functional.py:1933: UserWarning: nn.functional.tanh is deprecated. Use torch.tanh instead.
  warnings.warn("nn.functional.tanh is deprecated. Use torch.tanh instead.")

It: 48500, Loss: 1.102e-06, nu: 0.020, Time: 10.73
It: 48600, Loss: 1.116e-06, nu: 0.020, Time: 10.73
It: 48700, Loss: 1.116e-06, nu: 0.020, Time: 10.71
It: 48800, Loss: 1.116e-06, nu: 0.020, Time: 10.72
It: 48900, Loss: 1.122e-06, nu: 0.020, Time: 10.71
It: 49000, Loss: 1.115e-06, nu: 0.020, Time: 10.75
It: 49100, Loss: 1.111e-06, nu: 0.020, Time: 10.71
It: 49200, Loss: 1.124e-06, nu: 0.020, Time: 10.70
It: 49300, Loss: 1.118e-06, nu: 0.020, Time: 10.70
It: 49400, Loss: 1.109e-06, nu: 0.020, Time: 10.70
It: 49500, Loss: 1.115e-06, nu: 0.020, Time: 10.71
It: 49600, Loss: 1.114e-06, nu: 0.020, Time: 10.70
It: 49700, Loss: 1.124e-06, nu: 0.020, Time: 10.69
It: 49800, Loss: 1.109e-06, nu: 0.020, Time: 10.67
It: 49900, Loss: 1.112e-06, nu: 0.020, Time: 10.69
Error u: 2.202777e-04
Error nu: 0.00000%
