It: 0, Loss: 8.944e-01, lamd1: 0.000, lamd2: -0.00002, Time: 0.20
It: 100, Loss: 8.945e-01, lamd1: -0.014, lamd2: -0.02552, Time: 8.20
It: 200, Loss: 8.945e-01, lamd1: -0.014, lamd2: -0.02556, Time: 8.22
It: 300, Loss: 8.945e-01, lamd1: -0.014, lamd2: -0.02556, Time: 8.01
It: 400, Loss: 8.945e-01, lamd1: -0.014, lamd2: -0.02556, Time: 8.02
It: 500, Loss: 8.945e-01, lamd1: -0.014, lamd2: -0.02556, Time: 7.98
It: 600, Loss: 8.945e-01, lamd1: -0.014, lamd2: -0.02556, Time: 8.14
It: 700, Loss: 8.945e-01, lamd1: -0.014, lamd2: -0.02556, Time: 8.22
It: 800, Loss: 8.945e-01, lamd1: -0.014, lamd2: -0.02556, Time: 8.01
It: 900, Loss: 8.945e-01, lamd1: -0.014, lamd2: -0.02556, Time: 8.65
It: 1000, Loss: 8.945e-01, lamd1: -0.014, lamd2: -0.02556, Time: 8.81
It: 1100, Loss: 8.945e-01, lamd1: -0.014, lamd2: -0.02556, Time: 8.74
It: 1200, Loss: 8.945e-01, lamd1: -0.014, lamd2: -0.02556, Time: 8.77
It: 1300, Loss: 8.945e-01, lamd1: -0.014, lamd2: -0.02556, Time: 8.63
It: 1400, Loss: 8.945e-01, lamd1: -0.014, lamd2: -0.02556, Time: 8.55
It: 1500, Loss: 8.945e-01, lamd1: -0.014, lamd2: -0.02556, Time: 8.63
It: 1600, Loss: 8.945e-01, lamd1: -0.014, lamd2: -0.02556, Time: 8.14
It: 1700, Loss: 8.945e-01, lamd1: -0.014, lamd2: -0.02556, Time: 8.28
It: 1800, Loss: 8.945e-01, lamd1: -0.014, lamd2: -0.02556, Time: 8.00
It: 1900, Loss: 8.945e-01, lamd1: -0.014, lamd2: -0.02556, Time: 8.68
It: 2000, Loss: 8.945e-01, lamd1: -0.014, lamd2: -0.02556, Time: 9.07
It: 2100, Loss: 8.945e-01, lamd1: -0.014, lamd2: -0.02556, Time: 8.97
It: 2200, Loss: 8.945e-01, lamd1: -0.014, lamd2: -0.02556, Time: 8.87
It: 2300, Loss: 8.945e-01, lamd1: -0.014, lamd2: -0.02556, Time: 8.59
It: 2400, Loss: 8.945e-01, lamd1: -0.014, lamd2: -0.02556, Time: 8.53
It: 2500, Loss: 8.945e-01, lamd1: -0.014, lamd2: -0.02556, Time: 8.58
It: 2600, Loss: 8.945e-01, lamd1: -0.014, lamd2: -0.02556, Time: 8.82
It: 2700, Loss: 8.945e-01, lamd1: -0.014, lamd2: -0.02556, Time: 8.76
It: 2800, Loss: 8.945e-01, lamd1: -0.014, lamd2: -0.02556, Time: 9.14
It: 2900, Loss: 8.945e-01, lamd1: -0.014, lamd2: -0.02556, Time: 9.27
It: 3000, Loss: 8.945e-01, lamd1: -0.014, lamd2: -0.02556, Time: 9.21
It: 3100, Loss: 8.945e-01, lamd1: -0.014, lamd2: -0.02556, Time: 9.11
It: 3200, Loss: 8.945e-01, lamd1: -0.014, lamd2: -0.02556, Time: 9.08
It: 3300, Loss: 8.945e-01, lamd1: -0.014, lamd2: -0.02556, Time: 8.97
It: 3400, Loss: 8.945e-01, lamd1: -0.014, lamd2: -0.02556, Time: 9.02
It: 3500, Loss: 8.945e-01, lamd1: -0.014, lamd2: -0.02556, Time: 8.94
It: 3600, Loss: 8.945e-01, lamd1: -0.014, lamd2: -0.02556, Time: 9.09
It: 3700, Loss: 8.945e-01, lamd1: -0.014, lamd2: -0.02556, Time: 8.98
It: 3800, Loss: 8.945e-01, lamd1: -0.014, lamd2: -0.02556, Time: 9.09
It: 3900, Loss: 8.945e-01, lamd1: -0.014, lamd2: -0.02556, Time: 9.33
It: 4000, Loss: 8.945e-01, lamd1: -0.014, lamd2: -0.02556, Time: 8.77
It: 4100, Loss: 8.945e-01, lamd1: -0.014, lamd2: -0.02556, Time: 8.23
It: 4200, Loss: 8.945e-01, lamd1: -0.014, lamd2: -0.02556, Time: 8.03
It: 4300, Loss: 8.945e-01, lamd1: -0.014, lamd2: -0.02556, Time: 7.68
It: 4400, Loss: 8.945e-01, lamd1: -0.014, lamd2: -0.02556, Time: 7.92
It: 4500, Loss: 8.945e-01, lamd1: -0.014, lamd2: -0.02556, Time: 8.19
It: 4600, Loss: 8.945e-01, lamd1: -0.014, lamd2: -0.02556, Time: 8.15
It: 4700, Loss: 8.945e-01, lamd1: 0.014, lamd2: -0.02466, Time: 8.14
It: 4800, Loss: 8.945e-01, lamd1: 0.014, lamd2: -0.02465, Time: 8.28
It: 4900, Loss: 8.945e-01, lamd1: 0.014, lamd2: -0.02465, Time: 8.07
It: 5000, Loss: 8.945e-01, lamd1: 0.014, lamd2: -0.02465, Time: 8.06
It: 5100, Loss: 8.945e-01, lamd1: 0.014, lamd2: -0.02465, Time: 8.01
It: 5200, Loss: 8.945e-01, lamd1: 0.014, lamd2: -0.02465, Time: 8.05
It: 5300, Loss: 8.945e-01, lamd1: 0.014, lamd2: -0.02465, Time: 8.11
It: 5400, Loss: 8.945e-01, lamd1: 0.014, lamd2: -0.02465, Time: 8.03
It: 5500, Loss: 8.945e-01, lamd1: 0.014, lamd2: -0.02465, Time: 8.08
It: 5600, Loss: 8.945e-01, lamd1: 0.014, lamd2: -0.02465, Time: 7.94
It: 5700, Loss: 8.945e-01, lamd1: 0.014, lamd2: -0.02465, Time: 7.77
It: 5800, Loss: 8.945e-01, lamd1: 0.014, lamd2: -0.02465, Time: 8.10
It: 5900, Loss: 8.945e-01, lamd1: 0.014, lamd2: -0.02465, Time: 8.02
It: 6000, Loss: 8.945e-01, lamd1: 0.014, lamd2: -0.02465, Time: 8.02
It: 6100, Loss: 8.945e-01, lamd1: 0.014, lamd2: -0.02465, Time: 8.15
It: 6200, Loss: 8.945e-01, lamd1: 0.014, lamd2: -0.02465, Time: 8.10
It: 6300, Loss: 8.945e-01, lamd1: 0.014, lamd2: -0.02465, Time: 7.88
It: 6400, Loss: 8.945e-01, lamd1: 0.014, lamd2: -0.02465, Time: 7.61
It: 6500, Loss: 8.945e-01, lamd1: 0.014, lamd2: -0.02465, Time: 7.79
It: 6600, Loss: 8.945e-01, lamd1: 0.014, lamd2: -0.02465, Time: 7.93
It: 6700, Loss: 8.945e-01, lamd1: 0.014, lamd2: -0.02465, Time: 7.89
It: 6800, Loss: 8.945e-01, lamd1: 0.014, lamd2: -0.02465, Time: 7.63
It: 6900, Loss: 8.945e-01, lamd1: 0.014, lamd2: -0.02465, Time: 7.81
It: 7000, Loss: 8.945e-01, lamd1: 0.014, lamd2: -0.02465, Time: 8.32
It: 7100, Loss: 8.945e-01, lamd1: 0.014, lamd2: -0.02465, Time: 8.39
It: 7200, Loss: 8.945e-01, lamd1: 0.014, lamd2: -0.02465, Time: 8.45
It: 7300, Loss: 8.945e-01, lamd1: 0.014, lamd2: -0.02465, Time: 8.67
It: 7400, Loss: 8.945e-01, lamd1: 0.014, lamd2: -0.02465, Time: 8.55
It: 7500, Loss: 8.945e-01, lamd1: 0.014, lamd2: -0.02465, Time: 8.55
It: 7600, Loss: 8.945e-01, lamd1: 0.014, lamd2: -0.02465, Time: 8.70
It: 7700, Loss: 8.945e-01, lamd1: 0.014, lamd2: -0.02465, Time: 8.62
It: 7800, Loss: 8.945e-01, lamd1: 0.014, lamd2: -0.02465, Time: 8.69
It: 7900, Loss: 8.945e-01, lamd1: 0.014, lamd2: -0.02465, Time: 8.75
It: 8000, Loss: 8.945e-01, lamd1: 0.014, lamd2: -0.02465, Time: 8.93
It: 8100, Loss: 8.945e-01, lamd1: 0.014, lamd2: -0.02465, Time: 8.41
It: 8200, Loss: 8.945e-01, lamd1: 0.014, lamd2: -0.02465, Time: 8.86
It: 8300, Loss: 8.945e-01, lamd1: 0.014, lamd2: -0.02465, Time: 8.98
It: 8400, Loss: 8.945e-01, lamd1: 0.014, lamd2: -0.02465, Time: 9.02
It: 8500, Loss: 8.945e-01, lamd1: 0.014, lamd2: -0.02465, Time: 8.85
It: 8600, Loss: 8.945e-01, lamd1: 0.014, lamd2: -0.02465, Time: 8.57
It: 8700, Loss: 8.945e-01, lamd1: 0.014, lamd2: -0.02465, Time: 8.62
It: 8800, Loss: 8.945e-01, lamd1: 0.014, lamd2: -0.02466, Time: 8.87
It: 8900, Loss: 8.945e-01, lamd1: 0.014, lamd2: -0.02466, Time: 8.90
It: 9000, Loss: 8.945e-01, lamd1: 0.014, lamd2: -0.02466, Time: 8.78
It: 9100, Loss: 8.945e-01, lamd1: 0.014, lamd2: -0.02466, Time: 8.96
It: 9200, Loss: 8.945e-01, lamd1: 0.014, lamd2: -0.02466, Time: 9.09
It: 9300, Loss: 8.945e-01, lamd1: 0.014, lamd2: -0.02466, Time: 8.96
It: 9400, Loss: 8.945e-01, lamd1: 0.014, lamd2: -0.02466, Time: 8.97
It: 9500, Loss: 8.945e-01, lamd1: 0.014, lamd2: -0.02466, Time: 8.91
It: 9600, Loss: 8.945e-01, lamd1: 0.014, lamd2: -0.02466, Time: 8.80
It: 9700, Loss: 8.945e-01, lamd1: 0.014, lamd2: -0.02466, Time: 8.76
It: 9800, Loss: 8.945e-01, lamd1: 0.014, lamd2: -0.02466, Time: 8.87
It: 9900, Loss: 8.945e-01, lamd1: 0.014, lamd2: -0.02466, Time: 8.94
It: 10000, Loss: 8.945e-01, lamd1: 0.014, lamd2: -0.02466, Time: 8.92
It: 10100, Loss: 8.945e-01, lamd1: 0.014, lamd2: -0.02466, Time: 8.89
It: 10200, Loss: 8.945e-01, lamd1: 0.014, lamd2: -0.02466, Time: 8.91
It: 10300, Loss: 8.945e-01, lamd1: 0.014, lamd2: -0.02466, Time: 8.78
It: 10400, Loss: 8.945e-01, lamd1: 0.014, lamd2: -0.02466, Time: 8.96
It: 10500, Loss: 8.945e-01, lamd1: 0.014, lamd2: -0.02466, Time: 8.94
It: 10600, Loss: 8.945e-01, lamd1: 0.014, lamd2: -0.02466, Time: 8.79
It: 10700, Loss: 8.945e-01, lamd1: 0.014, lamd2: -0.02466, Time: 8.99
It: 10800, Loss: 8.945e-01, lamd1: 0.014, lamd2: -0.02466, Time: 9.03
It: 10900, Loss: 8.945e-01, lamd1: 0.014, lamd2: -0.02466, Time: 9.06
It: 11000, Loss: 8.945e-01, lamd1: 0.014, lamd2: -0.02466, Time: 9.09
It: 11100, Loss: 8.945e-01, lamd1: 0.014, lamd2: -0.02466, Time: 8.93
It: 11200, Loss: 8.945e-01, lamd1: 0.014, lamd2: -0.02466, Time: 8.83
It: 11300, Loss: 8.945e-01, lamd1: 0.014, lamd2: -0.02466, Time: 8.47
It: 11400, Loss: 8.945e-01, lamd1: 0.014, lamd2: -0.02466, Time: 8.88
It: 11500, Loss: 8.945e-01, lamd1: 0.014, lamd2: -0.02466, Time: 9.12
It: 11600, Loss: 8.945e-01, lamd1: 0.014, lamd2: -0.02466, Time: 9.10
It: 11700, Loss: 8.945e-01, lamd1: 0.014, lamd2: -0.02466, Time: 8.80
It: 11800, Loss: 8.945e-01, lamd1: 0.014, lamd2: -0.02466, Time: 8.56
It: 11900, Loss: 8.945e-01, lamd1: 0.014, lamd2: -0.02466, Time: 8.49
It: 12000, Loss: 8.945e-01, lamd1: 0.014, lamd2: -0.02466, Time: 8.60
It: 12100, Loss: 8.945e-01, lamd1: 0.014, lamd2: -0.02466, Time: 8.72
It: 12200, Loss: 8.945e-01, lamd1: 0.014, lamd2: -0.02466, Time: 8.86
It: 12300, Loss: 8.945e-01, lamd1: 0.014, lamd2: -0.02466, Time: 8.80
It: 12400, Loss: 8.945e-01, lamd1: 0.014, lamd2: -0.02466, Time: 8.95
It: 12500, Loss: 8.945e-01, lamd1: 0.014, lamd2: -0.02466, Time: 9.17
It: 12600, Loss: 8.945e-01, lamd1: 0.014, lamd2: -0.02466, Time: 8.84
It: 12700, Loss: 8.945e-01, lamd1: 0.014, lamd2: -0.02466, Time: 9.06
It: 12800, Loss: 8.945e-01, lamd1: 0.014, lamd2: -0.02466, Time: 9.07
It: 12900, Loss: 8.945e-01, lamd1: 0.014, lamd2: -0.02466, Time: 9.00
It: 13000, Loss: 8.945e-01, lamd1: 0.014, lamd2: -0.02466, Time: 9.21
It: 13100, Loss: 8.945e-01, lamd1: 0.014, lamd2: -0.02466, Time: 9.22
It: 13200, Loss: 8.945e-01, lamd1: 0.014, lamd2: -0.02466, Time: 9.07
It: 13300, Loss: 8.945e-01, lamd1: 0.014, lamd2: -0.02466, Time: 8.73
It: 13400, Loss: 8.945e-01, lamd1: 0.014, lamd2: -0.02466, Time: 8.18
It: 13500, Loss: 8.945e-01, lamd1: 0.014, lamd2: -0.02466, Time: 8.17
It: 13600, Loss: 8.945e-01, lamd1: 0.014, lamd2: -0.02466, Time: 8.12
It: 13700, Loss: 8.945e-01, lamd1: 0.014, lamd2: -0.02466, Time: 8.03
It: 13800, Loss: 8.945e-01, lamd1: 0.014, lamd2: -0.02466, Time: 8.01
It: 13900, Loss: 8.945e-01, lamd1: 0.014, lamd2: -0.02466, Time: 8.20
It: 14000, Loss: 8.945e-01, lamd1: 0.014, lamd2: -0.02466, Time: 8.53
It: 14100, Loss: 8.945e-01, lamd1: 0.014, lamd2: -0.02466, Time: 8.45
It: 14200, Loss: 8.945e-01, lamd1: 0.014, lamd2: -0.02466, Time: 8.37
It: 14300, Loss: 8.945e-01, lamd1: 0.014, lamd2: -0.02466, Time: 8.35
It: 14400, Loss: 8.945e-01, lamd1: 0.014, lamd2: -0.02466, Time: 8.36
It: 14500, Loss: 8.945e-01, lamd1: 0.014, lamd2: -0.02466, Time: 8.31
It: 14600, Loss: 8.945e-01, lamd1: 0.014, lamd2: -0.02466, Time: 8.29
It: 14700, Loss: 8.945e-01, lamd1: 0.014, lamd2: -0.02466, Time: 8.10
It: 14800, Loss: 8.945e-01, lamd1: 0.014, lamd2: -0.02466, Time: 8.34
It: 14900, Loss: 8.945e-01, lamd1: 0.014, lamd2: -0.02466, Time: 8.29
It: 15000, Loss: 8.945e-01, lamd1: 0.014, lamd2: -0.02466, Time: 8.33
It: 15100, Loss: 8.945e-01, lamd1: 0.014, lamd2: -0.02466, Time: 8.27
It: 15200, Loss: 8.945e-01, lamd1: 0.014, lamd2: -0.02466, Time: 8.10
It: 15300, Loss: 8.945e-01, lamd1: 0.014, lamd2: -0.02466, Time: 8.05
It: 15400, Loss: 8.945e-01, lamd1: 0.014, lamd2: -0.02466, Time: 8.57
It: 15500, Loss: 8.945e-01, lamd1: 0.014, lamd2: -0.02466, Time: 8.95
It: 15600, Loss: 8.945e-01, lamd1: 0.014, lamd2: -0.02466, Time: 8.86
It: 15700, Loss: 8.945e-01, lamd1: 0.014, lamd2: -0.02466, Time: 8.86
It: 15800, Loss: 8.945e-01, lamd1: 0.014, lamd2: -0.02466, Time: 8.98
It: 15900, Loss: 8.945e-01, lamd1: 0.014, lamd2: -0.02466, Time: 9.08
It: 16000, Loss: 8.945e-01, lamd1: 0.014, lamd2: -0.02466, Time: 8.52
It: 16100, Loss: 8.945e-01, lamd1: 0.014, lamd2: -0.02466, Time: 8.76
It: 16200, Loss: 8.945e-01, lamd1: 0.014, lamd2: -0.02466, Time: 8.34
It: 16300, Loss: 8.945e-01, lamd1: 0.014, lamd2: -0.02466, Time: 7.62
It: 16400, Loss: 8.945e-01, lamd1: 0.014, lamd2: -0.02466, Time: 7.60
It: 16500, Loss: 8.945e-01, lamd1: 0.014, lamd2: -0.02466, Time: 7.61
It: 16600, Loss: 8.945e-01, lamd1: 0.014, lamd2: -0.02466, Time: 7.61
It: 16700, Loss: 8.945e-01, lamd1: 0.014, lamd2: -0.02466, Time: 7.58
It: 16800, Loss: 8.945e-01, lamd1: 0.014, lamd2: -0.02466, Time: 7.65
It: 16900, Loss: 8.945e-01, lamd1: 0.014, lamd2: -0.02466, Time: 7.61
It: 17000, Loss: 8.945e-01, lamd1: 0.014, lamd2: -0.02466, Time: 7.58
It: 17100, Loss: 8.945e-01, lamd1: 0.014, lamd2: -0.02466, Time: 7.61
It: 17200, Loss: 8.945e-01, lamd1: 0.014, lamd2: -0.02466, Time: 7.59
It: 17300, Loss: 8.945e-01, lamd1: 0.014, lamd2: -0.02466, Time: 8.60
It: 17400, Loss: 8.945e-01, lamd1: 0.014, lamd2: -0.02466, Time: 8.88
It: 17500, Loss: 8.945e-01, lamd1: 0.014, lamd2: -0.02466, Time: 8.87
It: 17600, Loss: 8.945e-01, lamd1: 0.014, lamd2: -0.02466, Time: 9.05
It: 17700, Loss: 8.945e-01, lamd1: 0.014, lamd2: -0.02466, Time: 8.96
It: 17800, Loss: 8.945e-01, lamd1: 0.014, lamd2: -0.02466, Time: 9.06
It: 17900, Loss: 8.945e-01, lamd1: 0.014, lamd2: -0.02466, Time: 8.68
It: 18000, Loss: 8.945e-01, lamd1: 0.014, lamd2: -0.02466, Time: 8.28
It: 18100, Loss: 8.945e-01, lamd1: 0.014, lamd2: -0.02466, Time: 8.63
It: 18200, Loss: 8.945e-01, lamd1: 0.014, lamd2: -0.02466, Time: 8.51
It: 18300, Loss: 8.945e-01, lamd1: 0.014, lamd2: -0.02466, Time: 8.21
It: 18400, Loss: 8.945e-01, lamd1: 0.014, lamd2: -0.02466, Time: 7.67
It: 18500, Loss: 8.945e-01, lamd1: 0.014, lamd2: -0.02466, Time: 7.60
It: 18600, Loss: 8.945e-01, lamd1: 0.014, lamd2: -0.02466, Time: 7.99
It: 18700, Loss: 8.945e-01, lamd1: 0.014, lamd2: -0.02466, Time: 8.03
It: 18800, Loss: 8.945e-01, lamd1: 0.014, lamd2: -0.02466, Time: 7.92
It: 18900, Loss: 8.945e-01, lamd1: 0.014, lamd2: -0.02466, Time: 8.33
It: 19000, Loss: 8.945e-01, lamd1: 0.014, lamd2: -0.02466, Time: 8.72
It: 19100, Loss: 8.945e-01, lamd1: 0.014, lamd2: -0.02466, Time: 8.65
It: 19200, Loss: 8.945e-01, lamd1: 0.014, lamd2: -0.02466, Time: 8.39
It: 19300, Loss: 8.945e-01, lamd1: 0.014, lamd2: -0.02466, Time: 8.40
It: 19400, Loss: 8.945e-01, lamd1: 0.014, lamd2: -0.02466, Time: 9.08
It: 19500, Loss: 8.945e-01, lamd1: 0.014, lamd2: -0.02466, Time: 8.64
It: 19600, Loss: 8.945e-01, lamd1: 0.014, lamd2: -0.02466, Time: 8.51
It: 19700, Loss: 8.945e-01, lamd1: 0.014, lamd2: -0.02466, Time: 8.24
It: 19800, Loss: 8.945e-01, lamd1: 0.014, lamd2: -0.02466, Time: 8.40
It: 19900, Loss: 8.945e-01, lamd1: 0.014, lamd2: -0.02466, Time: 8.38
It: 20000, Loss: 8.945e-01, lamd1: 0.014, lamd2: -0.02466, Time: 8.31
It: 20100, Loss: 8.945e-01, lamd1: 0.014, lamd2: -0.02466, Time: 8.78
It: 20200, Loss: 8.945e-01, lamd1: 0.014, lamd2: -0.02466, Time: 9.24
It: 20300, Loss: 8.945e-01, lamd1: 0.014, lamd2: -0.02466, Time: 9.11
It: 20400, Loss: 8.945e-01, lamd1: 0.014, lamd2: -0.02466, Time: 8.78
It: 20500, Loss: 8.945e-01, lamd1: 0.014, lamd2: -0.02466, Time: 8.57
It: 20600, Loss: 8.945e-01, lamd1: 0.014, lamd2: -0.02466, Time: 8.99
It: 20700, Loss: 8.945e-01, lamd1: 0.014, lamd2: -0.02466, Time: 8.63
It: 20800, Loss: 8.945e-01, lamd1: 0.014, lamd2: -0.02466, Time: 8.90
It: 20900, Loss: 8.945e-01, lamd1: 0.014, lamd2: -0.02466, Time: 8.98
It: 21000, Loss: 8.945e-01, lamd1: 0.014, lamd2: -0.02466, Time: 9.10
It: 21100, Loss: 8.945e-01, lamd1: 0.014, lamd2: -0.02466, Time: 9.19
It: 21200, Loss: 8.945e-01, lamd1: 0.014, lamd2: -0.02466, Time: 9.35
It: 21300, Loss: 8.945e-01, lamd1: 0.014, lamd2: -0.02466, Time: 9.35
It: 21400, Loss: 8.945e-01, lamd1: 0.014, lamd2: -0.02466, Time: 8.94
It: 21500, Loss: 8.945e-01, lamd1: 0.014, lamd2: -0.02466, Time: 8.59
It: 21600, Loss: 8.945e-01, lamd1: 0.014, lamd2: -0.02466, Time: 9.16
It: 21700, Loss: 8.945e-01, lamd1: 0.014, lamd2: -0.02466, Time: 8.58
It: 21800, Loss: 8.945e-01, lamd1: 0.014, lamd2: -0.02466, Time: 8.46
It: 21900, Loss: 8.945e-01, lamd1: 0.014, lamd2: -0.02466, Time: 8.02
It: 22000, Loss: 8.945e-01, lamd1: 0.014, lamd2: -0.02466, Time: 8.28
It: 22100, Loss: 8.945e-01, lamd1: 0.014, lamd2: -0.02466, Time: 8.57
It: 22200, Loss: 8.945e-01, lamd1: 0.014, lamd2: -0.02466, Time: 8.28
It: 22300, Loss: 8.945e-01, lamd1: 0.014, lamd2: -0.02466, Time: 8.62
It: 22400, Loss: 8.945e-01, lamd1: 0.014, lamd2: -0.02466, Time: 8.53
It: 22500, Loss: 8.945e-01, lamd1: 0.014, lamd2: -0.02466, Time: 8.91
It: 22600, Loss: 8.945e-01, lamd1: 0.014, lamd2: -0.02466, Time: 9.01
It: 22700, Loss: 8.945e-01, lamd1: 0.014, lamd2: -0.02466, Time: 8.96
It: 22800, Loss: 8.945e-01, lamd1: 0.014, lamd2: -0.02466, Time: 9.00
It: 22900, Loss: 8.945e-01, lamd1: 0.014, lamd2: -0.02466, Time: 9.16
It: 23000, Loss: 8.945e-01, lamd1: 0.014, lamd2: -0.02466, Time: 9.20
It: 23100, Loss: 8.945e-01, lamd1: 0.014, lamd2: -0.02466, Time: 9.13
It: 23200, Loss: 8.945e-01, lamd1: 0.014, lamd2: -0.02466, Time: 9.24
It: 23300, Loss: 8.945e-01, lamd1: 0.014, lamd2: -0.02466, Time: 9.07
It: 23400, Loss: 8.945e-01, lamd1: 0.014, lamd2: -0.02466, Time: 9.28
It: 23500, Loss: 8.945e-01, lamd1: 0.014, lamd2: -0.02466, Time: 9.23
It: 23600, Loss: 8.945e-01, lamd1: 0.014, lamd2: -0.02466, Time: 8.46
It: 23700, Loss: 8.945e-01, lamd1: 0.014, lamd2: -0.02466, Time: 9.07
It: 23800, Loss: 8.945e-01, lamd1: 0.014, lamd2: -0.02466, Time: 9.14
It: 23900, Loss: 8.945e-01, lamd1: 0.014, lamd2: -0.02466, Time: 8.68
It: 24000, Loss: 8.945e-01, lamd1: 0.014, lamd2: -0.02466, Time: 8.63
It: 24100, Loss: 8.945e-01, lamd1: 0.014, lamd2: -0.02466, Time: 9.02
It: 24200, Loss: 8.945e-01, lamd1: 0.014, lamd2: -0.02466, Time: 8.82
It: 24300, Loss: 8.945e-01, lamd1: 0.014, lamd2: -0.02466, Time: 9.07
It: 24400, Loss: 8.945e-01, lamd1: 0.014, lamd2: -0.02466, Time: 8.97
It: 24500, Loss: 8.945e-01, lamd1: 0.014, lamd2: -0.02466, Time: 8.88
It: 24600, Loss: 8.945e-01, lamd1: 0.014, lamd2: -0.02466, Time: 8.89
It: 24700, Loss: 8.945e-01, lamd1: 0.014, lamd2: -0.02466, Time: 8.90
It: 24800, Loss: 8.945e-01, lamd1: 0.014, lamd2: -0.02466, Time: 8.67
It: 24900, Loss: 8.945e-01, lamd1: 0.014, lamd2: -0.02466, Time: 8.52
It: 25000, Loss: 8.945e-01, lamd1: 0.014, lamd2: -0.02466, Time: 8.44
It: 25100, Loss: 8.945e-01, lamd1: 0.014, lamd2: -0.02466, Time: 8.18
It: 25200, Loss: 8.945e-01, lamd1: 0.014, lamd2: -0.02466, Time: 8.10
It: 25300, Loss: 8.945e-01, lamd1: 0.014, lamd2: -0.02466, Time: 8.09
It: 25400, Loss: 8.945e-01, lamd1: 0.014, lamd2: -0.02466, Time: 8.50
It: 25500, Loss: 8.945e-01, lamd1: 0.014, lamd2: -0.02466, Time: 8.79
It: 25600, Loss: 8.945e-01, lamd1: 0.014, lamd2: -0.02466, Time: 8.81
It: 25700, Loss: 8.945e-01, lamd1: 0.014, lamd2: -0.02466, Time: 8.80
It: 25800, Loss: 8.945e-01, lamd1: 0.014, lamd2: -0.02466, Time: 8.81
It: 25900, Loss: 8.945e-01, lamd1: 0.014, lamd2: -0.02466, Time: 8.37
It: 26000, Loss: 8.945e-01, lamd1: 0.014, lamd2: -0.02466, Time: 8.59
It: 26100, Loss: 8.945e-01, lamd1: 0.014, lamd2: -0.02466, Time: 9.13
It: 26200, Loss: 8.945e-01, lamd1: 0.014, lamd2: -0.02466, Time: 8.93
It: 26300, Loss: 8.945e-01, lamd1: 0.014, lamd2: -0.02466, Time: 8.59
It: 26400, Loss: 8.945e-01, lamd1: 0.014, lamd2: -0.02466, Time: 8.38
It: 26500, Loss: 8.945e-01, lamd1: 0.014, lamd2: -0.02466, Time: 8.75
It: 26600, Loss: 8.945e-01, lamd1: 0.014, lamd2: -0.02466, Time: 9.06
It: 26700, Loss: 8.945e-01, lamd1: 0.014, lamd2: -0.02466, Time: 9.26
It: 26800, Loss: 8.945e-01, lamd1: 0.014, lamd2: -0.02466, Time: 9.28
It: 26900, Loss: 8.945e-01, lamd1: 0.014, lamd2: -0.02466, Time: 9.06
It: 27000, Loss: 8.945e-01, lamd1: 0.014, lamd2: -0.02466, Time: 8.95
It: 27100, Loss: 8.945e-01, lamd1: 0.014, lamd2: -0.02466, Time: 8.82
It: 27200, Loss: 8.945e-01, lamd1: 0.014, lamd2: -0.02466, Time: 9.17
It: 27300, Loss: 8.945e-01, lamd1: 0.014, lamd2: -0.02466, Time: 9.18
It: 27400, Loss: 8.945e-01, lamd1: 0.014, lamd2: -0.02466, Time: 9.19
It: 27500, Loss: 8.945e-01, lamd1: 0.014, lamd2: -0.02466, Time: 8.82
It: 27600, Loss: 8.945e-01, lamd1: 0.014, lamd2: -0.02466, Time: 9.17
It: 27700, Loss: 8.945e-01, lamd1: 0.014, lamd2: -0.02466, Time: 8.90
It: 27800, Loss: 8.945e-01, lamd1: 0.014, lamd2: -0.02466, Time: 8.71
It: 27900, Loss: 8.945e-01, lamd1: 0.014, lamd2: -0.02466, Time: 8.88
It: 28000, Loss: 8.945e-01, lamd1: 0.014, lamd2: -0.02466, Time: 8.89
It: 28100, Loss: 8.945e-01, lamd1: 0.014, lamd2: -0.02466, Time: 9.00
It: 28200, Loss: 8.945e-01, lamd1: 0.014, lamd2: -0.02466, Time: 8.95
It: 28300, Loss: 8.945e-01, lamd1: 0.014, lamd2: -0.02466, Time: 8.85
It: 28400, Loss: 8.945e-01, lamd1: 0.014, lamd2: -0.02466, Time: 8.93
It: 28500, Loss: 8.945e-01, lamd1: 0.014, lamd2: -0.02466, Time: 8.67
It: 28600, Loss: 8.945e-01, lamd1: 0.014, lamd2: -0.02466, Time: 8.42
It: 28700, Loss: 8.945e-01, lamd1: 0.014, lamd2: -0.02466, Time: 9.00
It: 28800, Loss: 8.945e-01, lamd1: 0.014, lamd2: -0.02466, Time: 9.01
It: 28900, Loss: 8.945e-01, lamd1: 0.014, lamd2: -0.02466, Time: 8.99
It: 29000, Loss: 8.945e-01, lamd1: 0.014, lamd2: -0.02466, Time: 8.99
It: 29100, Loss: 8.945e-01, lamd1: 0.014, lamd2: -0.02466, Time: 9.07
It: 29200, Loss: 8.945e-01, lamd1: 0.014, lamd2: -0.02466, Time: 8.72
It: 29300, Loss: 8.945e-01, lamd1: 0.014, lamd2: -0.02466, Time: 9.04
It: 29400, Loss: 8.945e-01, lamd1: 0.014, lamd2: -0.02466, Time: 9.08
It: 29500, Loss: 8.945e-01, lamd1: 0.014, lamd2: -0.02466, Time: 8.88
It: 29600, Loss: 8.945e-01, lamd1: 0.014, lamd2: -0.02466, Time: 8.95
It: 29700, Loss: 8.945e-01, lamd1: 0.014, lamd2: -0.02466, Time: 9.14
It: 29800, Loss: 8.945e-01, lamd1: 0.014, lamd2: -0.02466, Time: 9.21
It: 29900, Loss: 8.945e-01, lamd1: 0.014, lamd2: -0.02466, Time: 9.14
It: 30000, Loss: 8.945e-01, lamd1: 0.014, lamd2: -0.02466, Time: 9.27
It: 30100, Loss: 8.945e-01, lamd1: 0.014, lamd2: -0.02466, Time: 9.25
It: 30200, Loss: 8.945e-01, lamd1: 0.014, lamd2: -0.02466, Time: 9.17
It: 30300, Loss: 8.945e-01, lamd1: 0.014, lamd2: -0.02466, Time: 9.18
It: 30400, Loss: 8.945e-01, lamd1: 0.014, lamd2: -0.02466, Time: 9.17
It: 30500, Loss: 8.945e-01, lamd1: 0.014, lamd2: -0.02466, Time: 9.26
It: 30600, Loss: 8.945e-01, lamd1: 0.014, lamd2: -0.02466, Time: 9.28
It: 30700, Loss: 8.945e-01, lamd1: 0.014, lamd2: -0.02466, Time: 9.26
It: 30800, Loss: 8.945e-01, lamd1: 0.014, lamd2: -0.02466, Time: 9.02
It: 30900, Loss: 8.945e-01, lamd1: 0.014, lamd2: -0.02466, Time: 9.03
It: 31000, Loss: 8.945e-01, lamd1: 0.014, lamd2: -0.02466, Time: 8.77
It: 31100, Loss: 8.945e-01, lamd1: 0.014, lamd2: -0.02466, Time: 8.30
It: 31200, Loss: 8.945e-01, lamd1: 0.014, lamd2: -0.02466, Time: 8.29
It: 31300, Loss: 8.945e-01, lamd1: 0.014, lamd2: -0.02466, Time: 8.19
It: 31400, Loss: 8.945e-01, lamd1: 0.014, lamd2: -0.02466, Time: 8.59
It: 31500, Loss: 8.945e-01, lamd1: 0.014, lamd2: -0.02466, Time: 9.52
It: 31600, Loss: 8.945e-01, lamd1: 0.014, lamd2: -0.02466, Time: 9.51
It: 31700, Loss: 8.945e-01, lamd1: 0.014, lamd2: -0.02466, Time: 9.20
It: 31800, Loss: 8.945e-01, lamd1: 0.014, lamd2: -0.02466, Time: 9.20
It: 31900, Loss: 8.945e-01, lamd1: 0.014, lamd2: -0.02466, Time: 8.84
It: 32000, Loss: 8.945e-01, lamd1: 0.014, lamd2: -0.02466, Time: 8.96
It: 32100, Loss: 8.945e-01, lamd1: 0.014, lamd2: -0.02466, Time: 9.09
It: 32200, Loss: 8.945e-01, lamd1: 0.014, lamd2: -0.02466, Time: 9.40
It: 32300, Loss: 8.945e-01, lamd1: 0.014, lamd2: -0.02466, Time: 9.10
It: 32400, Loss: 8.945e-01, lamd1: 0.014, lamd2: -0.02466, Time: 8.87
It: 32500, Loss: 8.945e-01, lamd1: 0.014, lamd2: -0.02466, Time: 8.92
It: 32600, Loss: 8.945e-01, lamd1: 0.014, lamd2: -0.02466, Time: 8.86
It: 32700, Loss: 8.945e-01, lamd1: 0.014, lamd2: -0.02466, Time: 8.68
It: 32800, Loss: 8.945e-01, lamd1: 0.014, lamd2: -0.02466, Time: 8.89
It: 32900, Loss: 8.945e-01, lamd1: 0.014, lamd2: -0.02466, Time: 9.28
It: 33000, Loss: 8.945e-01, lamd1: 0.014, lamd2: -0.02466, Time: 9.13
It: 33100, Loss: 8.945e-01, lamd1: 0.014, lamd2: -0.02466, Time: 9.01
It: 33200, Loss: 8.945e-01, lamd1: 0.014, lamd2: -0.02466, Time: 9.19
It: 33300, Loss: 8.945e-01, lamd1: 0.014, lamd2: -0.02466, Time: 9.19
It: 33400, Loss: 8.945e-01, lamd1: 0.014, lamd2: -0.02466, Time: 9.01
It: 33500, Loss: 8.945e-01, lamd1: 0.014, lamd2: -0.02466, Time: 8.71
It: 33600, Loss: 8.945e-01, lamd1: 0.014, lamd2: -0.02466, Time: 8.87
It: 33700, Loss: 8.945e-01, lamd1: 0.014, lamd2: -0.02466, Time: 9.16
It: 33800, Loss: 8.945e-01, lamd1: 0.014, lamd2: -0.02466, Time: 9.15
It: 33900, Loss: 8.945e-01, lamd1: 0.014, lamd2: -0.02466, Time: 9.03
It: 34000, Loss: 8.945e-01, lamd1: 0.014, lamd2: -0.02466, Time: 8.93
It: 34100, Loss: 8.945e-01, lamd1: 0.014, lamd2: -0.02466, Time: 9.08
It: 34200, Loss: 8.945e-01, lamd1: 0.014, lamd2: -0.02466, Time: 8.96
It: 34300, Loss: 8.945e-01, lamd1: 0.014, lamd2: -0.02466, Time: 9.11
It: 34400, Loss: 8.945e-01, lamd1: 0.014, lamd2: -0.02466, Time: 9.07
It: 34500, Loss: 8.945e-01, lamd1: 0.014, lamd2: -0.02466, Time: 9.06
It: 34600, Loss: 8.945e-01, lamd1: 0.014, lamd2: -0.02466, Time: 9.28
It: 34700, Loss: 8.945e-01, lamd1: 0.014, lamd2: -0.02466, Time: 9.25
It: 34800, Loss: 8.945e-01, lamd1: 0.014, lamd2: -0.02466, Time: 9.10
It: 34900, Loss: 8.945e-01, lamd1: 0.014, lamd2: -0.02466, Time: 8.66
It: 35000, Loss: 8.945e-01, lamd1: 0.014, lamd2: -0.02466, Time: 8.63
It: 35100, Loss: 8.945e-01, lamd1: 0.014, lamd2: -0.02466, Time: 8.76
It: 35200, Loss: 8.945e-01, lamd1: 0.014, lamd2: -0.02466, Time: 8.86
It: 35300, Loss: 8.945e-01, lamd1: 0.014, lamd2: -0.02466, Time: 9.01
It: 35400, Loss: 8.945e-01, lamd1: 0.014, lamd2: -0.02466, Time: 9.06
It: 35500, Loss: 8.945e-01, lamd1: 0.014, lamd2: -0.02466, Time: 9.09
It: 35600, Loss: 8.945e-01, lamd1: 0.014, lamd2: -0.02466, Time: 9.10
It: 35700, Loss: 8.945e-01, lamd1: 0.014, lamd2: -0.02466, Time: 9.21
It: 35800, Loss: 8.945e-01, lamd1: 0.014, lamd2: -0.02466, Time: 9.18
It: 35900, Loss: 8.945e-01, lamd1: 0.014, lamd2: -0.02466, Time: 9.18
It: 36000, Loss: 8.945e-01, lamd1: 0.014, lamd2: -0.02466, Time: 9.11
It: 36100, Loss: 8.945e-01, lamd1: 0.014, lamd2: -0.02466, Time: 9.08
It: 36200, Loss: 8.945e-01, lamd1: 0.014, lamd2: -0.02466, Time: 9.04
It: 36300, Loss: 8.945e-01, lamd1: 0.014, lamd2: -0.02466, Time: 8.86
It: 36400, Loss: 8.945e-01, lamd1: 0.014, lamd2: -0.02466, Time: 8.74
It: 36500, Loss: 8.945e-01, lamd1: 0.014, lamd2: -0.02466, Time: 9.17
It: 36600, Loss: 8.945e-01, lamd1: 0.014, lamd2: -0.02466, Time: 9.17
It: 36700, Loss: 8.945e-01, lamd1: 0.014, lamd2: -0.02466, Time: 9.13
It: 36800, Loss: 8.945e-01, lamd1: 0.014, lamd2: -0.02466, Time: 8.81
It: 36900, Loss: 8.945e-01, lamd1: 0.014, lamd2: -0.02466, Time: 8.92
It: 37000, Loss: 8.945e-01, lamd1: 0.014, lamd2: -0.02466, Time: 9.12
It: 37100, Loss: 8.945e-01, lamd1: 0.014, lamd2: -0.02466, Time: 9.09
It: 37200, Loss: 8.945e-01, lamd1: 0.014, lamd2: -0.02466, Time: 9.01
It: 37300, Loss: 8.945e-01, lamd1: 0.014, lamd2: -0.02466, Time: 9.01
It: 37400, Loss: 8.945e-01, lamd1: 0.014, lamd2: -0.02466, Time: 9.11
It: 37500, Loss: 8.945e-01, lamd1: 0.014, lamd2: -0.02466, Time: 9.10
It: 37600, Loss: 8.945e-01, lamd1: 0.014, lamd2: -0.02466, Time: 9.32
It: 37700, Loss: 8.945e-01, lamd1: 0.014, lamd2: -0.02466, Time: 9.11
It: 37800, Loss: 8.945e-01, lamd1: 0.014, lamd2: -0.02466, Time: 8.99
It: 37900, Loss: 8.945e-01, lamd1: 0.014, lamd2: -0.02466, Time: 8.94
It: 38000, Loss: 8.945e-01, lamd1: 0.014, lamd2: -0.02466, Time: 8.76
It: 38100, Loss: 8.945e-01, lamd1: 0.014, lamd2: -0.02466, Time: 8.82
It: 38200, Loss: 8.945e-01, lamd1: 0.014, lamd2: -0.02466, Time: 8.66
It: 38300, Loss: 8.945e-01, lamd1: 0.014, lamd2: -0.02466, Time: 8.98
It: 38400, Loss: 8.945e-01, lamd1: 0.014, lamd2: -0.02466, Time: 9.13
It: 38500, Loss: 8.945e-01, lamd1: 0.014, lamd2: -0.02466, Time: 9.06
It: 38600, Loss: 8.945e-01, lamd1: 0.014, lamd2: -0.02466, Time: 9.13
It: 38700, Loss: 8.945e-01, lamd1: 0.014, lamd2: -0.02466, Time: 9.20
It: 38800, Loss: 8.945e-01, lamd1: 0.014, lamd2: -0.02466, Time: 9.08
It: 38900, Loss: 8.945e-01, lamd1: 0.014, lamd2: -0.02466, Time: 9.07
It: 39000, Loss: 8.945e-01, lamd1: 0.014, lamd2: -0.02466, Time: 8.90
It: 39100, Loss: 8.945e-01, lamd1: 0.014, lamd2: -0.02466, Time: 8.89
It: 39200, Loss: 8.945e-01, lamd1: 0.014, lamd2: -0.02466, Time: 8.84
It: 39300, Loss: 8.945e-01, lamd1: 0.014, lamd2: -0.02466, Time: 8.74
It: 39400, Loss: 8.945e-01, lamd1: 0.014, lamd2: -0.02466, Time: 8.76
It: 39500, Loss: 8.945e-01, lamd1: 0.014, lamd2: -0.02466, Time: 8.79
It: 39600, Loss: 8.945e-01, lamd1: 0.014, lamd2: -0.02466, Time: 8.95
It: 39700, Loss: 8.945e-01, lamd1: 0.014, lamd2: -0.02466, Time: 8.58
It: 39800, Loss: 8.945e-01, lamd1: 0.014, lamd2: -0.02466, Time: 8.97
It: 39900, Loss: 8.945e-01, lamd1: 0.014, lamd2: -0.02466, Time: 9.03
It: 40000, Loss: 8.945e-01, lamd1: 0.014, lamd2: -0.02466, Time: 9.06
It: 40100, Loss: 8.945e-01, lamd1: 0.014, lamd2: -0.02466, Time: 9.03
It: 40200, Loss: 8.945e-01, lamd1: 0.014, lamd2: -0.02466, Time: 9.14
It: 40300, Loss: 8.945e-01, lamd1: 0.014, lamd2: -0.02466, Time: 9.13
It: 40400, Loss: 8.945e-01, lamd1: 0.014, lamd2: -0.02466, Time: 9.07
It: 40500, Loss: 8.945e-01, lamd1: 0.014, lamd2: -0.02466, Time: 9.00
It: 40600, Loss: 8.945e-01, lamd1: 0.014, lamd2: -0.02466, Time: 9.11
It: 40700, Loss: 8.945e-01, lamd1: 0.014, lamd2: -0.02466, Time: 9.05
It: 40800, Loss: 8.945e-01, lamd1: 0.014, lamd2: -0.02466, Time: 9.13
It: 40900, Loss: 8.945e-01, lamd1: 0.014, lamd2: -0.02466, Time: 9.03
It: 41000, Loss: 8.945e-01, lamd1: 0.014, lamd2: -0.02466, Time: 8.75
It: 41100, Loss: 8.945e-01, lamd1: 0.014, lamd2: -0.02466, Time: 8.33
It: 41200, Loss: 8.945e-01, lamd1: 0.014, lamd2: -0.02466, Time: 8.09
It: 41300, Loss: 8.945e-01, lamd1: 0.014, lamd2: -0.02466, Time: 8.05
It: 41400, Loss: 8.945e-01, lamd1: 0.014, lamd2: -0.02466, Time: 8.05
It: 41500, Loss: 8.945e-01, lamd1: 0.014, lamd2: -0.02466, Time: 8.06
It: 41600, Loss: 8.945e-01, lamd1: 0.014, lamd2: -0.02466, Time: 8.17
It: 41700, Loss: 8.945e-01, lamd1: 0.014, lamd2: -0.02466, Time: 8.20
It: 41800, Loss: 8.945e-01, lamd1: 0.014, lamd2: -0.02466, Time: 8.26
It: 41900, Loss: 8.945e-01, lamd1: 0.014, lamd2: -0.02466, Time: 8.15
It: 42000, Loss: 8.945e-01, lamd1: 0.014, lamd2: -0.02466, Time: 7.97
It: 42100, Loss: 8.945e-01, lamd1: 0.014, lamd2: -0.02466, Time: 8.00
It: 42200, Loss: 8.945e-01, lamd1: 0.014, lamd2: -0.02466, Time: 7.93
It: 42300, Loss: 8.945e-01, lamd1: 0.014, lamd2: -0.02466, Time: 7.99
It: 42400, Loss: 8.945e-01, lamd1: 0.014, lamd2: -0.02466, Time: 8.11
It: 42500, Loss: 8.945e-01, lamd1: 0.014, lamd2: -0.02466, Time: 8.45
It: 42600, Loss: 8.945e-01, lamd1: 0.014, lamd2: -0.02466, Time: 8.53
It: 42700, Loss: 8.945e-01, lamd1: 0.014, lamd2: -0.02466, Time: 8.99
It: 42800, Loss: 8.945e-01, lamd1: 0.014, lamd2: -0.02466, Time: 9.22
It: 42900, Loss: 8.945e-01, lamd1: 0.014, lamd2: -0.02466, Time: 8.87
It: 43000, Loss: 8.945e-01, lamd1: 0.014, lamd2: -0.02466, Time: 9.02
It: 43100, Loss: 8.945e-01, lamd1: 0.014, lamd2: -0.02466, Time: 8.43
It: 43200, Loss: 8.945e-01, lamd1: 0.014, lamd2: -0.02466, Time: 8.75
It: 43300, Loss: 8.945e-01, lamd1: 0.014, lamd2: -0.02466, Time: 9.11
It: 43400, Loss: 8.945e-01, lamd1: 0.014, lamd2: -0.02466, Time: 8.93
It: 43500, Loss: 8.945e-01, lamd1: 0.014, lamd2: -0.02466, Time: 9.06
It: 43600, Loss: 8.945e-01, lamd1: 0.014, lamd2: -0.02466, Time: 9.13
It: 43700, Loss: 8.945e-01, lamd1: 0.014, lamd2: -0.02466, Time: 9.05
It: 43800, Loss: 8.945e-01, lamd1: 0.014, lamd2: -0.02466, Time: 9.14
It: 43900, Loss: 8.945e-01, lamd1: 0.014, lamd2: -0.02466, Time: 9.15
It: 44000, Loss: 8.945e-01, lamd1: 0.014, lamd2: -0.02466, Time: 9.07
It: 44100, Loss: 8.945e-01, lamd1: 0.014, lamd2: -0.02466, Time: 9.05
It: 44200, Loss: 8.945e-01, lamd1: 0.014, lamd2: -0.02466, Time: 8.92
It: 44300, Loss: 8.945e-01, lamd1: 0.014, lamd2: -0.02466, Time: 8.85
It: 44400, Loss: 8.945e-01, lamd1: 0.014, lamd2: -0.02466, Time: 9.05
It: 44500, Loss: 8.945e-01, lamd1: 0.014, lamd2: -0.02466, Time: 8.94
It: 44600, Loss: 8.945e-01, lamd1: 0.014, lamd2: -0.02466, Time: 9.10
It: 44700, Loss: 8.945e-01, lamd1: 0.014, lamd2: -0.02466, Time: 8.80
It: 44800, Loss: 8.945e-01, lamd1: 0.014, lamd2: -0.02466, Time: 8.72
It: 44900, Loss: 8.945e-01, lamd1: 0.014, lamd2: -0.02466, Time: 8.57
It: 45000, Loss: 8.945e-01, lamd1: 0.014, lamd2: -0.02466, Time: 8.62
It: 45100, Loss: 8.945e-01, lamd1: 0.014, lamd2: -0.02466, Time: 8.57
It: 45200, Loss: 8.945e-01, lamd1: 0.014, lamd2: -0.02466, Time: 8.64
It: 45300, Loss: 8.945e-01, lamd1: 0.014, lamd2: -0.02466, Time: 9.29
It: 45400, Loss: 8.945e-01, lamd1: 0.014, lamd2: -0.02466, Time: 9.11
It: 45500, Loss: 8.945e-01, lamd1: 0.014, lamd2: -0.02466, Time: 8.92
It: 45600, Loss: 8.945e-01, lamd1: 0.014, lamd2: -0.02466, Time: 9.02
It: 45700, Loss: 8.945e-01, lamd1: 0.014, lamd2: -0.02466, Time: 8.59
It: 45800, Loss: 8.945e-01, lamd1: 0.014, lamd2: -0.02466, Time: 8.21
It: 45900, Loss: 8.945e-01, lamd1: 0.014, lamd2: -0.02466, Time: 8.28
It: 46000, Loss: 8.945e-01, lamd1: 0.014, lamd2: -0.02466, Time: 7.89
It: 46100, Loss: 8.945e-01, lamd1: 0.014, lamd2: -0.02466, Time: 8.48
It: 46200, Loss: 8.945e-01, lamd1: 0.014, lamd2: -0.02466, Time: 8.69
It: 46300, Loss: 8.945e-01, lamd1: 0.014, lamd2: -0.02466, Time: 8.95
It: 46400, Loss: 8.945e-01, lamd1: 0.014, lamd2: -0.02466, Time: 9.22
It: 46500, Loss: 8.945e-01, lamd1: 0.014, lamd2: -0.02466, Time: 8.59
It: 46600, Loss: 8.945e-01, lamd1: 0.014, lamd2: -0.02466, Time: 8.40
It: 46700, Loss: 8.945e-01, lamd1: 0.014, lamd2: -0.02466, Time: 8.37
It: 46800, Loss: 8.945e-01, lamd1: 0.014, lamd2: -0.02466, Time: 8.59
It: 46900, Loss: 8.945e-01, lamd1: 0.014, lamd2: -0.02466, Time: 8.84
It: 47000, Loss: 8.945e-01, lamd1: 0.014, lamd2: -0.02466, Time: 8.95
It: 47100, Loss: 8.945e-01, lamd1: 0.014, lamd2: -0.02466, Time: 8.63