It: 0, Loss: 2.596e-01, nu: 0.020, Time: 0.24
It: 100, Loss: 5.165e-02, nu: 0.020, Time: 23.10
It: 200, Loss: 4.693e-02, nu: 0.020, Time: 23.29
It: 300, Loss: 4.259e-02, nu: 0.020, Time: 23.22
It: 400, Loss: 4.535e-02, nu: 0.020, Time: 23.80
It: 500, Loss: 4.755e-02, nu: 0.020, Time: 23.71
It: 600, Loss: 4.347e-02, nu: 0.020, Time: 23.50
It: 700, Loss: 3.717e-02, nu: 0.020, Time: 23.49
It: 800, Loss: 2.933e-02, nu: 0.020, Time: 23.36
It: 900, Loss: 1.715e-01, nu: 0.020, Time: 23.48
It: 1000, Loss: 6.516e-02, nu: 0.020, Time: 23.44
It: 1100, Loss: 1.008e-04, nu: 0.020, Time: 23.27
It: 1200, Loss: 2.930e-05, nu: 0.020, Time: 23.24
It: 1300, Loss: 1.312e-05, nu: 0.020, Time: 23.13
It: 1400, Loss: 9.389e-06, nu: 0.020, Time: 23.12
It: 1500, Loss: 9.203e-06, nu: 0.020, Time: 23.02
It: 1600, Loss: 5.389e-06, nu: 0.020, Time: 23.08
It: 1700, Loss: 3.847e-05, nu: 0.020, Time: 23.17
It: 1800, Loss: 5.176e-06, nu: 0.020, Time: 23.21
It: 1900, Loss: 3.909e-06, nu: 0.020, Time: 23.16
It: 2000, Loss: 1.740e-05, nu: 0.020, Time: 23.14
It: 2100, Loss: 6.970e-06, nu: 0.020, Time: 23.21
It: 2200, Loss: 4.796e-06, nu: 0.020, Time: 23.13
It: 2300, Loss: 3.936e-06, nu: 0.020, Time: 23.19
It: 2400, Loss: 3.147e-06, nu: 0.020, Time: 23.13
It: 2500, Loss: 2.736e-06, nu: 0.020, Time: 23.06
It: 2600, Loss: 2.369e-06, nu: 0.020, Time: 23.06
It: 2700, Loss: 1.946e-06, nu: 0.020, Time: 23.06
It: 2800, Loss: 1.811e-06, nu: 0.020, Time: 23.36
It: 2900, Loss: 1.560e-06, nu: 0.020, Time: 23.49
It: 3000, Loss: 1.367e-06, nu: 0.020, Time: 23.88
It: 3100, Loss: 1.310e-06, nu: 0.020, Time: 23.92
It: 3200, Loss: 1.263e-06, nu: 0.020, Time: 23.78
It: 3300, Loss: 1.174e-06, nu: 0.020, Time: 23.92
It: 3400, Loss: 1.101e-06, nu: 0.020, Time: 23.81
It: 3500, Loss: 1.119e-06, nu: 0.020, Time: 23.64
It: 3600, Loss: 1.011e-06, nu: 0.020, Time: 24.06
It: 3700, Loss: 9.436e-07, nu: 0.020, Time: 24.17
It: 3800, Loss: 9.220e-07, nu: 0.020, Time: 24.09
It: 3900, Loss: 8.355e-07, nu: 0.020, Time: 23.30
It: 4000, Loss: 7.859e-07, nu: 0.020, Time: 23.45
It: 4100, Loss: 8.217e-07, nu: 0.020, Time: 23.35
It: 4200, Loss: 7.351e-07, nu: 0.020, Time: 23.30
It: 4300, Loss: 7.347e-07, nu: 0.020, Time: 23.44
It: 4400, Loss: 7.057e-07, nu: 0.020, Time: 23.13
It: 4500, Loss: 6.851e-07, nu: 0.020, Time: 23.42
It: 4600, Loss: 6.985e-07, nu: 0.020, Time: 23.52
It: 4700, Loss: 6.769e-07, nu: 0.020, Time: 23.58
It: 4800, Loss: 6.364e-07, nu: 0.020, Time: 23.60
It: 4900, Loss: 6.236e-07, nu: 0.020, Time: 23.65
It: 5000, Loss: 5.890e-07, nu: 0.020, Time: 23.36
It: 5100, Loss: 6.072e-07, nu: 0.020, Time: 23.71
It: 5200, Loss: 5.898e-07, nu: 0.020, Time: 23.53
It: 5300, Loss: 5.677e-07, nu: 0.020, Time: 23.71
It: 5400, Loss: 5.534e-07, nu: 0.020, Time: 23.43
It: 5500, Loss: 5.564e-07, nu: 0.020, Time: 23.40
It: 5600, Loss: 5.234e-07, nu: 0.020, Time: 23.55
It: 5700, Loss: 5.278e-07, nu: 0.020, Time: 23.53
It: 5800, Loss: 5.276e-07, nu: 0.020, Time: 23.55
It: 5900, Loss: 5.175e-07, nu: 0.020, Time: 23.46
It: 6000, Loss: 4.834e-07, nu: 0.020, Time: 23.31
It: 6100, Loss: 4.790e-07, nu: 0.020, Time: 23.31
It: 6200, Loss: 4.897e-07, nu: 0.020, Time: 23.47
It: 6300, Loss: 4.733e-07, nu: 0.020, Time: 23.42
It: 6400, Loss: 4.686e-07, nu: 0.020, Time: 23.35
It: 6500, Loss: 4.687e-07, nu: 0.020, Time: 23.22
It: 6600, Loss: 4.486e-07, nu: 0.020, Time: 23.50
It: 6700, Loss: 4.280e-07, nu: 0.020, Time: 23.39
It: 6800, Loss: 4.582e-07, nu: 0.020, Time: 23.33
It: 6900, Loss: 4.432e-07, nu: 0.020, Time: 23.39
It: 7000, Loss: 4.186e-07, nu: 0.020, Time: 23.44
It: 7100, Loss: 4.371e-07, nu: 0.020, Time: 23.58
It: 7200, Loss: 4.288e-07, nu: 0.020, Time: 23.55
It: 7300, Loss: 4.253e-07, nu: 0.020, Time: 23.41
It: 7400, Loss: 4.278e-07, nu: 0.020, Time: 23.39
It: 7500, Loss: 4.122e-07, nu: 0.020, Time: 23.38
It: 7600, Loss: 4.188e-07, nu: 0.020, Time: 23.42
It: 7700, Loss: 4.052e-07, nu: 0.020, Time: 23.27
It: 7800, Loss: 3.895e-07, nu: 0.020, Time: 23.33
It: 7900, Loss: 3.877e-07, nu: 0.020, Time: 23.42
It: 8000, Loss: 3.909e-07, nu: 0.020, Time: 23.37
It: 8100, Loss: 3.867e-07, nu: 0.020, Time: 23.55
It: 8200, Loss: 3.828e-07, nu: 0.020, Time: 23.47
It: 8300, Loss: 3.720e-07, nu: 0.020, Time: 23.60
It: 8400, Loss: 3.669e-07, nu: 0.020, Time: 23.68
It: 8500, Loss: 3.834e-07, nu: 0.020, Time: 23.49
It: 8600, Loss: 3.695e-07, nu: 0.020, Time: 23.61
It: 8700, Loss: 3.750e-07, nu: 0.020, Time: 23.58
It: 8800, Loss: 3.701e-07, nu: 0.020, Time: 23.46
It: 8900, Loss: 3.849e-07, nu: 0.020, Time: 23.52
It: 9000, Loss: 3.647e-07, nu: 0.020, Time: 23.57
It: 9100, Loss: 3.770e-07, nu: 0.020, Time: 23.44
It: 9200, Loss: 3.553e-07, nu: 0.020, Time: 23.39
It: 9300, Loss: 3.638e-07, nu: 0.020, Time: 23.24
It: 9400, Loss: 3.502e-07, nu: 0.020, Time: 23.45
It: 9500, Loss: 3.577e-07, nu: 0.020, Time: 23.35
It: 9600, Loss: 3.478e-07, nu: 0.020, Time: 23.52
It: 9700, Loss: 3.474e-07, nu: 0.020, Time: 23.47
It: 9800, Loss: 3.513e-07, nu: 0.020, Time: 23.16
It: 9900, Loss: 3.480e-07, nu: 0.020, Time: 23.58
It: 10000, Loss: 3.363e-07, nu: 0.020, Time: 23.34
It: 10100, Loss: 3.353e-07, nu: 0.020, Time: 23.37
It: 10200, Loss: 3.511e-07, nu: 0.020, Time: 23.38
It: 10300, Loss: 3.271e-07, nu: 0.020, Time: 23.39
It: 10400, Loss: 3.246e-07, nu: 0.020, Time: 23.29
It: 10500, Loss: 3.315e-07, nu: 0.020, Time: 23.28
It: 10600, Loss: 3.354e-07, nu: 0.020, Time: 23.29
It: 10700, Loss: 3.374e-07, nu: 0.020, Time: 23.26
It: 10800, Loss: 3.347e-07, nu: 0.020, Time: 23.41
It: 10900, Loss: 3.233e-07, nu: 0.020, Time: 23.22
It: 11000, Loss: 3.209e-07, nu: 0.020, Time: 23.24
It: 11100, Loss: 3.234e-07, nu: 0.020, Time: 23.28
It: 11200, Loss: 3.187e-07, nu: 0.020, Time: 23.36
It: 11300, Loss: 3.224e-07, nu: 0.020, Time: 23.36
It: 11400, Loss: 3.234e-07, nu: 0.020, Time: 23.47
It: 11500, Loss: 3.156e-07, nu: 0.020, Time: 23.36
It: 11600, Loss: 3.236e-07, nu: 0.020, Time: 20.57
It: 11700, Loss: 3.115e-07, nu: 0.020, Time: 20.21
It: 11800, Loss: 3.024e-07, nu: 0.020, Time: 20.22
It: 11900, Loss: 3.113e-07, nu: 0.020, Time: 20.10
It: 12000, Loss: 3.145e-07, nu: 0.020, Time: 20.37
It: 12100, Loss: 3.096e-07, nu: 0.020, Time: 20.24
It: 12200, Loss: 3.052e-07, nu: 0.020, Time: 20.25
It: 12300, Loss: 3.129e-07, nu: 0.020, Time: 20.30
It: 12400, Loss: 2.932e-07, nu: 0.020, Time: 20.21
It: 12500, Loss: 3.124e-07, nu: 0.020, Time: 20.22
It: 12600, Loss: 2.923e-07, nu: 0.020, Time: 20.38
It: 12700, Loss: 2.955e-07, nu: 0.020, Time: 20.25
It: 12800, Loss: 2.952e-07, nu: 0.020, Time: 20.31
It: 12900, Loss: 3.004e-07, nu: 0.020, Time: 20.23
It: 13000, Loss: 2.978e-07, nu: 0.020, Time: 20.51
It: 13100, Loss: 3.064e-07, nu: 0.020, Time: 20.32
It: 13200, Loss: 2.873e-07, nu: 0.020, Time: 20.34
It: 13300, Loss: 3.024e-07, nu: 0.020, Time: 20.20
It: 13400, Loss: 3.088e-07, nu: 0.020, Time: 20.00
It: 13500, Loss: 2.983e-07, nu: 0.020, Time: 20.08
It: 13600, Loss: 3.011e-07, nu: 0.020, Time: 20.26
It: 13700, Loss: 2.970e-07, nu: 0.020, Time: 20.34
It: 13800, Loss: 2.947e-07, nu: 0.020, Time: 20.21
It: 13900, Loss: 2.939e-07, nu: 0.020, Time: 20.37
It: 14000, Loss: 2.931e-07, nu: 0.020, Time: 20.28
It: 14100, Loss: 2.969e-07, nu: 0.020, Time: 20.27
It: 14200, Loss: 2.936e-07, nu: 0.020, Time: 20.85
It: 14300, Loss: 2.900e-07, nu: 0.020, Time: 20.84
It: 14400, Loss: 2.830e-07, nu: 0.020, Time: 16.53
It: 14500, Loss: 2.884e-07, nu: 0.020, Time: 16.07
It: 14600, Loss: 2.925e-07, nu: 0.020, Time: 16.02
It: 14700, Loss: 2.779e-07, nu: 0.020, Time: 16.02
It: 14800, Loss: 2.920e-07, nu: 0.020, Time: 16.05
It: 14900, Loss: 2.838e-07, nu: 0.020, Time: 16.04
It: 15000, Loss: 2.850e-07, nu: 0.020, Time: 16.08
It: 15100, Loss: 2.933e-07, nu: 0.020, Time: 16.08
It: 15200, Loss: 2.922e-07, nu: 0.020, Time: 16.07
It: 15300, Loss: 2.945e-07, nu: 0.020, Time: 16.05
It: 15400, Loss: 2.928e-07, nu: 0.020, Time: 16.04
It: 15500, Loss: 2.928e-07, nu: 0.020, Time: 16.06
It: 15600, Loss: 2.896e-07, nu: 0.020, Time: 16.06
It: 15700, Loss: 2.843e-07, nu: 0.020, Time: 16.03
It: 15800, Loss: 2.871e-07, nu: 0.020, Time: 16.01
It: 15900, Loss: 2.822e-07, nu: 0.020, Time: 16.02
It: 16000, Loss: 2.841e-07, nu: 0.020, Time: 16.05
It: 16100, Loss: 2.891e-07, nu: 0.020, Time: 16.04
It: 16200, Loss: 2.858e-07, nu: 0.020, Time: 16.03
It: 16300, Loss: 2.832e-07, nu: 0.020, Time: 16.05
It: 16400, Loss: 2.957e-07, nu: 0.020, Time: 16.05
It: 16500, Loss: 2.834e-07, nu: 0.020, Time: 16.04
It: 16600, Loss: 2.834e-07, nu: 0.020, Time: 16.04
It: 16700, Loss: 2.765e-07, nu: 0.020, Time: 16.05
It: 16800, Loss: 2.892e-07, nu: 0.020, Time: 16.06
It: 16900, Loss: 2.804e-07, nu: 0.020, Time: 16.02
It: 17000, Loss: 2.800e-07, nu: 0.020, Time: 16.04
It: 17100, Loss: 2.776e-07, nu: 0.020, Time: 16.03
It: 17200, Loss: 2.807e-07, nu: 0.020, Time: 16.01
It: 17300, Loss: 2.882e-07, nu: 0.020, Time: 16.04
It: 17400, Loss: 2.867e-07, nu: 0.020, Time: 16.00
It: 17500, Loss: 2.858e-07, nu: 0.020, Time: 16.04
It: 17600, Loss: 2.778e-07, nu: 0.020, Time: 16.01
It: 17700, Loss: 2.866e-07, nu: 0.020, Time: 15.98
It: 17800, Loss: 2.881e-07, nu: 0.020, Time: 15.97
It: 17900, Loss: 2.756e-07, nu: 0.020, Time: 15.98
It: 18000, Loss: 2.815e-07, nu: 0.020, Time: 16.01
It: 18100, Loss: 2.842e-07, nu: 0.020, Time: 15.92
It: 18200, Loss: 2.853e-07, nu: 0.020, Time: 16.02
It: 18300, Loss: 2.732e-07, nu: 0.020, Time: 15.97
It: 18400, Loss: 2.877e-07, nu: 0.020, Time: 15.97
It: 18500, Loss: 2.837e-07, nu: 0.020, Time: 15.98
It: 18600, Loss: 2.695e-07, nu: 0.020, Time: 15.99
It: 18700, Loss: 2.746e-07, nu: 0.020, Time: 16.04
It: 18800, Loss: 2.762e-07, nu: 0.020, Time: 16.06
It: 18900, Loss: 2.872e-07, nu: 0.020, Time: 16.03
It: 19000, Loss: 2.768e-07, nu: 0.020, Time: 16.03
It: 19100, Loss: 2.763e-07, nu: 0.020, Time: 16.01
It: 19200, Loss: 2.792e-07, nu: 0.020, Time: 16.04
It: 19300, Loss: 2.815e-07, nu: 0.020, Time: 16.03
It: 19400, Loss: 2.841e-07, nu: 0.020, Time: 16.00
It: 19500, Loss: 2.733e-07, nu: 0.020, Time: 16.03
It: 19600, Loss: 2.823e-07, nu: 0.020, Time: 16.03
It: 19700, Loss: 2.775e-07, nu: 0.020, Time: 16.03
It: 19800, Loss: 2.810e-07, nu: 0.020, Time: 16.03
It: 19900, Loss: 2.777e-07, nu: 0.020, Time: 16.11
It: 20000, Loss: 2.827e-07, nu: 0.020, Time: 16.07
It: 20100, Loss: 2.804e-07, nu: 0.020, Time: 16.01
It: 20200, Loss: 2.813e-07, nu: 0.020, Time: 16.02
It: 20300, Loss: 2.903e-07, nu: 0.020, Time: 16.06
It: 20400, Loss: 2.762e-07, nu: 0.020, Time: 16.00
It: 20500, Loss: 2.867e-07, nu: 0.020, Time: 15.98
It: 20600, Loss: 2.776e-07, nu: 0.020, Time: 16.02
It: 20700, Loss: 2.757e-07, nu: 0.020, Time: 16.00
It: 20800, Loss: 2.805e-07, nu: 0.020, Time: 15.99
It: 20900, Loss: 2.859e-07, nu: 0.020, Time: 16.01
It: 21000, Loss: 2.822e-07, nu: 0.020, Time: 16.03
It: 21100, Loss: 2.757e-07, nu: 0.020, Time: 16.02
It: 21200, Loss: 2.722e-07, nu: 0.020, Time: 16.03
It: 21300, Loss: 2.689e-07, nu: 0.020, Time: 16.03
It: 21400, Loss: 2.761e-07, nu: 0.020, Time: 16.01
It: 21500, Loss: 2.906e-07, nu: 0.020, Time: 16.02
It: 21600, Loss: 2.782e-07, nu: 0.020, Time: 16.00
It: 21700, Loss: 2.722e-07, nu: 0.020, Time: 16.02
It: 21800, Loss: 2.791e-07, nu: 0.020, Time: 15.99
It: 21900, Loss: 2.727e-07, nu: 0.020, Time: 15.96
It: 22000, Loss: 2.916e-07, nu: 0.020, Time: 16.04
It: 22100, Loss: 2.835e-07, nu: 0.020, Time: 16.01
It: 22200, Loss: 2.785e-07, nu: 0.020, Time: 16.07
It: 22300, Loss: 2.741e-07, nu: 0.020, Time: 16.08
It: 22400, Loss: 2.791e-07, nu: 0.020, Time: 16.04
It: 22500, Loss: 2.892e-07, nu: 0.020, Time: 16.04
It: 22600, Loss: 2.897e-07, nu: 0.020, Time: 16.02
It: 22700, Loss: 2.770e-07, nu: 0.020, Time: 16.03
It: 22800, Loss: 2.766e-07, nu: 0.020, Time: 15.97
It: 22900, Loss: 2.776e-07, nu: 0.020, Time: 16.00
It: 23000, Loss: 2.763e-07, nu: 0.020, Time: 16.11
It: 23100, Loss: 2.862e-07, nu: 0.020, Time: 16.06
It: 23200, Loss: 2.873e-07, nu: 0.020, Time: 16.05
It: 23300, Loss: 2.829e-07, nu: 0.020, Time: 16.06
It: 23400, Loss: 2.785e-07, nu: 0.020, Time: 16.08
It: 23500, Loss: 2.870e-07, nu: 0.020, Time: 16.04
It: 23600, Loss: 2.838e-07, nu: 0.020, Time: 16.08
It: 23700, Loss: 2.801e-07, nu: 0.020, Time: 16.07
It: 23800, Loss: 2.795e-07, nu: 0.020, Time: 16.07
It: 23900, Loss: 2.864e-07, nu: 0.020, Time: 16.04
It: 24000, Loss: 2.739e-07, nu: 0.020, Time: 16.07
It: 24100, Loss: 2.772e-07, nu: 0.020, Time: 16.02
It: 24200, Loss: 2.793e-07, nu: 0.020, Time: 16.04
It: 24300, Loss: 2.829e-07, nu: 0.020, Time: 16.08
It: 24400, Loss: 2.860e-07, nu: 0.020, Time: 16.03
It: 24500, Loss: 2.805e-07, nu: 0.020, Time: 16.00
It: 24600, Loss: 2.830e-07, nu: 0.020, Time: 16.05
It: 24700, Loss: 2.781e-07, nu: 0.020, Time: 16.04
It: 24800, Loss: 2.738e-07, nu: 0.020, Time: 16.00
It: 24900, Loss: 2.863e-07, nu: 0.020, Time: 16.00
It: 25000, Loss: 2.709e-07, nu: 0.020, Time: 15.98
It: 25100, Loss: 2.778e-07, nu: 0.020, Time: 15.98
It: 25200, Loss: 2.772e-07, nu: 0.020, Time: 16.01
It: 25300, Loss: 2.833e-07, nu: 0.020, Time: 16.02
It: 25400, Loss: 2.845e-07, nu: 0.020, Time: 16.07
It: 25500, Loss: 2.782e-07, nu: 0.020, Time: 16.02
It: 25600, Loss: 2.805e-07, nu: 0.020, Time: 15.98
It: 25700, Loss: 2.807e-07, nu: 0.020, Time: 16.02
It: 25800, Loss: 2.763e-07, nu: 0.020, Time: 16.04
It: 25900, Loss: 2.801e-07, nu: 0.020, Time: 16.07
It: 26000, Loss: 2.780e-07, nu: 0.020, Time: 16.00
It: 26100, Loss: 2.790e-07, nu: 0.020, Time: 16.03
It: 26200, Loss: 2.847e-07, nu: 0.020, Time: 15.99
It: 26300, Loss: 2.771e-07, nu: 0.020, Time: 15.98
It: 26400, Loss: 2.813e-07, nu: 0.020, Time: 13.37
It: 26500, Loss: 2.744e-07, nu: 0.020, Time: 10.90
It: 26600, Loss: 2.746e-07, nu: 0.020, Time: 10.89
It: 26700, Loss: 2.779e-07, nu: 0.020, Time: 10.90
It: 26800, Loss: 2.834e-07, nu: 0.020, Time: 10.89
It: 26900, Loss: 2.845e-07, nu: 0.020, Time: 10.89
It: 27000, Loss: 2.788e-07, nu: 0.020, Time: 10.91
It: 27100, Loss: 2.764e-07, nu: 0.020, Time: 10.89
It: 27200, Loss: 2.756e-07, nu: 0.020, Time: 10.88
It: 27300, Loss: 2.869e-07, nu: 0.020, Time: 10.89
It: 27400, Loss: 2.784e-07, nu: 0.020, Time: 10.88
It: 27500, Loss: 2.916e-07, nu: 0.020, Time: 10.88
It: 27600, Loss: 2.851e-07, nu: 0.020, Time: 10.89
It: 27700, Loss: 2.760e-07, nu: 0.020, Time: 10.88
It: 27800, Loss: 2.867e-07, nu: 0.020, Time: 10.88
It: 27900, Loss: 2.837e-07, nu: 0.020, Time: 10.88
It: 28000, Loss: 2.864e-07, nu: 0.020, Time: 10.89
It: 28100, Loss: 2.698e-07, nu: 0.020, Time: 10.88
It: 28200, Loss: 2.794e-07, nu: 0.020, Time: 10.89
It: 28300, Loss: 2.813e-07, nu: 0.020, Time: 10.90
It: 28400, Loss: 2.839e-07, nu: 0.020, Time: 10.88
It: 28500, Loss: 2.757e-07, nu: 0.020, Time: 10.88
It: 28600, Loss: 2.880e-07, nu: 0.020, Time: 10.88
It: 28700, Loss: 2.742e-07, nu: 0.020, Time: 10.88
It: 28800, Loss: 2.844e-07, nu: 0.020, Time: 10.88
It: 28900, Loss: 2.739e-07, nu: 0.020, Time: 10.87
It: 29000, Loss: 2.720e-07, nu: 0.020, Time: 10.94
It: 29100, Loss: 2.888e-07, nu: 0.020, Time: 10.88
It: 29200, Loss: 2.831e-07, nu: 0.020, Time: 10.89
It: 29300, Loss: 2.761e-07, nu: 0.020, Time: 10.89
It: 29400, Loss: 2.790e-07, nu: 0.020, Time: 10.88
It: 29500, Loss: 2.917e-07, nu: 0.020, Time: 10.89
It: 29600, Loss: 2.811e-07, nu: 0.020, Time: 10.85
It: 29700, Loss: 2.755e-07, nu: 0.020, Time: 10.74
It: 29800, Loss: 2.860e-07, nu: 0.020, Time: 10.74
It: 29900, Loss: 2.785e-07, nu: 0.020, Time: 10.75
It: 30000, Loss: 2.779e-07, nu: 0.020, Time: 10.78
It: 30100, Loss: 2.911e-07, nu: 0.020, Time: 10.74
It: 30200, Loss: 2.785e-07, nu: 0.020, Time: 10.75
It: 30300, Loss: 2.766e-07, nu: 0.020, Time: 10.78
It: 30400, Loss: 2.812e-07, nu: 0.020, Time: 10.80
It: 30500, Loss: 2.866e-07, nu: 0.020, Time: 10.85
It: 30600, Loss: 2.721e-07, nu: 0.020, Time: 10.85
It: 30700, Loss: 2.781e-07, nu: 0.020, Time: 10.83
It: 30800, Loss: 2.890e-07, nu: 0.020, Time: 10.82
It: 30900, Loss: 2.814e-07, nu: 0.020, Time: 10.84
It: 31000, Loss: 2.825e-07, nu: 0.020, Time: 10.91
It: 31100, Loss: 2.810e-07, nu: 0.020, Time: 10.87
It: 31200, Loss: 2.750e-07, nu: 0.020, Time: 10.87
It: 31300, Loss: 2.897e-07, nu: 0.020, Time: 10.88
It: 31400, Loss: 2.762e-07, nu: 0.020, Time: 10.87
It: 31500, Loss: 2.786e-07, nu: 0.020, Time: 10.85
It: 31600, Loss: 2.801e-07, nu: 0.020, Time: 10.86
It: 31700, Loss: 2.730e-07, nu: 0.020, Time: 10.86
It: 31800, Loss: 2.755e-07, nu: 0.020, Time: 10.87
It: 31900, Loss: 2.788e-07, nu: 0.020, Time: 10.86
It: 32000, Loss: 2.776e-07, nu: 0.020, Time: 10.92
It: 32100, Loss: 2.743e-07, nu: 0.020, Time: 10.87
It: 32200, Loss: 2.803e-07, nu: 0.020, Time: 10.89
It: 32300, Loss: 2.820e-07, nu: 0.020, Time: 10.87
It: 32400, Loss: 2.809e-07, nu: 0.020, Time: 10.87
It: 32500, Loss: 2.734e-07, nu: 0.020, Time: 10.86
It: 32600, Loss: 2.788e-07, nu: 0.020, Time: 10.88
It: 32700, Loss: 2.764e-07, nu: 0.020, Time: 10.85
It: 32800, Loss: 2.853e-07, nu: 0.020, Time: 10.88
It: 32900, Loss: 2.834e-07, nu: 0.020, Time: 10.86
It: 33000, Loss: 2.728e-07, nu: 0.020, Time: 10.91
It: 33100, Loss: 2.777e-07, nu: 0.020, Time: 10.87
It: 33200, Loss: 2.764e-07, nu: 0.020, Time: 10.86
It: 33300, Loss: 2.804e-07, nu: 0.020, Time: 10.87
It: 33400, Loss: 2.816e-07, nu: 0.020, Time: 10.87
It: 33500, Loss: 2.757e-07, nu: 0.020, Time: 10.87
It: 33600, Loss: 2.805e-07, nu: 0.020, Time: 10.85
It: 33700, Loss: 2.780e-07, nu: 0.020, Time: 10.86
It: 33800, Loss: 2.835e-07, nu: 0.020, Time: 10.88
It: 33900, Loss: 2.782e-07, nu: 0.020, Time: 10.87
It: 34000, Loss: 2.750e-07, nu: 0.020, Time: 10.88
It: 34100, Loss: 2.792e-07, nu: 0.020, Time: 10.87
It: 34200, Loss: 2.783e-07, nu: 0.020, Time: 10.85
It: 34300, Loss: 2.807e-07, nu: 0.020, Time: 10.86
It: 34400, Loss: 2.748e-07, nu: 0.020, Time: 10.86
It: 34500, Loss: 2.850e-07, nu: 0.020, Time: 10.85
It: 34600, Loss: 2.797e-07, nu: 0.020, Time: 10.59
It: 34700, Loss: 2.786e-07, nu: 0.020, Time: 10.36
It: 34800, Loss: 2.761e-07, nu: 0.020, Time: 10.36
It: 34900, Loss: 2.809e-07, nu: 0.020, Time: 10.36
It: 35000, Loss: 2.838e-07, nu: 0.020, Time: 10.45
It: 35100, Loss: 2.723e-07, nu: 0.020, Time: 10.85
It: 35200, Loss: 2.886e-07, nu: 0.020, Time: 10.82
It: 35300, Loss: 2.721e-07, nu: 0.020, Time: 10.83
It: 35400, Loss: 2.822e-07, nu: 0.020, Time: 10.85
It: 35500, Loss: 2.806e-07, nu: 0.020, Time: 10.84
It: 35600, Loss: 2.854e-07, nu: 0.020, Time: 10.84
It: 35700, Loss: 2.741e-07, nu: 0.020, Time: 10.84
It: 35800, Loss: 2.888e-07, nu: 0.020, Time: 10.84
It: 35900, Loss: 2.868e-07, nu: 0.020, Time: 10.82
It: 36000, Loss: 2.784e-07, nu: 0.020, Time: 10.88
It: 36100, Loss: 2.844e-07, nu: 0.020, Time: 10.83
It: 36200, Loss: 2.769e-07, nu: 0.020, Time: 10.82
It: 36300, Loss: 2.769e-07, nu: 0.020, Time: 10.84
It: 36400, Loss: 2.865e-07, nu: 0.020, Time: 10.83
It: 36500, Loss: 2.736e-07, nu: 0.020, Time: 10.82
It: 36600, Loss: 2.730e-07, nu: 0.020, Time: 10.83
It: 36700, Loss: 2.773e-07, nu: 0.020, Time: 10.84
It: 36800, Loss: 2.698e-07, nu: 0.020, Time: 10.83
It: 36900, Loss: 2.858e-07, nu: 0.020, Time: 10.82
It: 37000, Loss: 2.680e-07, nu: 0.020, Time: 10.89
It: 37100, Loss: 2.814e-07, nu: 0.020, Time: 10.88
It: 37200, Loss: 2.854e-07, nu: 0.020, Time: 10.86
It: 37300, Loss: 2.763e-07, nu: 0.020, Time: 10.81
It: 37400, Loss: 2.849e-07, nu: 0.020, Time: 10.85
It: 37500, Loss: 2.811e-07, nu: 0.020, Time: 10.86
It: 37600, Loss: 2.828e-07, nu: 0.020, Time: 10.85
It: 37700, Loss: 2.763e-07, nu: 0.020, Time: 10.83
It: 37800, Loss: 2.813e-07, nu: 0.020, Time: 10.86
It: 37900, Loss: 2.827e-07, nu: 0.020, Time: 10.85
It: 38000, Loss: 2.853e-07, nu: 0.020, Time: 10.86
It: 38100, Loss: 2.746e-07, nu: 0.020, Time: 10.86
It: 38200, Loss: 2.850e-07, nu: 0.020, Time: 10.86
It: 38300, Loss: 2.829e-07, nu: 0.020, Time: 10.87
It: 38400, Loss: 2.820e-07, nu: 0.020, Time: 10.87
It: 38500, Loss: 2.850e-07, nu: 0.020, Time: 10.88
It: 38600, Loss: 2.859e-07, nu: 0.020, Time: 10.89
It: 38700, Loss: 2.770e-07, nu: 0.020, Time: 10.90
It: 38800, Loss: 2.833e-07, nu: 0.020, Time: 10.92
It: 38900, Loss: 2.889e-07, nu: 0.020, Time: 10.89
It: 39000, Loss: 2.809e-07, nu: 0.020, Time: 10.91
It: 39100, Loss: 2.814e-07, nu: 0.020, Time: 10.86
It: 39200, Loss: 2.776e-07, nu: 0.020, Time: 10.86
It: 39300, Loss: 2.766e-07, nu: 0.020, Time: 10.86
It: 39400, Loss: 2.756e-07, nu: 0.020, Time: 10.86
It: 39500, Loss: 2.810e-07, nu: 0.020, Time: 10.86
It: 39600, Loss: 2.740e-07, nu: 0.020, Time: 10.87
It: 39700, Loss: 2.761e-07, nu: 0.020, Time: 10.88
It: 39800, Loss: 2.750e-07, nu: 0.020, Time: 10.89
It: 39900, Loss: 2.863e-07, nu: 0.020, Time: 10.88
It: 40000, Loss: 2.798e-07, nu: 0.020, Time: 10.92
It: 40100, Loss: 2.782e-07, nu: 0.020, Time: 10.89
It: 40200, Loss: 2.889e-07, nu: 0.020, Time: 10.88
It: 40300, Loss: 2.814e-07, nu: 0.020, Time: 10.88
It: 40400, Loss: 2.781e-07, nu: 0.020, Time: 10.87
It: 40500, Loss: 2.723e-07, nu: 0.020, Time: 10.86
It: 40600, Loss: 2.808e-07, nu: 0.020, Time: 10.82
It: 40700, Loss: 2.766e-07, nu: 0.020, Time: 10.76
It: 40800, Loss: 2.866e-07, nu: 0.020, Time: 10.74
It: 40900, Loss: 2.758e-07, nu: 0.020, Time: 10.77
It: 41000, Loss: 2.819e-07, nu: 0.020, Time: 10.80
It: 41100, Loss: 2.850e-07, nu: 0.020, Time: 10.77
It: 41200, Loss: 2.863e-07, nu: 0.020, Time: 10.74
It: 41300, Loss: 2.823e-07, nu: 0.020, Time: 10.73
It: 41400, Loss: 2.697e-07, nu: 0.020, Time: 10.71
It: 41500, Loss: 2.822e-07, nu: 0.020, Time: 10.78
It: 41600, Loss: 2.924e-07, nu: 0.020, Time: 10.76
It: 41700, Loss: 2.768e-07, nu: 0.020, Time: 10.76
It: 41800, Loss: 2.799e-07, nu: 0.020, Time: 10.74
It: 41900, Loss: 2.854e-07, nu: 0.020, Time: 10.82
It: 42000, Loss: 2.816e-07, nu: 0.020, Time: 10.82
It: 42100, Loss: 2.797e-07, nu: 0.020, Time: 10.81
It: 42200, Loss: 2.832e-07, nu: 0.020, Time: 10.77
It: 42300, Loss: 2.784e-07, nu: 0.020, Time: 10.78
It: 42400, Loss: 2.892e-07, nu: 0.020, Time: 10.98
It: 42500, Loss: 2.787e-07, nu: 0.020, Time: 10.77
It: 42600, Loss: 2.862e-07, nu: 0.020, Time: 10.77
It: 42700, Loss: 2.784e-07, nu: 0.020, Time: 10.77
It: 42800, Loss: 2.821e-07, nu: 0.020, Time: 10.76
It: 42900, Loss: 2.800e-07, nu: 0.020, Time: 10.79
It: 43000, Loss: 2.796e-07, nu: 0.020, Time: 10.85
It: 43100, Loss: 2.848e-07, nu: 0.020, Time: 10.80
It: 43200, Loss: 2.784e-07, nu: 0.020, Time: 10.76
It: 43300, Loss: 2.824e-07, nu: 0.020, Time: 10.80
It: 43400, Loss: 2.767e-07, nu: 0.020, Time: 10.75
It: 43500, Loss: 2.764e-07, nu: 0.020, Time: 10.74
It: 43600, Loss: 2.848e-07, nu: 0.020, Time: 10.78
It: 43700, Loss: 2.840e-07, nu: 0.020, Time: 10.76
It: 43800, Loss: 2.752e-07, nu: 0.020, Time: 10.80
It: 43900, Loss: 2.803e-07, nu: 0.020, Time: 10.78
It: 44000, Loss: 2.870e-07, nu: 0.020, Time: 10.85
It: 44100, Loss: 2.832e-07, nu: 0.020, Time: 10.80
It: 44200, Loss: 2.905e-07, nu: 0.020, Time: 10.81
It: 44300, Loss: 2.776e-07, nu: 0.020, Time: 10.81
It: 44400, Loss: 2.736e-07, nu: 0.020, Time: 10.80
It: 44500, Loss: 2.749e-07, nu: 0.020, Time: 10.83
It: 44600, Loss: 2.755e-07, nu: 0.020, Time: 10.82
It: 44700, Loss: 2.822e-07, nu: 0.020, Time: 10.85
It: 44800, Loss: 2.817e-07, nu: 0.020, Time: 10.82
It: 44900, Loss: 2.757e-07, nu: 0.020, Time: 10.85
It: 45000, Loss: 2.754e-07, nu: 0.020, Time: 10.85
It: 45100, Loss: 2.788e-07, nu: 0.020, Time: 10.82
It: 45200, Loss: 2.781e-07, nu: 0.020, Time: 10.79
It: 45300, Loss: 2.832e-07, nu: 0.020, Time: 10.81
It: 45400, Loss: 2.742e-07, nu: 0.020, Time: 10.84
It: 45500, Loss: 2.811e-07, nu: 0.020, Time: 10.80
It: 45600, Loss: 2.667e-07, nu: 0.020, Time: 10.81
It: 45700, Loss: 2.771e-07, nu: 0.020, Time: 10.32
It: 45800, Loss: 2.793e-07, nu: 0.020, Time: 10.55
It: 45900, Loss: 2.916e-07, nu: 0.020, Time: 10.78
It: 46000, Loss: 2.834e-07, nu: 0.020, Time: 10.81
It: 46100, Loss: 2.744e-07, nu: 0.020, Time: 10.80
It: 46200, Loss: 2.898e-07, nu: 0.020, Time: 10.88
It: 46300, Loss: 2.754e-07, nu: 0.020, Time: 10.80
It: 46400, Loss: 2.827e-07, nu: 0.020, Time: 10.80
It: 46500, Loss: 2.781e-07, nu: 0.020, Time: 10.79
It: 46600, Loss: 2.857e-07, nu: 0.020, Time: 10.81
It: 46700, Loss: 2.831e-07, nu: 0.020, Time: 10.77
It: 46800, Loss: 2.766e-07, nu: 0.020, Time: 10.78
It: 46900, Loss: 2.813e-07, nu: 0.020, Time: 10.79
It: 47000, Loss: 2.846e-07, nu: 0.020, Time: 10.79
It: 47100, Loss: 2.817e-07, nu: 0.020, Time: 10.79
It: 47200, Loss: 2.823e-07, nu: 0.020, Time: 10.78
It: 47300, Loss: 2.755e-07, nu: 0.020, Time: 10.76
It: 47400, Loss: 2.797e-07, nu: 0.020, Time: 10.81
It: 47500, Loss: 2.840e-07, nu: 0.020, Time: 10.78
It: 47600, Loss: 2.785e-07, nu: 0.020, Time: 10.79
It: 47700, Loss: 2.883e-07, nu: 0.020, Time: 10.82
It: 47800, Loss: 2.891e-07, nu: 0.020, Time: 10.77
It: 47900, Loss: 2.793e-07, nu: 0.020, Time: 10.79
It: 48000, Loss: 2.850e-07, nu: 0.020, Time: 10.80
It: 48100, Loss: 2.835e-07, nu: 0.020, Time: 10.77
It: 48200, Loss: 2.925e-07, nu: 0.020, Time: 10.79
It: 48300, Loss: 2.774e-07, nu: 0.020, Time: 10.76
It: 48400, Loss: 2.699e-07, nu: 0.020, Time: 10.80/home/zihan/anaconda3/envs/x/lib/python3.7/site-packages/torch/nn/functional.py:1933: UserWarning: nn.functional.tanh is deprecated. Use torch.tanh instead.
  warnings.warn("nn.functional.tanh is deprecated. Use torch.tanh instead.")

It: 48500, Loss: 2.735e-07, nu: 0.020, Time: 10.81
It: 48600, Loss: 2.856e-07, nu: 0.020, Time: 10.79
It: 48700, Loss: 2.858e-07, nu: 0.020, Time: 10.78
It: 48800, Loss: 2.768e-07, nu: 0.020, Time: 10.79
It: 48900, Loss: 2.773e-07, nu: 0.020, Time: 10.81
It: 49000, Loss: 2.882e-07, nu: 0.020, Time: 10.82
It: 49100, Loss: 2.791e-07, nu: 0.020, Time: 10.79
It: 49200, Loss: 2.891e-07, nu: 0.020, Time: 10.80
It: 49300, Loss: 2.820e-07, nu: 0.020, Time: 10.76
It: 49400, Loss: 2.720e-07, nu: 0.020, Time: 10.76
It: 49500, Loss: 2.762e-07, nu: 0.020, Time: 10.79
It: 49600, Loss: 2.786e-07, nu: 0.020, Time: 10.80
It: 49700, Loss: 2.764e-07, nu: 0.020, Time: 10.81
It: 49800, Loss: 2.836e-07, nu: 0.020, Time: 10.80
It: 49900, Loss: 2.768e-07, nu: 0.020, Time: 10.78
Error u: 1.098036e-07
Error nu: 0.00000%
