torch.Size([1000000, 3]) torch.Size([1000000, 1]) torch.Size([1000000, 1])
It: 0, Loss: 8.926e-01, lamd1: -0.000, lamd2: -0.00009, Time: 0.20
It: 100, Loss: 1.617e-01, lamd1: -0.087, lamd2: 0.01410, Time: 12.65
It: 200, Loss: 1.262e-01, lamd1: -0.001, lamd2: 0.00045, Time: 12.72
It: 300, Loss: 1.225e-01, lamd1: -0.060, lamd2: 0.00060, Time: 12.74
It: 400, Loss: 1.198e-01, lamd1: -0.042, lamd2: 0.00019, Time: 12.76
It: 500, Loss: 1.358e-01, lamd1: -0.007, lamd2: -0.00182, Time: 12.77
It: 600, Loss: 1.231e-01, lamd1: -0.010, lamd2: -0.00071, Time: 12.80
It: 700, Loss: 1.217e-01, lamd1: -0.024, lamd2: 0.00035, Time: 12.79
It: 800, Loss: 1.412e-01, lamd1: -0.048, lamd2: -0.00215, Time: 12.81
It: 900, Loss: 9.603e-02, lamd1: 0.005, lamd2: 0.00023, Time: 12.81
It: 1000, Loss: 9.548e-02, lamd1: 0.003, lamd2: 0.00008, Time: 12.81
It: 1100, Loss: 9.528e-02, lamd1: 0.000, lamd2: -0.00010, Time: 12.83
It: 1200, Loss: 9.516e-02, lamd1: -0.001, lamd2: -0.00014, Time: 12.83
It: 1300, Loss: 9.499e-02, lamd1: -0.000, lamd2: -0.00006, Time: 12.83
It: 1400, Loss: 9.562e-02, lamd1: -0.000, lamd2: -0.00001, Time: 12.90
It: 1500, Loss: 9.535e-02, lamd1: -0.001, lamd2: 0.00000, Time: 12.88
It: 1600, Loss: 9.494e-02, lamd1: -0.001, lamd2: 0.00001, Time: 12.85
It: 1700, Loss: 9.479e-02, lamd1: -0.002, lamd2: -0.00002, Time: 12.87
It: 1800, Loss: 9.534e-02, lamd1: -0.001, lamd2: 0.00002, Time: 12.85
It: 1900, Loss: 9.744e-02, lamd1: -0.002, lamd2: -0.00022, Time: 12.89
It: 2000, Loss: 9.527e-02, lamd1: -0.002, lamd2: -0.00013, Time: 12.92
It: 2100, Loss: 9.456e-02, lamd1: -0.002, lamd2: 0.00010, Time: 12.86
It: 2200, Loss: 9.634e-02, lamd1: -0.003, lamd2: 0.00053, Time: 12.88
It: 2300, Loss: 9.654e-02, lamd1: -0.002, lamd2: 0.00055, Time: 12.92
It: 2400, Loss: 9.458e-02, lamd1: -0.001, lamd2: 0.00001, Time: 12.89
It: 2500, Loss: 9.440e-02, lamd1: -0.001, lamd2: -0.00013, Time: 12.91
It: 2600, Loss: 9.507e-02, lamd1: -0.002, lamd2: 0.00019, Time: 12.85
It: 2700, Loss: 9.521e-02, lamd1: -0.001, lamd2: -0.00047, Time: 12.87
It: 2800, Loss: 9.569e-02, lamd1: -0.002, lamd2: 0.00058, Time: 12.92
It: 2900, Loss: 9.465e-02, lamd1: 0.000, lamd2: 0.00032, Time: 12.94
It: 3000, Loss: 9.464e-02, lamd1: -0.000, lamd2: -0.00027, Time: 12.91
It: 3100, Loss: 9.454e-02, lamd1: -0.001, lamd2: -0.00011, Time: 12.92
It: 3200, Loss: 9.484e-02, lamd1: 0.000, lamd2: 0.00045, Time: 12.89
It: 3300, Loss: 9.439e-02, lamd1: 0.002, lamd2: -0.00010, Time: 12.91
It: 3400, Loss: 9.582e-02, lamd1: 0.006, lamd2: -0.00026, Time: 12.87
It: 3500, Loss: 9.583e-02, lamd1: 0.006, lamd2: 0.00025, Time: 12.94
It: 3600, Loss: 9.399e-02, lamd1: 0.032, lamd2: -0.00013, Time: 12.95
It: 3700, Loss: 9.432e-02, lamd1: 0.054, lamd2: -0.00261, Time: 12.93
It: 3800, Loss: 9.302e-02, lamd1: 0.067, lamd2: 0.00076, Time: 13.00
It: 3900, Loss: 9.438e-02, lamd1: 0.596, lamd2: 0.01212, Time: 12.86
It: 4000, Loss: 8.041e-02, lamd1: 0.773, lamd2: 0.01428, Time: 12.92
It: 4100, Loss: 5.501e-02, lamd1: 0.855, lamd2: 0.01385, Time: 12.95
It: 4200, Loss: 2.296e-02, lamd1: 0.876, lamd2: 0.00625, Time: 12.93
It: 4300, Loss: 1.424e-02, lamd1: 0.913, lamd2: 0.00969, Time: 12.96
It: 4400, Loss: 1.510e-02, lamd1: 0.930, lamd2: 0.01150, Time: 13.07
It: 4500, Loss: 9.572e-03, lamd1: 0.939, lamd2: 0.01224, Time: 13.07
It: 4600, Loss: 8.264e-03, lamd1: 0.947, lamd2: 0.01266, Time: 13.06
It: 4700, Loss: 9.178e-03, lamd1: 0.955, lamd2: 0.01287, Time: 13.00
It: 4800, Loss: 9.080e-03, lamd1: 0.955, lamd2: 0.01329, Time: 12.95
It: 4900, Loss: 7.585e-03, lamd1: 0.963, lamd2: 0.01289, Time: 12.98
It: 5000, Loss: 7.865e-03, lamd1: 0.964, lamd2: 0.01315, Time: 12.85
It: 5100, Loss: 5.511e-03, lamd1: 0.967, lamd2: 0.01305, Time: 12.89
It: 5200, Loss: 6.266e-03, lamd1: 0.968, lamd2: 0.01236, Time: 12.86
It: 5300, Loss: 9.999e-03, lamd1: 0.970, lamd2: 0.01376, Time: 12.87
It: 5400, Loss: 5.954e-03, lamd1: 0.972, lamd2: 0.01281, Time: 12.90
It: 5500, Loss: 4.373e-03, lamd1: 0.976, lamd2: 0.01208, Time: 12.87
It: 5600, Loss: 5.707e-03, lamd1: 0.978, lamd2: 0.01198, Time: 12.94
It: 5700, Loss: 4.881e-03, lamd1: 0.980, lamd2: 0.01210, Time: 13.17
It: 5800, Loss: 6.272e-03, lamd1: 0.978, lamd2: 0.01204, Time: 12.88
It: 5900, Loss: 4.428e-03, lamd1: 0.981, lamd2: 0.01176, Time: 12.87
It: 6000, Loss: 4.170e-03, lamd1: 0.982, lamd2: 0.01252, Time: 12.87
It: 6100, Loss: 2.741e-03, lamd1: 0.983, lamd2: 0.01177, Time: 12.88
It: 6200, Loss: 3.230e-03, lamd1: 0.984, lamd2: 0.01175, Time: 12.87
It: 6300, Loss: 2.914e-03, lamd1: 0.984, lamd2: 0.01168, Time: 12.83
It: 6400, Loss: 2.513e-03, lamd1: 0.983, lamd2: 0.01204, Time: 12.88
It: 6500, Loss: 4.136e-03, lamd1: 0.984, lamd2: 0.01149, Time: 12.86
It: 6600, Loss: 3.251e-03, lamd1: 0.985, lamd2: 0.01181, Time: 12.84
It: 6700, Loss: 3.186e-03, lamd1: 0.983, lamd2: 0.01167, Time: 12.84
It: 6800, Loss: 3.614e-03, lamd1: 0.984, lamd2: 0.01153, Time: 12.85
It: 6900, Loss: 2.934e-03, lamd1: 0.985, lamd2: 0.01127, Time: 12.89
It: 7000, Loss: 2.954e-03, lamd1: 0.983, lamd2: 0.01147, Time: 12.87
It: 7100, Loss: 2.285e-03, lamd1: 0.986, lamd2: 0.01113, Time: 12.83
It: 7200, Loss: 2.291e-03, lamd1: 0.985, lamd2: 0.01213, Time: 12.86
It: 7300, Loss: 3.534e-03, lamd1: 0.984, lamd2: 0.01135, Time: 12.87
It: 7400, Loss: 5.916e-03, lamd1: 0.987, lamd2: 0.01133, Time: 12.85
It: 7500, Loss: 3.046e-03, lamd1: 0.985, lamd2: 0.01141, Time: 12.86
It: 7600, Loss: 3.948e-03, lamd1: 0.983, lamd2: 0.01221, Time: 12.87
It: 7700, Loss: 3.014e-03, lamd1: 0.987, lamd2: 0.01129, Time: 12.88
It: 7800, Loss: 5.737e-03, lamd1: 0.987, lamd2: 0.01183, Time: 12.85
It: 7900, Loss: 4.878e-03, lamd1: 0.986, lamd2: 0.01176, Time: 12.86
It: 8000, Loss: 2.198e-03, lamd1: 0.987, lamd2: 0.01084, Time: 12.85
It: 8100, Loss: 2.209e-03, lamd1: 0.987, lamd2: 0.01138, Time: 12.87
It: 8200, Loss: 2.288e-03, lamd1: 0.985, lamd2: 0.01086, Time: 12.92
It: 8300, Loss: 6.442e-03, lamd1: 0.985, lamd2: 0.01066, Time: 13.39
It: 8400, Loss: 3.558e-03, lamd1: 0.986, lamd2: 0.01134, Time: 13.28
It: 8500, Loss: 3.320e-03, lamd1: 0.985, lamd2: 0.01086, Time: 12.99
It: 8600, Loss: 5.147e-03, lamd1: 0.986, lamd2: 0.01063, Time: 12.94
It: 8700, Loss: 1.684e-03, lamd1: 0.986, lamd2: 0.01078, Time: 12.92
It: 8800, Loss: 1.986e-03, lamd1: 0.987, lamd2: 0.01079, Time: 12.89
It: 8900, Loss: 1.750e-03, lamd1: 0.987, lamd2: 0.01078, Time: 12.82
It: 9000, Loss: 2.490e-03, lamd1: 0.987, lamd2: 0.01079, Time: 12.84
It: 9100, Loss: 2.413e-03, lamd1: 0.986, lamd2: 0.01072, Time: 12.83
It: 9200, Loss: 1.471e-03, lamd1: 0.986, lamd2: 0.01095, Time: 12.83
It: 9300, Loss: 1.799e-03, lamd1: 0.988, lamd2: 0.01099, Time: 12.81
It: 9400, Loss: 1.997e-03, lamd1: 0.987, lamd2: 0.01070, Time: 12.92
It: 9500, Loss: 1.806e-03, lamd1: 0.988, lamd2: 0.01128, Time: 12.86
It: 9600, Loss: 2.789e-03, lamd1: 0.988, lamd2: 0.01060, Time: 12.85
It: 9700, Loss: 1.904e-03, lamd1: 0.988, lamd2: 0.01113, Time: 12.88
It: 9800, Loss: 2.202e-03, lamd1: 0.989, lamd2: 0.01051, Time: 12.86
It: 9900, Loss: 2.761e-03, lamd1: 0.989, lamd2: 0.01045, Time: 12.88
It: 10000, Loss: 3.042e-03, lamd1: 0.988, lamd2: 0.01108, Time: 12.92
It: 10100, Loss: 8.283e-04, lamd1: 0.990, lamd2: 0.01093, Time: 12.86
It: 10200, Loss: 8.097e-04, lamd1: 0.990, lamd2: 0.01092, Time: 12.86
It: 10300, Loss: 7.932e-04, lamd1: 0.991, lamd2: 0.01092, Time: 12.91
It: 10400, Loss: 7.779e-04, lamd1: 0.991, lamd2: 0.01092, Time: 12.90
It: 10500, Loss: 7.634e-04, lamd1: 0.991, lamd2: 0.01092, Time: 12.84
It: 10600, Loss: 7.495e-04, lamd1: 0.991, lamd2: 0.01092, Time: 12.86
It: 10700, Loss: 7.360e-04, lamd1: 0.991, lamd2: 0.01092, Time: 12.88
It: 10800, Loss: 7.229e-04, lamd1: 0.992, lamd2: 0.01092, Time: 12.88
It: 10900, Loss: 7.101e-04, lamd1: 0.992, lamd2: 0.01092, Time: 12.89
It: 11000, Loss: 6.975e-04, lamd1: 0.992, lamd2: 0.01092, Time: 12.85
It: 11100, Loss: 6.852e-04, lamd1: 0.992, lamd2: 0.01092, Time: 12.87
It: 11200, Loss: 7.004e-04, lamd1: 0.992, lamd2: 0.01089, Time: 12.85
It: 11300, Loss: 1.125e-03, lamd1: 0.992, lamd2: 0.01102, Time: 12.87
It: 11400, Loss: 8.625e-04, lamd1: 0.992, lamd2: 0.01100, Time: 12.89
It: 11500, Loss: 8.809e-04, lamd1: 0.991, lamd2: 0.01081, Time: 12.93
It: 11600, Loss: 6.557e-04, lamd1: 0.992, lamd2: 0.01095, Time: 12.87
It: 11700, Loss: 8.535e-04, lamd1: 0.992, lamd2: 0.01106, Time: 12.89
It: 11800, Loss: 1.149e-03, lamd1: 0.992, lamd2: 0.01097, Time: 12.90
It: 11900, Loss: 9.927e-04, lamd1: 0.992, lamd2: 0.01094, Time: 12.89
It: 12000, Loss: 9.092e-04, lamd1: 0.992, lamd2: 0.01082, Time: 12.86
It: 12100, Loss: 7.474e-04, lamd1: 0.993, lamd2: 0.01103, Time: 12.89
It: 12200, Loss: 9.128e-04, lamd1: 0.993, lamd2: 0.01097, Time: 12.83
It: 12300, Loss: 6.217e-04, lamd1: 0.993, lamd2: 0.01098, Time: 12.87
It: 12400, Loss: 9.988e-04, lamd1: 0.993, lamd2: 0.01077, Time: 12.85
It: 12500, Loss: 7.290e-04, lamd1: 0.993, lamd2: 0.01084, Time: 12.86
It: 12600, Loss: 1.293e-03, lamd1: 0.993, lamd2: 0.01125, Time: 12.91
It: 12700, Loss: 1.330e-03, lamd1: 0.993, lamd2: 0.01093, Time: 12.86
It: 12800, Loss: 2.053e-03, lamd1: 0.993, lamd2: 0.01106, Time: 12.84
It: 12900, Loss: 1.137e-03, lamd1: 0.993, lamd2: 0.01089, Time: 12.87
It: 13000, Loss: 6.035e-04, lamd1: 0.993, lamd2: 0.01091, Time: 12.87
It: 13100, Loss: 8.225e-04, lamd1: 0.993, lamd2: 0.01084, Time: 12.89
It: 13200, Loss: 6.804e-04, lamd1: 0.993, lamd2: 0.01084, Time: 12.87
It: 13300, Loss: 6.653e-04, lamd1: 0.993, lamd2: 0.01092, Time: 12.88
It: 13400, Loss: 1.011e-03, lamd1: 0.993, lamd2: 0.01077, Time: 12.87
It: 13500, Loss: 1.488e-03, lamd1: 0.993, lamd2: 0.01129, Time: 12.84
It: 13600, Loss: 1.079e-03, lamd1: 0.993, lamd2: 0.01116, Time: 12.88
It: 13700, Loss: 1.568e-03, lamd1: 0.993, lamd2: 0.01089, Time: 12.86
It: 13800, Loss: 5.837e-04, lamd1: 0.994, lamd2: 0.01092, Time: 12.83
It: 13900, Loss: 5.920e-04, lamd1: 0.994, lamd2: 0.01095, Time: 12.84
It: 14000, Loss: 1.044e-03, lamd1: 0.994, lamd2: 0.01110, Time: 12.85
It: 14100, Loss: 1.441e-03, lamd1: 0.994, lamd2: 0.01084, Time: 13.21
It: 14200, Loss: 1.010e-03, lamd1: 0.994, lamd2: 0.01074, Time: 13.42
It: 14300, Loss: 6.520e-04, lamd1: 0.994, lamd2: 0.01091, Time: 13.37
It: 14400, Loss: 8.838e-04, lamd1: 0.994, lamd2: 0.01085, Time: 13.45
It: 14500, Loss: 6.599e-04, lamd1: 0.994, lamd2: 0.01089, Time: 12.89
It: 14600, Loss: 1.539e-03, lamd1: 0.994, lamd2: 0.01056, Time: 12.89
It: 14700, Loss: 1.112e-03, lamd1: 0.994, lamd2: 0.01072, Time: 12.90
It: 14800, Loss: 1.194e-03, lamd1: 0.994, lamd2: 0.01123, Time: 12.86
It: 14900, Loss: 8.852e-04, lamd1: 0.994, lamd2: 0.01096, Time: 12.86
It: 15000, Loss: 1.032e-03, lamd1: 0.994, lamd2: 0.01094, Time: 12.88
It: 15100, Loss: 9.369e-04, lamd1: 0.994, lamd2: 0.01066, Time: 12.92
It: 15200, Loss: 5.909e-04, lamd1: 0.994, lamd2: 0.01094, Time: 12.85
It: 15300, Loss: 1.031e-03, lamd1: 0.994, lamd2: 0.01087, Time: 12.91
It: 15400, Loss: 5.476e-04, lamd1: 0.994, lamd2: 0.01093, Time: 12.88
It: 15500, Loss: 1.071e-03, lamd1: 0.994, lamd2: 0.01098, Time: 12.88
It: 15600, Loss: 6.237e-04, lamd1: 0.994, lamd2: 0.01082, Time: 12.87
It: 15700, Loss: 7.209e-04, lamd1: 0.995, lamd2: 0.01080, Time: 12.86
It: 15800, Loss: 5.157e-04, lamd1: 0.995, lamd2: 0.01091, Time: 12.85
It: 15900, Loss: 1.991e-03, lamd1: 0.995, lamd2: 0.01079, Time: 12.83
It: 16000, Loss: 4.743e-04, lamd1: 0.994, lamd2: 0.01088, Time: 12.82
It: 16100, Loss: 6.569e-04, lamd1: 0.994, lamd2: 0.01079, Time: 12.82
It: 16200, Loss: 6.228e-04, lamd1: 0.994, lamd2: 0.01105, Time: 12.80
It: 16300, Loss: 5.080e-04, lamd1: 0.995, lamd2: 0.01089, Time: 12.84
It: 16400, Loss: 5.488e-04, lamd1: 0.995, lamd2: 0.01092, Time: 12.82
It: 16500, Loss: 5.129e-04, lamd1: 0.995, lamd2: 0.01084, Time: 12.82
It: 16600, Loss: 7.564e-04, lamd1: 0.995, lamd2: 0.01107, Time: 12.83
It: 16700, Loss: 5.751e-04, lamd1: 0.995, lamd2: 0.01087, Time: 12.81
It: 16800, Loss: 4.741e-04, lamd1: 0.995, lamd2: 0.01093, Time: 12.85
It: 16900, Loss: 4.465e-04, lamd1: 0.995, lamd2: 0.01082, Time: 12.82
It: 17000, Loss: 7.205e-04, lamd1: 0.995, lamd2: 0.01103, Time: 12.85
It: 17100, Loss: 4.896e-04, lamd1: 0.995, lamd2: 0.01078, Time: 12.82
It: 17200, Loss: 7.213e-04, lamd1: 0.994, lamd2: 0.01069, Time: 12.83
It: 17300, Loss: 6.611e-04, lamd1: 0.995, lamd2: 0.01089, Time: 12.81
It: 17400, Loss: 9.794e-04, lamd1: 0.995, lamd2: 0.01104, Time: 12.82
It: 17500, Loss: 1.019e-03, lamd1: 0.995, lamd2: 0.01074, Time: 12.80
It: 17600, Loss: 1.102e-03, lamd1: 0.995, lamd2: 0.01110, Time: 12.82
It: 17700, Loss: 4.834e-04, lamd1: 0.995, lamd2: 0.01079, Time: 12.82
It: 17800, Loss: 1.058e-03, lamd1: 0.995, lamd2: 0.01073, Time: 12.83
It: 17900, Loss: 7.294e-04, lamd1: 0.995, lamd2: 0.01084, Time: 12.82
It: 18000, Loss: 1.003e-03, lamd1: 0.995, lamd2: 0.01086, Time: 12.82
It: 18100, Loss: 5.241e-04, lamd1: 0.995, lamd2: 0.01079, Time: 12.81
It: 18200, Loss: 5.563e-04, lamd1: 0.995, lamd2: 0.01079, Time: 12.81
It: 18300, Loss: 5.399e-04, lamd1: 0.995, lamd2: 0.01088, Time: 12.82
It: 18400, Loss: 8.649e-04, lamd1: 0.995, lamd2: 0.01105, Time: 12.83
It: 18500, Loss: 8.346e-04, lamd1: 0.996, lamd2: 0.01082, Time: 12.82
It: 18600, Loss: 4.991e-04, lamd1: 0.996, lamd2: 0.01082, Time: 12.82
It: 18700, Loss: 5.780e-04, lamd1: 0.994, lamd2: 0.01073, Time: 12.85
It: 18800, Loss: 7.203e-04, lamd1: 0.995, lamd2: 0.01100, Time: 12.81
It: 18900, Loss: 4.575e-04, lamd1: 0.995, lamd2: 0.01087, Time: 12.82
It: 19000, Loss: 9.044e-04, lamd1: 0.995, lamd2: 0.01102, Time: 12.82
It: 19100, Loss: 1.071e-03, lamd1: 0.996, lamd2: 0.01084, Time: 12.82
It: 19200, Loss: 1.205e-03, lamd1: 0.995, lamd2: 0.01109, Time: 12.83
It: 19300, Loss: 4.275e-04, lamd1: 0.996, lamd2: 0.01087, Time: 12.81
It: 19400, Loss: 5.960e-04, lamd1: 0.995, lamd2: 0.01096, Time: 12.82
It: 19500, Loss: 5.369e-04, lamd1: 0.996, lamd2: 0.01084, Time: 12.83
It: 19600, Loss: 9.751e-04, lamd1: 0.996, lamd2: 0.01060, Time: 12.83
It: 19700, Loss: 5.884e-04, lamd1: 0.995, lamd2: 0.01074, Time: 12.83
It: 19800, Loss: 4.246e-04, lamd1: 0.996, lamd2: 0.01084, Time: 12.80
It: 19900, Loss: 7.041e-04, lamd1: 0.995, lamd2: 0.01070, Time: 12.84
It: 20000, Loss: 4.299e-04, lamd1: 0.995, lamd2: 0.01082, Time: 12.84
It: 20100, Loss: 3.570e-04, lamd1: 0.996, lamd2: 0.01081, Time: 12.83
It: 20200, Loss: 3.551e-04, lamd1: 0.996, lamd2: 0.01081, Time: 12.83
It: 20300, Loss: 3.533e-04, lamd1: 0.996, lamd2: 0.01081, Time: 12.83
It: 20400, Loss: 3.515e-04, lamd1: 0.996, lamd2: 0.01081, Time: 12.84
It: 20500, Loss: 3.498e-04, lamd1: 0.996, lamd2: 0.01081, Time: 12.81
It: 20600, Loss: 3.481e-04, lamd1: 0.996, lamd2: 0.01081, Time: 12.83
It: 20700, Loss: 3.464e-04, lamd1: 0.996, lamd2: 0.01081, Time: 12.83
It: 20800, Loss: 3.447e-04, lamd1: 0.996, lamd2: 0.01081, Time: 12.81
It: 20900, Loss: 3.430e-04, lamd1: 0.996, lamd2: 0.01081, Time: 12.84
It: 21000, Loss: 3.412e-04, lamd1: 0.996, lamd2: 0.01081, Time: 12.81
It: 21100, Loss: 3.394e-04, lamd1: 0.996, lamd2: 0.01081, Time: 12.83
It: 21200, Loss: 3.376e-04, lamd1: 0.997, lamd2: 0.01081, Time: 12.83
It: 21300, Loss: 3.359e-04, lamd1: 0.997, lamd2: 0.01080, Time: 12.83
It: 21400, Loss: 3.346e-04, lamd1: 0.996, lamd2: 0.01081, Time: 12.83
It: 21500, Loss: 3.376e-04, lamd1: 0.996, lamd2: 0.01082, Time: 12.81
It: 21600, Loss: 4.285e-04, lamd1: 0.996, lamd2: 0.01086, Time: 12.82
It: 21700, Loss: 7.233e-04, lamd1: 0.996, lamd2: 0.01107, Time: 12.84
It: 21800, Loss: 4.075e-04, lamd1: 0.996, lamd2: 0.01083, Time: 12.81
It: 21900, Loss: 4.144e-04, lamd1: 0.996, lamd2: 0.01089, Time: 12.85
It: 22000, Loss: 4.196e-04, lamd1: 0.996, lamd2: 0.01077, Time: 12.90
It: 22100, Loss: 5.054e-04, lamd1: 0.996, lamd2: 0.01091, Time: 12.86
It: 22200, Loss: 4.156e-04, lamd1: 0.997, lamd2: 0.01082, Time: 12.95
It: 22300, Loss: 4.251e-04, lamd1: 0.996, lamd2: 0.01070, Time: 12.86
It: 22400, Loss: 4.045e-04, lamd1: 0.997, lamd2: 0.01086, Time: 12.90
It: 22500, Loss: 4.931e-04, lamd1: 0.996, lamd2: 0.01073, Time: 12.87
It: 22600, Loss: 3.697e-04, lamd1: 0.996, lamd2: 0.01085, Time: 12.85
It: 22700, Loss: 3.344e-04, lamd1: 0.997, lamd2: 0.01079, Time: 12.90
It: 22800, Loss: 3.947e-04, lamd1: 0.997, lamd2: 0.01069, Time: 12.91
It: 22900, Loss: 3.639e-04, lamd1: 0.997, lamd2: 0.01081, Time: 12.86
It: 23000, Loss: 3.402e-04, lamd1: 0.997, lamd2: 0.01075, Time: 12.89
It: 23100, Loss: 4.708e-04, lamd1: 0.997, lamd2: 0.01095, Time: 12.94
It: 23200, Loss: 3.228e-04, lamd1: 0.997, lamd2: 0.01079, Time: 12.91
It: 23300, Loss: 3.339e-04, lamd1: 0.997, lamd2: 0.01077, Time: 12.88
It: 23400, Loss: 3.828e-04, lamd1: 0.997, lamd2: 0.01083, Time: 12.95
It: 23500, Loss: 4.661e-04, lamd1: 0.997, lamd2: 0.01095, Time: 12.86
It: 23600, Loss: 4.430e-04, lamd1: 0.997, lamd2: 0.01081, Time: 12.90
It: 23700, Loss: 4.075e-04, lamd1: 0.997, lamd2: 0.01077, Time: 12.93
It: 23800, Loss: 4.206e-04, lamd1: 0.997, lamd2: 0.01078, Time: 12.83
It: 23900, Loss: 5.188e-04, lamd1: 0.997, lamd2: 0.01067, Time: 12.91
It: 24000, Loss: 3.378e-04, lamd1: 0.997, lamd2: 0.01074, Time: 12.86
It: 24100, Loss: 4.562e-04, lamd1: 0.997, lamd2: 0.01067, Time: 12.89
It: 24200, Loss: 3.425e-04, lamd1: 0.997, lamd2: 0.01077, Time: 12.87
It: 24300, Loss: 3.632e-04, lamd1: 0.997, lamd2: 0.01072, Time: 12.93
It: 24400, Loss: 3.195e-04, lamd1: 0.997, lamd2: 0.01081, Time: 12.87
It: 24500, Loss: 3.030e-04, lamd1: 0.997, lamd2: 0.01079, Time: 12.89
It: 24600, Loss: 5.175e-04, lamd1: 0.997, lamd2: 0.01091, Time: 12.93
It: 24700, Loss: 3.902e-04, lamd1: 0.997, lamd2: 0.01075, Time: 12.89
It: 24800, Loss: 4.166e-04, lamd1: 0.997, lamd2: 0.01076, Time: 12.87
It: 24900, Loss: 3.126e-04, lamd1: 0.997, lamd2: 0.01084, Time: 12.87
It: 25000, Loss: 5.480e-04, lamd1: 0.997, lamd2: 0.01094, Time: 12.88
It: 25100, Loss: 3.415e-04, lamd1: 0.997, lamd2: 0.01075, Time: 12.91
It: 25200, Loss: 4.432e-04, lamd1: 0.997, lamd2: 0.01085, Time: 12.86
It: 25300, Loss: 2.897e-04, lamd1: 0.997, lamd2: 0.01078, Time: 12.88
It: 25400, Loss: 3.269e-04, lamd1: 0.997, lamd2: 0.01081, Time: 12.83
It: 25500, Loss: 4.694e-04, lamd1: 0.997, lamd2: 0.01080, Time: 12.89
It: 25600, Loss: 3.601e-04, lamd1: 0.997, lamd2: 0.01069, Time: 12.90
It: 25700, Loss: 3.056e-04, lamd1: 0.997, lamd2: 0.01079, Time: 12.87
It: 25800, Loss: 3.191e-04, lamd1: 0.997, lamd2: 0.01085, Time: 12.87
It: 25900, Loss: 3.837e-04, lamd1: 0.997, lamd2: 0.01085, Time: 12.85
It: 26000, Loss: 4.511e-04, lamd1: 0.997, lamd2: 0.01066, Time: 12.86
It: 26100, Loss: 6.111e-04, lamd1: 0.997, lamd2: 0.01073, Time: 12.85
It: 26200, Loss: 2.949e-04, lamd1: 0.997, lamd2: 0.01083, Time: 12.85
It: 26300, Loss: 3.277e-04, lamd1: 0.997, lamd2: 0.01080, Time: 12.83
It: 26400, Loss: 5.945e-04, lamd1: 0.997, lamd2: 0.01096, Time: 12.86
It: 26500, Loss: 3.325e-04, lamd1: 0.997, lamd2: 0.01074, Time: 12.86
It: 26600, Loss: 3.535e-04, lamd1: 0.997, lamd2: 0.01075, Time: 12.85
It: 26700, Loss: 4.966e-04, lamd1: 0.997, lamd2: 0.01090, Time: 12.84
It: 26800, Loss: 3.117e-04, lamd1: 0.997, lamd2: 0.01078, Time: 12.87
It: 26900, Loss: 5.240e-04, lamd1: 0.997, lamd2: 0.01063, Time: 12.87
It: 27000, Loss: 3.057e-04, lamd1: 0.997, lamd2: 0.01083, Time: 12.91
It: 27100, Loss: 2.937e-04, lamd1: 0.997, lamd2: 0.01079, Time: 12.85
It: 27200, Loss: 3.081e-04, lamd1: 0.997, lamd2: 0.01080, Time: 12.88
It: 27300, Loss: 3.816e-04, lamd1: 0.997, lamd2: 0.01069, Time: 12.90
It: 27400, Loss: 3.455e-04, lamd1: 0.997, lamd2: 0.01073, Time: 13.16
It: 27500, Loss: 5.256e-04, lamd1: 0.997, lamd2: 0.01064, Time: 13.54
It: 27600, Loss: 3.138e-04, lamd1: 0.997, lamd2: 0.01080, Time: 13.45
It: 27700, Loss: 6.425e-04, lamd1: 0.997, lamd2: 0.01088, Time: 13.39
It: 27800, Loss: 3.014e-04, lamd1: 0.997, lamd2: 0.01083, Time: 13.15
It: 27900, Loss: 3.604e-04, lamd1: 0.997, lamd2: 0.01077, Time: 13.36
It: 28000, Loss: 3.498e-04, lamd1: 0.997, lamd2: 0.01072, Time: 13.53
It: 28100, Loss: 2.891e-04, lamd1: 0.997, lamd2: 0.01075, Time: 13.44
It: 28200, Loss: 3.108e-04, lamd1: 0.997, lamd2: 0.01077, Time: 13.49
It: 28300, Loss: 3.012e-04, lamd1: 0.997, lamd2: 0.01079, Time: 13.47
It: 28400, Loss: 6.189e-04, lamd1: 0.997, lamd2: 0.01086, Time: 13.49
It: 28500, Loss: 2.740e-04, lamd1: 0.997, lamd2: 0.01079, Time: 13.53
It: 28600, Loss: 3.260e-04, lamd1: 0.997, lamd2: 0.01071, Time: 13.47
It: 28700, Loss: 3.227e-04, lamd1: 0.997, lamd2: 0.01075, Time: 13.46
It: 28800, Loss: 2.857e-04, lamd1: 0.997, lamd2: 0.01082, Time: 13.41
It: 28900, Loss: 2.645e-04, lamd1: 0.997, lamd2: 0.01079, Time: 13.60
It: 29000, Loss: 3.049e-04, lamd1: 0.997, lamd2: 0.01078, Time: 13.54
It: 29100, Loss: 2.814e-04, lamd1: 0.997, lamd2: 0.01080, Time: 13.53
It: 29200, Loss: 2.851e-04, lamd1: 0.997, lamd2: 0.01084, Time: 13.39
It: 29300, Loss: 3.365e-04, lamd1: 0.997, lamd2: 0.01079, Time: 13.59
It: 29400, Loss: 4.101e-04, lamd1: 0.997, lamd2: 0.01075, Time: 13.41
It: 29500, Loss: 7.383e-04, lamd1: 0.997, lamd2: 0.01099, Time: 13.45
It: 29600, Loss: 2.623e-04, lamd1: 0.997, lamd2: 0.01075, Time: 13.45
It: 29700, Loss: 2.693e-04, lamd1: 0.997, lamd2: 0.01080, Time: 13.31
It: 29800, Loss: 3.284e-04, lamd1: 0.997, lamd2: 0.01067, Time: 12.86
It: 29900, Loss: 7.829e-04, lamd1: 0.997, lamd2: 0.01057, Time: 12.86
It: 30000, Loss: 2.733e-04, lamd1: 0.997, lamd2: 0.01077, Time: 12.85
It: 30100, Loss: 2.549e-04, lamd1: 0.998, lamd2: 0.01077, Time: 12.83
It: 30200, Loss: 2.544e-04, lamd1: 0.998, lamd2: 0.01077, Time: 12.85
It: 30300, Loss: 2.540e-04, lamd1: 0.998, lamd2: 0.01077, Time: 12.82
It: 30400, Loss: 2.535e-04, lamd1: 0.998, lamd2: 0.01077, Time: 12.85
It: 30500, Loss: 2.530e-04, lamd1: 0.998, lamd2: 0.01077, Time: 12.85
It: 30600, Loss: 2.526e-04, lamd1: 0.998, lamd2: 0.01077, Time: 12.83
It: 30700, Loss: 2.521e-04, lamd1: 0.998, lamd2: 0.01077, Time: 12.82
It: 30800, Loss: 2.515e-04, lamd1: 0.998, lamd2: 0.01077, Time: 12.84
It: 30900, Loss: 2.510e-04, lamd1: 0.998, lamd2: 0.01077, Time: 12.84
It: 31000, Loss: 2.505e-04, lamd1: 0.998, lamd2: 0.01077, Time: 12.84
It: 31100, Loss: 2.499e-04, lamd1: 0.998, lamd2: 0.01077, Time: 12.82
It: 31200, Loss: 2.493e-04, lamd1: 0.998, lamd2: 0.01076, Time: 12.94
It: 31300, Loss: 2.487e-04, lamd1: 0.998, lamd2: 0.01076, Time: 12.87
It: 31400, Loss: 2.530e-04, lamd1: 0.998, lamd2: 0.01075, Time: 12.88
It: 31500, Loss: 2.520e-04, lamd1: 0.998, lamd2: 0.01074, Time: 12.85
It: 31600, Loss: 2.507e-04, lamd1: 0.998, lamd2: 0.01074, Time: 12.86
It: 31700, Loss: 3.078e-04, lamd1: 0.998, lamd2: 0.01077, Time: 12.94
It: 31800, Loss: 2.529e-04, lamd1: 0.998, lamd2: 0.01072, Time: 12.96
It: 31900, Loss: 2.643e-04, lamd1: 0.998, lamd2: 0.01076, Time: 12.88
It: 32000, Loss: 2.520e-04, lamd1: 0.998, lamd2: 0.01073, Time: 12.93
It: 32100, Loss: 2.574e-04, lamd1: 0.998, lamd2: 0.01075, Time: 13.47
It: 32200, Loss: 2.470e-04, lamd1: 0.998, lamd2: 0.01075, Time: 13.12
It: 32300, Loss: 2.900e-04, lamd1: 0.998, lamd2: 0.01076, Time: 12.87
It: 32400, Loss: 2.523e-04, lamd1: 0.998, lamd2: 0.01073, Time: 12.85
It: 32500, Loss: 2.449e-04, lamd1: 0.998, lamd2: 0.01075, Time: 12.91
It: 32600, Loss: 2.604e-04, lamd1: 0.998, lamd2: 0.01079, Time: 12.89
It: 32700, Loss: 2.572e-04, lamd1: 0.998, lamd2: 0.01074, Time: 12.90
It: 32800, Loss: 2.583e-04, lamd1: 0.998, lamd2: 0.01078, Time: 12.90
It: 32900, Loss: 2.547e-04, lamd1: 0.998, lamd2: 0.01078, Time: 12.95
It: 33000, Loss: 2.410e-04, lamd1: 0.998, lamd2: 0.01075, Time: 12.90
It: 33100, Loss: 2.405e-04, lamd1: 0.998, lamd2: 0.01074, Time: 12.90
It: 33200, Loss: 2.391e-04, lamd1: 0.998, lamd2: 0.01075, Time: 12.85
It: 33300, Loss: 2.721e-04, lamd1: 0.998, lamd2: 0.01069, Time: 12.86
It: 33400, Loss: 2.390e-04, lamd1: 0.998, lamd2: 0.01076, Time: 12.89
It: 33500, Loss: 2.379e-04, lamd1: 0.998, lamd2: 0.01076, Time: 12.93
It: 33600, Loss: 2.652e-04, lamd1: 0.998, lamd2: 0.01079, Time: 12.85
It: 33700, Loss: 2.393e-04, lamd1: 0.998, lamd2: 0.01074, Time: 12.86
It: 33800, Loss: 2.354e-04, lamd1: 0.998, lamd2: 0.01075, Time: 12.89
It: 33900, Loss: 2.780e-04, lamd1: 0.998, lamd2: 0.01074, Time: 12.89
It: 34000, Loss: 2.933e-04, lamd1: 0.998, lamd2: 0.01074, Time: 12.84
It: 34100, Loss: 2.403e-04, lamd1: 0.998, lamd2: 0.01076, Time: 13.47
It: 34200, Loss: 2.407e-04, lamd1: 0.998, lamd2: 0.01078, Time: 13.50
It: 34300, Loss: 2.677e-04, lamd1: 0.998, lamd2: 0.01073, Time: 13.48
It: 34400, Loss: 2.356e-04, lamd1: 0.998, lamd2: 0.01074, Time: 13.50
It: 34500, Loss: 2.333e-04, lamd1: 0.998, lamd2: 0.01073, Time: 13.53
It: 34600, Loss: 2.325e-04, lamd1: 0.998, lamd2: 0.01074, Time: 13.48
It: 34700, Loss: 2.347e-04, lamd1: 0.998, lamd2: 0.01071, Time: 13.61
It: 34800, Loss: 2.436e-04, lamd1: 0.998, lamd2: 0.01073, Time: 13.54
It: 34900, Loss: 2.368e-04, lamd1: 0.998, lamd2: 0.01076, Time: 13.51
It: 35000, Loss: 2.782e-04, lamd1: 0.998, lamd2: 0.01080, Time: 13.48
It: 35100, Loss: 2.593e-04, lamd1: 0.998, lamd2: 0.01071, Time: 13.49
It: 35200, Loss: 2.381e-04, lamd1: 0.998, lamd2: 0.01072, Time: 13.52
It: 35300, Loss: 2.639e-04, lamd1: 0.998, lamd2: 0.01073, Time: 13.56
It: 35400, Loss: 2.541e-04, lamd1: 0.998, lamd2: 0.01078, Time: 13.58
It: 35500, Loss: 2.601e-04, lamd1: 0.998, lamd2: 0.01069, Time: 13.47
It: 35600, Loss: 2.672e-04, lamd1: 0.998, lamd2: 0.01076, Time: 13.42
It: 35700, Loss: 2.457e-04, lamd1: 0.998, lamd2: 0.01070, Time: 13.46
It: 35800, Loss: 3.609e-04, lamd1: 0.998, lamd2: 0.01067, Time: 13.41
It: 35900, Loss: 2.282e-04, lamd1: 0.998, lamd2: 0.01072, Time: 13.53
It: 36000, Loss: 2.272e-04, lamd1: 0.998, lamd2: 0.01072, Time: 13.43
It: 36100, Loss: 2.309e-04, lamd1: 0.998, lamd2: 0.01073, Time: 13.49
It: 36200, Loss: 2.945e-04, lamd1: 0.998, lamd2: 0.01064, Time: 13.46
It: 36300, Loss: 2.261e-04, lamd1: 0.998, lamd2: 0.01072, Time: 13.51
It: 36400, Loss: 2.942e-04, lamd1: 0.998, lamd2: 0.01080, Time: 13.48
It: 36500, Loss: 3.409e-04, lamd1: 0.998, lamd2: 0.01079, Time: 13.46
It: 36600, Loss: 2.478e-04, lamd1: 0.998, lamd2: 0.01071, Time: 13.46
It: 36700, Loss: 2.228e-04, lamd1: 0.998, lamd2: 0.01071, Time: 13.48
It: 36800, Loss: 2.214e-04, lamd1: 0.998, lamd2: 0.01072, Time: 13.50
It: 36900, Loss: 2.211e-04, lamd1: 0.998, lamd2: 0.01072, Time: 13.48
It: 37000, Loss: 2.253e-04, lamd1: 0.998, lamd2: 0.01073, Time: 13.56
It: 37100, Loss: 2.261e-04, lamd1: 0.998, lamd2: 0.01075, Time: 13.57
It: 37200, Loss: 2.246e-04, lamd1: 0.998, lamd2: 0.01070, Time: 13.42
It: 37300, Loss: 2.810e-04, lamd1: 0.998, lamd2: 0.01074, Time: 13.50
It: 37400, Loss: 2.387e-04, lamd1: 0.998, lamd2: 0.01070, Time: 13.58
It: 37500, Loss: 2.495e-04, lamd1: 0.998, lamd2: 0.01073, Time: 13.50
It: 37600, Loss: 2.579e-04, lamd1: 0.998, lamd2: 0.01068, Time: 13.53
It: 37700, Loss: 2.201e-04, lamd1: 0.998, lamd2: 0.01070, Time: 13.47
It: 37800, Loss: 3.508e-04, lamd1: 0.998, lamd2: 0.01081, Time: 13.50
It: 37900, Loss: 2.190e-04, lamd1: 0.998, lamd2: 0.01069, Time: 13.44
It: 38000, Loss: 2.165e-04, lamd1: 0.998, lamd2: 0.01071, Time: 13.47
It: 38100, Loss: 3.302e-04, lamd1: 0.998, lamd2: 0.01062, Time: 13.45
It: 38200, Loss: 2.178e-04, lamd1: 0.998, lamd2: 0.01071, Time: 12.97
It: 38300, Loss: 2.667e-04, lamd1: 0.998, lamd2: 0.01066, Time: 12.84
It: 38400, Loss: 2.212e-04, lamd1: 0.998, lamd2: 0.01071, Time: 12.93
It: 38500, Loss: 2.145e-04, lamd1: 0.998, lamd2: 0.01070, Time: 12.90
It: 38600, Loss: 2.478e-04, lamd1: 0.998, lamd2: 0.01070, Time: 12.96
It: 38700, Loss: 2.992e-04, lamd1: 0.998, lamd2: 0.01066, Time: 12.87
It: 38800, Loss: 2.281e-04, lamd1: 0.998, lamd2: 0.01072, Time: 12.89
It: 38900, Loss: 2.425e-04, lamd1: 0.998, lamd2: 0.01076, Time: 12.87
It: 39000, Loss: 2.181e-04, lamd1: 0.998, lamd2: 0.01068, Time: 12.93
It: 39100, Loss: 2.135e-04, lamd1: 0.998, lamd2: 0.01071, Time: 12.89
It: 39200, Loss: 2.949e-04, lamd1: 0.998, lamd2: 0.01064, Time: 12.87
It: 39300, Loss: 2.150e-04, lamd1: 0.998, lamd2: 0.01071, Time: 12.91
It: 39400, Loss: 2.126e-04, lamd1: 0.998, lamd2: 0.01069, Time: 13.18
It: 39500, Loss: 2.403e-04, lamd1: 0.998, lamd2: 0.01074, Time: 13.41
It: 39600, Loss: 2.178e-04, lamd1: 0.998, lamd2: 0.01069, Time: 13.45
It: 39700, Loss: 2.402e-04, lamd1: 0.998, lamd2: 0.01069, Time: 13.44
It: 39800, Loss: 2.120e-04, lamd1: 0.998, lamd2: 0.01068, Time: 13.45
It: 39900, Loss: 2.097e-04, lamd1: 0.998, lamd2: 0.01069, Time: 13.47
It: 40000, Loss: 2.115e-04, lamd1: 0.998, lamd2: 0.01070, Time: 13.49
It: 40100, Loss: 2.085e-04, lamd1: 0.998, lamd2: 0.01069, Time: 13.50
It: 40200, Loss: 2.083e-04, lamd1: 0.998, lamd2: 0.01069, Time: 13.54
It: 40300, Loss: 2.081e-04, lamd1: 0.998, lamd2: 0.01069, Time: 13.49
It: 40400, Loss: 2.078e-04, lamd1: 0.998, lamd2: 0.01069, Time: 13.57
It: 40500, Loss: 2.076e-04, lamd1: 0.998, lamd2: 0.01069, Time: 13.45
It: 40600, Loss: 2.074e-04, lamd1: 0.998, lamd2: 0.01069, Time: 12.86
It: 40700, Loss: 2.071e-04, lamd1: 0.998, lamd2: 0.01069, Time: 12.89
It: 40800, Loss: 2.068e-04, lamd1: 0.998, lamd2: 0.01069, Time: 12.85
It: 40900, Loss: 2.065e-04, lamd1: 0.998, lamd2: 0.01069, Time: 12.84
It: 41000, Loss: 2.062e-04, lamd1: 0.998, lamd2: 0.01069, Time: 12.83
It: 41100, Loss: 2.059e-04, lamd1: 0.998, lamd2: 0.01069, Time: 12.88
It: 41200, Loss: 2.056e-04, lamd1: 0.998, lamd2: 0.01069, Time: 12.84
It: 41300, Loss: 2.052e-04, lamd1: 0.998, lamd2: 0.01069, Time: 12.88
It: 41400, Loss: 2.049e-04, lamd1: 0.998, lamd2: 0.01069, Time: 12.84
It: 41500, Loss: 2.046e-04, lamd1: 0.998, lamd2: 0.01069, Time: 12.84
It: 41600, Loss: 2.095e-04, lamd1: 0.998, lamd2: 0.01071, Time: 12.84
It: 41700, Loss: 2.043e-04, lamd1: 0.998, lamd2: 0.01067, Time: 12.86
It: 41800, Loss: 2.037e-04, lamd1: 0.998, lamd2: 0.01068, Time: 12.85
It: 41900, Loss: 2.045e-04, lamd1: 0.998, lamd2: 0.01068, Time: 12.84
It: 42000, Loss: 2.202e-04, lamd1: 0.998, lamd2: 0.01071, Time: 12.84
It: 42100, Loss: 2.104e-04, lamd1: 0.998, lamd2: 0.01067, Time: 12.89
It: 42200, Loss: 2.043e-04, lamd1: 0.998, lamd2: 0.01066, Time: 12.88
It: 42300, Loss: 2.161e-04, lamd1: 0.998, lamd2: 0.01067, Time: 12.91
It: 42400, Loss: 2.114e-04, lamd1: 0.998, lamd2: 0.01067, Time: 12.88
It: 42500, Loss: 2.441e-04, lamd1: 0.998, lamd2: 0.01073, Time: 12.85
It: 42600, Loss: 2.107e-04, lamd1: 0.998, lamd2: 0.01069, Time: 12.88
It: 42700, Loss: 2.055e-04, lamd1: 0.998, lamd2: 0.01066, Time: 12.88
It: 42800, Loss: 2.004e-04, lamd1: 0.998, lamd2: 0.01067, Time: 12.89
It: 42900, Loss: 2.209e-04, lamd1: 0.998, lamd2: 0.01064, Time: 12.88
It: 43000, Loss: 2.058e-04, lamd1: 0.998, lamd2: 0.01068, Time: 12.89
It: 43100, Loss: 1.996e-04, lamd1: 0.998, lamd2: 0.01067, Time: 12.92
It: 43200, Loss: 2.080e-04, lamd1: 0.998, lamd2: 0.01069, Time: 12.96
It: 43300, Loss: 1.991e-04, lamd1: 0.998, lamd2: 0.01067, Time: 12.93
It: 43400, Loss: 2.051e-04, lamd1: 0.998, lamd2: 0.01067, Time: 12.91
It: 43500, Loss: 2.081e-04, lamd1: 0.998, lamd2: 0.01069, Time: 12.87
It: 43600, Loss: 2.001e-04, lamd1: 0.998, lamd2: 0.01069, Time: 12.91
It: 43700, Loss: 1.987e-04, lamd1: 0.998, lamd2: 0.01067, Time: 12.92
It: 43800, Loss: 2.083e-04, lamd1: 0.998, lamd2: 0.01065, Time: 12.91
It: 43900, Loss: 2.000e-04, lamd1: 0.998, lamd2: 0.01068, Time: 12.90
It: 44000, Loss: 1.963e-04, lamd1: 0.998, lamd2: 0.01067, Time: 12.90
It: 44100, Loss: 2.065e-04, lamd1: 0.998, lamd2: 0.01067, Time: 12.87
It: 44200, Loss: 1.957e-04, lamd1: 0.998, lamd2: 0.01067, Time: 12.92
It: 44300, Loss: 2.458e-04, lamd1: 0.998, lamd2: 0.01060, Time: 13.49
It: 44400, Loss: 1.953e-04, lamd1: 0.998, lamd2: 0.01067, Time: 13.50
It: 44500, Loss: 1.980e-04, lamd1: 0.998, lamd2: 0.01068, Time: 13.44
It: 44600, Loss: 1.946e-04, lamd1: 0.998, lamd2: 0.01067, Time: 13.45
It: 44700, Loss: 1.945e-04, lamd1: 0.998, lamd2: 0.01066, Time: 13.49
It: 44800, Loss: 1.979e-04, lamd1: 0.998, lamd2: 0.01067, Time: 13.48
It: 44900, Loss: 2.361e-04, lamd1: 0.998, lamd2: 0.01072, Time: 13.55
It: 45000, Loss: 1.953e-04, lamd1: 0.998, lamd2: 0.01066, Time: 13.40
It: 45100, Loss: 1.944e-04, lamd1: 0.998, lamd2: 0.01066, Time: 13.45
It: 45200, Loss: 1.929e-04, lamd1: 0.998, lamd2: 0.01066, Time: 13.49
It: 45300, Loss: 1.928e-04, lamd1: 0.998, lamd2: 0.01066, Time: 13.45
It: 45400, Loss: 1.920e-04, lamd1: 0.998, lamd2: 0.01066, Time: 13.45
It: 45500, Loss: 1.922e-04, lamd1: 0.998, lamd2: 0.01065, Time: 13.51
It: 45600, Loss: 1.916e-04, lamd1: 0.998, lamd2: 0.01066, Time: 13.47
It: 45700, Loss: 2.257e-04, lamd1: 0.998, lamd2: 0.01069, Time: 13.50
It: 45800, Loss: 1.961e-04, lamd1: 0.998, lamd2: 0.01064, Time: 13.49
It: 45900, Loss: 1.905e-04, lamd1: 0.998, lamd2: 0.01065, Time: 13.43
It: 46000, Loss: 1.902e-04, lamd1: 0.998, lamd2: 0.01066, Time: 13.52
It: 46100, Loss: 1.899e-04, lamd1: 0.998, lamd2: 0.01065, Time: 13.49
It: 46200, Loss: 1.961e-04, lamd1: 0.998, lamd2: 0.01067, Time: 13.64
It: 46300, Loss: 1.901e-04, lamd1: 0.998, lamd2: 0.01066, Time: 13.55
It: 46400, Loss: 1.894e-04, lamd1: 0.998, lamd2: 0.01065, Time: 13.48
It: 46500, Loss: 1.894e-04, lamd1: 0.998, lamd2: 0.01065, Time: 13.46
It: 46600, Loss: 1.885e-04, lamd1: 0.998, lamd2: 0.01065, Time: 13.51
It: 46700, Loss: 1.884e-04, lamd1: 0.998, lamd2: 0.01066, Time: 13.49
It: 46800, Loss: 1.902e-04, lamd1: 0.998, lamd2: 0.01065, Time: 13.54
It: 46900, Loss: 1.879e-04, lamd1: 0.998, lamd2: 0.01065, Time: 13.45
It: 47000, Loss: 1.873e-04, lamd1: 0.998, lamd2: 0.01065, Time: 13.46
It: 47100, Loss: 1.872e-04, lamd1: 0.998, lamd2: 0.01065, Time: 13.41
It: 47200, Loss: 1.868e-04, lamd1: 0.998, lamd2: 0.01065, Time: 13.49
It: 47300, Loss: 1.883e-04, lamd1: 0.998, lamd2: 0.01066, Time: 13.43
It: 47400, Loss: 2.088e-04, lamd1: 0.998, lamd2: 0.01070, Time: 13.42
It: 47500, Loss: 2.041e-04, lamd1: 0.998, lamd2: 0.01061, Time: 13.55
It: 47600, Loss: 1.880e-04, lamd1: 0.998, lamd2: 0.01066, Time: 13.55
It: 47700, Loss: 1.966e-04, lamd1: 0.998, lamd2: 0.01063, Time: 13.46
It: 47800, Loss: 1.853e-04, lamd1: 0.998, lamd2: 0.01064, Time: 13.52
It: 47900, Loss: 1.856e-04, lamd1: 0.998, lamd2: 0.01065, Time: 13.45
It: 48000, Loss: 1.848e-04, lamd1: 0.998, lamd2: 0.01064, Time: 13.48
It: 48100, Loss: 1.844e-04, lamd1: 0.998, lamd2: 0.01065, Time: 13.49
It: 48200, Loss: 2.163e-04, lamd1: 0.998, lamd2: 0.01062, Time: 13.50
It: 48300, Loss: 1.864e-04, lamd1: 0.998, lamd2: 0.01064, Time: 13.53
It: 48400, Loss: 1.836e-04, lamd1: 0.998, lamd2: 0.01064, Time: 13.47
It: 48500, Loss: 1.840e-04, lamd1: 0.998, lamd2: 0.01065, Time: 13.46
It: 48600, Loss: 1.847e-04, lamd1: 0.998, lamd2: 0.01064, Time: 13.49
It: 48700, Loss: 1.832e-04, lamd1: 0.998, lamd2: 0.01064, Time: 13.54
It: 48800, Loss: 2.032e-04, lamd1: 0.998, lamd2: 0.01068, Time: 13.50
It: 48900, Loss: 1.828e-04, lamd1: 0.998, lamd2: 0.01064, Time: 13.50
It: 49000, Loss: 1.821e-04, lamd1: 0.998, lamd2: 0.01064, Time: 13.53
It: 49100, Loss: 1.820e-04, lamd1: 0.998, lamd2: 0.01064, Time: 13.50
It: 49200, Loss: 1.867e-04, lamd1: 0.998, lamd2: 0.01067, Time: 13.30
It: 49300, Loss: 1.813e-04, lamd1: 0.998, lamd2: 0.01064, Time: 13.35
It: 49400, Loss: 1.862e-04, lamd1: 0.999, lamd2: 0.01061, Time: 13.35
It: 49500, Loss: 2.063e-04, lamd1: 0.998, lamd2: 0.01063, Time: 13.49
It: 49600, Loss: 1.876e-04, lamd1: 0.998, lamd2: 0.01063, Time: 13.35
It: 49700, Loss: 1.830e-04, lamd1: 0.999, lamd2: 0.01064, Time: 12.92
It: 49800, Loss: 1.845e-04, lamd1: 0.998, lamd2: 0.01065, Time: 12.90
It: 49900, Loss: 1.886e-04, lamd1: 0.998, lamd2: 0.01061, Time: 12.93
It: 50000, Loss: 1.798e-04, lamd1: 0.999, lamd2: 0.01064, Time: 12.97
It: 50100, Loss: 1.794e-04, lamd1: 0.999, lamd2: 0.01064, Time: 12.86
It: 50200, Loss: 1.793e-04, lamd1: 0.999, lamd2: 0.01064, Time: 12.88
It: 50300, Loss: 1.792e-04, lamd1: 0.999, lamd2: 0.01064, Time: 12.88
It: 50400, Loss: 1.790e-04, lamd1: 0.999, lamd2: 0.01064, Time: 12.87
It: 50500, Loss: 1.789e-04, lamd1: 0.999, lamd2: 0.01063, Time: 13.39
It: 50600, Loss: 1.787e-04, lamd1: 0.999, lamd2: 0.01063, Time: 13.46
It: 50700, Loss: 1.785e-04, lamd1: 0.999, lamd2: 0.01063, Time: 13.48
It: 50800, Loss: 1.784e-04, lamd1: 0.999, lamd2: 0.01063, Time: 13.57
It: 50900, Loss: 1.782e-04, lamd1: 0.999, lamd2: 0.01063, Time: 13.46
It: 51000, Loss: 1.780e-04, lamd1: 0.999, lamd2: 0.01063, Time: 13.51
It: 51100, Loss: 1.778e-04, lamd1: 0.999, lamd2: 0.01063, Time: 13.42
It: 51200, Loss: 1.776e-04, lamd1: 0.999, lamd2: 0.01063, Time: 13.49
It: 51300, Loss: 1.774e-04, lamd1: 0.999, lamd2: 0.01063, Time: 13.50
It: 51400, Loss: 1.771e-04, lamd1: 0.999, lamd2: 0.01063, Time: 13.49
It: 51500, Loss: 1.770e-04, lamd1: 0.999, lamd2: 0.01063, Time: 13.47
It: 51600, Loss: 1.772e-04, lamd1: 0.999, lamd2: 0.01063, Time: 13.50
It: 51700, Loss: 1.764e-04, lamd1: 0.999, lamd2: 0.01063, Time: 13.44
It: 51800, Loss: 1.762e-04, lamd1: 0.999, lamd2: 0.01063, Time: 13.27
It: 51900, Loss: 1.765e-04, lamd1: 0.999, lamd2: 0.01063, Time: 12.83
It: 52000, Loss: 1.763e-04, lamd1: 0.999, lamd2: 0.01063, Time: 12.85
It: 52100, Loss: 1.783e-04, lamd1: 0.999, lamd2: 0.01063, Time: 12.90
It: 52200, Loss: 1.759e-04, lamd1: 0.999, lamd2: 0.01063, Time: 12.86
It: 52300, Loss: 1.777e-04, lamd1: 0.999, lamd2: 0.01064, Time: 12.85
It: 52400, Loss: 1.764e-04, lamd1: 0.999, lamd2: 0.01062, Time: 12.84
It: 52500, Loss: 1.747e-04, lamd1: 0.999, lamd2: 0.01063, Time: 12.87
It: 52600, Loss: 1.782e-04, lamd1: 0.999, lamd2: 0.01063, Time: 12.87
It: 52700, Loss: 1.748e-04, lamd1: 0.999, lamd2: 0.01063, Time: 12.84
It: 52800, Loss: 1.740e-04, lamd1: 0.999, lamd2: 0.01063, Time: 12.90
It: 52900, Loss: 1.779e-04, lamd1: 0.999, lamd2: 0.01064, Time: 12.83
It: 53000, Loss: 1.737e-04, lamd1: 0.999, lamd2: 0.01063, Time: 12.87
It: 53100, Loss: 1.742e-04, lamd1: 0.999, lamd2: 0.01062, Time: 12.91
It: 53200, Loss: 1.732e-04, lamd1: 0.999, lamd2: 0.01063, Time: 12.84
It: 53300, Loss: 1.735e-04, lamd1: 0.999, lamd2: 0.01062, Time: 12.81
It: 53400, Loss: 1.762e-04, lamd1: 0.999, lamd2: 0.01061, Time: 12.86
It: 53500, Loss: 1.728e-04, lamd1: 0.999, lamd2: 0.01062, Time: 12.87
It: 53600, Loss: 1.729e-04, lamd1: 0.999, lamd2: 0.01062, Time: 12.87
It: 53700, Loss: 1.727e-04, lamd1: 0.999, lamd2: 0.01063, Time: 12.83
It: 53800, Loss: 1.724e-04, lamd1: 0.999, lamd2: 0.01062, Time: 12.90
It: 53900, Loss: 1.717e-04, lamd1: 0.999, lamd2: 0.01063, Time: 12.87
It: 54000, Loss: 1.716e-04, lamd1: 0.999, lamd2: 0.01062, Time: 12.86
It: 54100, Loss: 1.782e-04, lamd1: 0.999, lamd2: 0.01066, Time: 12.83
It: 54200, Loss: 1.711e-04, lamd1: 0.999, lamd2: 0.01062, Time: 13.21
It: 54300, Loss: 1.715e-04, lamd1: 0.999, lamd2: 0.01063, Time: 13.50
It: 54400, Loss: 1.707e-04, lamd1: 0.999, lamd2: 0.01062, Time: 13.51
It: 54500, Loss: 1.714e-04, lamd1: 0.999, lamd2: 0.01062, Time: 13.45
It: 54600, Loss: 1.707e-04, lamd1: 0.999, lamd2: 0.01062, Time: 13.55
It: 54700, Loss: 1.704e-04, lamd1: 0.999, lamd2: 0.01062, Time: 13.23
It: 54800, Loss: 1.704e-04, lamd1: 0.999, lamd2: 0.01062, Time: 12.90
It: 54900, Loss: 1.711e-04, lamd1: 0.999, lamd2: 0.01062, Time: 12.94
It: 55000, Loss: 1.698e-04, lamd1: 0.999, lamd2: 0.01062, Time: 12.97
It: 55100, Loss: 1.796e-04, lamd1: 0.999, lamd2: 0.01065, Time: 12.95
It: 55200, Loss: 1.693e-04, lamd1: 0.999, lamd2: 0.01062, Time: 12.94
It: 55300, Loss: 1.695e-04, lamd1: 0.999, lamd2: 0.01062, Time: 12.94
It: 55400, Loss: 1.696e-04, lamd1: 0.999, lamd2: 0.01061, Time: 12.92
It: 55500, Loss: 1.713e-04, lamd1: 0.999, lamd2: 0.01062, Time: 12.94
It: 55600, Loss: 1.685e-04, lamd1: 0.999, lamd2: 0.01062, Time: 12.98
It: 55700, Loss: 1.718e-04, lamd1: 0.999, lamd2: 0.01062, Time: 12.96
It: 55800, Loss: 1.680e-04, lamd1: 0.999, lamd2: 0.01062, Time: 12.91
It: 55900, Loss: 1.687e-04, lamd1: 0.999, lamd2: 0.01063, Time: 12.94
It: 56000, Loss: 1.683e-04, lamd1: 0.999, lamd2: 0.01062, Time: 12.96
It: 56100, Loss: 1.675e-04, lamd1: 0.999, lamd2: 0.01062, Time: 12.96
It: 56200, Loss: 1.672e-04, lamd1: 0.999, lamd2: 0.01062, Time: 12.91
It: 56300, Loss: 1.672e-04, lamd1: 0.999, lamd2: 0.01062, Time: 13.40
It: 56400, Loss: 1.671e-04, lamd1: 0.999, lamd2: 0.01062, Time: 13.47
It: 56500, Loss: 1.668e-04, lamd1: 0.999, lamd2: 0.01062, Time: 13.49
It: 56600, Loss: 1.667e-04, lamd1: 0.999, lamd2: 0.01062, Time: 13.50
It: 56700, Loss: 1.666e-04, lamd1: 0.999, lamd2: 0.01062, Time: 13.46
It: 56800, Loss: 1.663e-04, lamd1: 0.999, lamd2: 0.01062, Time: 13.47
It: 56900, Loss: 1.686e-04, lamd1: 0.999, lamd2: 0.01062, Time: 13.46
It: 57000, Loss: 1.659e-04, lamd1: 0.999, lamd2: 0.01062, Time: 13.52
It: 57100, Loss: 1.664e-04, lamd1: 0.999, lamd2: 0.01062, Time: 13.51
It: 57200, Loss: 1.660e-04, lamd1: 0.999, lamd2: 0.01062, Time: 13.41
It: 57300, Loss: 1.721e-04, lamd1: 0.999, lamd2: 0.01064, Time: 13.47
It: 57400, Loss: 1.653e-04, lamd1: 0.999, lamd2: 0.01061, Time: 13.49
It: 57500, Loss: 1.652e-04, lamd1: 0.999, lamd2: 0.01062, Time: 13.53
It: 57600, Loss: 1.647e-04, lamd1: 0.999, lamd2: 0.01062, Time: 13.52
It: 57700, Loss: 1.673e-04, lamd1: 0.999, lamd2: 0.01063, Time: 13.52
It: 57800, Loss: 1.648e-04, lamd1: 0.999, lamd2: 0.01062, Time: 13.49
It: 57900, Loss: 1.645e-04, lamd1: 0.999, lamd2: 0.01062, Time: 13.45
It: 58000, Loss: 1.647e-04, lamd1: 0.999, lamd2: 0.01062, Time: 13.44
It: 58100, Loss: 1.641e-04, lamd1: 0.999, lamd2: 0.01062, Time: 13.43
It: 58200, Loss: 1.694e-04, lamd1: 0.999, lamd2: 0.01063, Time: 13.51
It: 58300, Loss: 1.777e-04, lamd1: 0.999, lamd2: 0.01063, Time: 13.40
It: 58400, Loss: 1.634e-04, lamd1: 0.999, lamd2: 0.01062, Time: 13.37
It: 58500, Loss: 1.633e-04, lamd1: 0.999, lamd2: 0.01061, Time: 13.45
It: 58600, Loss: 1.633e-04, lamd1: 0.999, lamd2: 0.01062, Time: 13.50
It: 58700, Loss: 1.648e-04, lamd1: 0.999, lamd2: 0.01061, Time: 13.53
It: 58800, Loss: 1.627e-04, lamd1: 0.999, lamd2: 0.01061, Time: 13.43