It: 0, Loss: 3.115e-01, nu: 0.020, Time: 0.14
It: 100, Loss: 1.522e-02, nu: 0.020, Time: 12.87
It: 200, Loss: 1.042e-02, nu: 0.020, Time: 13.06
It: 300, Loss: 1.071e-02, nu: 0.020, Time: 13.20
It: 400, Loss: 1.823e-02, nu: 0.020, Time: 12.97
It: 500, Loss: 9.538e-03, nu: 0.020, Time: 13.24
It: 600, Loss: 2.952e-03, nu: 0.020, Time: 13.12
It: 700, Loss: 2.365e-02, nu: 0.020, Time: 13.04
It: 800, Loss: 3.331e-02, nu: 0.020, Time: 13.11
It: 900, Loss: 3.623e-02, nu: 0.020, Time: 13.20
It: 1000, Loss: 1.062e-02, nu: 0.020, Time: 13.05
It: 1100, Loss: 2.867e-03, nu: 0.020, Time: 13.06
It: 1200, Loss: 3.384e-03, nu: 0.020, Time: 13.25
It: 1300, Loss: 4.537e-04, nu: 0.020, Time: 13.25
It: 1400, Loss: 3.268e-04, nu: 0.020, Time: 13.38
It: 1500, Loss: 2.818e-04, nu: 0.020, Time: 13.32
It: 1600, Loss: 2.654e-04, nu: 0.020, Time: 13.18
It: 1700, Loss: 2.545e-04, nu: 0.020, Time: 13.33
It: 1800, Loss: 2.470e-04, nu: 0.020, Time: 13.09
It: 1900, Loss: 2.852e-04, nu: 0.020, Time: 13.28
It: 2000, Loss: 2.369e-04, nu: 0.020, Time: 13.08
It: 2100, Loss: 2.246e-04, nu: 0.020, Time: 13.40
It: 2200, Loss: 2.192e-04, nu: 0.020, Time: 13.19
It: 2300, Loss: 2.142e-04, nu: 0.020, Time: 13.30
It: 2400, Loss: 2.094e-04, nu: 0.020, Time: 13.14
It: 2500, Loss: 2.030e-04, nu: 0.020, Time: 13.30
It: 2600, Loss: 1.964e-04, nu: 0.020, Time: 13.28
It: 2700, Loss: 1.893e-04, nu: 0.020, Time: 13.27
It: 2800, Loss: 1.816e-04, nu: 0.020, Time: 13.53
It: 2900, Loss: 1.725e-04, nu: 0.020, Time: 13.32
It: 3000, Loss: 1.653e-04, nu: 0.020, Time: 13.15
It: 3100, Loss: 1.591e-04, nu: 0.020, Time: 13.21
It: 3200, Loss: 1.532e-04, nu: 0.020, Time: 13.41
It: 3300, Loss: 1.471e-04, nu: 0.020, Time: 13.40
It: 3400, Loss: 1.394e-04, nu: 0.020, Time: 13.37
It: 3500, Loss: 1.317e-04, nu: 0.020, Time: 13.43
It: 3600, Loss: 1.228e-04, nu: 0.020, Time: 13.38
It: 3700, Loss: 1.136e-04, nu: 0.020, Time: 13.14
It: 3800, Loss: 1.041e-04, nu: 0.020, Time: 13.31
It: 3900, Loss: 9.895e-05, nu: 0.020, Time: 13.30
It: 4000, Loss: 1.175e-04, nu: 0.020, Time: 13.25
It: 4100, Loss: 7.866e-05, nu: 0.020, Time: 13.00
It: 4200, Loss: 7.194e-05, nu: 0.020, Time: 13.11
It: 4300, Loss: 6.576e-05, nu: 0.020, Time: 13.36
It: 4400, Loss: 5.889e-05, nu: 0.020, Time: 13.35
It: 4500, Loss: 5.202e-05, nu: 0.020, Time: 13.29
It: 4600, Loss: 4.489e-05, nu: 0.020, Time: 13.42
It: 4700, Loss: 3.901e-05, nu: 0.020, Time: 13.33
It: 4800, Loss: 3.182e-05, nu: 0.020, Time: 13.30
It: 4900, Loss: 3.260e-05, nu: 0.020, Time: 13.27
It: 5000, Loss: 2.157e-05, nu: 0.020, Time: 13.67
It: 5100, Loss: 1.916e-05, nu: 0.020, Time: 13.49
It: 5200, Loss: 1.678e-05, nu: 0.020, Time: 13.68
It: 5300, Loss: 1.538e-05, nu: 0.020, Time: 13.41
It: 5400, Loss: 1.361e-05, nu: 0.020, Time: 13.29
It: 5500, Loss: 1.211e-05, nu: 0.020, Time: 13.34
It: 5600, Loss: 1.094e-05, nu: 0.020, Time: 13.62
It: 5700, Loss: 9.799e-06, nu: 0.020, Time: 13.28
It: 5800, Loss: 8.899e-06, nu: 0.020, Time: 13.26
It: 5900, Loss: 7.936e-06, nu: 0.020, Time: 13.34
It: 6000, Loss: 7.400e-06, nu: 0.020, Time: 13.19
It: 6100, Loss: 7.064e-06, nu: 0.020, Time: 13.47
It: 6200, Loss: 6.800e-06, nu: 0.020, Time: 13.28
It: 6300, Loss: 6.589e-06, nu: 0.020, Time: 12.97
It: 6400, Loss: 6.137e-06, nu: 0.020, Time: 13.51
It: 6500, Loss: 5.996e-06, nu: 0.020, Time: 13.49
It: 6600, Loss: 5.979e-06, nu: 0.020, Time: 13.42
It: 6700, Loss: 5.411e-06, nu: 0.020, Time: 13.25
It: 6800, Loss: 5.597e-06, nu: 0.020, Time: 13.19
It: 6900, Loss: 5.452e-06, nu: 0.020, Time: 13.02
It: 7000, Loss: 5.227e-06, nu: 0.020, Time: 13.18
It: 7100, Loss: 5.258e-06, nu: 0.020, Time: 13.42
It: 7200, Loss: 5.073e-06, nu: 0.020, Time: 13.15
It: 7300, Loss: 4.974e-06, nu: 0.020, Time: 13.27
It: 7400, Loss: 4.966e-06, nu: 0.020, Time: 13.22
It: 7500, Loss: 4.850e-06, nu: 0.020, Time: 13.23
It: 7600, Loss: 4.845e-06, nu: 0.020, Time: 13.45
It: 7700, Loss: 4.718e-06, nu: 0.020, Time: 13.23
It: 7800, Loss: 4.767e-06, nu: 0.020, Time: 12.99
It: 7900, Loss: 4.654e-06, nu: 0.020, Time: 13.13
It: 8000, Loss: 4.501e-06, nu: 0.020, Time: 13.45
It: 8100, Loss: 4.394e-06, nu: 0.020, Time: 13.15
It: 8200, Loss: 4.435e-06, nu: 0.020, Time: 13.48
It: 8300, Loss: 4.383e-06, nu: 0.020, Time: 13.38
It: 8400, Loss: 4.391e-06, nu: 0.020, Time: 13.29
It: 8500, Loss: 4.320e-06, nu: 0.020, Time: 13.13
It: 8600, Loss: 4.355e-06, nu: 0.020, Time: 13.37
It: 8700, Loss: 4.275e-06, nu: 0.020, Time: 13.21
It: 8800, Loss: 4.266e-06, nu: 0.020, Time: 13.41
It: 8900, Loss: 4.203e-06, nu: 0.020, Time: 13.34
It: 9000, Loss: 4.194e-06, nu: 0.020, Time: 13.15
It: 9100, Loss: 4.147e-06, nu: 0.020, Time: 13.34
It: 9200, Loss: 4.096e-06, nu: 0.020, Time: 13.31
It: 9300, Loss: 4.116e-06, nu: 0.020, Time: 13.29
It: 9400, Loss: 4.039e-06, nu: 0.020, Time: 13.35
It: 9500, Loss: 4.102e-06, nu: 0.020, Time: 13.44
It: 9600, Loss: 3.964e-06, nu: 0.020, Time: 13.42
It: 9700, Loss: 4.018e-06, nu: 0.020, Time: 13.14
It: 9800, Loss: 3.956e-06, nu: 0.020, Time: 13.32
It: 9900, Loss: 3.930e-06, nu: 0.020, Time: 13.30
It: 10000, Loss: 3.934e-06, nu: 0.020, Time: 13.33
It: 10100, Loss: 3.855e-06, nu: 0.020, Time: 13.46
It: 10200, Loss: 3.942e-06, nu: 0.020, Time: 13.36
It: 10300, Loss: 3.951e-06, nu: 0.020, Time: 13.52
It: 10400, Loss: 3.956e-06, nu: 0.020, Time: 13.21
It: 10500, Loss: 3.888e-06, nu: 0.020, Time: 13.29
It: 10600, Loss: 3.911e-06, nu: 0.020, Time: 13.13
It: 10700, Loss: 3.818e-06, nu: 0.020, Time: 13.29
It: 10800, Loss: 3.784e-06, nu: 0.020, Time: 13.07
It: 10900, Loss: 3.742e-06, nu: 0.020, Time: 13.51
It: 11000, Loss: 3.821e-06, nu: 0.020, Time: 13.68
It: 11100, Loss: 3.749e-06, nu: 0.020, Time: 13.51
It: 11200, Loss: 3.816e-06, nu: 0.020, Time: 13.64
It: 11300, Loss: 3.846e-06, nu: 0.020, Time: 13.46
It: 11400, Loss: 3.764e-06, nu: 0.020, Time: 13.45
It: 11500, Loss: 3.859e-06, nu: 0.020, Time: 13.56
It: 11600, Loss: 3.727e-06, nu: 0.020, Time: 13.61
It: 11700, Loss: 3.810e-06, nu: 0.020, Time: 13.46
It: 11800, Loss: 3.709e-06, nu: 0.020, Time: 13.36
It: 11900, Loss: 3.705e-06, nu: 0.020, Time: 13.33
It: 12000, Loss: 3.668e-06, nu: 0.020, Time: 13.15
It: 12100, Loss: 3.760e-06, nu: 0.020, Time: 13.31
It: 12200, Loss: 3.647e-06, nu: 0.020, Time: 13.29
It: 12300, Loss: 3.655e-06, nu: 0.020, Time: 13.27
It: 12400, Loss: 3.657e-06, nu: 0.020, Time: 13.28
It: 12500, Loss: 3.667e-06, nu: 0.020, Time: 13.36
It: 12600, Loss: 3.651e-06, nu: 0.020, Time: 13.35
It: 12700, Loss: 3.707e-06, nu: 0.020, Time: 13.48
It: 12800, Loss: 3.645e-06, nu: 0.020, Time: 13.47
It: 12900, Loss: 3.617e-06, nu: 0.020, Time: 13.59
It: 13000, Loss: 3.702e-06, nu: 0.020, Time: 13.45
It: 13100, Loss: 3.615e-06, nu: 0.020, Time: 13.44
It: 13200, Loss: 3.609e-06, nu: 0.020, Time: 13.42
It: 13300, Loss: 3.605e-06, nu: 0.020, Time: 13.46
It: 13400, Loss: 3.616e-06, nu: 0.020, Time: 13.30
It: 13500, Loss: 3.588e-06, nu: 0.020, Time: 13.49
It: 13600, Loss: 3.607e-06, nu: 0.020, Time: 13.25
It: 13700, Loss: 3.598e-06, nu: 0.020, Time: 13.14
It: 13800, Loss: 3.580e-06, nu: 0.020, Time: 13.37
It: 13900, Loss: 3.628e-06, nu: 0.020, Time: 13.04
It: 14000, Loss: 3.527e-06, nu: 0.020, Time: 13.38
It: 14100, Loss: 3.577e-06, nu: 0.020, Time: 13.35
It: 14200, Loss: 3.551e-06, nu: 0.020, Time: 13.42
It: 14300, Loss: 3.552e-06, nu: 0.020, Time: 13.11
It: 14400, Loss: 3.547e-06, nu: 0.020, Time: 13.54
It: 14500, Loss: 3.538e-06, nu: 0.020, Time: 13.26
It: 14600, Loss: 3.532e-06, nu: 0.020, Time: 13.46
It: 14700, Loss: 3.498e-06, nu: 0.020, Time: 13.21
It: 14800, Loss: 3.539e-06, nu: 0.020, Time: 13.31
It: 14900, Loss: 3.533e-06, nu: 0.020, Time: 13.31
It: 15000, Loss: 3.489e-06, nu: 0.020, Time: 13.22
It: 15100, Loss: 3.554e-06, nu: 0.020, Time: 13.36
It: 15200, Loss: 3.517e-06, nu: 0.020, Time: 13.47
It: 15300, Loss: 3.558e-06, nu: 0.020, Time: 13.52
It: 15400, Loss: 3.559e-06, nu: 0.020, Time: 13.32
It: 15500, Loss: 3.537e-06, nu: 0.020, Time: 13.32
It: 15600, Loss: 3.536e-06, nu: 0.020, Time: 13.22
It: 15700, Loss: 3.475e-06, nu: 0.020, Time: 13.34
It: 15800, Loss: 3.605e-06, nu: 0.020, Time: 13.42
It: 15900, Loss: 3.521e-06, nu: 0.020, Time: 13.26
It: 16000, Loss: 3.499e-06, nu: 0.020, Time: 13.29
It: 16100, Loss: 3.491e-06, nu: 0.020, Time: 13.25
It: 16200, Loss: 3.505e-06, nu: 0.020, Time: 12.99
It: 16300, Loss: 3.486e-06, nu: 0.020, Time: 13.50
It: 16400, Loss: 3.552e-06, nu: 0.020, Time: 13.24
It: 16500, Loss: 3.488e-06, nu: 0.020, Time: 13.17
It: 16600, Loss: 3.496e-06, nu: 0.020, Time: 13.32
It: 16700, Loss: 3.478e-06, nu: 0.020, Time: 13.10
It: 16800, Loss: 3.567e-06, nu: 0.020, Time: 13.43
It: 16900, Loss: 3.503e-06, nu: 0.020, Time: 13.27
It: 17000, Loss: 3.504e-06, nu: 0.020, Time: 13.46
It: 17100, Loss: 3.467e-06, nu: 0.020, Time: 13.18
It: 17200, Loss: 3.496e-06, nu: 0.020, Time: 13.32
It: 17300, Loss: 3.530e-06, nu: 0.020, Time: 13.48
It: 17400, Loss: 3.487e-06, nu: 0.020, Time: 13.45
It: 17500, Loss: 3.525e-06, nu: 0.020, Time: 13.23
It: 17600, Loss: 3.500e-06, nu: 0.020, Time: 13.27
It: 17700, Loss: 3.467e-06, nu: 0.020, Time: 13.38
It: 17800, Loss: 3.547e-06, nu: 0.020, Time: 13.43
It: 17900, Loss: 3.471e-06, nu: 0.020, Time: 13.29
It: 18000, Loss: 3.509e-06, nu: 0.020, Time: 13.44
It: 18100, Loss: 3.484e-06, nu: 0.020, Time: 13.08
It: 18200, Loss: 3.463e-06, nu: 0.020, Time: 13.33
It: 18300, Loss: 3.505e-06, nu: 0.020, Time: 13.26
It: 18400, Loss: 3.512e-06, nu: 0.020, Time: 13.36
It: 18500, Loss: 3.518e-06, nu: 0.020, Time: 13.14
It: 18600, Loss: 3.445e-06, nu: 0.020, Time: 13.32
It: 18700, Loss: 3.487e-06, nu: 0.020, Time: 13.57
It: 18800, Loss: 3.410e-06, nu: 0.020, Time: 13.34
It: 18900, Loss: 3.510e-06, nu: 0.020, Time: 13.45
It: 19000, Loss: 3.476e-06, nu: 0.020, Time: 13.47
It: 19100, Loss: 3.461e-06, nu: 0.020, Time: 13.33
It: 19200, Loss: 3.479e-06, nu: 0.020, Time: 13.73
It: 19300, Loss: 3.460e-06, nu: 0.020, Time: 13.54
It: 19400, Loss: 3.545e-06, nu: 0.020, Time: 13.41
It: 19500, Loss: 3.461e-06, nu: 0.020, Time: 13.56
It: 19600, Loss: 3.493e-06, nu: 0.020, Time: 13.38
It: 19700, Loss: 3.451e-06, nu: 0.020, Time: 13.69
It: 19800, Loss: 3.471e-06, nu: 0.020, Time: 13.24
It: 19900, Loss: 3.504e-06, nu: 0.020, Time: 13.59
It: 20000, Loss: 3.460e-06, nu: 0.020, Time: 13.50
It: 20100, Loss: 3.538e-06, nu: 0.020, Time: 13.31
It: 20200, Loss: 3.509e-06, nu: 0.020, Time: 13.31
It: 20300, Loss: 3.481e-06, nu: 0.020, Time: 13.61
It: 20400, Loss: 3.479e-06, nu: 0.020, Time: 13.46
It: 20500, Loss: 3.542e-06, nu: 0.020, Time: 13.48
It: 20600, Loss: 3.439e-06, nu: 0.020, Time: 13.46
It: 20700, Loss: 3.505e-06, nu: 0.020, Time: 13.43
It: 20800, Loss: 3.480e-06, nu: 0.020, Time: 13.48
It: 20900, Loss: 3.521e-06, nu: 0.020, Time: 13.40
It: 21000, Loss: 3.501e-06, nu: 0.020, Time: 13.41
It: 21100, Loss: 3.464e-06, nu: 0.020, Time: 13.37
It: 21200, Loss: 3.492e-06, nu: 0.020, Time: 13.51
It: 21300, Loss: 3.505e-06, nu: 0.020, Time: 13.20
It: 21400, Loss: 3.480e-06, nu: 0.020, Time: 13.27
It: 21500, Loss: 3.474e-06, nu: 0.020, Time: 13.14
It: 21600, Loss: 3.498e-06, nu: 0.020, Time: 13.32
It: 21700, Loss: 3.510e-06, nu: 0.020, Time: 13.28
It: 21800, Loss: 3.453e-06, nu: 0.020, Time: 12.99
It: 21900, Loss: 3.509e-06, nu: 0.020, Time: 13.33
It: 22000, Loss: 3.516e-06, nu: 0.020, Time: 13.27
It: 22100, Loss: 3.498e-06, nu: 0.020, Time: 13.05
It: 22200, Loss: 3.434e-06, nu: 0.020, Time: 13.23
It: 22300, Loss: 3.444e-06, nu: 0.020, Time: 13.12
It: 22400, Loss: 3.494e-06, nu: 0.020, Time: 13.24
It: 22500, Loss: 3.454e-06, nu: 0.020, Time: 13.29
It: 22600, Loss: 3.476e-06, nu: 0.020, Time: 13.23
It: 22700, Loss: 3.463e-06, nu: 0.020, Time: 13.44
It: 22800, Loss: 3.492e-06, nu: 0.020, Time: 13.41
It: 22900, Loss: 3.500e-06, nu: 0.020, Time: 13.21
It: 23000, Loss: 3.487e-06, nu: 0.020, Time: 13.34
It: 23100, Loss: 3.448e-06, nu: 0.020, Time: 13.20
It: 23200, Loss: 3.516e-06, nu: 0.020, Time: 13.24
It: 23300, Loss: 3.457e-06, nu: 0.020, Time: 13.36
It: 23400, Loss: 3.473e-06, nu: 0.020, Time: 13.23
It: 23500, Loss: 3.487e-06, nu: 0.020, Time: 12.33
It: 23600, Loss: 3.505e-06, nu: 0.020, Time: 12.44
It: 23700, Loss: 3.516e-06, nu: 0.020, Time: 11.65
It: 23800, Loss: 3.527e-06, nu: 0.020, Time: 10.94
It: 23900, Loss: 3.513e-06, nu: 0.020, Time: 10.99
It: 24000, Loss: 3.497e-06, nu: 0.020, Time: 10.77
It: 24100, Loss: 3.511e-06, nu: 0.020, Time: 11.00
It: 24200, Loss: 3.499e-06, nu: 0.020, Time: 10.85
It: 24300, Loss: 3.501e-06, nu: 0.020, Time: 10.77
It: 24400, Loss: 3.472e-06, nu: 0.020, Time: 10.94
It: 24500, Loss: 3.466e-06, nu: 0.020, Time: 10.21
It: 24600, Loss: 3.532e-06, nu: 0.020, Time: 10.39
It: 24700, Loss: 3.441e-06, nu: 0.020, Time: 10.49
It: 24800, Loss: 3.488e-06, nu: 0.020, Time: 10.34
It: 24900, Loss: 3.451e-06, nu: 0.020, Time: 10.31
It: 25000, Loss: 3.476e-06, nu: 0.020, Time: 10.22
It: 25100, Loss: 3.502e-06, nu: 0.020, Time: 10.46
It: 25200, Loss: 3.465e-06, nu: 0.020, Time: 11.09
It: 25300, Loss: 3.473e-06, nu: 0.020, Time: 11.01
It: 25400, Loss: 3.424e-06, nu: 0.020, Time: 10.72
It: 25500, Loss: 3.463e-06, nu: 0.020, Time: 10.80
It: 25600, Loss: 3.460e-06, nu: 0.020, Time: 10.81
It: 25700, Loss: 3.489e-06, nu: 0.020, Time: 10.98
It: 25800, Loss: 3.476e-06, nu: 0.020, Time: 10.75
It: 25900, Loss: 3.509e-06, nu: 0.020, Time: 11.05
It: 26000, Loss: 3.477e-06, nu: 0.020, Time: 11.07
It: 26100, Loss: 3.451e-06, nu: 0.020, Time: 10.93
It: 26200, Loss: 3.504e-06, nu: 0.020, Time: 11.07
It: 26300, Loss: 3.466e-06, nu: 0.020, Time: 11.03
It: 26400, Loss: 3.444e-06, nu: 0.020, Time: 10.90
It: 26500, Loss: 3.456e-06, nu: 0.020, Time: 11.05
It: 26600, Loss: 3.473e-06, nu: 0.020, Time: 10.90
It: 26700, Loss: 3.491e-06, nu: 0.020, Time: 10.83
It: 26800, Loss: 3.461e-06, nu: 0.020, Time: 11.03
It: 26900, Loss: 3.486e-06, nu: 0.020, Time: 11.06
It: 27000, Loss: 3.459e-06, nu: 0.020, Time: 10.97
It: 27100, Loss: 3.487e-06, nu: 0.020, Time: 10.71
It: 27200, Loss: 3.508e-06, nu: 0.020, Time: 10.87
It: 27300, Loss: 3.502e-06, nu: 0.020, Time: 10.71
It: 27400, Loss: 3.498e-06, nu: 0.020, Time: 10.93
It: 27500, Loss: 3.510e-06, nu: 0.020, Time: 10.82
It: 27600, Loss: 3.518e-06, nu: 0.020, Time: 11.22
It: 27700, Loss: 3.455e-06, nu: 0.020, Time: 10.98
It: 27800, Loss: 3.519e-06, nu: 0.020, Time: 11.03
It: 27900, Loss: 3.425e-06, nu: 0.020, Time: 11.01
It: 28000, Loss: 3.467e-06, nu: 0.020, Time: 11.05
It: 28100, Loss: 3.462e-06, nu: 0.020, Time: 10.78
It: 28200, Loss: 3.471e-06, nu: 0.020, Time: 10.96
It: 28300, Loss: 3.522e-06, nu: 0.020, Time: 10.82
It: 28400, Loss: 3.464e-06, nu: 0.020, Time: 10.86
It: 28500, Loss: 3.522e-06, nu: 0.020, Time: 10.83
It: 28600, Loss: 3.502e-06, nu: 0.020, Time: 10.60
It: 28700, Loss: 3.477e-06, nu: 0.020, Time: 10.75
It: 28800, Loss: 3.475e-06, nu: 0.020, Time: 10.93
It: 28900, Loss: 3.452e-06, nu: 0.020, Time: 10.82
It: 29000, Loss: 3.456e-06, nu: 0.020, Time: 10.96
It: 29100, Loss: 3.557e-06, nu: 0.020, Time: 10.82
It: 29200, Loss: 3.482e-06, nu: 0.020, Time: 10.62
It: 29300, Loss: 3.482e-06, nu: 0.020, Time: 10.81
It: 29400, Loss: 3.524e-06, nu: 0.020, Time: 10.67
It: 29500, Loss: 3.505e-06, nu: 0.020, Time: 11.14
It: 29600, Loss: 3.468e-06, nu: 0.020, Time: 9.58
It: 29700, Loss: 3.456e-06, nu: 0.020, Time: 9.00
It: 29800, Loss: 3.502e-06, nu: 0.020, Time: 9.11
It: 29900, Loss: 3.482e-06, nu: 0.020, Time: 9.09
It: 30000, Loss: 3.515e-06, nu: 0.020, Time: 9.13
It: 30100, Loss: 3.565e-06, nu: 0.020, Time: 9.10
It: 30200, Loss: 3.503e-06, nu: 0.020, Time: 9.05
It: 30300, Loss: 3.513e-06, nu: 0.020, Time: 9.08
It: 30400, Loss: 3.502e-06, nu: 0.020, Time: 9.12
It: 30500, Loss: 3.484e-06, nu: 0.020, Time: 9.05
It: 30600, Loss: 3.501e-06, nu: 0.020, Time: 9.08
It: 30700, Loss: 3.459e-06, nu: 0.020, Time: 9.04
It: 30800, Loss: 3.487e-06, nu: 0.020, Time: 9.05
It: 30900, Loss: 3.523e-06, nu: 0.020, Time: 9.07
It: 31000, Loss: 3.542e-06, nu: 0.020, Time: 9.14
It: 31100, Loss: 3.476e-06, nu: 0.020, Time: 9.05
It: 31200, Loss: 3.448e-06, nu: 0.020, Time: 9.07
It: 31300, Loss: 3.485e-06, nu: 0.020, Time: 9.09
It: 31400, Loss: 3.540e-06, nu: 0.020, Time: 9.05
It: 31500, Loss: 3.501e-06, nu: 0.020, Time: 9.10
It: 31600, Loss: 3.448e-06, nu: 0.020, Time: 9.09
It: 31700, Loss: 3.493e-06, nu: 0.020, Time: 9.05
It: 31800, Loss: 3.509e-06, nu: 0.020, Time: 9.09
It: 31900, Loss: 3.433e-06, nu: 0.020, Time: 9.11
It: 32000, Loss: 3.473e-06, nu: 0.020, Time: 9.09
It: 32100, Loss: 3.478e-06, nu: 0.020, Time: 9.04
It: 32200, Loss: 3.560e-06, nu: 0.020, Time: 9.07
It: 32300, Loss: 3.477e-06, nu: 0.020, Time: 9.05
It: 32400, Loss: 3.498e-06, nu: 0.020, Time: 9.09
It: 32500, Loss: 3.457e-06, nu: 0.020, Time: 9.12
It: 32600, Loss: 3.435e-06, nu: 0.020, Time: 9.09
It: 32700, Loss: 3.466e-06, nu: 0.020, Time: 9.14
It: 32800, Loss: 3.456e-06, nu: 0.020, Time: 9.14
It: 32900, Loss: 3.503e-06, nu: 0.020, Time: 9.18
It: 33000, Loss: 3.493e-06, nu: 0.020, Time: 9.20
It: 33100, Loss: 3.532e-06, nu: 0.020, Time: 9.19
It: 33200, Loss: 3.476e-06, nu: 0.020, Time: 9.21
It: 33300, Loss: 3.539e-06, nu: 0.020, Time: 9.21
It: 33400, Loss: 3.499e-06, nu: 0.020, Time: 9.18
It: 33500, Loss: 3.481e-06, nu: 0.020, Time: 9.21
It: 33600, Loss: 3.490e-06, nu: 0.020, Time: 9.23
It: 33700, Loss: 3.450e-06, nu: 0.020, Time: 9.21
It: 33800, Loss: 3.478e-06, nu: 0.020, Time: 9.19
It: 33900, Loss: 3.471e-06, nu: 0.020, Time: 9.21
It: 34000, Loss: 3.500e-06, nu: 0.020, Time: 9.20
It: 34100, Loss: 3.487e-06, nu: 0.020, Time: 9.17
It: 34200, Loss: 3.479e-06, nu: 0.020, Time: 9.18
It: 34300, Loss: 3.469e-06, nu: 0.020, Time: 9.19
It: 34400, Loss: 3.536e-06, nu: 0.020, Time: 9.20
It: 34500, Loss: 3.515e-06, nu: 0.020, Time: 9.22
It: 34600, Loss: 3.458e-06, nu: 0.020, Time: 9.17
It: 34700, Loss: 3.528e-06, nu: 0.020, Time: 9.19
It: 34800, Loss: 3.474e-06, nu: 0.020, Time: 9.15
It: 34900, Loss: 3.471e-06, nu: 0.020, Time: 9.13
It: 35000, Loss: 3.527e-06, nu: 0.020, Time: 9.16
It: 35100, Loss: 3.486e-06, nu: 0.020, Time: 9.16
It: 35200, Loss: 3.511e-06, nu: 0.020, Time: 9.17
It: 35300, Loss: 3.478e-06, nu: 0.020, Time: 9.12
It: 35400, Loss: 3.441e-06, nu: 0.020, Time: 9.11
It: 35500, Loss: 3.436e-06, nu: 0.020, Time: 9.12
It: 35600, Loss: 3.500e-06, nu: 0.020, Time: 9.15
It: 35700, Loss: 3.491e-06, nu: 0.020, Time: 9.07
It: 35800, Loss: 3.498e-06, nu: 0.020, Time: 9.11
It: 35900, Loss: 3.497e-06, nu: 0.020, Time: 9.08
It: 36000, Loss: 3.466e-06, nu: 0.020, Time: 9.15
It: 36100, Loss: 3.510e-06, nu: 0.020, Time: 9.17
It: 36200, Loss: 3.509e-06, nu: 0.020, Time: 9.18
It: 36300, Loss: 3.444e-06, nu: 0.020, Time: 9.14
It: 36400, Loss: 3.495e-06, nu: 0.020, Time: 9.16
It: 36500, Loss: 3.473e-06, nu: 0.020, Time: 9.14
It: 36600, Loss: 3.469e-06, nu: 0.020, Time: 9.13
It: 36700, Loss: 3.547e-06, nu: 0.020, Time: 9.16
It: 36800, Loss: 3.478e-06, nu: 0.020, Time: 9.13
It: 36900, Loss: 3.522e-06, nu: 0.020, Time: 9.13
It: 37000, Loss: 3.515e-06, nu: 0.020, Time: 9.18
It: 37100, Loss: 3.456e-06, nu: 0.020, Time: 9.15
It: 37200, Loss: 3.456e-06, nu: 0.020, Time: 9.16
It: 37300, Loss: 3.465e-06, nu: 0.020, Time: 9.17
It: 37400, Loss: 3.490e-06, nu: 0.020, Time: 9.14
It: 37500, Loss: 3.526e-06, nu: 0.020, Time: 9.16
It: 37600, Loss: 3.468e-06, nu: 0.020, Time: 9.13
It: 37700, Loss: 3.510e-06, nu: 0.020, Time: 9.16
It: 37800, Loss: 3.539e-06, nu: 0.020, Time: 9.16
It: 37900, Loss: 3.515e-06, nu: 0.020, Time: 9.16
It: 38000, Loss: 3.520e-06, nu: 0.020, Time: 9.16
It: 38100, Loss: 3.506e-06, nu: 0.020, Time: 9.17
It: 38200, Loss: 3.480e-06, nu: 0.020, Time: 9.25
It: 38300, Loss: 3.526e-06, nu: 0.020, Time: 9.22
It: 38400, Loss: 3.491e-06, nu: 0.020, Time: 9.21
It: 38500, Loss: 3.475e-06, nu: 0.020, Time: 9.22
It: 38600, Loss: 3.465e-06, nu: 0.020, Time: 9.22
It: 38700, Loss: 3.448e-06, nu: 0.020, Time: 9.20
It: 38800, Loss: 3.464e-06, nu: 0.020, Time: 9.16
It: 38900, Loss: 3.487e-06, nu: 0.020, Time: 9.16
It: 39000, Loss: 3.474e-06, nu: 0.020, Time: 9.19
It: 39100, Loss: 3.468e-06, nu: 0.020, Time: 9.19
It: 39200, Loss: 3.577e-06, nu: 0.020, Time: 9.16
It: 39300, Loss: 3.478e-06, nu: 0.020, Time: 9.20
It: 39400, Loss: 3.473e-06, nu: 0.020, Time: 9.16
It: 39500, Loss: 3.477e-06, nu: 0.020, Time: 9.18
It: 39600, Loss: 3.468e-06, nu: 0.020, Time: 9.19
It: 39700, Loss: 3.500e-06, nu: 0.020, Time: 9.26
It: 39800, Loss: 3.533e-06, nu: 0.020, Time: 9.19
It: 39900, Loss: 3.513e-06, nu: 0.020, Time: 9.21
It: 40000, Loss: 3.479e-06, nu: 0.020, Time: 9.20
It: 40100, Loss: 3.506e-06, nu: 0.020, Time: 9.21
It: 40200, Loss: 3.539e-06, nu: 0.020, Time: 9.24
It: 40300, Loss: 3.465e-06, nu: 0.020, Time: 9.22
It: 40400, Loss: 3.590e-06, nu: 0.020, Time: 9.21
It: 40500, Loss: 3.441e-06, nu: 0.020, Time: 9.23
It: 40600, Loss: 3.500e-06, nu: 0.020, Time: 9.22
It: 40700, Loss: 3.524e-06, nu: 0.020, Time: 9.17
It: 40800, Loss: 3.498e-06, nu: 0.020, Time: 9.15
It: 40900, Loss: 3.495e-06, nu: 0.020, Time: 9.14
It: 41000, Loss: 3.546e-06, nu: 0.020, Time: 9.17
It: 41100, Loss: 3.477e-06, nu: 0.020, Time: 9.18
It: 41200, Loss: 3.489e-06, nu: 0.020, Time: 9.17
It: 41300, Loss: 3.470e-06, nu: 0.020, Time: 9.16
It: 41400, Loss: 3.502e-06, nu: 0.020, Time: 9.20
It: 41500, Loss: 3.498e-06, nu: 0.020, Time: 9.18
It: 41600, Loss: 3.527e-06, nu: 0.020, Time: 9.19
It: 41700, Loss: 3.454e-06, nu: 0.020, Time: 9.23
It: 41800, Loss: 3.512e-06, nu: 0.020, Time: 9.20
It: 41900, Loss: 3.506e-06, nu: 0.020, Time: 9.21
It: 42000, Loss: 3.470e-06, nu: 0.020, Time: 9.18
It: 42100, Loss: 3.495e-06, nu: 0.020, Time: 9.19
It: 42200, Loss: 3.502e-06, nu: 0.020, Time: 9.18
It: 42300, Loss: 3.460e-06, nu: 0.020, Time: 9.19
It: 42400, Loss: 3.476e-06, nu: 0.020, Time: 9.20
It: 42500, Loss: 3.494e-06, nu: 0.020, Time: 9.18
It: 42600, Loss: 3.484e-06, nu: 0.020, Time: 9.19
It: 42700, Loss: 3.529e-06, nu: 0.020, Time: 9.20
It: 42800, Loss: 3.525e-06, nu: 0.020, Time: 9.21
It: 42900, Loss: 3.464e-06, nu: 0.020, Time: 9.22
It: 43000, Loss: 3.466e-06, nu: 0.020, Time: 9.25
It: 43100, Loss: 3.477e-06, nu: 0.020, Time: 9.25
It: 43200, Loss: 3.462e-06, nu: 0.020, Time: 9.23
It: 43300, Loss: 3.507e-06, nu: 0.020, Time: 9.20
It: 43400, Loss: 3.457e-06, nu: 0.020, Time: 9.19
It: 43500, Loss: 3.473e-06, nu: 0.020, Time: 9.21
It: 43600, Loss: 3.453e-06, nu: 0.020, Time: 9.19
It: 43700, Loss: 3.503e-06, nu: 0.020, Time: 9.21
It: 43800, Loss: 3.458e-06, nu: 0.020, Time: 9.19
It: 43900, Loss: 3.467e-06, nu: 0.020, Time: 9.13
It: 44000, Loss: 3.492e-06, nu: 0.020, Time: 9.12
It: 44100, Loss: 3.482e-06, nu: 0.020, Time: 9.08
It: 44200, Loss: 3.467e-06, nu: 0.020, Time: 9.12
It: 44300, Loss: 3.452e-06, nu: 0.020, Time: 9.11
It: 44400, Loss: 3.471e-06, nu: 0.020, Time: 9.04
It: 44500, Loss: 3.503e-06, nu: 0.020, Time: 9.08
It: 44600, Loss: 3.480e-06, nu: 0.020, Time: 9.13
It: 44700, Loss: 3.477e-06, nu: 0.020, Time: 9.13
It: 44800, Loss: 3.514e-06, nu: 0.020, Time: 9.08
It: 44900, Loss: 3.480e-06, nu: 0.020, Time: 9.08
It: 45000, Loss: 3.476e-06, nu: 0.020, Time: 9.11
It: 45100, Loss: 3.457e-06, nu: 0.020, Time: 9.06
It: 45200, Loss: 3.482e-06, nu: 0.020, Time: 9.12
It: 45300, Loss: 3.547e-06, nu: 0.020, Time: 9.09
It: 45400, Loss: 3.520e-06, nu: 0.020, Time: 9.15
It: 45500, Loss: 3.497e-06, nu: 0.020, Time: 9.16
It: 45600, Loss: 3.493e-06, nu: 0.020, Time: 9.09
It: 45700, Loss: 3.487e-06, nu: 0.020, Time: 9.13
It: 45800, Loss: 3.465e-06, nu: 0.020, Time: 9.13
It: 45900, Loss: 3.484e-06, nu: 0.020, Time: 9.10
It: 46000, Loss: 3.486e-06, nu: 0.020, Time: 9.08
It: 46100, Loss: 3.447e-06, nu: 0.020, Time: 9.10
It: 46200, Loss: 3.498e-06, nu: 0.020, Time: 9.13
It: 46300, Loss: 3.530e-06, nu: 0.020, Time: 9.11
It: 46400, Loss: 3.502e-06, nu: 0.020, Time: 9.07
It: 46500, Loss: 3.459e-06, nu: 0.020, Time: 9.12
It: 46600, Loss: 3.499e-06, nu: 0.020, Time: 9.12
It: 46700, Loss: 3.510e-06, nu: 0.020, Time: 9.15
It: 46800, Loss: 3.526e-06, nu: 0.020, Time: 9.14
It: 46900, Loss: 3.491e-06, nu: 0.020, Time: 9.16
It: 47000, Loss: 3.472e-06, nu: 0.020, Time: 9.21
It: 47100, Loss: 3.458e-06, nu: 0.020, Time: 9.23
It: 47200, Loss: 3.499e-06, nu: 0.020, Time: 9.21
It: 47300, Loss: 3.448e-06, nu: 0.020, Time: 9.25
It: 47400, Loss: 3.478e-06, nu: 0.020, Time: 9.21
It: 47500, Loss: 3.482e-06, nu: 0.020, Time: 9.21
It: 47600, Loss: 3.434e-06, nu: 0.020, Time: 9.25
It: 47700, Loss: 3.479e-06, nu: 0.020, Time: 9.23
It: 47800, Loss: 3.529e-06, nu: 0.020, Time: 9.25
It: 47900, Loss: 3.501e-06, nu: 0.020, Time: 9.23
It: 48000, Loss: 3.559e-06, nu: 0.020, Time: 9.23
It: 48100, Loss: 3.475e-06, nu: 0.020, Time: 9.26
It: 48200, Loss: 3.526e-06, nu: 0.020, Time: 9.25
It: 48300, Loss: 3.486e-06, nu: 0.020, Time: 9.27
It: 48400, Loss: 3.507e-06, nu: 0.020, Time: 9.24
It: 48500, Loss: 3.493e-06, nu: 0.020, Time: 9.27
It: 48600, Loss: 3.495e-06, nu: 0.020, Time: 9.12
It: 48700, Loss: 3.542e-06, nu: 0.020, Time: 8.93
It: 48800, Loss: 3.444e-06, nu: 0.020, Time: 8.92/home/zihan/anaconda3/envs/x/lib/python3.7/site-packages/torch/nn/functional.py:1933: UserWarning: nn.functional.tanh is deprecated. Use torch.tanh instead.
  warnings.warn("nn.functional.tanh is deprecated. Use torch.tanh instead.")

It: 48900, Loss: 3.471e-06, nu: 0.020, Time: 9.03
It: 49000, Loss: 3.478e-06, nu: 0.020, Time: 9.16
It: 49100, Loss: 3.510e-06, nu: 0.020, Time: 9.18
It: 49200, Loss: 3.548e-06, nu: 0.020, Time: 9.16
It: 49300, Loss: 3.455e-06, nu: 0.020, Time: 9.18
It: 49400, Loss: 3.492e-06, nu: 0.020, Time: 9.27
It: 49500, Loss: 3.491e-06, nu: 0.020, Time: 9.27
It: 49600, Loss: 3.500e-06, nu: 0.020, Time: 9.24
It: 49700, Loss: 3.520e-06, nu: 0.020, Time: 9.28
It: 49800, Loss: 3.505e-06, nu: 0.020, Time: 9.26
It: 49900, Loss: 3.486e-06, nu: 0.020, Time: 9.25
Error u: 6.584970e-04
Error nu: 0.00000%
