It: 0, Loss: 4.466e+03, l1: 0.004, l2: -0.00999, Time: 0.09
It: 100, Loss: 1.267e+03, l1: 0.070, l2: 0.00395, Time: 7.36
It: 200, Loss: 8.250e+02, l1: 0.041, l2: -0.01117, Time: 5.99
It: 300, Loss: 7.644e+02, l1: 0.040, l2: -0.00710, Time: 8.08
It: 400, Loss: 7.075e+02, l1: 0.035, l2: -0.00093, Time: 7.56
It: 500, Loss: 6.594e+02, l1: 0.033, l2: -0.00155, Time: 7.38
It: 600, Loss: 6.230e+02, l1: 0.027, l2: 0.00094, Time: 5.99
It: 700, Loss: 5.934e+02, l1: 0.023, l2: 0.00144, Time: 6.11
It: 800, Loss: 5.656e+02, l1: 0.014, l2: -0.00049, Time: 6.00
It: 900, Loss: 5.424e+02, l1: 0.013, l2: -0.00016, Time: 6.08
It: 1000, Loss: 5.224e+02, l1: 0.024, l2: 0.00133, Time: 4.88
It: 1100, Loss: 4.934e+02, l1: 0.228, l2: 0.00723, Time: 5.82
It: 1200, Loss: 4.673e+02, l1: 0.513, l2: 0.01662, Time: 5.77
It: 1300, Loss: 4.493e+02, l1: 0.633, l2: 0.01958, Time: 7.11
It: 1400, Loss: 4.215e+02, l1: 0.714, l2: 0.02171, Time: 6.75
It: 1500, Loss: 3.721e+02, l1: 0.786, l2: 0.02245, Time: 6.54
It: 1600, Loss: 3.461e+02, l1: 0.796, l2: 0.02238, Time: 7.70
It: 1700, Loss: 3.268e+02, l1: 0.797, l2: 0.02224, Time: 7.01
It: 1800, Loss: 2.783e+02, l1: 0.798, l2: 0.02192, Time: 6.69
It: 1900, Loss: 2.086e+02, l1: 0.794, l2: 0.02027, Time: 6.35
It: 2000, Loss: 1.788e+02, l1: 0.796, l2: 0.01767, Time: 6.36
It: 2100, Loss: 1.658e+02, l1: 0.801, l2: 0.01595, Time: 7.99
It: 2200, Loss: 1.562e+02, l1: 0.807, l2: 0.01536, Time: 6.20
It: 2300, Loss: 1.462e+02, l1: 0.814, l2: 0.01444, Time: 6.82
It: 2400, Loss: 1.375e+02, l1: 0.817, l2: 0.01339, Time: 6.73
It: 2500, Loss: 1.308e+02, l1: 0.822, l2: 0.01285, Time: 7.35
It: 2600, Loss: 1.260e+02, l1: 0.827, l2: 0.01170, Time: 7.76
It: 2700, Loss: 1.221e+02, l1: 0.831, l2: 0.01167, Time: 6.47
It: 2800, Loss: 1.186e+02, l1: 0.835, l2: 0.01133, Time: 6.27
It: 2900, Loss: 1.152e+02, l1: 0.841, l2: 0.01081, Time: 6.41
It: 3000, Loss: 1.117e+02, l1: 0.845, l2: 0.01103, Time: 6.89
It: 3100, Loss: 1.092e+02, l1: 0.849, l2: 0.01021, Time: 6.89
It: 3200, Loss: 1.069e+02, l1: 0.851, l2: 0.01066, Time: 6.33
It: 3300, Loss: 1.048e+02, l1: 0.853, l2: 0.01081, Time: 5.97
It: 3400, Loss: 1.026e+02, l1: 0.855, l2: 0.01096, Time: 6.95
It: 3500, Loss: 1.003e+02, l1: 0.857, l2: 0.01026, Time: 6.67
It: 3600, Loss: 9.779e+01, l1: 0.859, l2: 0.01064, Time: 6.95
It: 3700, Loss: 9.536e+01, l1: 0.861, l2: 0.01125, Time: 6.91
It: 3800, Loss: 9.327e+01, l1: 0.863, l2: 0.01073, Time: 8.39
It: 3900, Loss: 9.159e+01, l1: 0.865, l2: 0.01106, Time: 7.67
It: 4000, Loss: 9.031e+01, l1: 0.865, l2: 0.01213, Time: 6.57
It: 4100, Loss: 8.924e+01, l1: 0.867, l2: 0.01126, Time: 6.53
It: 4200, Loss: 8.836e+01, l1: 0.868, l2: 0.01130, Time: 7.25
It: 4300, Loss: 8.757e+01, l1: 0.868, l2: 0.01128, Time: 6.71
It: 4400, Loss: 8.683e+01, l1: 0.869, l2: 0.01132, Time: 6.61
It: 4500, Loss: 8.615e+01, l1: 0.870, l2: 0.01141, Time: 7.24
It: 4600, Loss: 8.550e+01, l1: 0.870, l2: 0.01159, Time: 6.33
It: 4700, Loss: 8.487e+01, l1: 0.871, l2: 0.01146, Time: 6.90
It: 4800, Loss: 8.428e+01, l1: 0.871, l2: 0.01155, Time: 6.33
It: 4900, Loss: 8.374e+01, l1: 0.871, l2: 0.01181, Time: 6.21
It: 5000, Loss: 8.324e+01, l1: 0.872, l2: 0.01168, Time: 6.78
It: 5100, Loss: 8.279e+01, l1: 0.872, l2: 0.01174, Time: 6.68
It: 5200, Loss: 8.235e+01, l1: 0.873, l2: 0.01177, Time: 6.12
It: 5300, Loss: 8.192e+01, l1: 0.874, l2: 0.01182, Time: 6.50
It: 5400, Loss: 8.151e+01, l1: 0.874, l2: 0.01183, Time: 6.97
It: 5500, Loss: 8.112e+01, l1: 0.875, l2: 0.01186, Time: 5.84
It: 5600, Loss: 8.072e+01, l1: 0.875, l2: 0.01190, Time: 6.74
It: 5700, Loss: 8.031e+01, l1: 0.876, l2: 0.01188, Time: 6.08
It: 5800, Loss: 7.987e+01, l1: 0.877, l2: 0.01194, Time: 6.90
It: 5900, Loss: 7.938e+01, l1: 0.878, l2: 0.01214, Time: 6.74
It: 6000, Loss: 7.882e+01, l1: 0.878, l2: 0.01208, Time: 7.18
It: 6100, Loss: 7.826e+01, l1: 0.880, l2: 0.01174, Time: 6.97
It: 6200, Loss: 7.774e+01, l1: 0.880, l2: 0.01289, Time: 8.00
It: 6300, Loss: 7.721e+01, l1: 0.880, l2: 0.01262, Time: 6.71
It: 6400, Loss: 7.680e+01, l1: 0.882, l2: 0.01248, Time: 7.91
It: 6500, Loss: 7.641e+01, l1: 0.882, l2: 0.01237, Time: 6.50
It: 6600, Loss: 7.609e+01, l1: 0.883, l2: 0.01237, Time: 6.98
It: 6700, Loss: 7.581e+01, l1: 0.884, l2: 0.01239, Time: 6.34
It: 6800, Loss: 7.555e+01, l1: 0.884, l2: 0.01229, Time: 6.66
It: 6900, Loss: 7.534e+01, l1: 0.884, l2: 0.01276, Time: 7.14
It: 7000, Loss: 7.510e+01, l1: 0.884, l2: 0.01225, Time: 7.39
It: 7100, Loss: 7.489e+01, l1: 0.885, l2: 0.01248, Time: 6.38
It: 7200, Loss: 7.468e+01, l1: 0.885, l2: 0.01244, Time: 7.18
It: 7300, Loss: 7.448e+01, l1: 0.885, l2: 0.01239, Time: 5.85
It: 7400, Loss: 7.430e+01, l1: 0.885, l2: 0.01287, Time: 6.66
It: 7500, Loss: 7.414e+01, l1: 0.885, l2: 0.01261, Time: 6.28
It: 7600, Loss: 7.389e+01, l1: 0.885, l2: 0.01270, Time: 6.49
It: 7700, Loss: 7.369e+01, l1: 0.886, l2: 0.01276, Time: 6.73
It: 7800, Loss: 7.349e+01, l1: 0.886, l2: 0.01272, Time: 6.66
It: 7900, Loss: 7.349e+01, l1: 0.886, l2: 0.01292, Time: 5.91
It: 8000, Loss: 7.315e+01, l1: 0.888, l2: 0.01194, Time: 6.63
It: 8100, Loss: 7.296e+01, l1: 0.887, l2: 0.01272, Time: 7.21
It: 8200, Loss: 7.282e+01, l1: 0.887, l2: 0.01269, Time: 7.11
It: 8300, Loss: 7.268e+01, l1: 0.888, l2: 0.01261, Time: 6.57
It: 8400, Loss: 7.255e+01, l1: 0.888, l2: 0.01279, Time: 6.96
It: 8500, Loss: 7.248e+01, l1: 0.888, l2: 0.01278, Time: 6.77
It: 8600, Loss: 7.235e+01, l1: 0.888, l2: 0.01316, Time: 7.22
It: 8700, Loss: 7.221e+01, l1: 0.888, l2: 0.01253, Time: 6.86
It: 8800, Loss: 7.208e+01, l1: 0.888, l2: 0.01257, Time: 7.22
It: 8900, Loss: 7.201e+01, l1: 0.888, l2: 0.01313, Time: 7.22
It: 9000, Loss: 7.185e+01, l1: 0.888, l2: 0.01270, Time: 7.03
It: 9100, Loss: 7.173e+01, l1: 0.888, l2: 0.01271, Time: 6.41
It: 9200, Loss: 7.162e+01, l1: 0.888, l2: 0.01278, Time: 7.00
It: 9300, Loss: 7.150e+01, l1: 0.889, l2: 0.01276, Time: 6.69
It: 9400, Loss: 7.139e+01, l1: 0.889, l2: 0.01268, Time: 7.05
It: 9500, Loss: 7.130e+01, l1: 0.890, l2: 0.01218, Time: 7.89
It: 9600, Loss: 7.117e+01, l1: 0.890, l2: 0.01206, Time: 5.76
It: 9700, Loss: 7.101e+01, l1: 0.890, l2: 0.01254, Time: 7.25
It: 9800, Loss: 7.087e+01, l1: 0.890, l2: 0.01255, Time: 6.74
It: 9900, Loss: 7.073e+01, l1: 0.890, l2: 0.01270, Time: 6.92
It: 10000, Loss: 7.078e+01, l1: 0.890, l2: 0.01265, Time: 6.30
It: 10100, Loss: 7.056e+01, l1: 0.891, l2: 0.01272, Time: 7.17
It: 10200, Loss: 7.050e+01, l1: 0.891, l2: 0.01271, Time: 6.40
It: 10300, Loss: 7.045e+01, l1: 0.891, l2: 0.01271, Time: 6.89
It: 10400, Loss: 7.039e+01, l1: 0.891, l2: 0.01271, Time: 5.98
It: 10500, Loss: 7.034e+01, l1: 0.891, l2: 0.01271, Time: 7.42
It: 10600, Loss: 7.028e+01, l1: 0.891, l2: 0.01270, Time: 6.49
It: 10700, Loss: 7.022e+01, l1: 0.891, l2: 0.01270, Time: 7.07
It: 10800, Loss: 7.016e+01, l1: 0.891, l2: 0.01270, Time: 6.88
It: 10900, Loss: 7.009e+01, l1: 0.891, l2: 0.01271, Time: 6.72
It: 11000, Loss: 7.002e+01, l1: 0.891, l2: 0.01272, Time: 7.95
It: 11100, Loss: 6.994e+01, l1: 0.891, l2: 0.01273, Time: 6.56
It: 11200, Loss: 6.985e+01, l1: 0.891, l2: 0.01275, Time: 6.12
It: 11300, Loss: 6.976e+01, l1: 0.892, l2: 0.01277, Time: 6.39
It: 11400, Loss: 6.966e+01, l1: 0.892, l2: 0.01280, Time: 6.93
It: 11500, Loss: 6.957e+01, l1: 0.892, l2: 0.01287, Time: 6.35
It: 11600, Loss: 6.952e+01, l1: 0.893, l2: 0.01244, Time: 6.78
It: 11700, Loss: 6.942e+01, l1: 0.892, l2: 0.01265, Time: 6.42
It: 11800, Loss: 6.936e+01, l1: 0.892, l2: 0.01304, Time: 6.64
It: 11900, Loss: 6.931e+01, l1: 0.892, l2: 0.01262, Time: 7.25
It: 12000, Loss: 6.923e+01, l1: 0.893, l2: 0.01268, Time: 6.55
It: 12100, Loss: 6.918e+01, l1: 0.893, l2: 0.01267, Time: 6.20
It: 12200, Loss: 6.916e+01, l1: 0.893, l2: 0.01279, Time: 6.32
It: 12300, Loss: 6.909e+01, l1: 0.893, l2: 0.01261, Time: 6.64
It: 12400, Loss: 6.904e+01, l1: 0.893, l2: 0.01259, Time: 6.36
It: 12500, Loss: 6.900e+01, l1: 0.893, l2: 0.01260, Time: 6.77
It: 12600, Loss: 6.895e+01, l1: 0.893, l2: 0.01267, Time: 6.47
It: 12700, Loss: 6.891e+01, l1: 0.893, l2: 0.01259, Time: 6.57
It: 12800, Loss: 6.887e+01, l1: 0.893, l2: 0.01240, Time: 6.48
It: 12900, Loss: 6.883e+01, l1: 0.893, l2: 0.01268, Time: 6.48
It: 13000, Loss: 6.879e+01, l1: 0.893, l2: 0.01268, Time: 6.68
It: 13100, Loss: 6.873e+01, l1: 0.893, l2: 0.01252, Time: 6.43
It: 13200, Loss: 6.869e+01, l1: 0.893, l2: 0.01245, Time: 6.82
It: 13300, Loss: 6.864e+01, l1: 0.894, l2: 0.01251, Time: 6.05
It: 13400, Loss: 6.860e+01, l1: 0.894, l2: 0.01242, Time: 7.52
It: 13500, Loss: 6.855e+01, l1: 0.894, l2: 0.01240, Time: 6.18
It: 13600, Loss: 6.850e+01, l1: 0.894, l2: 0.01239, Time: 6.97
It: 13700, Loss: 6.846e+01, l1: 0.894, l2: 0.01228, Time: 6.58
It: 13800, Loss: 6.840e+01, l1: 0.894, l2: 0.01220, Time: 7.33
It: 13900, Loss: 6.832e+01, l1: 0.894, l2: 0.01232, Time: 6.38
It: 14000, Loss: 6.825e+01, l1: 0.894, l2: 0.01230, Time: 6.70
It: 14100, Loss: 6.818e+01, l1: 0.894, l2: 0.01231, Time: 6.83
It: 14200, Loss: 6.811e+01, l1: 0.894, l2: 0.01243, Time: 7.03
It: 14300, Loss: 6.804e+01, l1: 0.894, l2: 0.01233, Time: 6.98
It: 14400, Loss: 6.797e+01, l1: 0.895, l2: 0.01230, Time: 7.04
It: 14500, Loss: 6.790e+01, l1: 0.895, l2: 0.01231, Time: 7.20
It: 14600, Loss: 6.785e+01, l1: 0.895, l2: 0.01242, Time: 7.30
It: 14700, Loss: 6.779e+01, l1: 0.895, l2: 0.01223, Time: 6.50
It: 14800, Loss: 6.774e+01, l1: 0.895, l2: 0.01235, Time: 8.34
It: 14900, Loss: 6.769e+01, l1: 0.895, l2: 0.01231, Time: 6.60
It: 15000, Loss: 6.764e+01, l1: 0.895, l2: 0.01229, Time: 6.12
It: 15100, Loss: 6.759e+01, l1: 0.895, l2: 0.01227, Time: 6.61
It: 15200, Loss: 6.755e+01, l1: 0.895, l2: 0.01229, Time: 6.36
It: 15300, Loss: 6.750e+01, l1: 0.895, l2: 0.01232, Time: 6.21
It: 15400, Loss: 6.746e+01, l1: 0.895, l2: 0.01229, Time: 7.05
It: 15500, Loss: 6.742e+01, l1: 0.895, l2: 0.01225, Time: 7.12
It: 15600, Loss: 6.738e+01, l1: 0.895, l2: 0.01235, Time: 7.07
It: 15700, Loss: 6.734e+01, l1: 0.896, l2: 0.01226, Time: 5.92
It: 15800, Loss: 6.730e+01, l1: 0.896, l2: 0.01237, Time: 6.26
It: 15900, Loss: 6.725e+01, l1: 0.896, l2: 0.01204, Time: 5.93
It: 16000, Loss: 6.721e+01, l1: 0.896, l2: 0.01231, Time: 6.28
It: 16100, Loss: 6.716e+01, l1: 0.896, l2: 0.01231, Time: 6.71
It: 16200, Loss: 6.711e+01, l1: 0.896, l2: 0.01226, Time: 7.81
It: 16300, Loss: 6.708e+01, l1: 0.897, l2: 0.01200, Time: 6.24
It: 16400, Loss: 6.702e+01, l1: 0.897, l2: 0.01210, Time: 6.60
It: 16500, Loss: 6.696e+01, l1: 0.897, l2: 0.01221, Time: 7.01
It: 16600, Loss: 6.691e+01, l1: 0.897, l2: 0.01230, Time: 6.39
It: 16700, Loss: 6.685e+01, l1: 0.898, l2: 0.01240, Time: 7.02
It: 16800, Loss: 6.679e+01, l1: 0.898, l2: 0.01253, Time: 6.67
It: 16900, Loss: 6.672e+01, l1: 0.898, l2: 0.01224, Time: 7.71
It: 17000, Loss: 6.665e+01, l1: 0.898, l2: 0.01213, Time: 6.77
It: 17100, Loss: 6.658e+01, l1: 0.899, l2: 0.01225, Time: 6.25
It: 17200, Loss: 6.651e+01, l1: 0.899, l2: 0.01218, Time: 6.42
It: 17300, Loss: 6.643e+01, l1: 0.899, l2: 0.01222, Time: 6.63
It: 17400, Loss: 6.635e+01, l1: 0.899, l2: 0.01230, Time: 5.75
It: 17500, Loss: 6.627e+01, l1: 0.900, l2: 0.01223, Time: 6.69
It: 17600, Loss: 6.620e+01, l1: 0.900, l2: 0.01203, Time: 6.61
It: 17700, Loss: 6.611e+01, l1: 0.900, l2: 0.01227, Time: 8.22
It: 17800, Loss: 6.602e+01, l1: 0.900, l2: 0.01224, Time: 6.97
It: 17900, Loss: 6.594e+01, l1: 0.901, l2: 0.01223, Time: 7.79
It: 18000, Loss: 6.588e+01, l1: 0.901, l2: 0.01200, Time: 7.99
It: 18100, Loss: 6.576e+01, l1: 0.901, l2: 0.01228, Time: 6.31
It: 18200, Loss: 6.566e+01, l1: 0.901, l2: 0.01226, Time: 6.92
It: 18300, Loss: 6.558e+01, l1: 0.901, l2: 0.01218, Time: 6.16
It: 18400, Loss: 6.548e+01, l1: 0.902, l2: 0.01221, Time: 6.81
It: 18500, Loss: 6.539e+01, l1: 0.902, l2: 0.01227, Time: 6.35
It: 18600, Loss: 6.529e+01, l1: 0.902, l2: 0.01219, Time: 7.00
It: 18700, Loss: 6.520e+01, l1: 0.902, l2: 0.01212, Time: 8.22
It: 18800, Loss: 6.510e+01, l1: 0.902, l2: 0.01215, Time: 6.44
It: 18900, Loss: 6.501e+01, l1: 0.903, l2: 0.01210, Time: 6.73
It: 19000, Loss: 6.492e+01, l1: 0.903, l2: 0.01211, Time: 6.37
It: 19100, Loss: 6.485e+01, l1: 0.903, l2: 0.01252, Time: 6.86
It: 19200, Loss: 6.475e+01, l1: 0.903, l2: 0.01184, Time: 6.38
It: 19300, Loss: 6.465e+01, l1: 0.903, l2: 0.01203, Time: 6.99
It: 19400, Loss: 6.460e+01, l1: 0.903, l2: 0.01185, Time: 6.34
It: 19500, Loss: 6.449e+01, l1: 0.903, l2: 0.01218, Time: 6.75
It: 19600, Loss: 6.441e+01, l1: 0.904, l2: 0.01196, Time: 6.36
It: 19700, Loss: 6.434e+01, l1: 0.904, l2: 0.01193, Time: 7.50
It: 19800, Loss: 6.429e+01, l1: 0.904, l2: 0.01176, Time: 7.56
It: 19900, Loss: 6.421e+01, l1: 0.904, l2: 0.01159, Time: 6.39
It: 20000, Loss: 6.414e+01, l1: 0.904, l2: 0.01195, Time: 6.79
It: 20100, Loss: 6.411e+01, l1: 0.904, l2: 0.01194, Time: 6.33
It: 20200, Loss: 6.408e+01, l1: 0.904, l2: 0.01194, Time: 6.93
It: 20300, Loss: 6.404e+01, l1: 0.904, l2: 0.01194, Time: 7.32
It: 20400, Loss: 6.401e+01, l1: 0.904, l2: 0.01194, Time: 6.32
It: 20500, Loss: 6.397e+01, l1: 0.904, l2: 0.01193, Time: 6.82
It: 20600, Loss: 6.394e+01, l1: 0.904, l2: 0.01193, Time: 6.45
It: 20700, Loss: 6.390e+01, l1: 0.904, l2: 0.01193, Time: 6.94
It: 20800, Loss: 6.386e+01, l1: 0.905, l2: 0.01193, Time: 6.88
It: 20900, Loss: 6.382e+01, l1: 0.905, l2: 0.01193, Time: 7.23
It: 21000, Loss: 6.378e+01, l1: 0.905, l2: 0.01193, Time: 6.06
It: 21100, Loss: 6.374e+01, l1: 0.905, l2: 0.01193, Time: 6.60
It: 21200, Loss: 6.370e+01, l1: 0.905, l2: 0.01193, Time: 6.02
It: 21300, Loss: 6.366e+01, l1: 0.905, l2: 0.01194, Time: 6.45
It: 21400, Loss: 6.362e+01, l1: 0.905, l2: 0.01193, Time: 7.18
It: 21500, Loss: 6.358e+01, l1: 0.905, l2: 0.01193, Time: 7.84
It: 21600, Loss: 6.354e+01, l1: 0.905, l2: 0.01191, Time: 5.97
It: 21700, Loss: 6.351e+01, l1: 0.905, l2: 0.01195, Time: 6.74
It: 21800, Loss: 6.347e+01, l1: 0.905, l2: 0.01190, Time: 6.48
It: 21900, Loss: 6.344e+01, l1: 0.905, l2: 0.01191, Time: 6.71
It: 22000, Loss: 6.341e+01, l1: 0.905, l2: 0.01195, Time: 6.54
It: 22100, Loss: 6.339e+01, l1: 0.906, l2: 0.01158, Time: 7.40
It: 22200, Loss: 6.335e+01, l1: 0.905, l2: 0.01194, Time: 7.95
It: 22300, Loss: 6.332e+01, l1: 0.905, l2: 0.01192, Time: 7.68
It: 22400, Loss: 6.329e+01, l1: 0.905, l2: 0.01191, Time: 5.87
It: 22500, Loss: 6.326e+01, l1: 0.906, l2: 0.01192, Time: 6.70
It: 22600, Loss: 6.324e+01, l1: 0.905, l2: 0.01204, Time: 5.88
It: 22700, Loss: 6.321e+01, l1: 0.906, l2: 0.01194, Time: 6.68
It: 22800, Loss: 6.318e+01, l1: 0.906, l2: 0.01196, Time: 6.52
It: 22900, Loss: 6.315e+01, l1: 0.906, l2: 0.01187, Time: 8.19
It: 23000, Loss: 6.312e+01, l1: 0.906, l2: 0.01186, Time: 6.78
It: 23100, Loss: 6.309e+01, l1: 0.906, l2: 0.01178, Time: 7.37
It: 23200, Loss: 6.306e+01, l1: 0.906, l2: 0.01183, Time: 6.58
It: 23300, Loss: 6.303e+01, l1: 0.906, l2: 0.01191, Time: 6.16
It: 23400, Loss: 6.300e+01, l1: 0.906, l2: 0.01183, Time: 8.26
It: 23500, Loss: 6.297e+01, l1: 0.906, l2: 0.01181, Time: 6.74
It: 23600, Loss: 6.294e+01, l1: 0.906, l2: 0.01181, Time: 7.06
It: 23700, Loss: 6.290e+01, l1: 0.906, l2: 0.01182, Time: 6.54
It: 23800, Loss: 6.287e+01, l1: 0.906, l2: 0.01180, Time: 6.19
It: 23900, Loss: 6.284e+01, l1: 0.906, l2: 0.01180, Time: 6.01
It: 24000, Loss: 6.280e+01, l1: 0.906, l2: 0.01180, Time: 6.82
It: 24100, Loss: 6.277e+01, l1: 0.906, l2: 0.01178, Time: 6.83
It: 24200, Loss: 6.273e+01, l1: 0.906, l2: 0.01180, Time: 6.58
It: 24300, Loss: 6.270e+01, l1: 0.906, l2: 0.01178, Time: 6.48
It: 24400, Loss: 6.267e+01, l1: 0.906, l2: 0.01175, Time: 6.66
It: 24500, Loss: 6.264e+01, l1: 0.906, l2: 0.01175, Time: 6.28
It: 24600, Loss: 6.262e+01, l1: 0.906, l2: 0.01209, Time: 7.92
It: 24700, Loss: 6.257e+01, l1: 0.906, l2: 0.01177, Time: 6.58
It: 24800, Loss: 6.254e+01, l1: 0.906, l2: 0.01172, Time: 6.92
It: 24900, Loss: 6.251e+01, l1: 0.906, l2: 0.01176, Time: 7.10
It: 25000, Loss: 6.248e+01, l1: 0.906, l2: 0.01184, Time: 6.56
It: 25100, Loss: 6.245e+01, l1: 0.906, l2: 0.01180, Time: 7.20
It: 25200, Loss: 6.242e+01, l1: 0.906, l2: 0.01182, Time: 6.78
It: 25300, Loss: 6.240e+01, l1: 0.906, l2: 0.01180, Time: 6.50
It: 25400, Loss: 6.237e+01, l1: 0.906, l2: 0.01182, Time: 5.89
It: 25500, Loss: 6.234e+01, l1: 0.906, l2: 0.01180, Time: 7.00
It: 25600, Loss: 6.232e+01, l1: 0.906, l2: 0.01170, Time: 6.73
It: 25700, Loss: 6.229e+01, l1: 0.906, l2: 0.01173, Time: 6.46
It: 25800, Loss: 6.226e+01, l1: 0.906, l2: 0.01180, Time: 6.82
It: 25900, Loss: 6.224e+01, l1: 0.906, l2: 0.01180, Time: 6.34
It: 26000, Loss: 6.221e+01, l1: 0.906, l2: 0.01184, Time: 6.79
It: 26100, Loss: 6.219e+01, l1: 0.906, l2: 0.01178, Time: 7.95
It: 26200, Loss: 6.216e+01, l1: 0.906, l2: 0.01187, Time: 6.63
It: 26300, Loss: 6.214e+01, l1: 0.906, l2: 0.01188, Time: 7.21
It: 26400, Loss: 6.211e+01, l1: 0.906, l2: 0.01199, Time: 6.61
It: 26500, Loss: 6.209e+01, l1: 0.906, l2: 0.01193, Time: 7.35
It: 26600, Loss: 6.206e+01, l1: 0.906, l2: 0.01196, Time: 6.76
It: 26700, Loss: 6.204e+01, l1: 0.906, l2: 0.01209, Time: 6.33
It: 26800, Loss: 6.201e+01, l1: 0.906, l2: 0.01192, Time: 6.50
It: 26900, Loss: 6.199e+01, l1: 0.906, l2: 0.01189, Time: 6.53
It: 27000, Loss: 6.197e+01, l1: 0.906, l2: 0.01200, Time: 6.90
It: 27100, Loss: 6.194e+01, l1: 0.906, l2: 0.01195, Time: 6.74
It: 27200, Loss: 6.192e+01, l1: 0.906, l2: 0.01193, Time: 7.66
It: 27300, Loss: 6.189e+01, l1: 0.906, l2: 0.01197, Time: 6.83
It: 27400, Loss: 6.187e+01, l1: 0.906, l2: 0.01193, Time: 6.67
It: 27500, Loss: 6.184e+01, l1: 0.906, l2: 0.01199, Time: 7.32
It: 27600, Loss: 6.182e+01, l1: 0.906, l2: 0.01200, Time: 8.07
It: 27700, Loss: 6.180e+01, l1: 0.906, l2: 0.01201, Time: 6.71
It: 27800, Loss: 6.177e+01, l1: 0.906, l2: 0.01198, Time: 7.08
It: 27900, Loss: 6.175e+01, l1: 0.905, l2: 0.01202, Time: 6.95
It: 28000, Loss: 6.173e+01, l1: 0.905, l2: 0.01201, Time: 6.59
It: 28100, Loss: 6.170e+01, l1: 0.905, l2: 0.01204, Time: 6.48
It: 28200, Loss: 6.168e+01, l1: 0.905, l2: 0.01213, Time: 6.70
It: 28300, Loss: 6.166e+01, l1: 0.905, l2: 0.01200, Time: 6.01
It: 28400, Loss: 6.164e+01, l1: 0.905, l2: 0.01206, Time: 5.91
It: 28500, Loss: 6.163e+01, l1: 0.906, l2: 0.01173, Time: 6.91
It: 28600, Loss: 6.160e+01, l1: 0.905, l2: 0.01201, Time: 5.83
It: 28700, Loss: 6.158e+01, l1: 0.905, l2: 0.01198, Time: 6.73
It: 28800, Loss: 6.156e+01, l1: 0.905, l2: 0.01206, Time: 6.55
It: 28900, Loss: 6.154e+01, l1: 0.905, l2: 0.01189, Time: 7.05
It: 29000, Loss: 6.152e+01, l1: 0.905, l2: 0.01204, Time: 6.67
It: 29100, Loss: 6.150e+01, l1: 0.905, l2: 0.01200, Time: 7.23
It: 29200, Loss: 6.149e+01, l1: 0.905, l2: 0.01212, Time: 6.72
It: 29300, Loss: 6.146e+01, l1: 0.905, l2: 0.01206, Time: 6.46
It: 29400, Loss: 6.144e+01, l1: 0.905, l2: 0.01207, Time: 6.62
It: 29500, Loss: 6.143e+01, l1: 0.905, l2: 0.01206, Time: 6.90
It: 29600, Loss: 6.141e+01, l1: 0.905, l2: 0.01173, Time: 6.16
It: 29700, Loss: 6.139e+01, l1: 0.905, l2: 0.01205, Time: 8.75
It: 29800, Loss: 6.137e+01, l1: 0.905, l2: 0.01206, Time: 7.13
It: 29900, Loss: 6.136e+01, l1: 0.905, l2: 0.01202, Time: 6.46
It: 30000, Loss: 6.134e+01, l1: 0.905, l2: 0.01206, Time: 8.47
It: 30100, Loss: 6.133e+01, l1: 0.905, l2: 0.01206, Time: 8.58
It: 30200, Loss: 6.132e+01, l1: 0.905, l2: 0.01206, Time: 7.99
It: 30300, Loss: 6.132e+01, l1: 0.905, l2: 0.01206, Time: 6.81
It: 30400, Loss: 6.131e+01, l1: 0.905, l2: 0.01206, Time: 6.67
It: 30500, Loss: 6.130e+01, l1: 0.905, l2: 0.01206, Time: 6.86
It: 30600, Loss: 6.129e+01, l1: 0.905, l2: 0.01206, Time: 5.97
It: 30700, Loss: 6.128e+01, l1: 0.905, l2: 0.01206, Time: 7.67
It: 30800, Loss: 6.127e+01, l1: 0.905, l2: 0.01206, Time: 8.58
It: 30900, Loss: 6.125e+01, l1: 0.905, l2: 0.01206, Time: 7.74
It: 31000, Loss: 6.124e+01, l1: 0.905, l2: 0.01206, Time: 6.68
It: 31100, Loss: 6.123e+01, l1: 0.905, l2: 0.01206, Time: 6.68
It: 31200, Loss: 6.122e+01, l1: 0.905, l2: 0.01206, Time: 6.87
It: 31300, Loss: 6.121e+01, l1: 0.905, l2: 0.01206, Time: 6.96
It: 31400, Loss: 6.120e+01, l1: 0.905, l2: 0.01196, Time: 6.02
It: 31500, Loss: 6.118e+01, l1: 0.905, l2: 0.01205, Time: 6.02
It: 31600, Loss: 6.117e+01, l1: 0.905, l2: 0.01198, Time: 7.19
It: 31700, Loss: 6.116e+01, l1: 0.905, l2: 0.01204, Time: 6.40
It: 31800, Loss: 6.115e+01, l1: 0.905, l2: 0.01204, Time: 7.40
It: 31900, Loss: 6.113e+01, l1: 0.905, l2: 0.01205, Time: 6.79
It: 32000, Loss: 6.112e+01, l1: 0.905, l2: 0.01206, Time: 7.17
It: 32100, Loss: 6.111e+01, l1: 0.905, l2: 0.01205, Time: 7.25
It: 32200, Loss: 6.110e+01, l1: 0.905, l2: 0.01204, Time: 6.84
It: 32300, Loss: 6.108e+01, l1: 0.905, l2: 0.01205, Time: 6.48
It: 32400, Loss: 6.107e+01, l1: 0.905, l2: 0.01205, Time: 7.85
It: 32500, Loss: 6.106e+01, l1: 0.905, l2: 0.01209, Time: 6.98
It: 32600, Loss: 6.105e+01, l1: 0.905, l2: 0.01204, Time: 6.31
It: 32700, Loss: 6.103e+01, l1: 0.905, l2: 0.01204, Time: 6.57
It: 32800, Loss: 6.102e+01, l1: 0.905, l2: 0.01204, Time: 6.47
It: 32900, Loss: 6.101e+01, l1: 0.905, l2: 0.01204, Time: 7.15
It: 33000, Loss: 6.099e+01, l1: 0.905, l2: 0.01206, Time: 6.52
It: 33100, Loss: 6.098e+01, l1: 0.905, l2: 0.01204, Time: 6.75
It: 33200, Loss: 6.097e+01, l1: 0.905, l2: 0.01205, Time: 6.27
It: 33300, Loss: 6.095e+01, l1: 0.905, l2: 0.01206, Time: 6.69
It: 33400, Loss: 6.094e+01, l1: 0.905, l2: 0.01200, Time: 6.62
It: 33500, Loss: 6.092e+01, l1: 0.905, l2: 0.01205, Time: 7.32
It: 33600, Loss: 6.091e+01, l1: 0.905, l2: 0.01208, Time: 8.21
It: 33700, Loss: 6.089e+01, l1: 0.905, l2: 0.01203, Time: 6.64
It: 33800, Loss: 6.087e+01, l1: 0.905, l2: 0.01204, Time: 6.50
It: 33900, Loss: 6.085e+01, l1: 0.905, l2: 0.01204, Time: 7.03
It: 34000, Loss: 6.084e+01, l1: 0.905, l2: 0.01204, Time: 5.81
It: 34100, Loss: 6.082e+01, l1: 0.905, l2: 0.01204, Time: 6.55
It: 34200, Loss: 6.079e+01, l1: 0.905, l2: 0.01205, Time: 6.38
It: 34300, Loss: 6.077e+01, l1: 0.905, l2: 0.01205, Time: 6.10
It: 34400, Loss: 6.075e+01, l1: 0.905, l2: 0.01210, Time: 6.61
It: 34500, Loss: 6.073e+01, l1: 0.905, l2: 0.01211, Time: 7.06
It: 34600, Loss: 6.070e+01, l1: 0.905, l2: 0.01207, Time: 6.74
It: 34700, Loss: 6.068e+01, l1: 0.905, l2: 0.01207, Time: 6.37
It: 34800, Loss: 6.065e+01, l1: 0.905, l2: 0.01209, Time: 6.64
It: 34900, Loss: 6.062e+01, l1: 0.906, l2: 0.01202, Time: 6.78
It: 35000, Loss: 6.059e+01, l1: 0.906, l2: 0.01209, Time: 8.30
It: 35100, Loss: 6.056e+01, l1: 0.906, l2: 0.01207, Time: 6.62
It: 35200, Loss: 6.053e+01, l1: 0.906, l2: 0.01214, Time: 6.33
It: 35300, Loss: 6.050e+01, l1: 0.906, l2: 0.01216, Time: 6.77
It: 35400, Loss: 6.046e+01, l1: 0.906, l2: 0.01217, Time: 7.16
It: 35500, Loss: 6.043e+01, l1: 0.906, l2: 0.01219, Time: 7.89
It: 35600, Loss: 6.039e+01, l1: 0.906, l2: 0.01219, Time: 7.26
It: 35700, Loss: 6.036e+01, l1: 0.906, l2: 0.01224, Time: 7.03
It: 35800, Loss: 6.032e+01, l1: 0.906, l2: 0.01227, Time: 6.55
It: 35900, Loss: 6.028e+01, l1: 0.906, l2: 0.01226, Time: 7.08
It: 36000, Loss: 6.025e+01, l1: 0.906, l2: 0.01228, Time: 6.60
It: 36100, Loss: 6.021e+01, l1: 0.906, l2: 0.01234, Time: 7.18
It: 36200, Loss: 6.018e+01, l1: 0.906, l2: 0.01230, Time: 5.84
It: 36300, Loss: 6.015e+01, l1: 0.906, l2: 0.01231, Time: 8.18
It: 36400, Loss: 6.012e+01, l1: 0.906, l2: 0.01233, Time: 6.96
It: 36500, Loss: 6.009e+01, l1: 0.906, l2: 0.01241, Time: 7.22
It: 36600, Loss: 6.006e+01, l1: 0.906, l2: 0.01239, Time: 6.50
It: 36700, Loss: 6.003e+01, l1: 0.906, l2: 0.01240, Time: 6.80
It: 36800, Loss: 6.001e+01, l1: 0.907, l2: 0.01242, Time: 5.56
It: 36900, Loss: 5.998e+01, l1: 0.907, l2: 0.01244, Time: 6.77
It: 37000, Loss: 5.996e+01, l1: 0.907, l2: 0.01242, Time: 8.15
It: 37100, Loss: 5.993e+01, l1: 0.907, l2: 0.01249, Time: 7.30
It: 37200, Loss: 5.991e+01, l1: 0.907, l2: 0.01248, Time: 8.34
It: 37300, Loss: 5.989e+01, l1: 0.907, l2: 0.01246, Time: 8.43
It: 37400, Loss: 5.987e+01, l1: 0.907, l2: 0.01260, Time: 6.73
It: 37500, Loss: 5.985e+01, l1: 0.907, l2: 0.01252, Time: 6.97
It: 37600, Loss: 5.982e+01, l1: 0.907, l2: 0.01251, Time: 6.41
It: 37700, Loss: 5.980e+01, l1: 0.907, l2: 0.01253, Time: 7.12
It: 37800, Loss: 5.978e+01, l1: 0.907, l2: 0.01255, Time: 6.94
It: 37900, Loss: 5.976e+01, l1: 0.907, l2: 0.01256, Time: 7.00
It: 38000, Loss: 5.975e+01, l1: 0.907, l2: 0.01258, Time: 7.25
It: 38100, Loss: 5.973e+01, l1: 0.907, l2: 0.01258, Time: 7.05
It: 38200, Loss: 5.971e+01, l1: 0.907, l2: 0.01258, Time: 6.59
It: 38300, Loss: 5.969e+01, l1: 0.907, l2: 0.01262, Time: 8.29
It: 38400, Loss: 5.967e+01, l1: 0.907, l2: 0.01262, Time: 8.87
It: 38500, Loss: 5.965e+01, l1: 0.907, l2: 0.01263, Time: 7.22
It: 38600, Loss: 5.964e+01, l1: 0.907, l2: 0.01264, Time: 6.77
It: 38700, Loss: 5.962e+01, l1: 0.907, l2: 0.01265, Time: 7.44
It: 38800, Loss: 5.960e+01, l1: 0.907, l2: 0.01265, Time: 6.85
It: 38900, Loss: 5.959e+01, l1: 0.907, l2: 0.01257, Time: 7.53
It: 39000, Loss: 5.957e+01, l1: 0.907, l2: 0.01269, Time: 7.34
It: 39100, Loss: 5.955e+01, l1: 0.907, l2: 0.01271, Time: 6.49
It: 39200, Loss: 5.954e+01, l1: 0.907, l2: 0.01268, Time: 6.71
It: 39300, Loss: 5.952e+01, l1: 0.907, l2: 0.01271, Time: 6.06
It: 39400, Loss: 5.951e+01, l1: 0.907, l2: 0.01271, Time: 6.80
It: 39500, Loss: 5.949e+01, l1: 0.907, l2: 0.01272, Time: 6.83
It: 39600, Loss: 5.948e+01, l1: 0.907, l2: 0.01270, Time: 8.41
It: 39700, Loss: 5.946e+01, l1: 0.907, l2: 0.01276, Time: 7.76
It: 39800, Loss: 5.945e+01, l1: 0.907, l2: 0.01276, Time: 7.94
It: 39900, Loss: 5.943e+01, l1: 0.907, l2: 0.01272, Time: 6.79
It: 40000, Loss: 5.942e+01, l1: 0.907, l2: 0.01277, Time: 6.45
It: 40100, Loss: 5.941e+01, l1: 0.907, l2: 0.01277, Time: 7.58
It: 40200, Loss: 5.941e+01, l1: 0.907, l2: 0.01277, Time: 6.35
It: 40300, Loss: 5.940e+01, l1: 0.907, l2: 0.01277, Time: 6.97
It: 40400, Loss: 5.939e+01, l1: 0.907, l2: 0.01278, Time: 6.22
It: 40500, Loss: 5.938e+01, l1: 0.907, l2: 0.01278, Time: 6.98
It: 40600, Loss: 5.938e+01, l1: 0.907, l2: 0.01278, Time: 6.24
It: 40700, Loss: 5.937e+01, l1: 0.907, l2: 0.01279, Time: 7.01
It: 40800, Loss: 5.936e+01, l1: 0.907, l2: 0.01279, Time: 7.12
It: 40900, Loss: 5.935e+01, l1: 0.907, l2: 0.01279, Time: 6.56
It: 41000, Loss: 5.934e+01, l1: 0.907, l2: 0.01280, Time: 7.46
It: 41100, Loss: 5.933e+01, l1: 0.907, l2: 0.01280, Time: 8.29
It: 41200, Loss: 5.933e+01, l1: 0.907, l2: 0.01281, Time: 6.39
It: 41300, Loss: 5.932e+01, l1: 0.907, l2: 0.01281, Time: 6.57
It: 41400, Loss: 5.931e+01, l1: 0.907, l2: 0.01281, Time: 6.57
It: 41500, Loss: 5.930e+01, l1: 0.907, l2: 0.01281, Time: 7.48
It: 41600, Loss: 5.929e+01, l1: 0.907, l2: 0.01282, Time: 8.32
It: 41700, Loss: 5.928e+01, l1: 0.907, l2: 0.01282, Time: 6.95
It: 41800, Loss: 5.927e+01, l1: 0.907, l2: 0.01276, Time: 7.96
It: 41900, Loss: 5.926e+01, l1: 0.907, l2: 0.01283, Time: 6.63
It: 42000, Loss: 5.925e+01, l1: 0.907, l2: 0.01286, Time: 7.00
It: 42100, Loss: 5.925e+01, l1: 0.907, l2: 0.01283, Time: 6.63
It: 42200, Loss: 5.924e+01, l1: 0.907, l2: 0.01283, Time: 7.01
It: 42300, Loss: 5.923e+01, l1: 0.907, l2: 0.01281, Time: 6.68
It: 42400, Loss: 5.922e+01, l1: 0.907, l2: 0.01284, Time: 6.76
It: 42500, Loss: 5.921e+01, l1: 0.907, l2: 0.01283, Time: 6.40
It: 42600, Loss: 5.920e+01, l1: 0.907, l2: 0.01285, Time: 7.36
It: 42700, Loss: 5.920e+01, l1: 0.907, l2: 0.01285, Time: 6.99
It: 42800, Loss: 5.919e+01, l1: 0.907, l2: 0.01285, Time: 8.06
It: 42900, Loss: 5.918e+01, l1: 0.907, l2: 0.01285, Time: 7.07
It: 43000, Loss: 5.917e+01, l1: 0.907, l2: 0.01285, Time: 7.30
It: 43100, Loss: 5.917e+01, l1: 0.907, l2: 0.01284, Time: 6.80
It: 43200, Loss: 5.916e+01, l1: 0.907, l2: 0.01286, Time: 6.85
It: 43300, Loss: 5.915e+01, l1: 0.907, l2: 0.01286, Time: 7.65
It: 43400, Loss: 5.915e+01, l1: 0.907, l2: 0.01285, Time: 7.74
It: 43500, Loss: 5.914e+01, l1: 0.907, l2: 0.01285, Time: 5.78
It: 43600, Loss: 5.913e+01, l1: 0.907, l2: 0.01284, Time: 6.56
It: 43700, Loss: 5.913e+01, l1: 0.907, l2: 0.01286, Time: 6.75
It: 43800, Loss: 5.912e+01, l1: 0.907, l2: 0.01286, Time: 7.38
It: 43900, Loss: 5.911e+01, l1: 0.907, l2: 0.01286, Time: 7.37
It: 44000, Loss: 5.911e+01, l1: 0.907, l2: 0.01289, Time: 6.72
It: 44100, Loss: 5.910e+01, l1: 0.907, l2: 0.01287, Time: 6.58
It: 44200, Loss: 5.909e+01, l1: 0.907, l2: 0.01285, Time: 5.89
It: 44300, Loss: 5.909e+01, l1: 0.907, l2: 0.01286, Time: 6.85
It: 44400, Loss: 5.908e+01, l1: 0.907, l2: 0.01289, Time: 6.79
It: 44500, Loss: 5.907e+01, l1: 0.907, l2: 0.01287, Time: 8.55
It: 44600, Loss: 5.907e+01, l1: 0.907, l2: 0.01286, Time: 7.00
It: 44700, Loss: 5.906e+01, l1: 0.907, l2: 0.01282, Time: 6.72
It: 44800, Loss: 5.906e+01, l1: 0.907, l2: 0.01287, Time: 6.25
It: 44900, Loss: 5.905e+01, l1: 0.907, l2: 0.01287, Time: 6.18
It: 45000, Loss: 5.904e+01, l1: 0.907, l2: 0.01288, Time: 7.10
It: 45100, Loss: 5.904e+01, l1: 0.907, l2: 0.01292, Time: 5.97
It: 45200, Loss: 5.903e+01, l1: 0.907, l2: 0.01288, Time: 6.96
It: 45300, Loss: 5.903e+01, l1: 0.907, l2: 0.01288, Time: 6.31
It: 45400, Loss: 5.902e+01, l1: 0.907, l2: 0.01288, Time: 6.87
It: 45500, Loss: 5.901e+01, l1: 0.907, l2: 0.01290, Time: 7.92
It: 45600, Loss: 5.901e+01, l1: 0.907, l2: 0.01288, Time: 8.39
It: 45700, Loss: 5.900e+01, l1: 0.907, l2: 0.01288, Time: 8.08
It: 45800, Loss: 5.900e+01, l1: 0.907, l2: 0.01284, Time: 7.40
It: 45900, Loss: 5.899e+01, l1: 0.907, l2: 0.01289, Time: 7.35
It: 46000, Loss: 5.898e+01, l1: 0.907, l2: 0.01290, Time: 6.49
It: 46100, Loss: 5.898e+01, l1: 0.907, l2: 0.01290, Time: 7.56
It: 46200, Loss: 5.897e+01, l1: 0.907, l2: 0.01290, Time: 7.22
It: 46300, Loss: 5.897e+01, l1: 0.907, l2: 0.01291, Time: 8.54
It: 46400, Loss: 5.896e+01, l1: 0.907, l2: 0.01286, Time: 7.22
It: 46500, Loss: 5.895e+01, l1: 0.907, l2: 0.01290, Time: 8.06
It: 46600, Loss: 5.895e+01, l1: 0.907, l2: 0.01293, Time: 6.56
It: 46700, Loss: 5.894e+01, l1: 0.907, l2: 0.01291, Time: 6.52
It: 46800, Loss: 5.894e+01, l1: 0.907, l2: 0.01292, Time: 7.33
It: 46900, Loss: 5.893e+01, l1: 0.907, l2: 0.01293, Time: 6.82
It: 47000, Loss: 5.892e+01, l1: 0.907, l2: 0.01293, Time: 7.46
It: 47100, Loss: 5.892e+01, l1: 0.907, l2: 0.01293, Time: 6.75
It: 47200, Loss: 5.891e+01, l1: 0.907, l2: 0.01293, Time: 7.83
It: 47300, Loss: 5.891e+01, l1: 0.907, l2: 0.01293, Time: 6.42
It: 47400, Loss: 5.890e+01, l1: 0.907, l2: 0.01294, Time: 7.14
It: 47500, Loss: 5.890e+01, l1: 0.907, l2: 0.01294, Time: 6.47
It: 47600, Loss: 5.889e+01, l1: 0.907, l2: 0.01294, Time: 7.10
It: 47700, Loss: 5.889e+01, l1: 0.907, l2: 0.01294, Time: 6.80
It: 47800, Loss: 5.888e+01, l1: 0.907, l2: 0.01294, Time: 6.17
It: 47900, Loss: 5.888e+01, l1: 0.907, l2: 0.01294, Time: 6.85
It: 48000, Loss: 5.887e+01, l1: 0.907, l2: 0.01294, Time: 7.44
It: 48100, Loss: 5.887e+01, l1: 0.907, l2: 0.01294, Time: 8.06
It: 48200, Loss: 5.886e+01, l1: 0.907, l2: 0.01296, Time: 6.89
It: 48300, Loss: 5.886e+01, l1: 0.907, l2: 0.01293, Time: 6.66
It: 48400, Loss: 5.885e+01, l1: 0.907, l2: 0.01294, Time: 6.87
It: 48500, Loss: 5.885e+01, l1: 0.907, l2: 0.01293, Time: 7.01
It: 48600, Loss: 5.884e+01, l1: 0.907, l2: 0.01294, Time: 6.40
It: 48700, Loss: 5.884e+01, l1: 0.907, l2: 0.01294, Time: 6.67
It: 48800, Loss: 5.883e+01, l1: 0.907, l2: 0.01299, Time: 6.40
It: 48900, Loss: 5.883e+01, l1: 0.907, l2: 0.01294, Time: 6.73
It: 49000, Loss: 5.883e+01, l1: 0.907, l2: 0.01293, Time: 6.45
It: 49100, Loss: 5.882e+01, l1: 0.907, l2: 0.01294, Time: 7.24
It: 49200, Loss: 5.882e+01, l1: 0.907, l2: 0.01296, Time: 6.76
It: 49300, Loss: 5.881e+01, l1: 0.907, l2: 0.01300, Time: 5.89
It: 49400, Loss: 5.881e+01, l1: 0.907, l2: 0.01295, Time: 6.69
It: 49500, Loss: 5.880e+01, l1: 0.907, l2: 0.01295, Time: 6.38
It: 49600, Loss: 5.880e+01, l1: 0.907, l2: 0.01293, Time: 6.91
It: 49700, Loss: 5.879e+01, l1: 0.907, l2: 0.01293, Time: 6.63
It: 49800, Loss: 5.879e+01, l1: 0.907, l2: 0.01295, Time: 6.97
It: 49900, Loss: 5.879e+01, l1: 0.907, l2: 0.01293, Time: 6.59
It: 50000, Loss: 5.878e+01, l1: 0.907, l2: 0.01294, Time: 7.36
It: 50100, Loss: 5.878e+01, l1: 0.907, l2: 0.01294, Time: 6.75
It: 50200, Loss: 5.878e+01, l1: 0.907, l2: 0.01293, Time: 6.55
It: 50300, Loss: 5.877e+01, l1: 0.907, l2: 0.01293, Time: 6.68
It: 50400, Loss: 5.877e+01, l1: 0.907, l2: 0.01293, Time: 6.32
It: 50500, Loss: 5.877e+01, l1: 0.907, l2: 0.01293, Time: 5.73
It: 50600, Loss: 5.877e+01, l1: 0.907, l2: 0.01293, Time: 7.12
It: 50700, Loss: 5.876e+01, l1: 0.907, l2: 0.01293, Time: 6.19
It: 50800, Loss: 5.876e+01, l1: 0.907, l2: 0.01293, Time: 7.22
It: 50900, Loss: 5.876e+01, l1: 0.907, l2: 0.01293, Time: 6.39
It: 51000, Loss: 5.876e+01, l1: 0.907, l2: 0.01293, Time: 7.33
It: 51100, Loss: 5.875e+01, l1: 0.907, l2: 0.01293, Time: 5.81
It: 51200, Loss: 5.875e+01, l1: 0.907, l2: 0.01293, Time: 6.96
It: 51300, Loss: 5.875e+01, l1: 0.907, l2: 0.01293, Time: 6.60
It: 51400, Loss: 5.874e+01, l1: 0.907, l2: 0.01293, Time: 6.71
It: 51500, Loss: 5.874e+01, l1: 0.907, l2: 0.01292, Time: 5.89
It: 51600, Loss: 5.874e+01, l1: 0.907, l2: 0.01291, Time: 6.76
It: 51700, Loss: 5.873e+01, l1: 0.907, l2: 0.01294, Time: 6.35
It: 51800, Loss: 5.873e+01, l1: 0.907, l2: 0.01292, Time: 6.99
It: 51900, Loss: 5.873e+01, l1: 0.907, l2: 0.01292, Time: 7.66
It: 52000, Loss: 5.873e+01, l1: 0.907, l2: 0.01291, Time: 8.18
It: 52100, Loss: 5.872e+01, l1: 0.907, l2: 0.01291, Time: 8.01
It: 52200, Loss: 5.872e+01, l1: 0.907, l2: 0.01291, Time: 5.94
It: 52300, Loss: 5.872e+01, l1: 0.907, l2: 0.01291, Time: 7.64
It: 52400, Loss: 5.871e+01, l1: 0.907, l2: 0.01291, Time: 6.41