It: 0, Loss: 8.945e-01, lamd1: 1.000, lamd2: 0.01000, Time: 0.10
It: 100, Loss: 1.608e-01, lamd1: 1.000, lamd2: 0.01000, Time: 6.80
It: 200, Loss: 1.641e-01, lamd1: 1.000, lamd2: 0.01000, Time: 6.87
It: 300, Loss: 1.398e-01, lamd1: 1.000, lamd2: 0.01000, Time: 7.01
It: 400, Loss: 1.183e-01, lamd1: 1.000, lamd2: 0.01000, Time: 6.95
It: 500, Loss: 1.821e-01, lamd1: 1.000, lamd2: 0.01000, Time: 6.99
It: 600, Loss: 1.036e-01, lamd1: 1.000, lamd2: 0.01000, Time: 6.95
It: 700, Loss: 9.913e-02, lamd1: 1.000, lamd2: 0.01000, Time: 6.91
It: 800, Loss: 9.692e-02, lamd1: 1.000, lamd2: 0.01000, Time: 6.92
It: 900, Loss: 9.897e-02, lamd1: 1.000, lamd2: 0.01000, Time: 6.94
It: 1000, Loss: 9.588e-02, lamd1: 1.000, lamd2: 0.01000, Time: 6.92
It: 1100, Loss: 9.537e-02, lamd1: 1.000, lamd2: 0.01000, Time: 6.93
It: 1200, Loss: 9.875e-02, lamd1: 1.000, lamd2: 0.01000, Time: 6.87
It: 1300, Loss: 9.521e-02, lamd1: 1.000, lamd2: 0.01000, Time: 6.85
It: 1400, Loss: 9.495e-02, lamd1: 1.000, lamd2: 0.01000, Time: 6.84
It: 1500, Loss: 9.509e-02, lamd1: 1.000, lamd2: 0.01000, Time: 6.83
It: 1600, Loss: 9.574e-02, lamd1: 1.000, lamd2: 0.01000, Time: 6.88
It: 1700, Loss: 9.509e-02, lamd1: 1.000, lamd2: 0.01000, Time: 6.84
It: 1800, Loss: 9.510e-02, lamd1: 1.000, lamd2: 0.01000, Time: 6.88
It: 1900, Loss: 9.683e-02, lamd1: 1.000, lamd2: 0.01000, Time: 6.92
It: 2000, Loss: 9.588e-02, lamd1: 1.000, lamd2: 0.01000, Time: 6.88
It: 2100, Loss: 9.908e-02, lamd1: 1.000, lamd2: 0.01000, Time: 6.88
It: 2200, Loss: 9.451e-02, lamd1: 1.000, lamd2: 0.01000, Time: 6.95
It: 2300, Loss: 9.555e-02, lamd1: 1.000, lamd2: 0.01000, Time: 6.92
It: 2400, Loss: 9.508e-02, lamd1: 1.000, lamd2: 0.01000, Time: 6.94
It: 2500, Loss: 9.539e-02, lamd1: 1.000, lamd2: 0.01000, Time: 6.97
It: 2600, Loss: 9.478e-02, lamd1: 1.000, lamd2: 0.01000, Time: 6.97
It: 2700, Loss: 9.446e-02, lamd1: 1.000, lamd2: 0.01000, Time: 7.00
It: 2800, Loss: 9.502e-02, lamd1: 1.000, lamd2: 0.01000, Time: 6.96
It: 2900, Loss: 9.450e-02, lamd1: 1.000, lamd2: 0.01000, Time: 6.97
It: 3000, Loss: 9.493e-02, lamd1: 1.000, lamd2: 0.01000, Time: 6.96
It: 3100, Loss: 9.535e-02, lamd1: 1.000, lamd2: 0.01000, Time: 6.98
It: 3200, Loss: 9.495e-02, lamd1: 1.000, lamd2: 0.01000, Time: 6.95
It: 3300, Loss: 9.503e-02, lamd1: 1.000, lamd2: 0.01000, Time: 6.98
It: 3400, Loss: 9.634e-02, lamd1: 1.000, lamd2: 0.01000, Time: 6.98
It: 3500, Loss: 9.357e-02, lamd1: 1.000, lamd2: 0.01000, Time: 6.96
It: 3600, Loss: 8.943e-01, lamd1: 1.000, lamd2: 0.01000, Time: 6.95
It: 3700, Loss: 8.862e-01, lamd1: 1.000, lamd2: 0.01000, Time: 6.90
It: 3800, Loss: 1.174e-01, lamd1: 1.000, lamd2: 0.01000, Time: 6.88
It: 3900, Loss: 1.181e-01, lamd1: 1.000, lamd2: 0.01000, Time: 6.85
It: 4000, Loss: 9.856e-02, lamd1: 1.000, lamd2: 0.01000, Time: 6.90
It: 4100, Loss: 9.798e-02, lamd1: 1.000, lamd2: 0.01000, Time: 6.90
It: 4200, Loss: 9.764e-02, lamd1: 1.000, lamd2: 0.01000, Time: 6.93
It: 4300, Loss: 9.736e-02, lamd1: 1.000, lamd2: 0.01000, Time: 6.89
It: 4400, Loss: 9.716e-02, lamd1: 1.000, lamd2: 0.01000, Time: 6.92
It: 4500, Loss: 9.704e-02, lamd1: 1.000, lamd2: 0.01000, Time: 6.92
It: 4600, Loss: 9.688e-02, lamd1: 1.000, lamd2: 0.01000, Time: 6.93
It: 4700, Loss: 9.676e-02, lamd1: 1.000, lamd2: 0.01000, Time: 6.89
It: 4800, Loss: 9.666e-02, lamd1: 1.000, lamd2: 0.01000, Time: 6.91
It: 4900, Loss: 9.654e-02, lamd1: 1.000, lamd2: 0.01000, Time: 6.91
It: 5000, Loss: 9.652e-02, lamd1: 1.000, lamd2: 0.01000, Time: 6.87
It: 5100, Loss: 9.631e-02, lamd1: 1.000, lamd2: 0.01000, Time: 6.84
It: 5200, Loss: 9.623e-02, lamd1: 1.000, lamd2: 0.01000, Time: 6.84
It: 5300, Loss: 9.626e-02, lamd1: 1.000, lamd2: 0.01000, Time: 6.83
It: 5400, Loss: 9.617e-02, lamd1: 1.000, lamd2: 0.01000, Time: 6.85
It: 5500, Loss: 9.604e-02, lamd1: 1.000, lamd2: 0.01000, Time: 6.95
It: 5600, Loss: 9.570e-02, lamd1: 1.000, lamd2: 0.01000, Time: 6.96
It: 5700, Loss: 9.576e-02, lamd1: 1.000, lamd2: 0.01000, Time: 6.97
It: 5800, Loss: 9.628e-02, lamd1: 1.000, lamd2: 0.01000, Time: 6.94
It: 5900, Loss: 9.743e-02, lamd1: 1.000, lamd2: 0.01000, Time: 7.13
It: 6000, Loss: 9.519e-02, lamd1: 1.000, lamd2: 0.01000, Time: 7.37
It: 6100, Loss: 9.522e-02, lamd1: 1.000, lamd2: 0.01000, Time: 7.19
It: 6200, Loss: 1.016e-01, lamd1: 1.000, lamd2: 0.01000, Time: 7.02
It: 6300, Loss: 8.945e-01, lamd1: 1.000, lamd2: 0.01000, Time: 7.57
It: 6400, Loss: 8.945e-01, lamd1: 1.000, lamd2: 0.01000, Time: 7.43
It: 6500, Loss: 8.945e-01, lamd1: 1.000, lamd2: 0.01000, Time: 6.96
It: 6600, Loss: 8.945e-01, lamd1: 1.000, lamd2: 0.01000, Time: 6.98
It: 6700, Loss: 8.945e-01, lamd1: 1.000, lamd2: 0.01000, Time: 6.94
It: 6800, Loss: 8.945e-01, lamd1: 1.000, lamd2: 0.01000, Time: 6.96
It: 6900, Loss: 8.945e-01, lamd1: 1.000, lamd2: 0.01000, Time: 6.97
It: 7000, Loss: 8.945e-01, lamd1: 1.000, lamd2: 0.01000, Time: 6.98
It: 7100, Loss: 8.945e-01, lamd1: 1.000, lamd2: 0.01000, Time: 7.00
It: 7200, Loss: 8.945e-01, lamd1: 1.000, lamd2: 0.01000, Time: 6.96
It: 7300, Loss: 8.945e-01, lamd1: 1.000, lamd2: 0.01000, Time: 6.98
It: 7400, Loss: 8.945e-01, lamd1: 1.000, lamd2: 0.01000, Time: 7.09
It: 7500, Loss: 8.945e-01, lamd1: 1.000, lamd2: 0.01000, Time: 6.96
It: 7600, Loss: 8.945e-01, lamd1: 1.000, lamd2: 0.01000, Time: 6.98
It: 7700, Loss: 8.945e-01, lamd1: 1.000, lamd2: 0.01000, Time: 8.53
It: 7800, Loss: 8.945e-01, lamd1: 1.000, lamd2: 0.01000, Time: 9.25
It: 7900, Loss: 8.945e-01, lamd1: 1.000, lamd2: 0.01000, Time: 9.15
It: 8000, Loss: 8.945e-01, lamd1: 1.000, lamd2: 0.01000, Time: 9.12
It: 8100, Loss: 8.945e-01, lamd1: 1.000, lamd2: 0.01000, Time: 9.15
It: 8200, Loss: 8.945e-01, lamd1: 1.000, lamd2: 0.01000, Time: 9.14
It: 8300, Loss: 8.945e-01, lamd1: 1.000, lamd2: 0.01000, Time: 9.14
It: 8400, Loss: 8.945e-01, lamd1: 1.000, lamd2: 0.01000, Time: 9.16
It: 8500, Loss: 8.945e-01, lamd1: 1.000, lamd2: 0.01000, Time: 9.14
It: 8600, Loss: 8.945e-01, lamd1: 1.000, lamd2: 0.01000, Time: 9.17
It: 8700, Loss: 8.945e-01, lamd1: 1.000, lamd2: 0.01000, Time: 9.15
It: 8800, Loss: 8.945e-01, lamd1: 1.000, lamd2: 0.01000, Time: 9.14
It: 8900, Loss: 8.945e-01, lamd1: 1.000, lamd2: 0.01000, Time: 9.14
It: 9000, Loss: 8.945e-01, lamd1: 1.000, lamd2: 0.01000, Time: 9.15
It: 9100, Loss: 8.945e-01, lamd1: 1.000, lamd2: 0.01000, Time: 9.17
It: 9200, Loss: 8.945e-01, lamd1: 1.000, lamd2: 0.01000, Time: 9.09
It: 9300, Loss: 8.945e-01, lamd1: 1.000, lamd2: 0.01000, Time: 7.72
It: 9400, Loss: 8.945e-01, lamd1: 1.000, lamd2: 0.01000, Time: 7.82
It: 9500, Loss: 8.945e-01, lamd1: 1.000, lamd2: 0.01000, Time: 7.77
It: 9600, Loss: 8.945e-01, lamd1: 1.000, lamd2: 0.01000, Time: 7.76
It: 9700, Loss: 8.945e-01, lamd1: 1.000, lamd2: 0.01000, Time: 7.66
It: 9800, Loss: 8.945e-01, lamd1: 1.000, lamd2: 0.01000, Time: 7.77
It: 9900, Loss: 8.945e-01, lamd1: 1.000, lamd2: 0.01000, Time: 7.76
It: 10000, Loss: 8.945e-01, lamd1: 1.000, lamd2: 0.01000, Time: 7.75
It: 10100, Loss: 8.945e-01, lamd1: 1.000, lamd2: 0.01000, Time: 7.76
It: 10200, Loss: 8.945e-01, lamd1: 1.000, lamd2: 0.01000, Time: 7.75
It: 10300, Loss: 8.945e-01, lamd1: 1.000, lamd2: 0.01000, Time: 7.79
It: 10400, Loss: 8.945e-01, lamd1: 1.000, lamd2: 0.01000, Time: 7.78
It: 10500, Loss: 8.945e-01, lamd1: 1.000, lamd2: 0.01000, Time: 7.60
It: 10600, Loss: 8.945e-01, lamd1: 1.000, lamd2: 0.01000, Time: 7.05
It: 10700, Loss: 8.945e-01, lamd1: 1.000, lamd2: 0.01000, Time: 7.04
It: 10800, Loss: 8.945e-01, lamd1: 1.000, lamd2: 0.01000, Time: 7.03
It: 10900, Loss: 8.945e-01, lamd1: 1.000, lamd2: 0.01000, Time: 6.98
It: 11000, Loss: 8.945e-01, lamd1: 1.000, lamd2: 0.01000, Time: 6.98
It: 11100, Loss: 8.945e-01, lamd1: 1.000, lamd2: 0.01000, Time: 7.03
It: 11200, Loss: 8.945e-01, lamd1: 1.000, lamd2: 0.01000, Time: 7.02
It: 11300, Loss: 8.945e-01, lamd1: 1.000, lamd2: 0.01000, Time: 7.01
It: 11400, Loss: 8.945e-01, lamd1: 1.000, lamd2: 0.01000, Time: 6.98
It: 11500, Loss: 8.945e-01, lamd1: 1.000, lamd2: 0.01000, Time: 7.00
It: 11600, Loss: 8.945e-01, lamd1: 1.000, lamd2: 0.01000, Time: 7.06
It: 11700, Loss: 8.945e-01, lamd1: 1.000, lamd2: 0.01000, Time: 6.98
It: 11800, Loss: 8.945e-01, lamd1: 1.000, lamd2: 0.01000, Time: 6.99
It: 11900, Loss: 8.945e-01, lamd1: 1.000, lamd2: 0.01000, Time: 6.98
It: 12000, Loss: 8.945e-01, lamd1: 1.000, lamd2: 0.01000, Time: 7.01
It: 12100, Loss: 8.945e-01, lamd1: 1.000, lamd2: 0.01000, Time: 6.97
It: 12200, Loss: 8.945e-01, lamd1: 1.000, lamd2: 0.01000, Time: 7.01
It: 12300, Loss: 8.945e-01, lamd1: 1.000, lamd2: 0.01000, Time: 7.04
It: 12400, Loss: 8.945e-01, lamd1: 1.000, lamd2: 0.01000, Time: 7.01
It: 12500, Loss: 8.945e-01, lamd1: 1.000, lamd2: 0.01000, Time: 6.99
It: 12600, Loss: 8.945e-01, lamd1: 1.000, lamd2: 0.01000, Time: 7.03
It: 12700, Loss: 8.945e-01, lamd1: 1.000, lamd2: 0.01000, Time: 7.01
It: 12800, Loss: 8.945e-01, lamd1: 1.000, lamd2: 0.01000, Time: 7.01
It: 12900, Loss: 8.945e-01, lamd1: 1.000, lamd2: 0.01000, Time: 6.99
It: 13000, Loss: 8.945e-01, lamd1: 1.000, lamd2: 0.01000, Time: 6.99
It: 13100, Loss: 8.945e-01, lamd1: 1.000, lamd2: 0.01000, Time: 7.01
It: 13200, Loss: 8.945e-01, lamd1: 1.000, lamd2: 0.01000, Time: 7.04
It: 13300, Loss: 8.945e-01, lamd1: 1.000, lamd2: 0.01000, Time: 7.01
It: 13400, Loss: 8.286e-01, lamd1: 1.000, lamd2: 0.01000, Time: 6.98
It: 13500, Loss: 1.248e-01, lamd1: 1.000, lamd2: 0.01000, Time: 7.03
It: 13600, Loss: 1.107e-01, lamd1: 1.000, lamd2: 0.01000, Time: 7.04
It: 13700, Loss: 1.040e-01, lamd1: 1.000, lamd2: 0.01000, Time: 6.97
It: 13800, Loss: 1.004e-01, lamd1: 1.000, lamd2: 0.01000, Time: 7.02
It: 13900, Loss: 9.877e-02, lamd1: 1.000, lamd2: 0.01000, Time: 6.99
It: 14000, Loss: 9.727e-02, lamd1: 1.000, lamd2: 0.01000, Time: 7.01
It: 14100, Loss: 9.698e-02, lamd1: 1.000, lamd2: 0.01000, Time: 7.03
It: 14200, Loss: 9.658e-02, lamd1: 1.000, lamd2: 0.01000, Time: 6.98
It: 14300, Loss: 9.648e-02, lamd1: 1.000, lamd2: 0.01000, Time: 7.05
It: 14400, Loss: 9.638e-02, lamd1: 1.000, lamd2: 0.01000, Time: 6.94
It: 14500, Loss: 9.630e-02, lamd1: 1.000, lamd2: 0.01000, Time: 6.97
It: 14600, Loss: 9.623e-02, lamd1: 1.000, lamd2: 0.01000, Time: 6.94
It: 14700, Loss: 9.612e-02, lamd1: 1.000, lamd2: 0.01000, Time: 7.01
It: 14800, Loss: 9.604e-02, lamd1: 1.000, lamd2: 0.01000, Time: 6.93
It: 14900, Loss: 9.574e-02, lamd1: 1.000, lamd2: 0.01000, Time: 6.94
It: 15000, Loss: 9.533e-02, lamd1: 1.000, lamd2: 0.01000, Time: 6.97
It: 15100, Loss: 9.515e-02, lamd1: 1.000, lamd2: 0.01000, Time: 6.91
It: 15200, Loss: 9.464e-02, lamd1: 1.000, lamd2: 0.01000, Time: 6.95
It: 15300, Loss: 9.408e-02, lamd1: 1.000, lamd2: 0.01000, Time: 7.02
It: 15400, Loss: 9.371e-02, lamd1: 1.000, lamd2: 0.01000, Time: 7.01
It: 15500, Loss: 9.149e-02, lamd1: 1.000, lamd2: 0.01000, Time: 7.00
It: 15600, Loss: 8.199e-02, lamd1: 1.000, lamd2: 0.01000, Time: 6.92
It: 15700, Loss: 6.226e-02, lamd1: 1.000, lamd2: 0.01000, Time: 7.02
It: 15800, Loss: 5.985e-02, lamd1: 1.000, lamd2: 0.01000, Time: 6.95
It: 15900, Loss: 5.579e-02, lamd1: 1.000, lamd2: 0.01000, Time: 6.94
It: 16000, Loss: 4.342e-02, lamd1: 1.000, lamd2: 0.01000, Time: 6.95
It: 16100, Loss: 2.390e-02, lamd1: 1.000, lamd2: 0.01000, Time: 6.98
It: 16200, Loss: 2.124e-02, lamd1: 1.000, lamd2: 0.01000, Time: 6.97
It: 16300, Loss: 1.830e-02, lamd1: 1.000, lamd2: 0.01000, Time: 6.91
It: 16400, Loss: 1.681e-02, lamd1: 1.000, lamd2: 0.01000, Time: 6.91
It: 16500, Loss: 1.597e-02, lamd1: 1.000, lamd2: 0.01000, Time: 6.94
It: 16600, Loss: 1.517e-02, lamd1: 1.000, lamd2: 0.01000, Time: 6.90
It: 16700, Loss: 1.428e-02, lamd1: 1.000, lamd2: 0.01000, Time: 6.95
It: 16800, Loss: 1.355e-02, lamd1: 1.000, lamd2: 0.01000, Time: 6.91
It: 16900, Loss: 1.407e-02, lamd1: 1.000, lamd2: 0.01000, Time: 6.97
It: 17000, Loss: 1.239e-02, lamd1: 1.000, lamd2: 0.01000, Time: 6.98
It: 17100, Loss: 1.144e-02, lamd1: 1.000, lamd2: 0.01000, Time: 6.95
It: 17200, Loss: 1.079e-02, lamd1: 1.000, lamd2: 0.01000, Time: 6.93
It: 17300, Loss: 1.231e-02, lamd1: 1.000, lamd2: 0.01000, Time: 6.91
It: 17400, Loss: 9.515e-03, lamd1: 1.000, lamd2: 0.01000, Time: 6.90
It: 17500, Loss: 8.415e-03, lamd1: 1.000, lamd2: 0.01000, Time: 6.92
It: 17600, Loss: 9.023e-03, lamd1: 1.000, lamd2: 0.01000, Time: 6.90
It: 17700, Loss: 9.069e-03, lamd1: 1.000, lamd2: 0.01000, Time: 6.89
It: 17800, Loss: 7.532e-03, lamd1: 1.000, lamd2: 0.01000, Time: 6.90
It: 17900, Loss: 7.208e-03, lamd1: 1.000, lamd2: 0.01000, Time: 6.90
It: 18000, Loss: 6.631e-03, lamd1: 1.000, lamd2: 0.01000, Time: 6.86
It: 18100, Loss: 6.912e-03, lamd1: 1.000, lamd2: 0.01000, Time: 6.89
It: 18200, Loss: 6.333e-03, lamd1: 1.000, lamd2: 0.01000, Time: 6.92
It: 18300, Loss: 6.007e-03, lamd1: 1.000, lamd2: 0.01000, Time: 6.95
It: 18400, Loss: 6.250e-03, lamd1: 1.000, lamd2: 0.01000, Time: 6.92
It: 18500, Loss: 6.294e-03, lamd1: 1.000, lamd2: 0.01000, Time: 6.95
It: 18600, Loss: 5.519e-03, lamd1: 1.000, lamd2: 0.01000, Time: 6.91
It: 18700, Loss: 6.995e-03, lamd1: 1.000, lamd2: 0.01000, Time: 6.89
It: 18800, Loss: 5.888e-03, lamd1: 1.000, lamd2: 0.01000, Time: 6.94
It: 18900, Loss: 4.990e-03, lamd1: 1.000, lamd2: 0.01000, Time: 6.88
It: 19000, Loss: 5.057e-03, lamd1: 1.000, lamd2: 0.01000, Time: 6.88
It: 19100, Loss: 4.734e-03, lamd1: 1.000, lamd2: 0.01000, Time: 6.88
It: 19200, Loss: 4.686e-03, lamd1: 1.000, lamd2: 0.01000, Time: 6.88
It: 19300, Loss: 4.955e-03, lamd1: 1.000, lamd2: 0.01000, Time: 6.92
It: 19400, Loss: 4.469e-03, lamd1: 1.000, lamd2: 0.01000, Time: 6.96
It: 19500, Loss: 5.026e-03, lamd1: 1.000, lamd2: 0.01000, Time: 6.95
It: 19600, Loss: 4.258e-03, lamd1: 1.000, lamd2: 0.01000, Time: 6.87
It: 19700, Loss: 4.327e-03, lamd1: 1.000, lamd2: 0.01000, Time: 6.86
It: 19800, Loss: 4.756e-03, lamd1: 1.000, lamd2: 0.01000, Time: 6.86
It: 19900, Loss: 4.137e-03, lamd1: 1.000, lamd2: 0.01000, Time: 6.89
It: 20000, Loss: 3.905e-03, lamd1: 1.000, lamd2: 0.01000, Time: 6.89
It: 20100, Loss: 3.671e-03, lamd1: 1.000, lamd2: 0.01000, Time: 6.88
It: 20200, Loss: 3.611e-03, lamd1: 1.000, lamd2: 0.01000, Time: 6.66
It: 20300, Loss: 3.550e-03, lamd1: 1.000, lamd2: 0.01000, Time: 6.92
It: 20400, Loss: 3.487e-03, lamd1: 1.000, lamd2: 0.01000, Time: 6.93
It: 20500, Loss: 3.418e-03, lamd1: 1.000, lamd2: 0.01000, Time: 6.88
It: 20600, Loss: 3.350e-03, lamd1: 1.000, lamd2: 0.01000, Time: 6.88
It: 20700, Loss: 3.285e-03, lamd1: 1.000, lamd2: 0.01000, Time: 6.91
It: 20800, Loss: 3.226e-03, lamd1: 1.000, lamd2: 0.01000, Time: 6.94
It: 20900, Loss: 3.185e-03, lamd1: 1.000, lamd2: 0.01000, Time: 6.89
It: 21000, Loss: 3.240e-03, lamd1: 1.000, lamd2: 0.01000, Time: 6.93
It: 21100, Loss: 3.417e-03, lamd1: 1.000, lamd2: 0.01000, Time: 6.91
It: 21200, Loss: 3.304e-03, lamd1: 1.000, lamd2: 0.01000, Time: 6.91
It: 21300, Loss: 3.009e-03, lamd1: 1.000, lamd2: 0.01000, Time: 6.90
It: 21400, Loss: 3.032e-03, lamd1: 1.000, lamd2: 0.01000, Time: 6.90
It: 21500, Loss: 3.265e-03, lamd1: 1.000, lamd2: 0.01000, Time: 6.89
It: 21600, Loss: 2.822e-03, lamd1: 1.000, lamd2: 0.01000, Time: 6.91
It: 21700, Loss: 2.921e-03, lamd1: 1.000, lamd2: 0.01000, Time: 6.93
It: 21800, Loss: 2.781e-03, lamd1: 1.000, lamd2: 0.01000, Time: 6.91
It: 21900, Loss: 3.474e-03, lamd1: 1.000, lamd2: 0.01000, Time: 6.96
It: 22000, Loss: 2.906e-03, lamd1: 1.000, lamd2: 0.01000, Time: 6.93
It: 22100, Loss: 2.685e-03, lamd1: 1.000, lamd2: 0.01000, Time: 6.91
It: 22200, Loss: 3.048e-03, lamd1: 1.000, lamd2: 0.01000, Time: 6.95
It: 22300, Loss: 3.279e-03, lamd1: 1.000, lamd2: 0.01000, Time: 6.91
It: 22400, Loss: 2.483e-03, lamd1: 1.000, lamd2: 0.01000, Time: 6.89
It: 22500, Loss: 2.536e-03, lamd1: 1.000, lamd2: 0.01000, Time: 6.89
It: 22600, Loss: 2.649e-03, lamd1: 1.000, lamd2: 0.01000, Time: 6.91
It: 22700, Loss: 3.008e-03, lamd1: 1.000, lamd2: 0.01000, Time: 6.89
It: 22800, Loss: 2.720e-03, lamd1: 1.000, lamd2: 0.01000, Time: 6.89
It: 22900, Loss: 2.794e-03, lamd1: 1.000, lamd2: 0.01000, Time: 6.90
It: 23000, Loss: 2.492e-03, lamd1: 1.000, lamd2: 0.01000, Time: 6.85
It: 23100, Loss: 2.315e-03, lamd1: 1.000, lamd2: 0.01000, Time: 6.86
It: 23200, Loss: 2.289e-03, lamd1: 1.000, lamd2: 0.01000, Time: 6.93
It: 23300, Loss: 2.299e-03, lamd1: 1.000, lamd2: 0.01000, Time: 6.89
It: 23400, Loss: 2.160e-03, lamd1: 1.000, lamd2: 0.01000, Time: 6.90
It: 23500, Loss: 2.713e-03, lamd1: 1.000, lamd2: 0.01000, Time: 6.90
It: 23600, Loss: 2.201e-03, lamd1: 1.000, lamd2: 0.01000, Time: 6.90
It: 23700, Loss: 2.108e-03, lamd1: 1.000, lamd2: 0.01000, Time: 7.67
It: 23800, Loss: 2.309e-03, lamd1: 1.000, lamd2: 0.01000, Time: 9.10
It: 23900, Loss: 2.698e-03, lamd1: 1.000, lamd2: 0.01000, Time: 9.11
It: 24000, Loss: 2.104e-03, lamd1: 1.000, lamd2: 0.01000, Time: 9.11
It: 24100, Loss: 2.044e-03, lamd1: 1.000, lamd2: 0.01000, Time: 9.13
It: 24200, Loss: 2.037e-03, lamd1: 1.000, lamd2: 0.01000, Time: 9.11
It: 24300, Loss: 2.000e-03, lamd1: 1.000, lamd2: 0.01000, Time: 9.08
It: 24400, Loss: 2.060e-03, lamd1: 1.000, lamd2: 0.01000, Time: 9.11
It: 24500, Loss: 1.965e-03, lamd1: 1.000, lamd2: 0.01000, Time: 9.10
It: 24600, Loss: 1.923e-03, lamd1: 1.000, lamd2: 0.01000, Time: 9.08
It: 24700, Loss: 1.989e-03, lamd1: 1.000, lamd2: 0.01000, Time: 9.10
It: 24800, Loss: 2.245e-03, lamd1: 1.000, lamd2: 0.01000, Time: 9.10
It: 24900, Loss: 1.830e-03, lamd1: 1.000, lamd2: 0.01000, Time: 9.08
It: 25000, Loss: 2.084e-03, lamd1: 1.000, lamd2: 0.01000, Time: 9.09
It: 25100, Loss: 1.956e-03, lamd1: 1.000, lamd2: 0.01000, Time: 9.10
It: 25200, Loss: 1.868e-03, lamd1: 1.000, lamd2: 0.01000, Time: 9.09
It: 25300, Loss: 1.866e-03, lamd1: 1.000, lamd2: 0.01000, Time: 9.11
It: 25400, Loss: 1.768e-03, lamd1: 1.000, lamd2: 0.01000, Time: 9.11
It: 25500, Loss: 1.817e-03, lamd1: 1.000, lamd2: 0.01000, Time: 9.09
It: 25600, Loss: 1.801e-03, lamd1: 1.000, lamd2: 0.01000, Time: 9.09
It: 25700, Loss: 1.681e-03, lamd1: 1.000, lamd2: 0.01000, Time: 9.12
It: 25800, Loss: 1.802e-03, lamd1: 1.000, lamd2: 0.01000, Time: 9.13
It: 25900, Loss: 1.795e-03, lamd1: 1.000, lamd2: 0.01000, Time: 9.12
It: 26000, Loss: 1.674e-03, lamd1: 1.000, lamd2: 0.01000, Time: 9.11
It: 26100, Loss: 1.711e-03, lamd1: 1.000, lamd2: 0.01000, Time: 9.13
It: 26200, Loss: 1.639e-03, lamd1: 1.000, lamd2: 0.01000, Time: 9.20
It: 26300, Loss: 1.998e-03, lamd1: 1.000, lamd2: 0.01000, Time: 9.24
It: 26400, Loss: 1.592e-03, lamd1: 1.000, lamd2: 0.01000, Time: 9.20
It: 26500, Loss: 2.084e-03, lamd1: 1.000, lamd2: 0.01000, Time: 9.23
It: 26600, Loss: 1.587e-03, lamd1: 1.000, lamd2: 0.01000, Time: 9.20
It: 26700, Loss: 1.670e-03, lamd1: 1.000, lamd2: 0.01000, Time: 9.14
It: 26800, Loss: 1.778e-03, lamd1: 1.000, lamd2: 0.01000, Time: 9.18
It: 26900, Loss: 1.888e-03, lamd1: 1.000, lamd2: 0.01000, Time: 9.15
It: 27000, Loss: 1.503e-03, lamd1: 1.000, lamd2: 0.01000, Time: 9.17
It: 27100, Loss: 1.609e-03, lamd1: 1.000, lamd2: 0.01000, Time: 9.20
It: 27200, Loss: 1.534e-03, lamd1: 1.000, lamd2: 0.01000, Time: 9.14
It: 27300, Loss: 1.700e-03, lamd1: 1.000, lamd2: 0.01000, Time: 9.14
It: 27400, Loss: 1.566e-03, lamd1: 1.000, lamd2: 0.01000, Time: 9.12
It: 27500, Loss: 1.488e-03, lamd1: 1.000, lamd2: 0.01000, Time: 7.24
It: 27600, Loss: 1.620e-03, lamd1: 1.000, lamd2: 0.01000, Time: 7.07
It: 27700, Loss: 1.700e-03, lamd1: 1.000, lamd2: 0.01000, Time: 7.04
It: 27800, Loss: 1.377e-03, lamd1: 1.000, lamd2: 0.01000, Time: 7.01
It: 27900, Loss: 1.586e-03, lamd1: 1.000, lamd2: 0.01000, Time: 7.07
It: 28000, Loss: 1.499e-03, lamd1: 1.000, lamd2: 0.01000, Time: 7.02
It: 28100, Loss: 1.381e-03, lamd1: 1.000, lamd2: 0.01000, Time: 7.06
It: 28200, Loss: 1.325e-03, lamd1: 1.000, lamd2: 0.01000, Time: 7.05
It: 28300, Loss: 1.292e-03, lamd1: 1.000, lamd2: 0.01000, Time: 7.02
It: 28400, Loss: 1.367e-03, lamd1: 1.000, lamd2: 0.01000, Time: 7.02
It: 28500, Loss: 1.413e-03, lamd1: 1.000, lamd2: 0.01000, Time: 7.03
It: 28600, Loss: 1.499e-03, lamd1: 1.000, lamd2: 0.01000, Time: 7.07
It: 28700, Loss: 1.456e-03, lamd1: 1.000, lamd2: 0.01000, Time: 7.08
It: 28800, Loss: 1.367e-03, lamd1: 1.000, lamd2: 0.01000, Time: 7.06
It: 28900, Loss: 1.317e-03, lamd1: 1.000, lamd2: 0.01000, Time: 7.05
It: 29000, Loss: 1.607e-03, lamd1: 1.000, lamd2: 0.01000, Time: 7.12
It: 29100, Loss: 1.283e-03, lamd1: 1.000, lamd2: 0.01000, Time: 7.07
It: 29200, Loss: 1.255e-03, lamd1: 1.000, lamd2: 0.01000, Time: 7.04
It: 29300, Loss: 1.292e-03, lamd1: 1.000, lamd2: 0.01000, Time: 7.03
It: 29400, Loss: 1.326e-03, lamd1: 1.000, lamd2: 0.01000, Time: 7.08
It: 29500, Loss: 1.378e-03, lamd1: 1.000, lamd2: 0.01000, Time: 7.11
It: 29600, Loss: 1.243e-03, lamd1: 1.000, lamd2: 0.01000, Time: 7.02
It: 29700, Loss: 1.244e-03, lamd1: 1.000, lamd2: 0.01000, Time: 7.05
It: 29800, Loss: 1.312e-03, lamd1: 1.000, lamd2: 0.01000, Time: 7.04
It: 29900, Loss: 1.271e-03, lamd1: 1.000, lamd2: 0.01000, Time: 7.05
It: 30000, Loss: 1.153e-03, lamd1: 1.000, lamd2: 0.01000, Time: 7.13
It: 30100, Loss: 1.133e-03, lamd1: 1.000, lamd2: 0.01000, Time: 7.12
It: 30200, Loss: 1.129e-03, lamd1: 1.000, lamd2: 0.01000, Time: 7.04
It: 30300, Loss: 1.124e-03, lamd1: 1.000, lamd2: 0.01000, Time: 7.13
It: 30400, Loss: 1.119e-03, lamd1: 1.000, lamd2: 0.01000, Time: 7.06
It: 30500, Loss: 1.114e-03, lamd1: 1.000, lamd2: 0.01000, Time: 7.13
It: 30600, Loss: 1.109e-03, lamd1: 1.000, lamd2: 0.01000, Time: 7.08
It: 30700, Loss: 1.104e-03, lamd1: 1.000, lamd2: 0.01000, Time: 7.07
It: 30800, Loss: 1.099e-03, lamd1: 1.000, lamd2: 0.01000, Time: 7.10
It: 30900, Loss: 1.093e-03, lamd1: 1.000, lamd2: 0.01000, Time: 7.19
It: 31000, Loss: 1.087e-03, lamd1: 1.000, lamd2: 0.01000, Time: 7.14
It: 31100, Loss: 1.080e-03, lamd1: 1.000, lamd2: 0.01000, Time: 7.16
It: 31200, Loss: 1.073e-03, lamd1: 1.000, lamd2: 0.01000, Time: 7.15
It: 31300, Loss: 1.250e-03, lamd1: 1.000, lamd2: 0.01000, Time: 7.22
It: 31400, Loss: 1.087e-03, lamd1: 1.000, lamd2: 0.01000, Time: 7.17
It: 31500, Loss: 1.101e-03, lamd1: 1.000, lamd2: 0.01000, Time: 7.12
It: 31600, Loss: 1.055e-03, lamd1: 1.000, lamd2: 0.01000, Time: 7.13
It: 31700, Loss: 1.124e-03, lamd1: 1.000, lamd2: 0.01000, Time: 7.07
It: 31800, Loss: 1.110e-03, lamd1: 1.000, lamd2: 0.01000, Time: 7.15
It: 31900, Loss: 1.073e-03, lamd1: 1.000, lamd2: 0.01000, Time: 7.78
It: 32000, Loss: 1.053e-03, lamd1: 1.000, lamd2: 0.01000, Time: 7.24
It: 32100, Loss: 1.028e-03, lamd1: 1.000, lamd2: 0.01000, Time: 7.06
It: 32200, Loss: 1.093e-03, lamd1: 1.000, lamd2: 0.01000, Time: 7.14
It: 32300, Loss: 1.023e-03, lamd1: 1.000, lamd2: 0.01000, Time: 7.10
It: 32400, Loss: 1.073e-03, lamd1: 1.000, lamd2: 0.01000, Time: 7.04
It: 32500, Loss: 1.041e-03, lamd1: 1.000, lamd2: 0.01000, Time: 7.00
It: 32600, Loss: 1.128e-03, lamd1: 1.000, lamd2: 0.01000, Time: 7.07
It: 32700, Loss: 1.011e-03, lamd1: 1.000, lamd2: 0.01000, Time: 7.02
It: 32800, Loss: 9.971e-04, lamd1: 1.000, lamd2: 0.01000, Time: 7.08
It: 32900, Loss: 9.921e-04, lamd1: 1.000, lamd2: 0.01000, Time: 6.97
It: 33000, Loss: 1.023e-03, lamd1: 1.000, lamd2: 0.01000, Time: 7.06
It: 33100, Loss: 9.931e-04, lamd1: 1.000, lamd2: 0.01000, Time: 7.03
It: 33200, Loss: 9.995e-04, lamd1: 1.000, lamd2: 0.01000, Time: 7.04
It: 33300, Loss: 9.784e-04, lamd1: 1.000, lamd2: 0.01000, Time: 7.05
It: 33400, Loss: 1.119e-03, lamd1: 1.000, lamd2: 0.01000, Time: 7.04
It: 33500, Loss: 9.530e-04, lamd1: 1.000, lamd2: 0.01000, Time: 7.03
It: 33600, Loss: 9.465e-04, lamd1: 1.000, lamd2: 0.01000, Time: 6.98
It: 33700, Loss: 1.053e-03, lamd1: 1.000, lamd2: 0.01000, Time: 6.97
It: 33800, Loss: 9.494e-04, lamd1: 1.000, lamd2: 0.01000, Time: 7.01
It: 33900, Loss: 1.084e-03, lamd1: 1.000, lamd2: 0.01000, Time: 7.06
It: 34000, Loss: 9.516e-04, lamd1: 1.000, lamd2: 0.01000, Time: 6.96
It: 34100, Loss: 9.469e-04, lamd1: 1.000, lamd2: 0.01000, Time: 6.94
It: 34200, Loss: 9.207e-04, lamd1: 1.000, lamd2: 0.01000, Time: 6.98
It: 34300, Loss: 9.700e-04, lamd1: 1.000, lamd2: 0.01000, Time: 6.98
It: 34400, Loss: 9.274e-04, lamd1: 1.000, lamd2: 0.01000, Time: 6.96
It: 34500, Loss: 9.680e-04, lamd1: 1.000, lamd2: 0.01000, Time: 6.95
It: 34600, Loss: 1.309e-03, lamd1: 1.000, lamd2: 0.01000, Time: 6.99
It: 34700, Loss: 9.132e-04, lamd1: 1.000, lamd2: 0.01000, Time: 6.97
It: 34800, Loss: 9.936e-04, lamd1: 1.000, lamd2: 0.01000, Time: 6.97
It: 34900, Loss: 9.051e-04, lamd1: 1.000, lamd2: 0.01000, Time: 7.05
It: 35000, Loss: 1.026e-03, lamd1: 1.000, lamd2: 0.01000, Time: 6.96
It: 35100, Loss: 9.088e-04, lamd1: 1.000, lamd2: 0.01000, Time: 7.01
It: 35200, Loss: 8.921e-04, lamd1: 1.000, lamd2: 0.01000, Time: 6.98
It: 35300, Loss: 8.876e-04, lamd1: 1.000, lamd2: 0.01000, Time: 7.00
It: 35400, Loss: 8.978e-04, lamd1: 1.000, lamd2: 0.01000, Time: 7.00
It: 35500, Loss: 8.965e-04, lamd1: 1.000, lamd2: 0.01000, Time: 7.03
It: 35600, Loss: 8.727e-04, lamd1: 1.000, lamd2: 0.01000, Time: 7.00
It: 35700, Loss: 8.765e-04, lamd1: 1.000, lamd2: 0.01000, Time: 6.97
It: 35800, Loss: 8.825e-04, lamd1: 1.000, lamd2: 0.01000, Time: 7.02
It: 35900, Loss: 8.895e-04, lamd1: 1.000, lamd2: 0.01000, Time: 7.06
It: 36000, Loss: 8.605e-04, lamd1: 1.000, lamd2: 0.01000, Time: 7.17
It: 36100, Loss: 9.604e-04, lamd1: 1.000, lamd2: 0.01000, Time: 7.18
It: 36200, Loss: 8.774e-04, lamd1: 1.000, lamd2: 0.01000, Time: 7.21
It: 36300, Loss: 9.762e-04, lamd1: 1.000, lamd2: 0.01000, Time: 7.12
It: 36400, Loss: 1.045e-03, lamd1: 1.000, lamd2: 0.01000, Time: 7.92
It: 36500, Loss: 9.432e-04, lamd1: 1.000, lamd2: 0.01000, Time: 7.82
It: 36600, Loss: 9.006e-04, lamd1: 1.000, lamd2: 0.01000, Time: 7.89
It: 36700, Loss: 8.991e-04, lamd1: 1.000, lamd2: 0.01000, Time: 7.94
It: 36800, Loss: 8.833e-04, lamd1: 1.000, lamd2: 0.01000, Time: 7.90
It: 36900, Loss: 9.455e-04, lamd1: 1.000, lamd2: 0.01000, Time: 7.88
It: 37000, Loss: 8.387e-04, lamd1: 1.000, lamd2: 0.01000, Time: 7.68
It: 37100, Loss: 8.522e-04, lamd1: 1.000, lamd2: 0.01000, Time: 6.94
It: 37200, Loss: 1.062e-03, lamd1: 1.000, lamd2: 0.01000, Time: 6.94
It: 37300, Loss: 8.234e-04, lamd1: 1.000, lamd2: 0.01000, Time: 6.98
It: 37400, Loss: 8.442e-04, lamd1: 1.000, lamd2: 0.01000, Time: 6.97
It: 37500, Loss: 8.407e-04, lamd1: 1.000, lamd2: 0.01000, Time: 6.95
It: 37600, Loss: 9.360e-04, lamd1: 1.000, lamd2: 0.01000, Time: 7.01
It: 37700, Loss: 8.558e-04, lamd1: 1.000, lamd2: 0.01000, Time: 6.96
It: 37800, Loss: 8.372e-04, lamd1: 1.000, lamd2: 0.01000, Time: 6.95
It: 37900, Loss: 8.214e-04, lamd1: 1.000, lamd2: 0.01000, Time: 6.97
It: 38000, Loss: 8.365e-04, lamd1: 1.000, lamd2: 0.01000, Time: 6.95
It: 38100, Loss: 8.455e-04, lamd1: 1.000, lamd2: 0.01000, Time: 6.95
It: 38200, Loss: 8.280e-04, lamd1: 1.000, lamd2: 0.01000, Time: 7.00
It: 38300, Loss: 8.106e-04, lamd1: 1.000, lamd2: 0.01000, Time: 6.95
It: 38400, Loss: 8.696e-04, lamd1: 1.000, lamd2: 0.01000, Time: 6.94
It: 38500, Loss: 7.957e-04, lamd1: 1.000, lamd2: 0.01000, Time: 7.00
It: 38600, Loss: 8.910e-04, lamd1: 1.000, lamd2: 0.01000, Time: 7.00
It: 38700, Loss: 7.951e-04, lamd1: 1.000, lamd2: 0.01000, Time: 6.97
It: 38800, Loss: 8.096e-04, lamd1: 1.000, lamd2: 0.01000, Time: 6.98
It: 38900, Loss: 7.848e-04, lamd1: 1.000, lamd2: 0.01000, Time: 6.98
It: 39000, Loss: 8.430e-04, lamd1: 1.000, lamd2: 0.01000, Time: 6.95
It: 39100, Loss: 7.958e-04, lamd1: 1.000, lamd2: 0.01000, Time: 6.95
It: 39200, Loss: 9.062e-04, lamd1: 1.000, lamd2: 0.01000, Time: 6.96
It: 39300, Loss: 7.936e-04, lamd1: 1.000, lamd2: 0.01000, Time: 7.06
It: 39400, Loss: 7.916e-04, lamd1: 1.000, lamd2: 0.01000, Time: 7.06
It: 39500, Loss: 7.681e-04, lamd1: 1.000, lamd2: 0.01000, Time: 7.07
It: 39600, Loss: 8.075e-04, lamd1: 1.000, lamd2: 0.01000, Time: 7.04
It: 39700, Loss: 7.677e-04, lamd1: 1.000, lamd2: 0.01000, Time: 7.09
It: 39800, Loss: 7.795e-04, lamd1: 1.000, lamd2: 0.01000, Time: 7.03
It: 39900, Loss: 8.357e-04, lamd1: 1.000, lamd2: 0.01000, Time: 7.04
It: 40000, Loss: 7.716e-04, lamd1: 1.000, lamd2: 0.01000, Time: 7.11
It: 40100, Loss: 7.493e-04, lamd1: 1.000, lamd2: 0.01000, Time: 7.14
It: 40200, Loss: 7.480e-04, lamd1: 1.000, lamd2: 0.01000, Time: 7.09
It: 40300, Loss: 7.467e-04, lamd1: 1.000, lamd2: 0.01000, Time: 7.05
It: 40400, Loss: 7.453e-04, lamd1: 1.000, lamd2: 0.01000, Time: 7.05
It: 40500, Loss: 7.439e-04, lamd1: 1.000, lamd2: 0.01000, Time: 7.15
It: 40600, Loss: 7.424e-04, lamd1: 1.000, lamd2: 0.01000, Time: 7.02
It: 40700, Loss: 7.409e-04, lamd1: 1.000, lamd2: 0.01000, Time: 7.05
It: 40800, Loss: 7.393e-04, lamd1: 1.000, lamd2: 0.01000, Time: 7.70
It: 40900, Loss: 7.376e-04, lamd1: 1.000, lamd2: 0.01000, Time: 7.56
It: 41000, Loss: 7.358e-04, lamd1: 1.000, lamd2: 0.01000, Time: 7.79
It: 41100, Loss: 7.340e-04, lamd1: 1.000, lamd2: 0.01000, Time: 7.45
It: 41200, Loss: 7.321e-04, lamd1: 1.000, lamd2: 0.01000, Time: 7.87
It: 41300, Loss: 7.342e-04, lamd1: 1.000, lamd2: 0.01000, Time: 7.06
It: 41400, Loss: 7.465e-04, lamd1: 1.000, lamd2: 0.01000, Time: 7.08
It: 41500, Loss: 7.479e-04, lamd1: 1.000, lamd2: 0.01000, Time: 7.05
It: 41600, Loss: 7.461e-04, lamd1: 1.000, lamd2: 0.01000, Time: 7.11
It: 41700, Loss: 7.290e-04, lamd1: 1.000, lamd2: 0.01000, Time: 7.07
It: 41800, Loss: 8.035e-04, lamd1: 1.000, lamd2: 0.01000, Time: 7.07
It: 41900, Loss: 7.190e-04, lamd1: 1.000, lamd2: 0.01000, Time: 7.03
It: 42000, Loss: 7.176e-04, lamd1: 1.000, lamd2: 0.01000, Time: 7.07
It: 42100, Loss: 7.173e-04, lamd1: 1.000, lamd2: 0.01000, Time: 7.21
It: 42200, Loss: 7.362e-04, lamd1: 1.000, lamd2: 0.01000, Time: 9.16
It: 42300, Loss: 7.549e-04, lamd1: 1.000, lamd2: 0.01000, Time: 9.12
It: 42400, Loss: 7.366e-04, lamd1: 1.000, lamd2: 0.01000, Time: 9.14
It: 42500, Loss: 7.119e-04, lamd1: 1.000, lamd2: 0.01000, Time: 9.09
It: 42600, Loss: 7.119e-04, lamd1: 1.000, lamd2: 0.01000, Time: 7.49
It: 42700, Loss: 7.120e-04, lamd1: 1.000, lamd2: 0.01000, Time: 6.95
It: 42800, Loss: 7.048e-04, lamd1: 1.000, lamd2: 0.01000, Time: 6.98
It: 42900, Loss: 7.254e-04, lamd1: 1.000, lamd2: 0.01000, Time: 7.02
It: 43000, Loss: 7.157e-04, lamd1: 1.000, lamd2: 0.01000, Time: 6.96
It: 43100, Loss: 6.992e-04, lamd1: 1.000, lamd2: 0.01000, Time: 6.94
It: 43200, Loss: 6.957e-04, lamd1: 1.000, lamd2: 0.01000, Time: 6.96
It: 43300, Loss: 6.960e-04, lamd1: 1.000, lamd2: 0.01000, Time: 6.98
It: 43400, Loss: 7.239e-04, lamd1: 1.000, lamd2: 0.01000, Time: 6.97
It: 43500, Loss: 6.921e-04, lamd1: 1.000, lamd2: 0.01000, Time: 6.92
It: 43600, Loss: 6.924e-04, lamd1: 1.000, lamd2: 0.01000, Time: 6.99
It: 43700, Loss: 6.957e-04, lamd1: 1.000, lamd2: 0.01000, Time: 6.99
It: 43800, Loss: 7.080e-04, lamd1: 1.000, lamd2: 0.01000, Time: 6.99
It: 43900, Loss: 6.843e-04, lamd1: 1.000, lamd2: 0.01000, Time: 7.07
It: 44000, Loss: 6.823e-04, lamd1: 1.000, lamd2: 0.01000, Time: 7.00
It: 44100, Loss: 6.821e-04, lamd1: 1.000, lamd2: 0.01000, Time: 6.98
It: 44200, Loss: 7.785e-04, lamd1: 1.000, lamd2: 0.01000, Time: 7.00
It: 44300, Loss: 6.922e-04, lamd1: 1.000, lamd2: 0.01000, Time: 8.41
It: 44400, Loss: 6.936e-04, lamd1: 1.000, lamd2: 0.01000, Time: 9.13
It: 44500, Loss: 6.760e-04, lamd1: 1.000, lamd2: 0.01000, Time: 9.11
It: 44600, Loss: 7.623e-04, lamd1: 1.000, lamd2: 0.01000, Time: 9.11
It: 44700, Loss: 6.727e-04, lamd1: 1.000, lamd2: 0.01000, Time: 9.14
It: 44800, Loss: 6.712e-04, lamd1: 1.000, lamd2: 0.01000, Time: 9.09
It: 44900, Loss: 7.035e-04, lamd1: 1.000, lamd2: 0.01000, Time: 9.11
It: 45000, Loss: 6.679e-04, lamd1: 1.000, lamd2: 0.01000, Time: 9.08
It: 45100, Loss: 7.407e-04, lamd1: 1.000, lamd2: 0.01000, Time: 9.15
It: 45200, Loss: 6.648e-04, lamd1: 1.000, lamd2: 0.01000, Time: 9.12
It: 45300, Loss: 6.976e-04, lamd1: 1.000, lamd2: 0.01000, Time: 9.10
It: 45400, Loss: 6.621e-04, lamd1: 1.000, lamd2: 0.01000, Time: 9.11
It: 45500, Loss: 7.036e-04, lamd1: 1.000, lamd2: 0.01000, Time: 9.13
It: 45600, Loss: 6.602e-04, lamd1: 1.000, lamd2: 0.01000, Time: 9.10
It: 45700, Loss: 6.577e-04, lamd1: 1.000, lamd2: 0.01000, Time: 9.15
It: 45800, Loss: 6.559e-04, lamd1: 1.000, lamd2: 0.01000, Time: 9.10
It: 45900, Loss: 7.077e-04, lamd1: 1.000, lamd2: 0.01000, Time: 9.12
It: 46000, Loss: 6.659e-04, lamd1: 1.000, lamd2: 0.01000, Time: 9.08
It: 46100, Loss: 6.554e-04, lamd1: 1.000, lamd2: 0.01000, Time: 9.10
It: 46200, Loss: 6.615e-04, lamd1: 1.000, lamd2: 0.01000, Time: 9.11
It: 46300, Loss: 6.516e-04, lamd1: 1.000, lamd2: 0.01000, Time: 9.11
It: 46400, Loss: 6.493e-04, lamd1: 1.000, lamd2: 0.01000, Time: 9.13
It: 46500, Loss: 6.595e-04, lamd1: 1.000, lamd2: 0.01000, Time: 9.13
It: 46600, Loss: 6.480e-04, lamd1: 1.000, lamd2: 0.01000, Time: 9.12
It: 46700, Loss: 6.501e-04, lamd1: 1.000, lamd2: 0.01000, Time: 9.12
It: 46800, Loss: 7.068e-04, lamd1: 1.000, lamd2: 0.01000, Time: 9.11
It: 46900, Loss: 6.423e-04, lamd1: 1.000, lamd2: 0.01000, Time: 9.11
It: 47000, Loss: 6.905e-04, lamd1: 1.000, lamd2: 0.01000, Time: 9.23
It: 47100, Loss: 7.063e-04, lamd1: 1.000, lamd2: 0.01000, Time: 9.17
It: 47200, Loss: 6.397e-04, lamd1: 1.000, lamd2: 0.01000, Time: 9.10
It: 47300, Loss: 6.712e-04, lamd1: 1.000, lamd2: 0.01000, Time: 9.11
It: 47400, Loss: 7.185e-04, lamd1: 1.000, lamd2: 0.01000, Time: 9.11
It: 47500, Loss: 6.441e-04, lamd1: 1.000, lamd2: 0.01000, Time: 9.18
It: 47600, Loss: 6.324e-04, lamd1: 1.000, lamd2: 0.01000, Time: 9.14
It: 47700, Loss: 6.491e-04, lamd1: 1.000, lamd2: 0.01000, Time: 9.15