It: 0, Loss: 8.845e-01, lamd1: 1.000, lamd2: 0.01000, Time: 0.10
It: 100, Loss: 1.671e-01, lamd1: 1.000, lamd2: 0.01000, Time: 7.24
It: 200, Loss: 1.539e-01, lamd1: 1.000, lamd2: 0.01000, Time: 7.16
It: 300, Loss: 8.825e-01, lamd1: 1.000, lamd2: 0.01000, Time: 7.08
It: 400, Loss: 8.638e-01, lamd1: 1.000, lamd2: 0.01000, Time: 7.04
It: 500, Loss: 8.846e-01, lamd1: 1.000, lamd2: 0.01000, Time: 7.02
It: 600, Loss: 8.846e-01, lamd1: 1.000, lamd2: 0.01000, Time: 6.97
It: 700, Loss: 8.846e-01, lamd1: 1.000, lamd2: 0.01000, Time: 6.96
It: 800, Loss: 8.846e-01, lamd1: 1.000, lamd2: 0.01000, Time: 6.97
It: 900, Loss: 8.846e-01, lamd1: 1.000, lamd2: 0.01000, Time: 7.01
It: 1000, Loss: 8.846e-01, lamd1: 1.000, lamd2: 0.01000, Time: 7.00
It: 1100, Loss: 8.846e-01, lamd1: 1.000, lamd2: 0.01000, Time: 7.62
It: 1200, Loss: 8.846e-01, lamd1: 1.000, lamd2: 0.01000, Time: 9.11
It: 1300, Loss: 8.846e-01, lamd1: 1.000, lamd2: 0.01000, Time: 9.08
It: 1400, Loss: 8.846e-01, lamd1: 1.000, lamd2: 0.01000, Time: 9.12
It: 1500, Loss: 8.846e-01, lamd1: 1.000, lamd2: 0.01000, Time: 9.10
It: 1600, Loss: 8.846e-01, lamd1: 1.000, lamd2: 0.01000, Time: 9.11
It: 1700, Loss: 8.846e-01, lamd1: 1.000, lamd2: 0.01000, Time: 9.14
It: 1800, Loss: 8.846e-01, lamd1: 1.000, lamd2: 0.01000, Time: 9.11
It: 1900, Loss: 8.846e-01, lamd1: 1.000, lamd2: 0.01000, Time: 9.14
It: 2000, Loss: 8.846e-01, lamd1: 1.000, lamd2: 0.01000, Time: 9.15
It: 2100, Loss: 8.846e-01, lamd1: 1.000, lamd2: 0.01000, Time: 9.14
It: 2200, Loss: 8.846e-01, lamd1: 1.000, lamd2: 0.01000, Time: 9.15
It: 2300, Loss: 8.846e-01, lamd1: 1.000, lamd2: 0.01000, Time: 9.19
It: 2400, Loss: 8.846e-01, lamd1: 1.000, lamd2: 0.01000, Time: 9.17
It: 2500, Loss: 8.846e-01, lamd1: 1.000, lamd2: 0.01000, Time: 9.25
It: 2600, Loss: 8.846e-01, lamd1: 1.000, lamd2: 0.01000, Time: 9.19
It: 2700, Loss: 8.846e-01, lamd1: 1.000, lamd2: 0.01000, Time: 9.18
It: 2800, Loss: 8.846e-01, lamd1: 1.000, lamd2: 0.01000, Time: 9.16
It: 2900, Loss: 8.846e-01, lamd1: 1.000, lamd2: 0.01000, Time: 9.15
It: 3000, Loss: 8.846e-01, lamd1: 1.000, lamd2: 0.01000, Time: 9.12
It: 3100, Loss: 8.846e-01, lamd1: 1.000, lamd2: 0.01000, Time: 9.08
It: 3200, Loss: 8.846e-01, lamd1: 1.000, lamd2: 0.01000, Time: 9.09
It: 3300, Loss: 8.846e-01, lamd1: 1.000, lamd2: 0.01000, Time: 9.09
It: 3400, Loss: 8.846e-01, lamd1: 1.000, lamd2: 0.01000, Time: 9.12
It: 3500, Loss: 8.846e-01, lamd1: 1.000, lamd2: 0.01000, Time: 9.14
It: 3600, Loss: 8.846e-01, lamd1: 1.000, lamd2: 0.01000, Time: 9.14
It: 3700, Loss: 8.846e-01, lamd1: 1.000, lamd2: 0.01000, Time: 9.09
It: 3800, Loss: 8.846e-01, lamd1: 1.000, lamd2: 0.01000, Time: 9.11
It: 3900, Loss: 8.846e-01, lamd1: 1.000, lamd2: 0.01000, Time: 9.13
It: 4000, Loss: 8.846e-01, lamd1: 1.000, lamd2: 0.01000, Time: 9.11
It: 4100, Loss: 8.846e-01, lamd1: 1.000, lamd2: 0.01000, Time: 9.08
It: 4200, Loss: 8.846e-01, lamd1: 1.000, lamd2: 0.01000, Time: 9.09
It: 4300, Loss: 8.846e-01, lamd1: 1.000, lamd2: 0.01000, Time: 9.07
It: 4400, Loss: 8.846e-01, lamd1: 1.000, lamd2: 0.01000, Time: 8.14
It: 4500, Loss: 8.846e-01, lamd1: 1.000, lamd2: 0.01000, Time: 6.95
It: 4600, Loss: 8.846e-01, lamd1: 1.000, lamd2: 0.01000, Time: 6.93
It: 4700, Loss: 8.846e-01, lamd1: 1.000, lamd2: 0.01000, Time: 7.00
It: 4800, Loss: 8.846e-01, lamd1: 1.000, lamd2: 0.01000, Time: 7.05
It: 4900, Loss: 8.846e-01, lamd1: 1.000, lamd2: 0.01000, Time: 7.43
It: 5000, Loss: 8.846e-01, lamd1: 1.000, lamd2: 0.01000, Time: 7.11
It: 5100, Loss: 8.846e-01, lamd1: 1.000, lamd2: 0.01000, Time: 7.02
It: 5200, Loss: 8.845e-01, lamd1: 1.000, lamd2: 0.01000, Time: 7.55
It: 5300, Loss: 8.846e-01, lamd1: 1.000, lamd2: 0.01000, Time: 7.40
It: 5400, Loss: 8.846e-01, lamd1: 1.000, lamd2: 0.01000, Time: 7.57
It: 5500, Loss: 8.846e-01, lamd1: 1.000, lamd2: 0.01000, Time: 7.66
It: 5600, Loss: 8.846e-01, lamd1: 1.000, lamd2: 0.01000, Time: 7.64
It: 5700, Loss: 8.846e-01, lamd1: 1.000, lamd2: 0.01000, Time: 7.61
It: 5800, Loss: 8.846e-01, lamd1: 1.000, lamd2: 0.01000, Time: 7.68
It: 5900, Loss: 8.846e-01, lamd1: 1.000, lamd2: 0.01000, Time: 7.60
It: 6000, Loss: 8.846e-01, lamd1: 1.000, lamd2: 0.01000, Time: 7.64
It: 6100, Loss: 8.846e-01, lamd1: 1.000, lamd2: 0.01000, Time: 7.67
It: 6200, Loss: 8.846e-01, lamd1: 1.000, lamd2: 0.01000, Time: 7.63
It: 6300, Loss: 8.846e-01, lamd1: 1.000, lamd2: 0.01000, Time: 7.65
It: 6400, Loss: 8.846e-01, lamd1: 1.000, lamd2: 0.01000, Time: 7.60
It: 6500, Loss: 8.846e-01, lamd1: 1.000, lamd2: 0.01000, Time: 7.31
It: 6600, Loss: 8.846e-01, lamd1: 1.000, lamd2: 0.01000, Time: 6.92
It: 6700, Loss: 8.846e-01, lamd1: 1.000, lamd2: 0.01000, Time: 6.96
It: 6800, Loss: 8.846e-01, lamd1: 1.000, lamd2: 0.01000, Time: 6.90
It: 6900, Loss: 8.846e-01, lamd1: 1.000, lamd2: 0.01000, Time: 6.90
It: 7000, Loss: 8.846e-01, lamd1: 1.000, lamd2: 0.01000, Time: 6.89
It: 7100, Loss: 8.846e-01, lamd1: 1.000, lamd2: 0.01000, Time: 6.94
It: 7200, Loss: 8.846e-01, lamd1: 1.000, lamd2: 0.01000, Time: 6.94
It: 7300, Loss: 8.846e-01, lamd1: 1.000, lamd2: 0.01000, Time: 6.90
It: 7400, Loss: 8.846e-01, lamd1: 1.000, lamd2: 0.01000, Time: 6.91
It: 7500, Loss: 8.846e-01, lamd1: 1.000, lamd2: 0.01000, Time: 6.98
It: 7600, Loss: 8.846e-01, lamd1: 1.000, lamd2: 0.01000, Time: 6.91
It: 7700, Loss: 8.846e-01, lamd1: 1.000, lamd2: 0.01000, Time: 6.96
It: 7800, Loss: 8.846e-01, lamd1: 1.000, lamd2: 0.01000, Time: 6.89
It: 7900, Loss: 8.846e-01, lamd1: 1.000, lamd2: 0.01000, Time: 6.92
It: 8000, Loss: 8.846e-01, lamd1: 1.000, lamd2: 0.01000, Time: 6.97
It: 8100, Loss: 8.846e-01, lamd1: 1.000, lamd2: 0.01000, Time: 6.94
It: 8200, Loss: 8.846e-01, lamd1: 1.000, lamd2: 0.01000, Time: 6.90
It: 8300, Loss: 8.846e-01, lamd1: 1.000, lamd2: 0.01000, Time: 6.93
It: 8400, Loss: 8.846e-01, lamd1: 1.000, lamd2: 0.01000, Time: 6.90
It: 8500, Loss: 8.846e-01, lamd1: 1.000, lamd2: 0.01000, Time: 6.90
It: 8600, Loss: 8.846e-01, lamd1: 1.000, lamd2: 0.01000, Time: 7.00
It: 8700, Loss: 8.846e-01, lamd1: 1.000, lamd2: 0.01000, Time: 7.00
It: 8800, Loss: 8.846e-01, lamd1: 1.000, lamd2: 0.01000, Time: 7.03
It: 8900, Loss: 8.846e-01, lamd1: 1.000, lamd2: 0.01000, Time: 7.02
It: 9000, Loss: 8.846e-01, lamd1: 1.000, lamd2: 0.01000, Time: 7.00
It: 9100, Loss: 8.846e-01, lamd1: 1.000, lamd2: 0.01000, Time: 6.96
It: 9200, Loss: 8.846e-01, lamd1: 1.000, lamd2: 0.01000, Time: 6.98
It: 9300, Loss: 8.846e-01, lamd1: 1.000, lamd2: 0.01000, Time: 6.98
It: 9400, Loss: 8.846e-01, lamd1: 1.000, lamd2: 0.01000, Time: 7.07
It: 9500, Loss: 8.846e-01, lamd1: 1.000, lamd2: 0.01000, Time: 7.04
It: 9600, Loss: 8.846e-01, lamd1: 1.000, lamd2: 0.01000, Time: 7.05
It: 9700, Loss: 8.846e-01, lamd1: 1.000, lamd2: 0.01000, Time: 7.00
It: 9800, Loss: 8.846e-01, lamd1: 1.000, lamd2: 0.01000, Time: 7.01
It: 9900, Loss: 8.846e-01, lamd1: 1.000, lamd2: 0.01000, Time: 7.05
It: 10000, Loss: 8.846e-01, lamd1: 1.000, lamd2: 0.01000, Time: 7.02
It: 10100, Loss: 8.846e-01, lamd1: 1.000, lamd2: 0.01000, Time: 7.06
It: 10200, Loss: 8.846e-01, lamd1: 1.000, lamd2: 0.01000, Time: 7.04
It: 10300, Loss: 8.846e-01, lamd1: 1.000, lamd2: 0.01000, Time: 6.97
It: 10400, Loss: 8.846e-01, lamd1: 1.000, lamd2: 0.01000, Time: 6.95
It: 10500, Loss: 8.846e-01, lamd1: 1.000, lamd2: 0.01000, Time: 7.02
It: 10600, Loss: 8.846e-01, lamd1: 1.000, lamd2: 0.01000, Time: 6.95
It: 10700, Loss: 8.846e-01, lamd1: 1.000, lamd2: 0.01000, Time: 7.08
It: 10800, Loss: 8.846e-01, lamd1: 1.000, lamd2: 0.01000, Time: 7.01
It: 10900, Loss: 8.846e-01, lamd1: 1.000, lamd2: 0.01000, Time: 7.05
It: 11000, Loss: 8.846e-01, lamd1: 1.000, lamd2: 0.01000, Time: 7.06
It: 11100, Loss: 8.846e-01, lamd1: 1.000, lamd2: 0.01000, Time: 7.12
It: 11200, Loss: 8.846e-01, lamd1: 1.000, lamd2: 0.01000, Time: 7.69
It: 11300, Loss: 8.846e-01, lamd1: 1.000, lamd2: 0.01000, Time: 7.65
It: 11400, Loss: 8.846e-01, lamd1: 1.000, lamd2: 0.01000, Time: 7.66
It: 11500, Loss: 8.846e-01, lamd1: 1.000, lamd2: 0.01000, Time: 7.88
It: 11600, Loss: 8.846e-01, lamd1: 1.000, lamd2: 0.01000, Time: 7.78
It: 11700, Loss: 8.846e-01, lamd1: 1.000, lamd2: 0.01000, Time: 7.69
It: 11800, Loss: 8.846e-01, lamd1: 1.000, lamd2: 0.01000, Time: 7.79
It: 11900, Loss: 8.846e-01, lamd1: 1.000, lamd2: 0.01000, Time: 6.87
It: 12000, Loss: 8.846e-01, lamd1: 1.000, lamd2: 0.01000, Time: 5.35
It: 12100, Loss: 8.846e-01, lamd1: 1.000, lamd2: 0.01000, Time: 6.37
It: 12200, Loss: 8.846e-01, lamd1: 1.000, lamd2: 0.01000, Time: 6.98
It: 12300, Loss: 8.846e-01, lamd1: 1.000, lamd2: 0.01000, Time: 7.01
It: 12400, Loss: 8.846e-01, lamd1: 1.000, lamd2: 0.01000, Time: 6.98
It: 12500, Loss: 8.846e-01, lamd1: 1.000, lamd2: 0.01000, Time: 6.99
It: 12600, Loss: 8.846e-01, lamd1: 1.000, lamd2: 0.01000, Time: 7.06
It: 12700, Loss: 8.846e-01, lamd1: 1.000, lamd2: 0.01000, Time: 7.10
It: 12800, Loss: 8.846e-01, lamd1: 1.000, lamd2: 0.01000, Time: 7.01
It: 12900, Loss: 8.533e-01, lamd1: 1.000, lamd2: 0.01000, Time: 7.08
It: 13000, Loss: 6.941e-01, lamd1: 1.000, lamd2: 0.01000, Time: 7.07
It: 13100, Loss: 4.217e-01, lamd1: 1.000, lamd2: 0.01000, Time: 7.00
It: 13200, Loss: 3.439e-01, lamd1: 1.000, lamd2: 0.01000, Time: 7.09
It: 13300, Loss: 3.044e-01, lamd1: 1.000, lamd2: 0.01000, Time: 7.04
It: 13400, Loss: 2.704e-01, lamd1: 1.000, lamd2: 0.01000, Time: 7.08
It: 13500, Loss: 2.408e-01, lamd1: 1.000, lamd2: 0.01000, Time: 7.01
It: 13600, Loss: 2.167e-01, lamd1: 1.000, lamd2: 0.01000, Time: 7.00
It: 13700, Loss: 1.986e-01, lamd1: 1.000, lamd2: 0.01000, Time: 7.04
It: 13800, Loss: 1.858e-01, lamd1: 1.000, lamd2: 0.01000, Time: 6.97
It: 13900, Loss: 1.775e-01, lamd1: 1.000, lamd2: 0.01000, Time: 7.11
It: 14000, Loss: 1.726e-01, lamd1: 1.000, lamd2: 0.01000, Time: 7.69
It: 14100, Loss: 1.698e-01, lamd1: 1.000, lamd2: 0.01000, Time: 7.71
It: 14200, Loss: 1.682e-01, lamd1: 1.000, lamd2: 0.01000, Time: 7.77
It: 14300, Loss: 1.672e-01, lamd1: 1.000, lamd2: 0.01000, Time: 7.77
It: 14400, Loss: 1.666e-01, lamd1: 1.000, lamd2: 0.01000, Time: 7.74
It: 14500, Loss: 1.661e-01, lamd1: 1.000, lamd2: 0.01000, Time: 7.75
It: 14600, Loss: 1.658e-01, lamd1: 1.000, lamd2: 0.01000, Time: 7.74
It: 14700, Loss: 1.656e-01, lamd1: 1.000, lamd2: 0.01000, Time: 7.77
It: 14800, Loss: 1.654e-01, lamd1: 1.000, lamd2: 0.01000, Time: 7.71
It: 14900, Loss: 1.652e-01, lamd1: 1.000, lamd2: 0.01000, Time: 7.80
It: 15000, Loss: 1.650e-01, lamd1: 1.000, lamd2: 0.01000, Time: 7.73
It: 15100, Loss: 1.649e-01, lamd1: 1.000, lamd2: 0.01000, Time: 7.75
It: 15200, Loss: 1.647e-01, lamd1: 1.000, lamd2: 0.01000, Time: 7.73
It: 15300, Loss: 1.645e-01, lamd1: 1.000, lamd2: 0.01000, Time: 7.77
It: 15400, Loss: 1.644e-01, lamd1: 1.000, lamd2: 0.01000, Time: 7.75
It: 15500, Loss: 1.642e-01, lamd1: 1.000, lamd2: 0.01000, Time: 8.56
It: 15600, Loss: 1.640e-01, lamd1: 1.000, lamd2: 0.01000, Time: 9.09
It: 15700, Loss: 1.639e-01, lamd1: 1.000, lamd2: 0.01000, Time: 9.16
It: 15800, Loss: 1.637e-01, lamd1: 1.000, lamd2: 0.01000, Time: 9.10
It: 15900, Loss: 1.635e-01, lamd1: 1.000, lamd2: 0.01000, Time: 9.10
It: 16000, Loss: 1.633e-01, lamd1: 1.000, lamd2: 0.01000, Time: 9.15
It: 16100, Loss: 1.631e-01, lamd1: 1.000, lamd2: 0.01000, Time: 8.51
It: 16200, Loss: 1.628e-01, lamd1: 1.000, lamd2: 0.01000, Time: 7.53
It: 16300, Loss: 1.626e-01, lamd1: 1.000, lamd2: 0.01000, Time: 7.55
It: 16400, Loss: 1.623e-01, lamd1: 1.000, lamd2: 0.01000, Time: 7.52
It: 16500, Loss: 1.620e-01, lamd1: 1.000, lamd2: 0.01000, Time: 7.54
It: 16600, Loss: 1.617e-01, lamd1: 1.000, lamd2: 0.01000, Time: 7.51
It: 16700, Loss: 1.614e-01, lamd1: 1.000, lamd2: 0.01000, Time: 7.55
It: 16800, Loss: 1.611e-01, lamd1: 1.000, lamd2: 0.01000, Time: 7.60
It: 16900, Loss: 1.608e-01, lamd1: 1.000, lamd2: 0.01000, Time: 7.54
It: 17000, Loss: 1.605e-01, lamd1: 1.000, lamd2: 0.01000, Time: 7.54
It: 17100, Loss: 1.602e-01, lamd1: 1.000, lamd2: 0.01000, Time: 7.54
It: 17200, Loss: 1.599e-01, lamd1: 1.000, lamd2: 0.01000, Time: 7.52
It: 17300, Loss: 1.597e-01, lamd1: 1.000, lamd2: 0.01000, Time: 7.51
It: 17400, Loss: 1.595e-01, lamd1: 1.000, lamd2: 0.01000, Time: 7.53
It: 17500, Loss: 1.593e-01, lamd1: 1.000, lamd2: 0.01000, Time: 7.51
It: 17600, Loss: 1.591e-01, lamd1: 1.000, lamd2: 0.01000, Time: 7.50
It: 17700, Loss: 1.589e-01, lamd1: 1.000, lamd2: 0.01000, Time: 7.49
It: 17800, Loss: 1.587e-01, lamd1: 1.000, lamd2: 0.01000, Time: 8.96
It: 17900, Loss: 1.585e-01, lamd1: 1.000, lamd2: 0.01000, Time: 9.14
It: 18000, Loss: 1.583e-01, lamd1: 1.000, lamd2: 0.01000, Time: 9.09
It: 18100, Loss: 1.581e-01, lamd1: 1.000, lamd2: 0.01000, Time: 9.12
It: 18200, Loss: 1.579e-01, lamd1: 1.000, lamd2: 0.01000, Time: 9.09
It: 18300, Loss: 1.577e-01, lamd1: 1.000, lamd2: 0.01000, Time: 9.10
It: 18400, Loss: 1.575e-01, lamd1: 1.000, lamd2: 0.01000, Time: 9.12
It: 18500, Loss: 1.573e-01, lamd1: 1.000, lamd2: 0.01000, Time: 9.12
It: 18600, Loss: 1.571e-01, lamd1: 1.000, lamd2: 0.01000, Time: 9.07
It: 18700, Loss: 1.569e-01, lamd1: 1.000, lamd2: 0.01000, Time: 9.10
It: 18800, Loss: 1.567e-01, lamd1: 1.000, lamd2: 0.01000, Time: 9.12
It: 18900, Loss: 1.565e-01, lamd1: 1.000, lamd2: 0.01000, Time: 9.11
It: 19000, Loss: 1.563e-01, lamd1: 1.000, lamd2: 0.01000, Time: 9.10
It: 19100, Loss: 1.561e-01, lamd1: 1.000, lamd2: 0.01000, Time: 9.10
It: 19200, Loss: 1.559e-01, lamd1: 1.000, lamd2: 0.01000, Time: 9.13
It: 19300, Loss: 1.556e-01, lamd1: 1.000, lamd2: 0.01000, Time: 9.11
It: 19400, Loss: 1.554e-01, lamd1: 1.000, lamd2: 0.01000, Time: 9.10
It: 19500, Loss: 1.552e-01, lamd1: 1.000, lamd2: 0.01000, Time: 9.15
It: 19600, Loss: 1.550e-01, lamd1: 1.000, lamd2: 0.01000, Time: 9.17
It: 19700, Loss: 1.547e-01, lamd1: 1.000, lamd2: 0.01000, Time: 9.10
It: 19800, Loss: 1.545e-01, lamd1: 1.000, lamd2: 0.01000, Time: 9.12
It: 19900, Loss: 1.543e-01, lamd1: 1.000, lamd2: 0.01000, Time: 9.14
It: 20000, Loss: 1.540e-01, lamd1: 1.000, lamd2: 0.01000, Time: 9.13
It: 20100, Loss: 1.539e-01, lamd1: 1.000, lamd2: 0.01000, Time: 9.07
It: 20200, Loss: 1.537e-01, lamd1: 1.000, lamd2: 0.01000, Time: 9.11
It: 20300, Loss: 1.536e-01, lamd1: 1.000, lamd2: 0.01000, Time: 9.13
It: 20400, Loss: 1.534e-01, lamd1: 1.000, lamd2: 0.01000, Time: 9.13
It: 20500, Loss: 1.532e-01, lamd1: 1.000, lamd2: 0.01000, Time: 9.14
It: 20600, Loss: 1.530e-01, lamd1: 1.000, lamd2: 0.01000, Time: 9.12
It: 20700, Loss: 1.528e-01, lamd1: 1.000, lamd2: 0.01000, Time: 9.15
It: 20800, Loss: 1.525e-01, lamd1: 1.000, lamd2: 0.01000, Time: 9.09
It: 20900, Loss: 1.522e-01, lamd1: 1.000, lamd2: 0.01000, Time: 9.12
It: 21000, Loss: 1.519e-01, lamd1: 1.000, lamd2: 0.01000, Time: 9.09
It: 21100, Loss: 1.515e-01, lamd1: 1.000, lamd2: 0.01000, Time: 9.13
It: 21200, Loss: 1.511e-01, lamd1: 1.000, lamd2: 0.01000, Time: 9.11
It: 21300, Loss: 1.507e-01, lamd1: 1.000, lamd2: 0.01000, Time: 9.11
It: 21400, Loss: 1.501e-01, lamd1: 1.000, lamd2: 0.01000, Time: 8.73
It: 21500, Loss: 1.496e-01, lamd1: 1.000, lamd2: 0.01000, Time: 6.90
It: 21600, Loss: 1.489e-01, lamd1: 1.000, lamd2: 0.01000, Time: 6.94
It: 21700, Loss: 1.482e-01, lamd1: 1.000, lamd2: 0.01000, Time: 6.89
It: 21800, Loss: 1.475e-01, lamd1: 1.000, lamd2: 0.01000, Time: 6.89
It: 21900, Loss: 1.467e-01, lamd1: 1.000, lamd2: 0.01000, Time: 6.92
It: 22000, Loss: 1.460e-01, lamd1: 1.000, lamd2: 0.01000, Time: 6.91
It: 22100, Loss: 1.453e-01, lamd1: 1.000, lamd2: 0.01000, Time: 6.93
It: 22200, Loss: 1.447e-01, lamd1: 1.000, lamd2: 0.01000, Time: 6.84
It: 22300, Loss: 1.441e-01, lamd1: 1.000, lamd2: 0.01000, Time: 6.91
It: 22400, Loss: 1.436e-01, lamd1: 1.000, lamd2: 0.01000, Time: 6.86
It: 22500, Loss: 1.430e-01, lamd1: 1.000, lamd2: 0.01000, Time: 6.88
It: 22600, Loss: 1.424e-01, lamd1: 1.000, lamd2: 0.01000, Time: 6.87
It: 22700, Loss: 1.419e-01, lamd1: 1.000, lamd2: 0.01000, Time: 6.85
It: 22800, Loss: 1.414e-01, lamd1: 1.000, lamd2: 0.01000, Time: 6.88
It: 22900, Loss: 1.409e-01, lamd1: 1.000, lamd2: 0.01000, Time: 6.86
It: 23000, Loss: 1.404e-01, lamd1: 1.000, lamd2: 0.01000, Time: 6.90
It: 23100, Loss: 1.399e-01, lamd1: 1.000, lamd2: 0.01000, Time: 6.85
It: 23200, Loss: 1.396e-01, lamd1: 1.000, lamd2: 0.01000, Time: 6.89
It: 23300, Loss: 1.391e-01, lamd1: 1.000, lamd2: 0.01000, Time: 6.85
It: 23400, Loss: 1.387e-01, lamd1: 1.000, lamd2: 0.01000, Time: 6.91
It: 23500, Loss: 1.383e-01, lamd1: 1.000, lamd2: 0.01000, Time: 6.89
It: 23600, Loss: 1.380e-01, lamd1: 1.000, lamd2: 0.01000, Time: 6.92
It: 23700, Loss: 1.376e-01, lamd1: 1.000, lamd2: 0.01000, Time: 6.88
It: 23800, Loss: 1.373e-01, lamd1: 1.000, lamd2: 0.01000, Time: 6.86
It: 23900, Loss: 1.369e-01, lamd1: 1.000, lamd2: 0.01000, Time: 6.89
It: 24000, Loss: 1.366e-01, lamd1: 1.000, lamd2: 0.01000, Time: 6.90
It: 24100, Loss: 1.362e-01, lamd1: 1.000, lamd2: 0.01000, Time: 6.87
It: 24200, Loss: 1.358e-01, lamd1: 1.000, lamd2: 0.01000, Time: 6.90
It: 24300, Loss: 1.353e-01, lamd1: 1.000, lamd2: 0.01000, Time: 6.86
It: 24400, Loss: 1.348e-01, lamd1: 1.000, lamd2: 0.01000, Time: 6.90
It: 24500, Loss: 1.341e-01, lamd1: 1.000, lamd2: 0.01000, Time: 6.87
It: 24600, Loss: 1.334e-01, lamd1: 1.000, lamd2: 0.01000, Time: 6.95
It: 24700, Loss: 1.326e-01, lamd1: 1.000, lamd2: 0.01000, Time: 6.95
It: 24800, Loss: 1.315e-01, lamd1: 1.000, lamd2: 0.01000, Time: 6.96
It: 24900, Loss: 1.302e-01, lamd1: 1.000, lamd2: 0.01000, Time: 6.96
It: 25000, Loss: 1.288e-01, lamd1: 1.000, lamd2: 0.01000, Time: 6.99
It: 25100, Loss: 1.274e-01, lamd1: 1.000, lamd2: 0.01000, Time: 6.98
It: 25200, Loss: 1.259e-01, lamd1: 1.000, lamd2: 0.01000, Time: 6.98
It: 25300, Loss: 1.245e-01, lamd1: 1.000, lamd2: 0.01000, Time: 7.02
It: 25400, Loss: 1.232e-01, lamd1: 1.000, lamd2: 0.01000, Time: 6.94
It: 25500, Loss: 1.222e-01, lamd1: 1.000, lamd2: 0.01000, Time: 7.00
It: 25600, Loss: 1.213e-01, lamd1: 1.000, lamd2: 0.01000, Time: 6.97
It: 25700, Loss: 1.202e-01, lamd1: 1.000, lamd2: 0.01000, Time: 6.97
It: 25800, Loss: 1.187e-01, lamd1: 1.000, lamd2: 0.01000, Time: 6.99
It: 25900, Loss: 1.165e-01, lamd1: 1.000, lamd2: 0.01000, Time: 6.94
It: 26000, Loss: 1.151e-01, lamd1: 1.000, lamd2: 0.01000, Time: 6.97
It: 26100, Loss: 1.141e-01, lamd1: 1.000, lamd2: 0.01000, Time: 6.95
It: 26200, Loss: 1.128e-01, lamd1: 1.000, lamd2: 0.01000, Time: 6.91
It: 26300, Loss: 1.123e-01, lamd1: 1.000, lamd2: 0.01000, Time: 7.00
It: 26400, Loss: 1.123e-01, lamd1: 1.000, lamd2: 0.01000, Time: 7.03
It: 26500, Loss: 1.115e-01, lamd1: 1.000, lamd2: 0.01000, Time: 7.09
It: 26600, Loss: 1.129e-01, lamd1: 1.000, lamd2: 0.01000, Time: 7.12
It: 26700, Loss: 1.106e-01, lamd1: 1.000, lamd2: 0.01000, Time: 7.09
It: 26800, Loss: 1.102e-01, lamd1: 1.000, lamd2: 0.01000, Time: 7.06
It: 26900, Loss: 1.106e-01, lamd1: 1.000, lamd2: 0.01000, Time: 7.02
It: 27000, Loss: 1.114e-01, lamd1: 1.000, lamd2: 0.01000, Time: 7.07
It: 27100, Loss: 1.109e-01, lamd1: 1.000, lamd2: 0.01000, Time: 7.01
It: 27200, Loss: 1.101e-01, lamd1: 1.000, lamd2: 0.01000, Time: 7.02
It: 27300, Loss: 1.087e-01, lamd1: 1.000, lamd2: 0.01000, Time: 7.08
It: 27400, Loss: 1.097e-01, lamd1: 1.000, lamd2: 0.01000, Time: 7.05
It: 27500, Loss: 1.083e-01, lamd1: 1.000, lamd2: 0.01000, Time: 7.05
It: 27600, Loss: 1.078e-01, lamd1: 1.000, lamd2: 0.01000, Time: 7.03
It: 27700, Loss: 1.094e-01, lamd1: 1.000, lamd2: 0.01000, Time: 7.02
It: 27800, Loss: 1.073e-01, lamd1: 1.000, lamd2: 0.01000, Time: 7.07
It: 27900, Loss: 1.069e-01, lamd1: 1.000, lamd2: 0.01000, Time: 7.03
It: 28000, Loss: 1.065e-01, lamd1: 1.000, lamd2: 0.01000, Time: 7.04
It: 28100, Loss: 1.112e-01, lamd1: 1.000, lamd2: 0.01000, Time: 7.04
It: 28200, Loss: 1.092e-01, lamd1: 1.000, lamd2: 0.01000, Time: 7.14
It: 28300, Loss: 1.066e-01, lamd1: 1.000, lamd2: 0.01000, Time: 7.05
It: 28400, Loss: 1.048e-01, lamd1: 1.000, lamd2: 0.01000, Time: 7.03
It: 28500, Loss: 1.046e-01, lamd1: 1.000, lamd2: 0.01000, Time: 7.07
It: 28600, Loss: 1.043e-01, lamd1: 1.000, lamd2: 0.01000, Time: 7.08
It: 28700, Loss: 1.077e-01, lamd1: 1.000, lamd2: 0.01000, Time: 7.02
It: 28800, Loss: 1.037e-01, lamd1: 1.000, lamd2: 0.01000, Time: 7.05
It: 28900, Loss: 1.040e-01, lamd1: 1.000, lamd2: 0.01000, Time: 7.13
It: 29000, Loss: 1.048e-01, lamd1: 1.000, lamd2: 0.01000, Time: 7.13
It: 29100, Loss: 1.030e-01, lamd1: 1.000, lamd2: 0.01000, Time: 7.10
It: 29200, Loss: 1.039e-01, lamd1: 1.000, lamd2: 0.01000, Time: 7.10
It: 29300, Loss: 1.045e-01, lamd1: 1.000, lamd2: 0.01000, Time: 7.09
It: 29400, Loss: 1.037e-01, lamd1: 1.000, lamd2: 0.01000, Time: 7.14
It: 29500, Loss: 1.019e-01, lamd1: 1.000, lamd2: 0.01000, Time: 7.07
It: 29600, Loss: 1.017e-01, lamd1: 1.000, lamd2: 0.01000, Time: 7.08
It: 29700, Loss: 1.025e-01, lamd1: 1.000, lamd2: 0.01000, Time: 7.15
It: 29800, Loss: 1.011e-01, lamd1: 1.000, lamd2: 0.01000, Time: 7.18
It: 29900, Loss: 1.024e-01, lamd1: 1.000, lamd2: 0.01000, Time: 7.17
It: 30000, Loss: 1.021e-01, lamd1: 1.000, lamd2: 0.01000, Time: 7.18
It: 30100, Loss: 1.002e-01, lamd1: 1.000, lamd2: 0.01000, Time: 7.18
It: 30200, Loss: 1.000e-01, lamd1: 1.000, lamd2: 0.01000, Time: 7.15
It: 30300, Loss: 9.984e-02, lamd1: 1.000, lamd2: 0.01000, Time: 7.19
It: 30400, Loss: 9.966e-02, lamd1: 1.000, lamd2: 0.01000, Time: 7.11
It: 30500, Loss: 9.972e-02, lamd1: 1.000, lamd2: 0.01000, Time: 7.16
It: 30600, Loss: 1.001e-01, lamd1: 1.000, lamd2: 0.01000, Time: 7.05
It: 30700, Loss: 9.931e-02, lamd1: 1.000, lamd2: 0.01000, Time: 7.07
It: 30800, Loss: 9.964e-02, lamd1: 1.000, lamd2: 0.01000, Time: 7.05
It: 30900, Loss: 9.903e-02, lamd1: 1.000, lamd2: 0.01000, Time: 7.06
It: 31000, Loss: 9.890e-02, lamd1: 1.000, lamd2: 0.01000, Time: 7.03
It: 31100, Loss: 9.878e-02, lamd1: 1.000, lamd2: 0.01000, Time: 7.07
It: 31200, Loss: 9.957e-02, lamd1: 1.000, lamd2: 0.01000, Time: 7.11
It: 31300, Loss: 9.872e-02, lamd1: 1.000, lamd2: 0.01000, Time: 7.04
It: 31400, Loss: 9.857e-02, lamd1: 1.000, lamd2: 0.01000, Time: 7.06
It: 31500, Loss: 9.871e-02, lamd1: 1.000, lamd2: 0.01000, Time: 7.09
It: 31600, Loss: 9.831e-02, lamd1: 1.000, lamd2: 0.01000, Time: 7.02
It: 31700, Loss: 9.933e-02, lamd1: 1.000, lamd2: 0.01000, Time: 7.56
It: 31800, Loss: 9.832e-02, lamd1: 1.000, lamd2: 0.01000, Time: 7.85
It: 31900, Loss: 1.002e-01, lamd1: 1.000, lamd2: 0.01000, Time: 7.78
It: 32000, Loss: 9.829e-02, lamd1: 1.000, lamd2: 0.01000, Time: 7.82
It: 32100, Loss: 9.805e-02, lamd1: 1.000, lamd2: 0.01000, Time: 7.82
It: 32200, Loss: 9.830e-02, lamd1: 1.000, lamd2: 0.01000, Time: 7.83
It: 32300, Loss: 9.787e-02, lamd1: 1.000, lamd2: 0.01000, Time: 7.79
It: 32400, Loss: 9.847e-02, lamd1: 1.000, lamd2: 0.01000, Time: 7.74
It: 32500, Loss: 9.811e-02, lamd1: 1.000, lamd2: 0.01000, Time: 7.70
It: 32600, Loss: 9.816e-02, lamd1: 1.000, lamd2: 0.01000, Time: 7.71
It: 32700, Loss: 9.797e-02, lamd1: 1.000, lamd2: 0.01000, Time: 7.69
It: 32800, Loss: 9.768e-02, lamd1: 1.000, lamd2: 0.01000, Time: 7.68
It: 32900, Loss: 9.761e-02, lamd1: 1.000, lamd2: 0.01000, Time: 7.70
It: 33000, Loss: 9.748e-02, lamd1: 1.000, lamd2: 0.01000, Time: 7.69
It: 33100, Loss: 9.743e-02, lamd1: 1.000, lamd2: 0.01000, Time: 7.64
It: 33200, Loss: 9.900e-02, lamd1: 1.000, lamd2: 0.01000, Time: 7.76
It: 33300, Loss: 9.773e-02, lamd1: 1.000, lamd2: 0.01000, Time: 7.71
It: 33400, Loss: 9.903e-02, lamd1: 1.000, lamd2: 0.01000, Time: 7.70
It: 33500, Loss: 9.740e-02, lamd1: 1.000, lamd2: 0.01000, Time: 7.67
It: 33600, Loss: 9.740e-02, lamd1: 1.000, lamd2: 0.01000, Time: 7.70
It: 33700, Loss: 9.728e-02, lamd1: 1.000, lamd2: 0.01000, Time: 7.72
It: 33800, Loss: 9.721e-02, lamd1: 1.000, lamd2: 0.01000, Time: 7.67
It: 33900, Loss: 9.714e-02, lamd1: 1.000, lamd2: 0.01000, Time: 7.69
It: 34000, Loss: 9.713e-02, lamd1: 1.000, lamd2: 0.01000, Time: 7.83
It: 34100, Loss: 9.708e-02, lamd1: 1.000, lamd2: 0.01000, Time: 7.76
It: 34200, Loss: 9.706e-02, lamd1: 1.000, lamd2: 0.01000, Time: 7.19
It: 34300, Loss: 9.703e-02, lamd1: 1.000, lamd2: 0.01000, Time: 5.34
It: 34400, Loss: 9.702e-02, lamd1: 1.000, lamd2: 0.01000, Time: 5.36
It: 34500, Loss: 9.704e-02, lamd1: 1.000, lamd2: 0.01000, Time: 5.32
It: 34600, Loss: 9.699e-02, lamd1: 1.000, lamd2: 0.01000, Time: 5.35
It: 34700, Loss: 9.701e-02, lamd1: 1.000, lamd2: 0.01000, Time: 5.43
It: 34800, Loss: 9.694e-02, lamd1: 1.000, lamd2: 0.01000, Time: 5.43
It: 34900, Loss: 9.709e-02, lamd1: 1.000, lamd2: 0.01000, Time: 5.45
It: 35000, Loss: 9.702e-02, lamd1: 1.000, lamd2: 0.01000, Time: 5.45
It: 35100, Loss: 1.002e-01, lamd1: 1.000, lamd2: 0.01000, Time: 5.45
It: 35200, Loss: 9.696e-02, lamd1: 1.000, lamd2: 0.01000, Time: 5.43
It: 35300, Loss: 9.683e-02, lamd1: 1.000, lamd2: 0.01000, Time: 5.39
It: 35400, Loss: 1.013e-01, lamd1: 1.000, lamd2: 0.01000, Time: 5.39
It: 35500, Loss: 9.678e-02, lamd1: 1.000, lamd2: 0.01000, Time: 5.39
It: 35600, Loss: 9.675e-02, lamd1: 1.000, lamd2: 0.01000, Time: 5.40
It: 35700, Loss: 9.674e-02, lamd1: 1.000, lamd2: 0.01000, Time: 5.37
It: 35800, Loss: 9.681e-02, lamd1: 1.000, lamd2: 0.01000, Time: 5.38
It: 35900, Loss: 9.680e-02, lamd1: 1.000, lamd2: 0.01000, Time: 5.42
It: 36000, Loss: 9.692e-02, lamd1: 1.000, lamd2: 0.01000, Time: 5.43
It: 36100, Loss: 9.667e-02, lamd1: 1.000, lamd2: 0.01000, Time: 6.10
It: 36200, Loss: 9.666e-02, lamd1: 1.000, lamd2: 0.01000, Time: 7.07
It: 36300, Loss: 9.663e-02, lamd1: 1.000, lamd2: 0.01000, Time: 6.99
It: 36400, Loss: 9.676e-02, lamd1: 1.000, lamd2: 0.01000, Time: 6.97
It: 36500, Loss: 9.657e-02, lamd1: 1.000, lamd2: 0.01000, Time: 6.98
It: 36600, Loss: 9.655e-02, lamd1: 1.000, lamd2: 0.01000, Time: 6.97
It: 36700, Loss: 9.654e-02, lamd1: 1.000, lamd2: 0.01000, Time: 6.95
It: 36800, Loss: 9.652e-02, lamd1: 1.000, lamd2: 0.01000, Time: 6.96
It: 36900, Loss: 9.649e-02, lamd1: 1.000, lamd2: 0.01000, Time: 7.20
It: 37000, Loss: 9.651e-02, lamd1: 1.000, lamd2: 0.01000, Time: 7.67
It: 37100, Loss: 9.683e-02, lamd1: 1.000, lamd2: 0.01000, Time: 7.66
It: 37200, Loss: 9.644e-02, lamd1: 1.000, lamd2: 0.01000, Time: 7.65
It: 37300, Loss: 9.649e-02, lamd1: 1.000, lamd2: 0.01000, Time: 7.63
It: 37400, Loss: 9.637e-02, lamd1: 1.000, lamd2: 0.01000, Time: 7.63
It: 37500, Loss: 9.637e-02, lamd1: 1.000, lamd2: 0.01000, Time: 7.63
It: 37600, Loss: 9.632e-02, lamd1: 1.000, lamd2: 0.01000, Time: 7.69
It: 37700, Loss: 9.836e-02, lamd1: 1.000, lamd2: 0.01000, Time: 7.64
It: 37800, Loss: 9.717e-02, lamd1: 1.000, lamd2: 0.01000, Time: 7.64
It: 37900, Loss: 9.631e-02, lamd1: 1.000, lamd2: 0.01000, Time: 7.62
It: 38000, Loss: 9.629e-02, lamd1: 1.000, lamd2: 0.01000, Time: 7.07
It: 38100, Loss: 9.632e-02, lamd1: 1.000, lamd2: 0.01000, Time: 6.95
It: 38200, Loss: 9.662e-02, lamd1: 1.000, lamd2: 0.01000, Time: 6.94
It: 38300, Loss: 9.739e-02, lamd1: 1.000, lamd2: 0.01000, Time: 7.01
It: 38400, Loss: 9.642e-02, lamd1: 1.000, lamd2: 0.01000, Time: 6.93
It: 38500, Loss: 9.615e-02, lamd1: 1.000, lamd2: 0.01000, Time: 7.01
It: 38600, Loss: 9.604e-02, lamd1: 1.000, lamd2: 0.01000, Time: 7.00
It: 38700, Loss: 9.615e-02, lamd1: 1.000, lamd2: 0.01000, Time: 7.05
It: 38800, Loss: 9.634e-02, lamd1: 1.000, lamd2: 0.01000, Time: 7.02
It: 38900, Loss: 9.615e-02, lamd1: 1.000, lamd2: 0.01000, Time: 7.00
It: 39000, Loss: 9.788e-02, lamd1: 1.000, lamd2: 0.01000, Time: 7.05
It: 39100, Loss: 9.659e-02, lamd1: 1.000, lamd2: 0.01000, Time: 7.07
It: 39200, Loss: 9.583e-02, lamd1: 1.000, lamd2: 0.01000, Time: 7.13
It: 39300, Loss: 9.585e-02, lamd1: 1.000, lamd2: 0.01000, Time: 7.09
It: 39400, Loss: 9.651e-02, lamd1: 1.000, lamd2: 0.01000, Time: 7.04
It: 39500, Loss: 9.663e-02, lamd1: 1.000, lamd2: 0.01000, Time: 7.06
It: 39600, Loss: 9.655e-02, lamd1: 1.000, lamd2: 0.01000, Time: 7.07
It: 39700, Loss: 9.573e-02, lamd1: 1.000, lamd2: 0.01000, Time: 7.12
It: 39800, Loss: 9.567e-02, lamd1: 1.000, lamd2: 0.01000, Time: 7.06
It: 39900, Loss: 9.627e-02, lamd1: 1.000, lamd2: 0.01000, Time: 7.69
It: 40000, Loss: 9.660e-02, lamd1: 1.000, lamd2: 0.01000, Time: 7.59
It: 40100, Loss: 9.552e-02, lamd1: 1.000, lamd2: 0.01000, Time: 7.77
It: 40200, Loss: 9.549e-02, lamd1: 1.000, lamd2: 0.01000, Time: 7.32
It: 40300, Loss: 9.546e-02, lamd1: 1.000, lamd2: 0.01000, Time: 7.01
It: 40400, Loss: 9.543e-02, lamd1: 1.000, lamd2: 0.01000, Time: 7.04
It: 40500, Loss: 9.539e-02, lamd1: 1.000, lamd2: 0.01000, Time: 7.08
It: 40600, Loss: 9.536e-02, lamd1: 1.000, lamd2: 0.01000, Time: 7.05
It: 40700, Loss: 9.531e-02, lamd1: 1.000, lamd2: 0.01000, Time: 7.11
It: 40800, Loss: 9.527e-02, lamd1: 1.000, lamd2: 0.01000, Time: 7.07
It: 40900, Loss: 9.521e-02, lamd1: 1.000, lamd2: 0.01000, Time: 7.07
It: 41000, Loss: 9.516e-02, lamd1: 1.000, lamd2: 0.01000, Time: 7.06
It: 41100, Loss: 9.555e-02, lamd1: 1.000, lamd2: 0.01000, Time: 7.04
It: 41200, Loss: 9.504e-02, lamd1: 1.000, lamd2: 0.01000, Time: 7.03
It: 41300, Loss: 9.500e-02, lamd1: 1.000, lamd2: 0.01000, Time: 6.95
It: 41400, Loss: 9.493e-02, lamd1: 1.000, lamd2: 0.01000, Time: 6.96
It: 41500, Loss: 9.525e-02, lamd1: 1.000, lamd2: 0.01000, Time: 6.96
It: 41600, Loss: 9.480e-02, lamd1: 1.000, lamd2: 0.01000, Time: 6.97
It: 41700, Loss: 9.473e-02, lamd1: 1.000, lamd2: 0.01000, Time: 6.96
It: 41800, Loss: 9.466e-02, lamd1: 1.000, lamd2: 0.01000, Time: 6.91
It: 41900, Loss: 9.594e-02, lamd1: 1.000, lamd2: 0.01000, Time: 6.99
It: 42000, Loss: 9.451e-02, lamd1: 1.000, lamd2: 0.01000, Time: 7.00
It: 42100, Loss: 9.458e-02, lamd1: 1.000, lamd2: 0.01000, Time: 7.04
It: 42200, Loss: 9.463e-02, lamd1: 1.000, lamd2: 0.01000, Time: 7.03
It: 42300, Loss: 9.427e-02, lamd1: 1.000, lamd2: 0.01000, Time: 7.00
It: 42400, Loss: 9.414e-02, lamd1: 1.000, lamd2: 0.01000, Time: 7.03
It: 42500, Loss: 9.403e-02, lamd1: 1.000, lamd2: 0.01000, Time: 6.97
It: 42600, Loss: 9.391e-02, lamd1: 1.000, lamd2: 0.01000, Time: 6.89
It: 42700, Loss: 9.404e-02, lamd1: 1.000, lamd2: 0.01000, Time: 6.95
It: 42800, Loss: 9.365e-02, lamd1: 1.000, lamd2: 0.01000, Time: 6.99
It: 42900, Loss: 9.353e-02, lamd1: 1.000, lamd2: 0.01000, Time: 6.96
It: 43000, Loss: 9.337e-02, lamd1: 1.000, lamd2: 0.01000, Time: 6.95
It: 43100, Loss: 9.322e-02, lamd1: 1.000, lamd2: 0.01000, Time: 7.03
It: 43200, Loss: 9.396e-02, lamd1: 1.000, lamd2: 0.01000, Time: 6.95
It: 43300, Loss: 9.290e-02, lamd1: 1.000, lamd2: 0.01000, Time: 7.01
It: 43400, Loss: 9.274e-02, lamd1: 1.000, lamd2: 0.01000, Time: 6.98
It: 43500, Loss: 9.510e-02, lamd1: 1.000, lamd2: 0.01000, Time: 6.98
It: 43600, Loss: 9.237e-02, lamd1: 1.000, lamd2: 0.01000, Time: 6.91
It: 43700, Loss: 9.233e-02, lamd1: 1.000, lamd2: 0.01000, Time: 6.99
It: 43800, Loss: 9.194e-02, lamd1: 1.000, lamd2: 0.01000, Time: 6.93
It: 43900, Loss: 9.172e-02, lamd1: 1.000, lamd2: 0.01000, Time: 6.87
It: 44000, Loss: 9.147e-02, lamd1: 1.000, lamd2: 0.01000, Time: 6.88
It: 44100, Loss: 9.123e-02, lamd1: 1.000, lamd2: 0.01000, Time: 6.90
It: 44200, Loss: 9.126e-02, lamd1: 1.000, lamd2: 0.01000, Time: 6.91
It: 44300, Loss: 9.069e-02, lamd1: 1.000, lamd2: 0.01000, Time: 6.87
It: 44400, Loss: 9.037e-02, lamd1: 1.000, lamd2: 0.01000, Time: 6.94
It: 44500, Loss: 8.996e-02, lamd1: 1.000, lamd2: 0.01000, Time: 6.87
It: 44600, Loss: 8.940e-02, lamd1: 1.000, lamd2: 0.01000, Time: 6.90
It: 44700, Loss: 8.844e-02, lamd1: 1.000, lamd2: 0.01000, Time: 6.88
It: 44800, Loss: 8.638e-02, lamd1: 1.000, lamd2: 0.01000, Time: 6.89
It: 44900, Loss: 8.281e-02, lamd1: 1.000, lamd2: 0.01000, Time: 6.88
It: 45000, Loss: 7.981e-02, lamd1: 1.000, lamd2: 0.01000, Time: 6.88
It: 45100, Loss: 7.804e-02, lamd1: 1.000, lamd2: 0.01000, Time: 6.89
It: 45200, Loss: 7.714e-02, lamd1: 1.000, lamd2: 0.01000, Time: 6.87
It: 45300, Loss: 7.614e-02, lamd1: 1.000, lamd2: 0.01000, Time: 6.87
It: 45400, Loss: 7.600e-02, lamd1: 1.000, lamd2: 0.01000, Time: 6.90
It: 45500, Loss: 7.493e-02, lamd1: 1.000, lamd2: 0.01000, Time: 6.85
It: 45600, Loss: 7.424e-02, lamd1: 1.000, lamd2: 0.01000, Time: 6.92
It: 45700, Loss: 7.370e-02, lamd1: 1.000, lamd2: 0.01000, Time: 7.00
It: 45800, Loss: 7.630e-02, lamd1: 1.000, lamd2: 0.01000, Time: 6.87
It: 45900, Loss: 7.267e-02, lamd1: 1.000, lamd2: 0.01000, Time: 6.87
It: 46000, Loss: 7.226e-02, lamd1: 1.000, lamd2: 0.01000, Time: 6.91
It: 46100, Loss: 7.168e-02, lamd1: 1.000, lamd2: 0.01000, Time: 6.84
It: 46200, Loss: 7.120e-02, lamd1: 1.000, lamd2: 0.01000, Time: 6.95
It: 46300, Loss: 7.226e-02, lamd1: 1.000, lamd2: 0.01000, Time: 6.93
It: 46400, Loss: 7.015e-02, lamd1: 1.000, lamd2: 0.01000, Time: 6.91
It: 46500, Loss: 6.964e-02, lamd1: 1.000, lamd2: 0.01000, Time: 6.88
It: 46600, Loss: 6.886e-02, lamd1: 1.000, lamd2: 0.01000, Time: 6.92
It: 46700, Loss: 6.859e-02, lamd1: 1.000, lamd2: 0.01000, Time: 6.88
It: 46800, Loss: 6.732e-02, lamd1: 1.000, lamd2: 0.01000, Time: 6.87
It: 46900, Loss: 6.687e-02, lamd1: 1.000, lamd2: 0.01000, Time: 6.91
It: 47000, Loss: 6.627e-02, lamd1: 1.000, lamd2: 0.01000, Time: 6.93
It: 47100, Loss: 6.479e-02, lamd1: 1.000, lamd2: 0.01000, Time: 6.99
It: 47200, Loss: 6.411e-02, lamd1: 1.000, lamd2: 0.01000, Time: 6.98
It: 47300, Loss: 6.368e-02, lamd1: 1.000, lamd2: 0.01000, Time: 6.93
It: 47400, Loss: 6.206e-02, lamd1: 1.000, lamd2: 0.01000, Time: 6.88
It: 47500, Loss: 6.127e-02, lamd1: 1.000, lamd2: 0.01000, Time: 6.93
It: 47600, Loss: 6.035e-02, lamd1: 1.000, lamd2: 0.01000, Time: 6.90
It: 47700, Loss: 6.290e-02, lamd1: 1.000, lamd2: 0.01000, Time: 6.95