It: 0, Loss: 2.571e-01, nu: 0.020, Time: 0.10
It: 100, Loss: 4.649e-02, nu: 0.020, Time: 8.23
It: 200, Loss: 7.142e-04, nu: 0.020, Time: 8.20
It: 300, Loss: 2.094e-04, nu: 0.020, Time: 8.04
It: 400, Loss: 1.618e-04, nu: 0.020, Time: 8.21
It: 500, Loss: 1.381e-04, nu: 0.020, Time: 8.03
It: 600, Loss: 1.172e-04, nu: 0.020, Time: 8.10
It: 700, Loss: 1.288e-04, nu: 0.020, Time: 7.86
It: 800, Loss: 2.958e-04, nu: 0.020, Time: 7.94
It: 900, Loss: 5.349e-05, nu: 0.020, Time: 7.96
It: 1000, Loss: 6.249e-05, nu: 0.020, Time: 8.00
It: 1100, Loss: 4.515e-05, nu: 0.020, Time: 8.00
It: 1200, Loss: 4.014e-05, nu: 0.020, Time: 8.08
It: 1300, Loss: 3.461e-05, nu: 0.020, Time: 8.25
It: 1400, Loss: 3.004e-05, nu: 0.020, Time: 8.17
It: 1500, Loss: 2.757e-05, nu: 0.020, Time: 8.14
It: 1600, Loss: 2.489e-05, nu: 0.020, Time: 8.23
It: 1700, Loss: 2.197e-05, nu: 0.020, Time: 8.27
It: 1800, Loss: 1.975e-05, nu: 0.020, Time: 8.28
It: 1900, Loss: 1.778e-05, nu: 0.020, Time: 8.37
It: 2000, Loss: 7.441e-05, nu: 0.020, Time: 8.41
It: 2100, Loss: 1.499e-05, nu: 0.020, Time: 8.41
It: 2200, Loss: 1.419e-05, nu: 0.020, Time: 8.40
It: 2300, Loss: 1.349e-05, nu: 0.020, Time: 8.42
It: 2400, Loss: 1.256e-05, nu: 0.020, Time: 8.44
It: 2500, Loss: 1.208e-05, nu: 0.020, Time: 8.40
It: 2600, Loss: 1.099e-05, nu: 0.020, Time: 8.48
It: 2700, Loss: 1.042e-05, nu: 0.020, Time: 8.49
It: 2800, Loss: 9.831e-06, nu: 0.020, Time: 8.41
It: 2900, Loss: 9.618e-06, nu: 0.020, Time: 8.46
It: 3000, Loss: 8.500e-06, nu: 0.020, Time: 8.35
It: 3100, Loss: 8.373e-06, nu: 0.020, Time: 8.25
It: 3200, Loss: 8.019e-06, nu: 0.020, Time: 8.29
It: 3300, Loss: 8.138e-06, nu: 0.020, Time: 8.33
It: 3400, Loss: 7.530e-06, nu: 0.020, Time: 8.23
It: 3500, Loss: 7.424e-06, nu: 0.020, Time: 8.26
It: 3600, Loss: 7.080e-06, nu: 0.020, Time: 8.26
It: 3700, Loss: 6.604e-06, nu: 0.020, Time: 8.37
It: 3800, Loss: 6.485e-06, nu: 0.020, Time: 8.23
It: 3900, Loss: 6.068e-06, nu: 0.020, Time: 8.33
It: 4000, Loss: 6.149e-06, nu: 0.020, Time: 8.33
It: 4100, Loss: 5.993e-06, nu: 0.020, Time: 8.35
It: 4200, Loss: 5.979e-06, nu: 0.020, Time: 8.39
It: 4300, Loss: 5.784e-06, nu: 0.020, Time: 8.41
It: 4400, Loss: 5.547e-06, nu: 0.020, Time: 8.36
It: 4500, Loss: 5.741e-06, nu: 0.020, Time: 8.37
It: 4600, Loss: 5.632e-06, nu: 0.020, Time: 8.43
It: 4700, Loss: 5.697e-06, nu: 0.020, Time: 8.38
It: 4800, Loss: 5.398e-06, nu: 0.020, Time: 8.42
It: 4900, Loss: 5.181e-06, nu: 0.020, Time: 8.30
It: 5000, Loss: 4.995e-06, nu: 0.020, Time: 8.27
It: 5100, Loss: 5.018e-06, nu: 0.020, Time: 8.30
It: 5200, Loss: 5.182e-06, nu: 0.020, Time: 8.26
It: 5300, Loss: 5.169e-06, nu: 0.020, Time: 8.36
It: 5400, Loss: 4.985e-06, nu: 0.020, Time: 8.29
It: 5500, Loss: 5.111e-06, nu: 0.020, Time: 8.27
It: 5600, Loss: 4.845e-06, nu: 0.020, Time: 8.22
It: 5700, Loss: 5.106e-06, nu: 0.020, Time: 8.22
It: 5800, Loss: 4.795e-06, nu: 0.020, Time: 8.18
It: 5900, Loss: 4.638e-06, nu: 0.020, Time: 8.18
It: 6000, Loss: 4.674e-06, nu: 0.020, Time: 8.22
It: 6100, Loss: 4.618e-06, nu: 0.020, Time: 8.12
It: 6200, Loss: 4.660e-06, nu: 0.020, Time: 8.22
It: 6300, Loss: 4.493e-06, nu: 0.020, Time: 8.15
It: 6400, Loss: 4.544e-06, nu: 0.020, Time: 8.10
It: 6500, Loss: 4.472e-06, nu: 0.020, Time: 8.11
It: 6600, Loss: 4.357e-06, nu: 0.020, Time: 8.26
It: 6700, Loss: 4.268e-06, nu: 0.020, Time: 8.25
It: 6800, Loss: 4.252e-06, nu: 0.020, Time: 8.20
It: 6900, Loss: 4.353e-06, nu: 0.020, Time: 8.20
It: 7000, Loss: 4.458e-06, nu: 0.020, Time: 8.17
It: 7100, Loss: 4.379e-06, nu: 0.020, Time: 8.18
It: 7200, Loss: 4.123e-06, nu: 0.020, Time: 8.20
It: 7300, Loss: 4.295e-06, nu: 0.020, Time: 8.17
It: 7400, Loss: 4.234e-06, nu: 0.020, Time: 8.14
It: 7500, Loss: 4.168e-06, nu: 0.020, Time: 8.09
It: 7600, Loss: 4.205e-06, nu: 0.020, Time: 8.26
It: 7700, Loss: 4.319e-06, nu: 0.020, Time: 8.07
It: 7800, Loss: 4.126e-06, nu: 0.020, Time: 8.19
It: 7900, Loss: 4.156e-06, nu: 0.020, Time: 8.13
It: 8000, Loss: 4.068e-06, nu: 0.020, Time: 8.08
It: 8100, Loss: 4.139e-06, nu: 0.020, Time: 8.13
It: 8200, Loss: 4.032e-06, nu: 0.020, Time: 8.14
It: 8300, Loss: 4.008e-06, nu: 0.020, Time: 8.10
It: 8400, Loss: 4.015e-06, nu: 0.020, Time: 8.13
It: 8500, Loss: 3.946e-06, nu: 0.020, Time: 8.19
It: 8600, Loss: 4.172e-06, nu: 0.020, Time: 8.12
It: 8700, Loss: 4.005e-06, nu: 0.020, Time: 8.10
It: 8800, Loss: 4.204e-06, nu: 0.020, Time: 8.05
It: 8900, Loss: 4.096e-06, nu: 0.020, Time: 8.17
It: 9000, Loss: 4.067e-06, nu: 0.020, Time: 8.13
It: 9100, Loss: 4.128e-06, nu: 0.020, Time: 8.07
It: 9200, Loss: 4.058e-06, nu: 0.020, Time: 8.11
It: 9300, Loss: 3.896e-06, nu: 0.020, Time: 8.27
It: 9400, Loss: 3.747e-06, nu: 0.020, Time: 8.25
It: 9500, Loss: 3.996e-06, nu: 0.020, Time: 7.94
It: 9600, Loss: 3.872e-06, nu: 0.020, Time: 7.83
It: 9700, Loss: 3.873e-06, nu: 0.020, Time: 7.85
It: 9800, Loss: 3.765e-06, nu: 0.020, Time: 7.92
It: 9900, Loss: 3.921e-06, nu: 0.020, Time: 7.82
It: 10000, Loss: 3.811e-06, nu: 0.020, Time: 7.89
It: 10100, Loss: 3.980e-06, nu: 0.020, Time: 7.72
It: 10200, Loss: 3.821e-06, nu: 0.020, Time: 7.86
It: 10300, Loss: 3.891e-06, nu: 0.020, Time: 7.83
It: 10400, Loss: 3.850e-06, nu: 0.020, Time: 7.81
It: 10500, Loss: 3.713e-06, nu: 0.020, Time: 7.77
It: 10600, Loss: 3.898e-06, nu: 0.020, Time: 7.82
It: 10700, Loss: 3.807e-06, nu: 0.020, Time: 7.71
It: 10800, Loss: 3.799e-06, nu: 0.020, Time: 7.85
It: 10900, Loss: 3.748e-06, nu: 0.020, Time: 7.97
It: 11000, Loss: 3.716e-06, nu: 0.020, Time: 8.32
It: 11100, Loss: 3.805e-06, nu: 0.020, Time: 8.25
It: 11200, Loss: 3.794e-06, nu: 0.020, Time: 8.15
It: 11300, Loss: 3.773e-06, nu: 0.020, Time: 8.05
It: 11400, Loss: 3.765e-06, nu: 0.020, Time: 8.20
It: 11500, Loss: 3.823e-06, nu: 0.020, Time: 8.35
It: 11600, Loss: 3.575e-06, nu: 0.020, Time: 8.33
It: 11700, Loss: 3.814e-06, nu: 0.020, Time: 8.31
It: 11800, Loss: 3.817e-06, nu: 0.020, Time: 8.30
It: 11900, Loss: 3.727e-06, nu: 0.020, Time: 8.36
It: 12000, Loss: 3.589e-06, nu: 0.020, Time: 8.32
It: 12100, Loss: 3.853e-06, nu: 0.020, Time: 8.40
It: 12200, Loss: 3.722e-06, nu: 0.020, Time: 8.35
It: 12300, Loss: 3.670e-06, nu: 0.020, Time: 8.40
It: 12400, Loss: 3.541e-06, nu: 0.020, Time: 8.23
It: 12500, Loss: 3.595e-06, nu: 0.020, Time: 8.33
It: 12600, Loss: 3.753e-06, nu: 0.020, Time: 8.18
It: 12700, Loss: 3.747e-06, nu: 0.020, Time: 8.65
It: 12800, Loss: 3.618e-06, nu: 0.020, Time: 8.34
It: 12900, Loss: 3.763e-06, nu: 0.020, Time: 7.90
It: 13000, Loss: 3.751e-06, nu: 0.020, Time: 7.96
It: 13100, Loss: 3.783e-06, nu: 0.020, Time: 7.95
It: 13200, Loss: 3.629e-06, nu: 0.020, Time: 8.01
It: 13300, Loss: 3.679e-06, nu: 0.020, Time: 7.99
It: 13400, Loss: 3.616e-06, nu: 0.020, Time: 7.90
It: 13500, Loss: 3.718e-06, nu: 0.020, Time: 8.00
It: 13600, Loss: 3.722e-06, nu: 0.020, Time: 7.98
It: 13700, Loss: 3.714e-06, nu: 0.020, Time: 8.03
It: 13800, Loss: 3.680e-06, nu: 0.020, Time: 8.29
It: 13900, Loss: 3.689e-06, nu: 0.020, Time: 8.32
It: 14000, Loss: 3.658e-06, nu: 0.020, Time: 8.24
It: 14100, Loss: 3.665e-06, nu: 0.020, Time: 8.24
It: 14200, Loss: 3.729e-06, nu: 0.020, Time: 8.29
It: 14300, Loss: 3.709e-06, nu: 0.020, Time: 8.24
It: 14400, Loss: 3.549e-06, nu: 0.020, Time: 8.14
It: 14500, Loss: 3.621e-06, nu: 0.020, Time: 8.15
It: 14600, Loss: 3.801e-06, nu: 0.020, Time: 8.24
It: 14700, Loss: 3.560e-06, nu: 0.020, Time: 8.13
It: 14800, Loss: 3.886e-06, nu: 0.020, Time: 8.17
It: 14900, Loss: 3.734e-06, nu: 0.020, Time: 8.27
It: 15000, Loss: 3.612e-06, nu: 0.020, Time: 8.16
It: 15100, Loss: 3.706e-06, nu: 0.020, Time: 8.27
It: 15200, Loss: 3.732e-06, nu: 0.020, Time: 8.29
It: 15300, Loss: 3.681e-06, nu: 0.020, Time: 8.24
It: 15400, Loss: 3.816e-06, nu: 0.020, Time: 8.28
It: 15500, Loss: 3.683e-06, nu: 0.020, Time: 8.26
It: 15600, Loss: 3.553e-06, nu: 0.020, Time: 8.16
It: 15700, Loss: 3.740e-06, nu: 0.020, Time: 8.09
It: 15800, Loss: 3.766e-06, nu: 0.020, Time: 8.13
It: 15900, Loss: 3.595e-06, nu: 0.020, Time: 8.23
It: 16000, Loss: 3.592e-06, nu: 0.020, Time: 8.13
It: 16100, Loss: 3.698e-06, nu: 0.020, Time: 8.12
It: 16200, Loss: 3.722e-06, nu: 0.020, Time: 8.08
It: 16300, Loss: 3.634e-06, nu: 0.020, Time: 8.06
It: 16400, Loss: 3.697e-06, nu: 0.020, Time: 8.02
It: 16500, Loss: 3.635e-06, nu: 0.020, Time: 8.05
It: 16600, Loss: 3.606e-06, nu: 0.020, Time: 8.05
It: 16700, Loss: 3.562e-06, nu: 0.020, Time: 8.29
It: 16800, Loss: 3.719e-06, nu: 0.020, Time: 8.26
It: 16900, Loss: 3.528e-06, nu: 0.020, Time: 8.28
It: 17000, Loss: 3.695e-06, nu: 0.020, Time: 8.22
It: 17100, Loss: 3.601e-06, nu: 0.020, Time: 8.22
It: 17200, Loss: 3.677e-06, nu: 0.020, Time: 8.26
It: 17300, Loss: 3.603e-06, nu: 0.020, Time: 8.20
It: 17400, Loss: 3.685e-06, nu: 0.020, Time: 8.23
It: 17500, Loss: 3.670e-06, nu: 0.020, Time: 8.25
It: 17600, Loss: 3.679e-06, nu: 0.020, Time: 8.35
It: 17700, Loss: 3.637e-06, nu: 0.020, Time: 8.30
It: 17800, Loss: 3.701e-06, nu: 0.020, Time: 8.37
It: 17900, Loss: 3.664e-06, nu: 0.020, Time: 8.42
It: 18000, Loss: 3.626e-06, nu: 0.020, Time: 8.42
It: 18100, Loss: 3.710e-06, nu: 0.020, Time: 8.41
It: 18200, Loss: 3.630e-06, nu: 0.020, Time: 8.43
It: 18300, Loss: 3.693e-06, nu: 0.020, Time: 8.44
It: 18400, Loss: 3.690e-06, nu: 0.020, Time: 8.37
It: 18500, Loss: 3.817e-06, nu: 0.020, Time: 8.41
It: 18600, Loss: 3.544e-06, nu: 0.020, Time: 8.45
It: 18700, Loss: 3.692e-06, nu: 0.020, Time: 8.46
It: 18800, Loss: 3.675e-06, nu: 0.020, Time: 8.43
It: 18900, Loss: 3.644e-06, nu: 0.020, Time: 8.42
It: 19000, Loss: 3.640e-06, nu: 0.020, Time: 8.24
It: 19100, Loss: 3.468e-06, nu: 0.020, Time: 8.29
It: 19200, Loss: 3.711e-06, nu: 0.020, Time: 8.29
It: 19300, Loss: 3.745e-06, nu: 0.020, Time: 8.40
It: 19400, Loss: 3.656e-06, nu: 0.020, Time: 8.26
It: 19500, Loss: 3.542e-06, nu: 0.020, Time: 8.36
It: 19600, Loss: 3.641e-06, nu: 0.020, Time: 8.36
It: 19700, Loss: 3.634e-06, nu: 0.020, Time: 8.22
It: 19800, Loss: 3.700e-06, nu: 0.020, Time: 8.10
It: 19900, Loss: 3.667e-06, nu: 0.020, Time: 8.19
It: 20000, Loss: 3.716e-06, nu: 0.020, Time: 8.08
It: 20100, Loss: 3.694e-06, nu: 0.020, Time: 8.17
It: 20200, Loss: 3.580e-06, nu: 0.020, Time: 8.11
It: 20300, Loss: 3.681e-06, nu: 0.020, Time: 8.12
It: 20400, Loss: 3.602e-06, nu: 0.020, Time: 8.16
It: 20500, Loss: 3.762e-06, nu: 0.020, Time: 8.16
It: 20600, Loss: 3.553e-06, nu: 0.020, Time: 8.15
It: 20700, Loss: 3.680e-06, nu: 0.020, Time: 8.06
It: 20800, Loss: 3.582e-06, nu: 0.020, Time: 8.00
It: 20900, Loss: 3.748e-06, nu: 0.020, Time: 8.01
It: 21000, Loss: 3.552e-06, nu: 0.020, Time: 8.20
It: 21100, Loss: 3.810e-06, nu: 0.020, Time: 8.18
It: 21200, Loss: 3.762e-06, nu: 0.020, Time: 8.15
It: 21300, Loss: 3.645e-06, nu: 0.020, Time: 8.22
It: 21400, Loss: 3.781e-06, nu: 0.020, Time: 8.66
It: 21500, Loss: 3.631e-06, nu: 0.020, Time: 8.65
It: 21600, Loss: 3.617e-06, nu: 0.020, Time: 8.49
It: 21700, Loss: 3.779e-06, nu: 0.020, Time: 7.96
It: 21800, Loss: 3.679e-06, nu: 0.020, Time: 7.90
It: 21900, Loss: 3.765e-06, nu: 0.020, Time: 7.97
It: 22000, Loss: 3.632e-06, nu: 0.020, Time: 7.95
It: 22100, Loss: 3.726e-06, nu: 0.020, Time: 7.75
It: 22200, Loss: 3.550e-06, nu: 0.020, Time: 7.90
It: 22300, Loss: 3.567e-06, nu: 0.020, Time: 7.84
It: 22400, Loss: 3.724e-06, nu: 0.020, Time: 7.97
It: 22500, Loss: 3.734e-06, nu: 0.020, Time: 7.91
It: 22600, Loss: 3.651e-06, nu: 0.020, Time: 7.89
It: 22700, Loss: 3.535e-06, nu: 0.020, Time: 7.73
It: 22800, Loss: 3.713e-06, nu: 0.020, Time: 7.91
It: 22900, Loss: 3.668e-06, nu: 0.020, Time: 7.92
It: 23000, Loss: 3.531e-06, nu: 0.020, Time: 7.90
It: 23100, Loss: 3.663e-06, nu: 0.020, Time: 7.83
It: 23200, Loss: 3.618e-06, nu: 0.020, Time: 7.98
It: 23300, Loss: 3.601e-06, nu: 0.020, Time: 7.95
It: 23400, Loss: 3.699e-06, nu: 0.020, Time: 7.90
It: 23500, Loss: 3.597e-06, nu: 0.020, Time: 7.76
It: 23600, Loss: 3.668e-06, nu: 0.020, Time: 7.94
It: 23700, Loss: 3.663e-06, nu: 0.020, Time: 8.11
It: 23800, Loss: 3.642e-06, nu: 0.020, Time: 8.27
It: 23900, Loss: 3.572e-06, nu: 0.020, Time: 8.22
It: 24000, Loss: 3.763e-06, nu: 0.020, Time: 8.21
It: 24100, Loss: 3.660e-06, nu: 0.020, Time: 8.17
It: 24200, Loss: 3.581e-06, nu: 0.020, Time: 8.23
It: 24300, Loss: 3.497e-06, nu: 0.020, Time: 8.25
It: 24400, Loss: 3.667e-06, nu: 0.020, Time: 8.24
It: 24500, Loss: 3.567e-06, nu: 0.020, Time: 8.23
It: 24600, Loss: 3.827e-06, nu: 0.020, Time: 8.21
It: 24700, Loss: 3.653e-06, nu: 0.020, Time: 8.28
It: 24800, Loss: 3.586e-06, nu: 0.020, Time: 8.23
It: 24900, Loss: 3.677e-06, nu: 0.020, Time: 8.03
It: 25000, Loss: 3.641e-06, nu: 0.020, Time: 7.82
It: 25100, Loss: 3.813e-06, nu: 0.020, Time: 7.84
It: 25200, Loss: 3.412e-06, nu: 0.020, Time: 7.92
It: 25300, Loss: 3.662e-06, nu: 0.020, Time: 7.85
It: 25400, Loss: 3.720e-06, nu: 0.020, Time: 7.90
It: 25500, Loss: 3.594e-06, nu: 0.020, Time: 7.87
It: 25600, Loss: 3.772e-06, nu: 0.020, Time: 7.92
It: 25700, Loss: 3.581e-06, nu: 0.020, Time: 7.86
It: 25800, Loss: 3.645e-06, nu: 0.020, Time: 8.06
It: 25900, Loss: 3.845e-06, nu: 0.020, Time: 7.95
It: 26000, Loss: 3.643e-06, nu: 0.020, Time: 7.74
It: 26100, Loss: 3.594e-06, nu: 0.020, Time: 7.77
It: 26200, Loss: 3.593e-06, nu: 0.020, Time: 7.88
It: 26300, Loss: 3.617e-06, nu: 0.020, Time: 7.82
It: 26400, Loss: 3.507e-06, nu: 0.020, Time: 7.89
It: 26500, Loss: 3.602e-06, nu: 0.020, Time: 7.81
It: 26600, Loss: 3.637e-06, nu: 0.020, Time: 7.82
It: 26700, Loss: 3.719e-06, nu: 0.020, Time: 7.89
It: 26800, Loss: 3.537e-06, nu: 0.020, Time: 7.93
It: 26900, Loss: 3.785e-06, nu: 0.020, Time: 7.90
It: 27000, Loss: 3.651e-06, nu: 0.020, Time: 7.92
It: 27100, Loss: 3.618e-06, nu: 0.020, Time: 7.86
It: 27200, Loss: 3.643e-06, nu: 0.020, Time: 7.99
It: 27300, Loss: 3.636e-06, nu: 0.020, Time: 7.98
It: 27400, Loss: 3.666e-06, nu: 0.020, Time: 7.94
It: 27500, Loss: 3.645e-06, nu: 0.020, Time: 8.25
It: 27600, Loss: 3.832e-06, nu: 0.020, Time: 8.40
It: 27700, Loss: 3.615e-06, nu: 0.020, Time: 8.41
It: 27800, Loss: 3.725e-06, nu: 0.020, Time: 8.13
It: 27900, Loss: 3.654e-06, nu: 0.020, Time: 8.17
It: 28000, Loss: 3.629e-06, nu: 0.020, Time: 8.48
It: 28100, Loss: 3.733e-06, nu: 0.020, Time: 8.58
It: 28200, Loss: 3.645e-06, nu: 0.020, Time: 8.53
It: 28300, Loss: 3.726e-06, nu: 0.020, Time: 8.52
It: 28400, Loss: 3.711e-06, nu: 0.020, Time: 8.54
It: 28500, Loss: 3.666e-06, nu: 0.020, Time: 8.39
It: 28600, Loss: 3.683e-06, nu: 0.020, Time: 8.58
It: 28700, Loss: 3.724e-06, nu: 0.020, Time: 8.62
It: 28800, Loss: 3.620e-06, nu: 0.020, Time: 8.53
It: 28900, Loss: 3.684e-06, nu: 0.020, Time: 8.45
It: 29000, Loss: 3.659e-06, nu: 0.020, Time: 8.46
It: 29100, Loss: 3.713e-06, nu: 0.020, Time: 8.47
It: 29200, Loss: 3.591e-06, nu: 0.020, Time: 8.56
It: 29300, Loss: 3.639e-06, nu: 0.020, Time: 8.59
It: 29400, Loss: 3.836e-06, nu: 0.020, Time: 8.50
It: 29500, Loss: 3.753e-06, nu: 0.020, Time: 8.43
It: 29600, Loss: 3.666e-06, nu: 0.020, Time: 8.24
It: 29700, Loss: 3.606e-06, nu: 0.020, Time: 8.16
It: 29800, Loss: 3.590e-06, nu: 0.020, Time: 8.26
It: 29900, Loss: 3.610e-06, nu: 0.020, Time: 8.40
It: 30000, Loss: 3.676e-06, nu: 0.020, Time: 8.48
It: 30100, Loss: 3.682e-06, nu: 0.020, Time: 8.27
It: 30200, Loss: 3.707e-06, nu: 0.020, Time: 8.24
It: 30300, Loss: 3.551e-06, nu: 0.020, Time: 8.20
It: 30400, Loss: 3.533e-06, nu: 0.020, Time: 8.33
It: 30500, Loss: 3.589e-06, nu: 0.020, Time: 8.39
It: 30600, Loss: 3.651e-06, nu: 0.020, Time: 8.34
It: 30700, Loss: 3.732e-06, nu: 0.020, Time: 8.32
It: 30800, Loss: 3.577e-06, nu: 0.020, Time: 8.29
It: 30900, Loss: 3.650e-06, nu: 0.020, Time: 8.42
It: 31000, Loss: 3.682e-06, nu: 0.020, Time: 8.34
It: 31100, Loss: 3.532e-06, nu: 0.020, Time: 8.37
It: 31200, Loss: 3.565e-06, nu: 0.020, Time: 8.31
It: 31300, Loss: 3.664e-06, nu: 0.020, Time: 8.30
It: 31400, Loss: 3.579e-06, nu: 0.020, Time: 8.27
It: 31500, Loss: 3.707e-06, nu: 0.020, Time: 8.39
It: 31600, Loss: 3.561e-06, nu: 0.020, Time: 8.30
It: 31700, Loss: 3.712e-06, nu: 0.020, Time: 8.44
It: 31800, Loss: 3.599e-06, nu: 0.020, Time: 8.37
It: 31900, Loss: 3.649e-06, nu: 0.020, Time: 8.34
It: 32000, Loss: 3.537e-06, nu: 0.020, Time: 8.36
It: 32100, Loss: 3.633e-06, nu: 0.020, Time: 8.36
It: 32200, Loss: 3.923e-06, nu: 0.020, Time: 8.28
It: 32300, Loss: 3.667e-06, nu: 0.020, Time: 8.31
It: 32400, Loss: 3.701e-06, nu: 0.020, Time: 8.30
It: 32500, Loss: 3.567e-06, nu: 0.020, Time: 8.44
It: 32600, Loss: 3.678e-06, nu: 0.020, Time: 8.36
It: 32700, Loss: 3.638e-06, nu: 0.020, Time: 8.32
It: 32800, Loss: 3.732e-06, nu: 0.020, Time: 8.37
It: 32900, Loss: 3.628e-06, nu: 0.020, Time: 8.33
It: 33000, Loss: 3.670e-06, nu: 0.020, Time: 8.40
It: 33100, Loss: 3.575e-06, nu: 0.020, Time: 8.33
It: 33200, Loss: 3.649e-06, nu: 0.020, Time: 8.37
It: 33300, Loss: 3.642e-06, nu: 0.020, Time: 8.40
It: 33400, Loss: 3.796e-06, nu: 0.020, Time: 8.31
It: 33500, Loss: 3.698e-06, nu: 0.020, Time: 8.38
It: 33600, Loss: 3.666e-06, nu: 0.020, Time: 8.23
It: 33700, Loss: 3.622e-06, nu: 0.020, Time: 8.00
It: 33800, Loss: 3.592e-06, nu: 0.020, Time: 8.30
It: 33900, Loss: 3.655e-06, nu: 0.020, Time: 8.21
It: 34000, Loss: 3.676e-06, nu: 0.020, Time: 8.20
It: 34100, Loss: 3.717e-06, nu: 0.020, Time: 8.24
It: 34200, Loss: 3.881e-06, nu: 0.020, Time: 8.28
It: 34300, Loss: 3.704e-06, nu: 0.020, Time: 8.22
It: 34400, Loss: 3.758e-06, nu: 0.020, Time: 8.23
It: 34500, Loss: 3.641e-06, nu: 0.020, Time: 8.19
It: 34600, Loss: 3.651e-06, nu: 0.020, Time: 8.30
It: 34700, Loss: 3.685e-06, nu: 0.020, Time: 8.26
It: 34800, Loss: 3.724e-06, nu: 0.020, Time: 8.14
It: 34900, Loss: 3.578e-06, nu: 0.020, Time: 8.22
It: 35000, Loss: 3.621e-06, nu: 0.020, Time: 8.03
It: 35100, Loss: 3.650e-06, nu: 0.020, Time: 7.88
It: 35200, Loss: 3.577e-06, nu: 0.020, Time: 7.96
It: 35300, Loss: 3.593e-06, nu: 0.020, Time: 7.92
It: 35400, Loss: 3.671e-06, nu: 0.020, Time: 7.88
It: 35500, Loss: 3.619e-06, nu: 0.020, Time: 7.97
It: 35600, Loss: 3.713e-06, nu: 0.020, Time: 7.77
It: 35700, Loss: 3.624e-06, nu: 0.020, Time: 8.06
It: 35800, Loss: 3.653e-06, nu: 0.020, Time: 8.16
It: 35900, Loss: 3.663e-06, nu: 0.020, Time: 8.68
It: 36000, Loss: 3.713e-06, nu: 0.020, Time: 8.57
It: 36100, Loss: 3.679e-06, nu: 0.020, Time: 8.59
It: 36200, Loss: 3.634e-06, nu: 0.020, Time: 8.56
It: 36300, Loss: 3.603e-06, nu: 0.020, Time: 8.72
It: 36400, Loss: 3.600e-06, nu: 0.020, Time: 8.69
It: 36500, Loss: 3.620e-06, nu: 0.020, Time: 8.66
It: 36600, Loss: 3.715e-06, nu: 0.020, Time: 8.71
It: 36700, Loss: 3.689e-06, nu: 0.020, Time: 8.71
It: 36800, Loss: 3.629e-06, nu: 0.020, Time: 8.61
It: 36900, Loss: 3.797e-06, nu: 0.020, Time: 8.57
It: 37000, Loss: 3.688e-06, nu: 0.020, Time: 8.53
It: 37100, Loss: 3.626e-06, nu: 0.020, Time: 8.70
It: 37200, Loss: 3.611e-06, nu: 0.020, Time: 8.58
It: 37300, Loss: 3.548e-06, nu: 0.020, Time: 8.47
It: 37400, Loss: 3.666e-06, nu: 0.020, Time: 8.54
It: 37500, Loss: 3.683e-06, nu: 0.020, Time: 8.44
It: 37600, Loss: 3.732e-06, nu: 0.020, Time: 8.65
It: 37700, Loss: 3.748e-06, nu: 0.020, Time: 8.56
It: 37800, Loss: 3.709e-06, nu: 0.020, Time: 8.68
It: 37900, Loss: 3.794e-06, nu: 0.020, Time: 8.65
It: 38000, Loss: 3.517e-06, nu: 0.020, Time: 8.23
It: 38100, Loss: 3.724e-06, nu: 0.020, Time: 8.43
It: 38200, Loss: 3.584e-06, nu: 0.020, Time: 7.87
It: 38300, Loss: 3.666e-06, nu: 0.020, Time: 7.64
It: 38400, Loss: 3.576e-06, nu: 0.020, Time: 7.71
It: 38500, Loss: 3.758e-06, nu: 0.020, Time: 7.68
It: 38600, Loss: 3.708e-06, nu: 0.020, Time: 7.69
It: 38700, Loss: 3.546e-06, nu: 0.020, Time: 7.69
It: 38800, Loss: 3.547e-06, nu: 0.020, Time: 7.86
It: 38900, Loss: 3.724e-06, nu: 0.020, Time: 7.89
It: 39000, Loss: 3.605e-06, nu: 0.020, Time: 7.86
It: 39100, Loss: 3.631e-06, nu: 0.020, Time: 7.88
It: 39200, Loss: 3.731e-06, nu: 0.020, Time: 7.91
It: 39300, Loss: 3.635e-06, nu: 0.020, Time: 7.87
It: 39400, Loss: 3.698e-06, nu: 0.020, Time: 7.89
It: 39500, Loss: 3.629e-06, nu: 0.020, Time: 7.89
It: 39600, Loss: 3.779e-06, nu: 0.020, Time: 7.87
It: 39700, Loss: 3.672e-06, nu: 0.020, Time: 7.86
It: 39800, Loss: 3.618e-06, nu: 0.020, Time: 7.88
It: 39900, Loss: 3.607e-06, nu: 0.020, Time: 7.93
It: 40000, Loss: 3.681e-06, nu: 0.020, Time: 7.87
It: 40100, Loss: 3.738e-06, nu: 0.020, Time: 7.91
It: 40200, Loss: 3.659e-06, nu: 0.020, Time: 7.89
It: 40300, Loss: 3.661e-06, nu: 0.020, Time: 7.87
It: 40400, Loss: 3.583e-06, nu: 0.020, Time: 7.89
It: 40500, Loss: 3.541e-06, nu: 0.020, Time: 7.97
It: 40600, Loss: 3.710e-06, nu: 0.020, Time: 7.84
It: 40700, Loss: 3.606e-06, nu: 0.020, Time: 7.94
It: 40800, Loss: 3.645e-06, nu: 0.020, Time: 7.90
It: 40900, Loss: 3.593e-06, nu: 0.020, Time: 7.94
It: 41000, Loss: 3.608e-06, nu: 0.020, Time: 7.73
It: 41100, Loss: 3.556e-06, nu: 0.020, Time: 7.66
It: 41200, Loss: 3.723e-06, nu: 0.020, Time: 7.20
It: 41300, Loss: 3.617e-06, nu: 0.020, Time: 7.23
It: 41400, Loss: 3.776e-06, nu: 0.020, Time: 7.11
It: 41500, Loss: 3.621e-06, nu: 0.020, Time: 7.09
It: 41600, Loss: 3.668e-06, nu: 0.020, Time: 7.14
It: 41700, Loss: 3.748e-06, nu: 0.020, Time: 7.14
It: 41800, Loss: 3.627e-06, nu: 0.020, Time: 7.19
It: 41900, Loss: 3.548e-06, nu: 0.020, Time: 7.14
It: 42000, Loss: 3.649e-06, nu: 0.020, Time: 7.15
It: 42100, Loss: 3.647e-06, nu: 0.020, Time: 7.09
It: 42200, Loss: 3.643e-06, nu: 0.020, Time: 7.15
It: 42300, Loss: 3.622e-06, nu: 0.020, Time: 7.12
It: 42400, Loss: 3.739e-06, nu: 0.020, Time: 7.09
It: 42500, Loss: 3.529e-06, nu: 0.020, Time: 7.31
It: 42600, Loss: 3.598e-06, nu: 0.020, Time: 7.18
It: 42700, Loss: 3.694e-06, nu: 0.020, Time: 7.05
It: 42800, Loss: 3.794e-06, nu: 0.020, Time: 7.20
It: 42900, Loss: 3.680e-06, nu: 0.020, Time: 7.18
It: 43000, Loss: 3.557e-06, nu: 0.020, Time: 7.08
It: 43100, Loss: 3.596e-06, nu: 0.020, Time: 7.16
It: 43200, Loss: 3.757e-06, nu: 0.020, Time: 7.12
It: 43300, Loss: 3.575e-06, nu: 0.020, Time: 7.17
It: 43400, Loss: 3.723e-06, nu: 0.020, Time: 7.09
It: 43500, Loss: 3.668e-06, nu: 0.020, Time: 7.11
It: 43600, Loss: 3.613e-06, nu: 0.020, Time: 7.13
It: 43700, Loss: 3.723e-06, nu: 0.020, Time: 7.14
It: 43800, Loss: 3.601e-06, nu: 0.020, Time: 7.11
It: 43900, Loss: 3.756e-06, nu: 0.020, Time: 7.13
It: 44000, Loss: 3.610e-06, nu: 0.020, Time: 7.15
It: 44100, Loss: 3.693e-06, nu: 0.020, Time: 7.07
It: 44200, Loss: 3.605e-06, nu: 0.020, Time: 7.11
It: 44300, Loss: 3.603e-06, nu: 0.020, Time: 7.10
It: 44400, Loss: 3.615e-06, nu: 0.020, Time: 7.10
It: 44500, Loss: 3.639e-06, nu: 0.020, Time: 7.06
It: 44600, Loss: 3.706e-06, nu: 0.020, Time: 7.16
It: 44700, Loss: 3.643e-06, nu: 0.020, Time: 7.03
It: 44800, Loss: 3.633e-06, nu: 0.020, Time: 7.17
It: 44900, Loss: 3.690e-06, nu: 0.020, Time: 7.14
It: 45000, Loss: 3.741e-06, nu: 0.020, Time: 7.06
It: 45100, Loss: 3.752e-06, nu: 0.020, Time: 7.27
It: 45200, Loss: 3.570e-06, nu: 0.020, Time: 7.32
It: 45300, Loss: 3.646e-06, nu: 0.020, Time: 7.30
It: 45400, Loss: 3.734e-06, nu: 0.020, Time: 7.35
It: 45500, Loss: 3.664e-06, nu: 0.020, Time: 7.30
It: 45600, Loss: 3.810e-06, nu: 0.020, Time: 7.36
It: 45700, Loss: 3.632e-06, nu: 0.020, Time: 7.36
It: 45800, Loss: 3.650e-06, nu: 0.020, Time: 7.32
It: 45900, Loss: 3.525e-06, nu: 0.020, Time: 7.39
It: 46000, Loss: 3.529e-06, nu: 0.020, Time: 7.41
It: 46100, Loss: 3.728e-06, nu: 0.020, Time: 7.45
It: 46200, Loss: 3.746e-06, nu: 0.020, Time: 7.38
It: 46300, Loss: 3.689e-06, nu: 0.020, Time: 7.31
It: 46400, Loss: 3.655e-06, nu: 0.020, Time: 7.37
It: 46500, Loss: 3.736e-06, nu: 0.020, Time: 7.37
It: 46600, Loss: 3.621e-06, nu: 0.020, Time: 7.34
It: 46700, Loss: 3.759e-06, nu: 0.020, Time: 7.43
It: 46800, Loss: 3.592e-06, nu: 0.020, Time: 7.39
It: 46900, Loss: 3.591e-06, nu: 0.020, Time: 7.40
It: 47000, Loss: 3.479e-06, nu: 0.020, Time: 7.40
It: 47100, Loss: 3.712e-06, nu: 0.020, Time: 7.44
It: 47200, Loss: 3.687e-06, nu: 0.020, Time: 7.37
It: 47300, Loss: 3.501e-06, nu: 0.020, Time: 7.32
It: 47400, Loss: 3.702e-06, nu: 0.020, Time: 7.37
It: 47500, Loss: 3.632e-06, nu: 0.020, Time: 7.35
It: 47600, Loss: 3.623e-06, nu: 0.020, Time: 7.42
It: 47700, Loss: 3.703e-06, nu: 0.020, Time: 7.46
It: 47800, Loss: 3.731e-06, nu: 0.020, Time: 7.44
It: 47900, Loss: 3.771e-06, nu: 0.020, Time: 7.49
It: 48000, Loss: 3.923e-06, nu: 0.020, Time: 7.45
It: 48100, Loss: 3.624e-06, nu: 0.020, Time: 7.41
It: 48200, Loss: 3.677e-06, nu: 0.020, Time: 7.42
It: 48300, Loss: 3.619e-06, nu: 0.020, Time: 7.42
It: 48400, Loss: 3.659e-06, nu: 0.020, Time: 7.47
It: 48500, Loss: 3.634e-06, nu: 0.020, Time: 7.39
It: 48600, Loss: 3.735e-06, nu: 0.020, Time: 7.37
It: 48700, Loss: 3.804e-06, nu: 0.020, Time: 7.36
It: 48800, Loss: 3.621e-06, nu: 0.020, Time: 7.46
It: 48900, Loss: 3.635e-06, nu: 0.020, Time: 7.49
It: 49000, Loss: 3.664e-06, nu: 0.020, Time: 7.30
It: 49100, Loss: 3.576e-06, nu: 0.020, Time: 7.41
It: 49200, Loss: 3.817e-06, nu: 0.020, Time: 7.43
It: 49300, Loss: 3.614e-06, nu: 0.020, Time: 7.34
It: 49400, Loss: 3.480e-06, nu: 0.020, Time: 7.42/home/zihan/anaconda3/envs/x/lib/python3.7/site-packages/torch/nn/functional.py:1933: UserWarning: nn.functional.tanh is deprecated. Use torch.tanh instead.
  warnings.warn("nn.functional.tanh is deprecated. Use torch.tanh instead.")

It: 49500, Loss: 3.624e-06, nu: 0.020, Time: 7.40
It: 49600, Loss: 3.578e-06, nu: 0.020, Time: 7.42
It: 49700, Loss: 3.597e-06, nu: 0.020, Time: 7.46
It: 49800, Loss: 3.640e-06, nu: 0.020, Time: 7.43
It: 49900, Loss: 3.667e-06, nu: 0.020, Time: 7.40
Error u: 2.216477e-06
Error nu: 0.00000%
