It: 0, Loss: 2.966e-01, nu: 0.020, Time: 0.09
It: 100, Loss: 1.766e-02, nu: 0.020, Time: 6.71
It: 200, Loss: 9.199e-03, nu: 0.020, Time: 6.59
It: 300, Loss: 1.090e-03, nu: 0.020, Time: 6.73
It: 400, Loss: 6.244e-04, nu: 0.020, Time: 6.58
It: 500, Loss: 3.800e-03, nu: 0.020, Time: 6.55
It: 600, Loss: 6.432e-03, nu: 0.020, Time: 6.43
It: 700, Loss: 2.559e-04, nu: 0.020, Time: 6.45
It: 800, Loss: 2.919e-04, nu: 0.020, Time: 6.69
It: 900, Loss: 2.662e-04, nu: 0.020, Time: 6.69
It: 1000, Loss: 6.002e-04, nu: 0.020, Time: 6.66
It: 1100, Loss: 1.950e-04, nu: 0.020, Time: 6.68
It: 1200, Loss: 1.812e-04, nu: 0.020, Time: 6.63
It: 1300, Loss: 1.673e-04, nu: 0.020, Time: 6.58
It: 1400, Loss: 1.555e-04, nu: 0.020, Time: 6.51
It: 1500, Loss: 1.419e-04, nu: 0.020, Time: 6.62
It: 1600, Loss: 1.386e-04, nu: 0.020, Time: 6.71
It: 1700, Loss: 1.020e-03, nu: 0.020, Time: 6.70
It: 1800, Loss: 1.197e-04, nu: 0.020, Time: 6.65
It: 1900, Loss: 1.233e-04, nu: 0.020, Time: 6.72
It: 2000, Loss: 1.076e-04, nu: 0.020, Time: 6.69
It: 2100, Loss: 1.007e-04, nu: 0.020, Time: 6.62
It: 2200, Loss: 9.329e-05, nu: 0.020, Time: 6.68
It: 2300, Loss: 8.724e-05, nu: 0.020, Time: 6.66
It: 2400, Loss: 8.006e-05, nu: 0.020, Time: 6.75
It: 2500, Loss: 7.331e-05, nu: 0.020, Time: 6.64
It: 2600, Loss: 6.612e-05, nu: 0.020, Time: 6.74
It: 2700, Loss: 6.129e-05, nu: 0.020, Time: 6.66
It: 2800, Loss: 5.865e-05, nu: 0.020, Time: 5.87
It: 2900, Loss: 5.485e-05, nu: 0.020, Time: 5.61
It: 3000, Loss: 9.261e-05, nu: 0.020, Time: 5.67
It: 3100, Loss: 4.497e-05, nu: 0.020, Time: 5.59
It: 3200, Loss: 4.170e-05, nu: 0.020, Time: 5.59
It: 3300, Loss: 3.969e-05, nu: 0.020, Time: 5.61
It: 3400, Loss: 3.634e-05, nu: 0.020, Time: 5.76
It: 3500, Loss: 3.377e-05, nu: 0.020, Time: 5.76
It: 3600, Loss: 3.055e-05, nu: 0.020, Time: 5.68
It: 3700, Loss: 2.824e-05, nu: 0.020, Time: 5.82
It: 3800, Loss: 2.616e-05, nu: 0.020, Time: 6.62
It: 3900, Loss: 2.430e-05, nu: 0.020, Time: 6.72
It: 4000, Loss: 2.230e-05, nu: 0.020, Time: 6.75
It: 4100, Loss: 2.089e-05, nu: 0.020, Time: 6.78
It: 4200, Loss: 1.983e-05, nu: 0.020, Time: 6.75
It: 4300, Loss: 1.906e-05, nu: 0.020, Time: 6.70
It: 4400, Loss: 1.803e-05, nu: 0.020, Time: 6.70
It: 4500, Loss: 1.729e-05, nu: 0.020, Time: 6.63
It: 4600, Loss: 1.641e-05, nu: 0.020, Time: 6.67
It: 4700, Loss: 1.605e-05, nu: 0.020, Time: 6.80
It: 4800, Loss: 1.458e-05, nu: 0.020, Time: 6.82
It: 4900, Loss: 1.366e-05, nu: 0.020, Time: 6.75
It: 5000, Loss: 1.283e-05, nu: 0.020, Time: 6.76
It: 5100, Loss: 1.242e-05, nu: 0.020, Time: 6.72
It: 5200, Loss: 1.207e-05, nu: 0.020, Time: 6.78
It: 5300, Loss: 1.195e-05, nu: 0.020, Time: 6.75
It: 5400, Loss: 1.136e-05, nu: 0.020, Time: 6.77
It: 5500, Loss: 1.102e-05, nu: 0.020, Time: 6.57
It: 5600, Loss: 1.065e-05, nu: 0.020, Time: 6.69
It: 5700, Loss: 1.009e-05, nu: 0.020, Time: 6.76
It: 5800, Loss: 9.824e-06, nu: 0.020, Time: 6.70
It: 5900, Loss: 9.362e-06, nu: 0.020, Time: 6.68
It: 6000, Loss: 9.172e-06, nu: 0.020, Time: 6.71
It: 6100, Loss: 8.898e-06, nu: 0.020, Time: 6.70
It: 6200, Loss: 8.772e-06, nu: 0.020, Time: 6.74
It: 6300, Loss: 8.521e-06, nu: 0.020, Time: 6.64
It: 6400, Loss: 8.099e-06, nu: 0.020, Time: 6.81
It: 6500, Loss: 8.211e-06, nu: 0.020, Time: 6.72
It: 6600, Loss: 7.700e-06, nu: 0.020, Time: 6.70
It: 6700, Loss: 7.432e-06, nu: 0.020, Time: 6.65
It: 6800, Loss: 7.481e-06, nu: 0.020, Time: 6.72
It: 6900, Loss: 7.413e-06, nu: 0.020, Time: 6.63
It: 7000, Loss: 7.284e-06, nu: 0.020, Time: 6.77
It: 7100, Loss: 7.250e-06, nu: 0.020, Time: 6.72
It: 7200, Loss: 6.927e-06, nu: 0.020, Time: 6.69
It: 7300, Loss: 6.825e-06, nu: 0.020, Time: 6.65
It: 7400, Loss: 6.931e-06, nu: 0.020, Time: 6.68
It: 7500, Loss: 6.698e-06, nu: 0.020, Time: 6.73
It: 7600, Loss: 6.794e-06, nu: 0.020, Time: 6.69
It: 7700, Loss: 6.502e-06, nu: 0.020, Time: 6.69
It: 7800, Loss: 6.731e-06, nu: 0.020, Time: 6.74
It: 7900, Loss: 6.317e-06, nu: 0.020, Time: 6.69
It: 8000, Loss: 6.223e-06, nu: 0.020, Time: 6.68
It: 8100, Loss: 6.082e-06, nu: 0.020, Time: 6.73
It: 8200, Loss: 5.930e-06, nu: 0.020, Time: 6.70
It: 8300, Loss: 5.897e-06, nu: 0.020, Time: 6.73
It: 8400, Loss: 5.949e-06, nu: 0.020, Time: 6.71
It: 8500, Loss: 6.000e-06, nu: 0.020, Time: 6.66
It: 8600, Loss: 5.933e-06, nu: 0.020, Time: 6.68
It: 8700, Loss: 5.872e-06, nu: 0.020, Time: 6.68
It: 8800, Loss: 5.706e-06, nu: 0.020, Time: 6.73
It: 8900, Loss: 5.765e-06, nu: 0.020, Time: 6.75
It: 9000, Loss: 5.788e-06, nu: 0.020, Time: 6.75
It: 9100, Loss: 5.507e-06, nu: 0.020, Time: 6.68
It: 9200, Loss: 5.551e-06, nu: 0.020, Time: 6.72
It: 9300, Loss: 5.536e-06, nu: 0.020, Time: 6.72
It: 9400, Loss: 5.403e-06, nu: 0.020, Time: 6.69
It: 9500, Loss: 5.424e-06, nu: 0.020, Time: 6.69
It: 9600, Loss: 5.266e-06, nu: 0.020, Time: 6.69
It: 9700, Loss: 5.342e-06, nu: 0.020, Time: 6.73
It: 9800, Loss: 5.292e-06, nu: 0.020, Time: 6.66
It: 9900, Loss: 5.326e-06, nu: 0.020, Time: 6.67
It: 10000, Loss: 5.273e-06, nu: 0.020, Time: 6.62
It: 10100, Loss: 5.224e-06, nu: 0.020, Time: 6.75
It: 10200, Loss: 5.243e-06, nu: 0.020, Time: 6.75
It: 10300, Loss: 5.342e-06, nu: 0.020, Time: 6.82
It: 10400, Loss: 5.380e-06, nu: 0.020, Time: 6.74
It: 10500, Loss: 5.163e-06, nu: 0.020, Time: 6.79
It: 10600, Loss: 5.228e-06, nu: 0.020, Time: 6.77
It: 10700, Loss: 5.120e-06, nu: 0.020, Time: 6.70
It: 10800, Loss: 5.082e-06, nu: 0.020, Time: 6.75
It: 10900, Loss: 4.958e-06, nu: 0.020, Time: 6.85
It: 11000, Loss: 4.932e-06, nu: 0.020, Time: 6.77
It: 11100, Loss: 5.057e-06, nu: 0.020, Time: 6.80
It: 11200, Loss: 5.014e-06, nu: 0.020, Time: 6.76
It: 11300, Loss: 5.107e-06, nu: 0.020, Time: 6.72
It: 11400, Loss: 4.954e-06, nu: 0.020, Time: 6.75
It: 11500, Loss: 4.929e-06, nu: 0.020, Time: 6.77
It: 11600, Loss: 4.843e-06, nu: 0.020, Time: 6.69
It: 11700, Loss: 4.968e-06, nu: 0.020, Time: 6.62
It: 11800, Loss: 4.929e-06, nu: 0.020, Time: 6.57
It: 11900, Loss: 4.906e-06, nu: 0.020, Time: 6.66
It: 12000, Loss: 4.640e-06, nu: 0.020, Time: 6.59
It: 12100, Loss: 4.878e-06, nu: 0.020, Time: 6.59
It: 12200, Loss: 4.856e-06, nu: 0.020, Time: 6.60
It: 12300, Loss: 4.830e-06, nu: 0.020, Time: 6.61
It: 12400, Loss: 4.664e-06, nu: 0.020, Time: 6.64
It: 12500, Loss: 4.741e-06, nu: 0.020, Time: 6.71
It: 12600, Loss: 4.911e-06, nu: 0.020, Time: 6.60
It: 12700, Loss: 4.771e-06, nu: 0.020, Time: 6.54
It: 12800, Loss: 4.851e-06, nu: 0.020, Time: 6.68
It: 12900, Loss: 4.695e-06, nu: 0.020, Time: 6.64
It: 13000, Loss: 4.880e-06, nu: 0.020, Time: 6.69
It: 13100, Loss: 4.787e-06, nu: 0.020, Time: 6.62
It: 13200, Loss: 4.723e-06, nu: 0.020, Time: 6.67
It: 13300, Loss: 4.755e-06, nu: 0.020, Time: 6.57
It: 13400, Loss: 4.762e-06, nu: 0.020, Time: 6.62
It: 13500, Loss: 4.757e-06, nu: 0.020, Time: 6.70
It: 13600, Loss: 4.570e-06, nu: 0.020, Time: 6.69
It: 13700, Loss: 4.698e-06, nu: 0.020, Time: 6.71
It: 13800, Loss: 4.631e-06, nu: 0.020, Time: 6.80
It: 13900, Loss: 4.872e-06, nu: 0.020, Time: 6.74
It: 14000, Loss: 4.586e-06, nu: 0.020, Time: 6.64
It: 14100, Loss: 4.637e-06, nu: 0.020, Time: 6.53
It: 14200, Loss: 4.788e-06, nu: 0.020, Time: 6.54
It: 14300, Loss: 4.682e-06, nu: 0.020, Time: 6.62
It: 14400, Loss: 4.678e-06, nu: 0.020, Time: 6.62
It: 14500, Loss: 4.630e-06, nu: 0.020, Time: 6.62
It: 14600, Loss: 4.679e-06, nu: 0.020, Time: 6.51
It: 14700, Loss: 4.493e-06, nu: 0.020, Time: 6.59
It: 14800, Loss: 4.719e-06, nu: 0.020, Time: 6.54
It: 14900, Loss: 4.719e-06, nu: 0.020, Time: 6.52
It: 15000, Loss: 4.643e-06, nu: 0.020, Time: 6.62
It: 15100, Loss: 4.692e-06, nu: 0.020, Time: 6.58
It: 15200, Loss: 4.706e-06, nu: 0.020, Time: 6.62
It: 15300, Loss: 4.596e-06, nu: 0.020, Time: 6.62
It: 15400, Loss: 4.567e-06, nu: 0.020, Time: 6.55
It: 15500, Loss: 4.635e-06, nu: 0.020, Time: 6.53
It: 15600, Loss: 4.638e-06, nu: 0.020, Time: 6.58
It: 15700, Loss: 4.797e-06, nu: 0.020, Time: 6.52
It: 15800, Loss: 4.627e-06, nu: 0.020, Time: 6.62
It: 15900, Loss: 4.677e-06, nu: 0.020, Time: 6.56
It: 16000, Loss: 4.498e-06, nu: 0.020, Time: 6.76
It: 16100, Loss: 4.529e-06, nu: 0.020, Time: 6.72
It: 16200, Loss: 4.645e-06, nu: 0.020, Time: 6.88
It: 16300, Loss: 4.476e-06, nu: 0.020, Time: 6.76
It: 16400, Loss: 4.636e-06, nu: 0.020, Time: 6.80
It: 16500, Loss: 4.602e-06, nu: 0.020, Time: 6.81
It: 16600, Loss: 4.543e-06, nu: 0.020, Time: 6.76
It: 16700, Loss: 4.585e-06, nu: 0.020, Time: 6.70
It: 16800, Loss: 4.730e-06, nu: 0.020, Time: 6.74
It: 16900, Loss: 4.446e-06, nu: 0.020, Time: 6.73
It: 17000, Loss: 4.589e-06, nu: 0.020, Time: 6.75
It: 17100, Loss: 4.552e-06, nu: 0.020, Time: 6.71
It: 17200, Loss: 4.606e-06, nu: 0.020, Time: 6.80
It: 17300, Loss: 4.806e-06, nu: 0.020, Time: 6.70
It: 17400, Loss: 4.566e-06, nu: 0.020, Time: 6.70
It: 17500, Loss: 4.722e-06, nu: 0.020, Time: 6.84
It: 17600, Loss: 4.674e-06, nu: 0.020, Time: 6.78
It: 17700, Loss: 4.590e-06, nu: 0.020, Time: 6.79
It: 17800, Loss: 4.763e-06, nu: 0.020, Time: 6.77
It: 17900, Loss: 4.542e-06, nu: 0.020, Time: 6.76
It: 18000, Loss: 4.598e-06, nu: 0.020, Time: 6.73
It: 18100, Loss: 4.471e-06, nu: 0.020, Time: 6.80
It: 18200, Loss: 4.538e-06, nu: 0.020, Time: 6.74
It: 18300, Loss: 4.605e-06, nu: 0.020, Time: 6.77
It: 18400, Loss: 4.529e-06, nu: 0.020, Time: 6.71
It: 18500, Loss: 4.702e-06, nu: 0.020, Time: 6.80
It: 18600, Loss: 4.544e-06, nu: 0.020, Time: 6.81
It: 18700, Loss: 4.617e-06, nu: 0.020, Time: 6.77
It: 18800, Loss: 4.491e-06, nu: 0.020, Time: 6.73
It: 18900, Loss: 4.616e-06, nu: 0.020, Time: 6.73
It: 19000, Loss: 4.551e-06, nu: 0.020, Time: 6.72
It: 19100, Loss: 4.552e-06, nu: 0.020, Time: 6.78
It: 19200, Loss: 4.625e-06, nu: 0.020, Time: 6.77
It: 19300, Loss: 4.592e-06, nu: 0.020, Time: 6.77
It: 19400, Loss: 4.793e-06, nu: 0.020, Time: 6.72
It: 19500, Loss: 4.403e-06, nu: 0.020, Time: 6.73
It: 19600, Loss: 4.464e-06, nu: 0.020, Time: 6.78
It: 19700, Loss: 4.387e-06, nu: 0.020, Time: 6.80
It: 19800, Loss: 4.460e-06, nu: 0.020, Time: 6.68
It: 19900, Loss: 4.690e-06, nu: 0.020, Time: 6.68
It: 20000, Loss: 4.661e-06, nu: 0.020, Time: 6.76
It: 20100, Loss: 4.745e-06, nu: 0.020, Time: 6.74
It: 20200, Loss: 4.591e-06, nu: 0.020, Time: 6.77
It: 20300, Loss: 4.544e-06, nu: 0.020, Time: 6.71
It: 20400, Loss: 4.641e-06, nu: 0.020, Time: 6.75
It: 20500, Loss: 4.855e-06, nu: 0.020, Time: 6.69
It: 20600, Loss: 4.490e-06, nu: 0.020, Time: 6.69
It: 20700, Loss: 4.691e-06, nu: 0.020, Time: 6.71
It: 20800, Loss: 4.493e-06, nu: 0.020, Time: 6.71
It: 20900, Loss: 4.567e-06, nu: 0.020, Time: 6.78
It: 21000, Loss: 4.684e-06, nu: 0.020, Time: 6.64
It: 21100, Loss: 4.620e-06, nu: 0.020, Time: 6.72
It: 21200, Loss: 4.663e-06, nu: 0.020, Time: 6.74
It: 21300, Loss: 4.498e-06, nu: 0.020, Time: 6.71
It: 21400, Loss: 4.624e-06, nu: 0.020, Time: 6.69
It: 21500, Loss: 4.536e-06, nu: 0.020, Time: 6.73
It: 21600, Loss: 4.592e-06, nu: 0.020, Time: 6.69
It: 21700, Loss: 4.649e-06, nu: 0.020, Time: 6.68
It: 21800, Loss: 4.523e-06, nu: 0.020, Time: 6.73
It: 21900, Loss: 4.557e-06, nu: 0.020, Time: 6.70
It: 22000, Loss: 4.701e-06, nu: 0.020, Time: 6.74
It: 22100, Loss: 4.610e-06, nu: 0.020, Time: 6.52
It: 22200, Loss: 4.629e-06, nu: 0.020, Time: 6.32
It: 22300, Loss: 4.561e-06, nu: 0.020, Time: 6.27
It: 22400, Loss: 4.656e-06, nu: 0.020, Time: 6.26
It: 22500, Loss: 4.619e-06, nu: 0.020, Time: 6.20
It: 22600, Loss: 4.564e-06, nu: 0.020, Time: 6.21
It: 22700, Loss: 4.553e-06, nu: 0.020, Time: 6.33
It: 22800, Loss: 4.549e-06, nu: 0.020, Time: 6.24
It: 22900, Loss: 4.628e-06, nu: 0.020, Time: 6.27
It: 23000, Loss: 4.567e-06, nu: 0.020, Time: 6.61
It: 23100, Loss: 4.568e-06, nu: 0.020, Time: 6.63
It: 23200, Loss: 4.508e-06, nu: 0.020, Time: 6.57
It: 23300, Loss: 4.576e-06, nu: 0.020, Time: 6.63
It: 23400, Loss: 4.564e-06, nu: 0.020, Time: 6.62
It: 23500, Loss: 4.581e-06, nu: 0.020, Time: 6.59
It: 23600, Loss: 4.721e-06, nu: 0.020, Time: 6.60
It: 23700, Loss: 4.661e-06, nu: 0.020, Time: 6.55
It: 23800, Loss: 4.707e-06, nu: 0.020, Time: 6.62
It: 23900, Loss: 4.707e-06, nu: 0.020, Time: 6.68
It: 24000, Loss: 4.611e-06, nu: 0.020, Time: 6.72
It: 24100, Loss: 4.572e-06, nu: 0.020, Time: 6.76
It: 24200, Loss: 4.660e-06, nu: 0.020, Time: 6.80
It: 24300, Loss: 4.449e-06, nu: 0.020, Time: 6.78
It: 24400, Loss: 4.500e-06, nu: 0.020, Time: 6.85
It: 24500, Loss: 4.556e-06, nu: 0.020, Time: 6.77
It: 24600, Loss: 4.704e-06, nu: 0.020, Time: 6.54
It: 24700, Loss: 4.410e-06, nu: 0.020, Time: 6.59
It: 24800, Loss: 4.576e-06, nu: 0.020, Time: 6.55
It: 24900, Loss: 4.584e-06, nu: 0.020, Time: 6.55
It: 25000, Loss: 4.574e-06, nu: 0.020, Time: 6.41
It: 25100, Loss: 4.557e-06, nu: 0.020, Time: 6.58
It: 25200, Loss: 4.404e-06, nu: 0.020, Time: 6.56
It: 25300, Loss: 4.588e-06, nu: 0.020, Time: 6.57
It: 25400, Loss: 4.448e-06, nu: 0.020, Time: 6.58
It: 25500, Loss: 4.688e-06, nu: 0.020, Time: 6.49
It: 25600, Loss: 4.622e-06, nu: 0.020, Time: 6.56
It: 25700, Loss: 4.679e-06, nu: 0.020, Time: 6.62
It: 25800, Loss: 4.453e-06, nu: 0.020, Time: 6.55
It: 25900, Loss: 4.696e-06, nu: 0.020, Time: 6.54
It: 26000, Loss: 4.670e-06, nu: 0.020, Time: 6.55
It: 26100, Loss: 4.503e-06, nu: 0.020, Time: 6.54
It: 26200, Loss: 4.567e-06, nu: 0.020, Time: 6.58
It: 26300, Loss: 4.584e-06, nu: 0.020, Time: 6.59
It: 26400, Loss: 4.521e-06, nu: 0.020, Time: 6.54
It: 26500, Loss: 4.599e-06, nu: 0.020, Time: 6.44
It: 26600, Loss: 4.546e-06, nu: 0.020, Time: 6.63
It: 26700, Loss: 4.515e-06, nu: 0.020, Time: 6.50
It: 26800, Loss: 4.487e-06, nu: 0.020, Time: 6.58
It: 26900, Loss: 4.545e-06, nu: 0.020, Time: 6.61
It: 27000, Loss: 4.657e-06, nu: 0.020, Time: 6.54
It: 27100, Loss: 4.575e-06, nu: 0.020, Time: 6.54
It: 27200, Loss: 4.604e-06, nu: 0.020, Time: 6.56
It: 27300, Loss: 4.763e-06, nu: 0.020, Time: 6.55
It: 27400, Loss: 4.523e-06, nu: 0.020, Time: 6.60
It: 27500, Loss: 4.594e-06, nu: 0.020, Time: 6.49
It: 27600, Loss: 4.752e-06, nu: 0.020, Time: 6.38
It: 27700, Loss: 4.496e-06, nu: 0.020, Time: 6.50
It: 27800, Loss: 4.737e-06, nu: 0.020, Time: 6.53
It: 27900, Loss: 4.408e-06, nu: 0.020, Time: 6.76
It: 28000, Loss: 4.511e-06, nu: 0.020, Time: 6.69
It: 28100, Loss: 4.630e-06, nu: 0.020, Time: 6.77
It: 28200, Loss: 4.431e-06, nu: 0.020, Time: 6.58
It: 28300, Loss: 4.839e-06, nu: 0.020, Time: 6.67
It: 28400, Loss: 4.701e-06, nu: 0.020, Time: 6.79
It: 28500, Loss: 4.589e-06, nu: 0.020, Time: 6.69
It: 28600, Loss: 4.598e-06, nu: 0.020, Time: 6.68
It: 28700, Loss: 4.738e-06, nu: 0.020, Time: 6.68
It: 28800, Loss: 4.721e-06, nu: 0.020, Time: 6.64
It: 28900, Loss: 4.647e-06, nu: 0.020, Time: 6.68
It: 29000, Loss: 4.526e-06, nu: 0.020, Time: 6.59
It: 29100, Loss: 4.797e-06, nu: 0.020, Time: 6.63
It: 29200, Loss: 4.673e-06, nu: 0.020, Time: 6.68
It: 29300, Loss: 4.603e-06, nu: 0.020, Time: 6.64
It: 29400, Loss: 4.792e-06, nu: 0.020, Time: 6.70
It: 29500, Loss: 4.639e-06, nu: 0.020, Time: 6.61
It: 29600, Loss: 4.575e-06, nu: 0.020, Time: 6.63
It: 29700, Loss: 4.521e-06, nu: 0.020, Time: 6.61
It: 29800, Loss: 4.679e-06, nu: 0.020, Time: 6.67
It: 29900, Loss: 4.499e-06, nu: 0.020, Time: 6.70
It: 30000, Loss: 4.609e-06, nu: 0.020, Time: 6.67
It: 30100, Loss: 4.864e-06, nu: 0.020, Time: 6.72
It: 30200, Loss: 4.491e-06, nu: 0.020, Time: 6.68
It: 30300, Loss: 4.614e-06, nu: 0.020, Time: 6.61
It: 30400, Loss: 4.694e-06, nu: 0.020, Time: 6.74
It: 30500, Loss: 4.518e-06, nu: 0.020, Time: 6.72
It: 30600, Loss: 4.570e-06, nu: 0.020, Time: 6.61
It: 30700, Loss: 4.586e-06, nu: 0.020, Time: 6.64
It: 30800, Loss: 4.717e-06, nu: 0.020, Time: 6.69
It: 30900, Loss: 4.575e-06, nu: 0.020, Time: 6.62
It: 31000, Loss: 4.782e-06, nu: 0.020, Time: 6.71
It: 31100, Loss: 4.516e-06, nu: 0.020, Time: 6.69
It: 31200, Loss: 4.392e-06, nu: 0.020, Time: 6.66
It: 31300, Loss: 4.495e-06, nu: 0.020, Time: 6.61
It: 31400, Loss: 4.737e-06, nu: 0.020, Time: 6.72
It: 31500, Loss: 4.687e-06, nu: 0.020, Time: 6.68
It: 31600, Loss: 4.591e-06, nu: 0.020, Time: 6.70
It: 31700, Loss: 4.607e-06, nu: 0.020, Time: 6.73
It: 31800, Loss: 4.729e-06, nu: 0.020, Time: 6.71
It: 31900, Loss: 4.484e-06, nu: 0.020, Time: 6.71
It: 32000, Loss: 4.466e-06, nu: 0.020, Time: 6.71
It: 32100, Loss: 4.537e-06, nu: 0.020, Time: 6.69
It: 32200, Loss: 4.826e-06, nu: 0.020, Time: 6.71
It: 32300, Loss: 4.583e-06, nu: 0.020, Time: 6.80
It: 32400, Loss: 4.575e-06, nu: 0.020, Time: 6.79
It: 32500, Loss: 4.494e-06, nu: 0.020, Time: 6.76
It: 32600, Loss: 4.535e-06, nu: 0.020, Time: 6.73
It: 32700, Loss: 4.618e-06, nu: 0.020, Time: 6.78
It: 32800, Loss: 4.517e-06, nu: 0.020, Time: 6.67
It: 32900, Loss: 4.643e-06, nu: 0.020, Time: 6.77
It: 33000, Loss: 4.658e-06, nu: 0.020, Time: 6.77
It: 33100, Loss: 4.632e-06, nu: 0.020, Time: 6.83
It: 33200, Loss: 4.622e-06, nu: 0.020, Time: 6.73
It: 33300, Loss: 4.555e-06, nu: 0.020, Time: 6.73
It: 33400, Loss: 4.681e-06, nu: 0.020, Time: 6.73
It: 33500, Loss: 4.659e-06, nu: 0.020, Time: 6.75
It: 33600, Loss: 4.566e-06, nu: 0.020, Time: 6.74
It: 33700, Loss: 4.545e-06, nu: 0.020, Time: 6.70
It: 33800, Loss: 4.661e-06, nu: 0.020, Time: 6.65
It: 33900, Loss: 4.677e-06, nu: 0.020, Time: 6.57
It: 34000, Loss: 4.672e-06, nu: 0.020, Time: 6.64
It: 34100, Loss: 4.565e-06, nu: 0.020, Time: 6.56
It: 34200, Loss: 4.584e-06, nu: 0.020, Time: 6.58
It: 34300, Loss: 4.621e-06, nu: 0.020, Time: 6.64
It: 34400, Loss: 4.684e-06, nu: 0.020, Time: 6.64
It: 34500, Loss: 4.762e-06, nu: 0.020, Time: 6.62
It: 34600, Loss: 4.668e-06, nu: 0.020, Time: 6.60
It: 34700, Loss: 4.747e-06, nu: 0.020, Time: 6.57
It: 34800, Loss: 4.735e-06, nu: 0.020, Time: 6.64
It: 34900, Loss: 4.511e-06, nu: 0.020, Time: 6.68
It: 35000, Loss: 4.690e-06, nu: 0.020, Time: 6.67
It: 35100, Loss: 4.514e-06, nu: 0.020, Time: 6.71
It: 35200, Loss: 4.630e-06, nu: 0.020, Time: 6.65
It: 35300, Loss: 4.588e-06, nu: 0.020, Time: 6.75
It: 35400, Loss: 4.504e-06, nu: 0.020, Time: 6.70
It: 35500, Loss: 4.481e-06, nu: 0.020, Time: 6.78
It: 35600, Loss: 4.695e-06, nu: 0.020, Time: 6.69
It: 35700, Loss: 4.533e-06, nu: 0.020, Time: 6.55
It: 35800, Loss: 4.753e-06, nu: 0.020, Time: 6.60
It: 35900, Loss: 4.595e-06, nu: 0.020, Time: 6.54
It: 36000, Loss: 4.631e-06, nu: 0.020, Time: 6.54
It: 36100, Loss: 4.619e-06, nu: 0.020, Time: 6.48
It: 36200, Loss: 4.806e-06, nu: 0.020, Time: 6.60
It: 36300, Loss: 4.602e-06, nu: 0.020, Time: 6.74
It: 36400, Loss: 4.784e-06, nu: 0.020, Time: 6.58
It: 36500, Loss: 4.477e-06, nu: 0.020, Time: 6.62
It: 36600, Loss: 4.558e-06, nu: 0.020, Time: 6.60
It: 36700, Loss: 4.668e-06, nu: 0.020, Time: 6.62
It: 36800, Loss: 4.654e-06, nu: 0.020, Time: 6.62
It: 36900, Loss: 4.639e-06, nu: 0.020, Time: 6.61
It: 37000, Loss: 4.710e-06, nu: 0.020, Time: 6.72
It: 37100, Loss: 4.511e-06, nu: 0.020, Time: 6.65
It: 37200, Loss: 4.541e-06, nu: 0.020, Time: 6.52
It: 37300, Loss: 4.486e-06, nu: 0.020, Time: 6.75
It: 37400, Loss: 4.734e-06, nu: 0.020, Time: 6.82
It: 37500, Loss: 4.722e-06, nu: 0.020, Time: 6.83
It: 37600, Loss: 4.514e-06, nu: 0.020, Time: 6.83
It: 37700, Loss: 4.651e-06, nu: 0.020, Time: 6.87
It: 37800, Loss: 4.688e-06, nu: 0.020, Time: 6.85
It: 37900, Loss: 4.685e-06, nu: 0.020, Time: 6.83
It: 38000, Loss: 4.640e-06, nu: 0.020, Time: 6.77
It: 38100, Loss: 4.719e-06, nu: 0.020, Time: 6.83
It: 38200, Loss: 4.519e-06, nu: 0.020, Time: 6.75
It: 38300, Loss: 4.684e-06, nu: 0.020, Time: 6.75
It: 38400, Loss: 4.583e-06, nu: 0.020, Time: 6.83
It: 38500, Loss: 4.515e-06, nu: 0.020, Time: 6.74
It: 38600, Loss: 4.647e-06, nu: 0.020, Time: 6.75
It: 38700, Loss: 4.378e-06, nu: 0.020, Time: 6.74
It: 38800, Loss: 4.543e-06, nu: 0.020, Time: 6.79
It: 38900, Loss: 4.643e-06, nu: 0.020, Time: 6.69
It: 39000, Loss: 4.595e-06, nu: 0.020, Time: 6.78
It: 39100, Loss: 4.635e-06, nu: 0.020, Time: 6.76
It: 39200, Loss: 4.764e-06, nu: 0.020, Time: 6.74
It: 39300, Loss: 4.634e-06, nu: 0.020, Time: 6.76
It: 39400, Loss: 4.484e-06, nu: 0.020, Time: 6.79
It: 39500, Loss: 4.589e-06, nu: 0.020, Time: 6.79
It: 39600, Loss: 4.527e-06, nu: 0.020, Time: 6.90
It: 39700, Loss: 4.485e-06, nu: 0.020, Time: 6.80
It: 39800, Loss: 4.654e-06, nu: 0.020, Time: 6.88
It: 39900, Loss: 4.700e-06, nu: 0.020, Time: 6.78
It: 40000, Loss: 4.654e-06, nu: 0.020, Time: 6.81
It: 40100, Loss: 4.820e-06, nu: 0.020, Time: 6.83
It: 40200, Loss: 4.610e-06, nu: 0.020, Time: 6.81
It: 40300, Loss: 4.574e-06, nu: 0.020, Time: 6.78
It: 40400, Loss: 4.680e-06, nu: 0.020, Time: 6.77
It: 40500, Loss: 4.440e-06, nu: 0.020, Time: 6.81
It: 40600, Loss: 4.665e-06, nu: 0.020, Time: 6.82
It: 40700, Loss: 4.637e-06, nu: 0.020, Time: 6.86
It: 40800, Loss: 4.648e-06, nu: 0.020, Time: 6.85
It: 40900, Loss: 4.650e-06, nu: 0.020, Time: 6.81
It: 41000, Loss: 4.760e-06, nu: 0.020, Time: 6.73
It: 41100, Loss: 4.557e-06, nu: 0.020, Time: 6.58
It: 41200, Loss: 4.592e-06, nu: 0.020, Time: 6.69
It: 41300, Loss: 4.641e-06, nu: 0.020, Time: 6.70
It: 41400, Loss: 4.633e-06, nu: 0.020, Time: 6.54
It: 41500, Loss: 4.720e-06, nu: 0.020, Time: 5.83
It: 41600, Loss: 4.697e-06, nu: 0.020, Time: 6.60
It: 41700, Loss: 4.419e-06, nu: 0.020, Time: 6.52
It: 41800, Loss: 4.632e-06, nu: 0.020, Time: 6.61
It: 41900, Loss: 4.553e-06, nu: 0.020, Time: 6.67
It: 42000, Loss: 4.620e-06, nu: 0.020, Time: 6.72
It: 42100, Loss: 4.580e-06, nu: 0.020, Time: 6.59
It: 42200, Loss: 4.664e-06, nu: 0.020, Time: 6.67
It: 42300, Loss: 4.732e-06, nu: 0.020, Time: 6.63
It: 42400, Loss: 4.552e-06, nu: 0.020, Time: 6.61
It: 42500, Loss: 4.588e-06, nu: 0.020, Time: 6.62
It: 42600, Loss: 4.604e-06, nu: 0.020, Time: 6.57
It: 42700, Loss: 4.645e-06, nu: 0.020, Time: 6.61
It: 42800, Loss: 4.805e-06, nu: 0.020, Time: 6.50
It: 42900, Loss: 4.621e-06, nu: 0.020, Time: 6.51
It: 43000, Loss: 4.545e-06, nu: 0.020, Time: 6.64
It: 43100, Loss: 4.481e-06, nu: 0.020, Time: 6.47
It: 43200, Loss: 4.565e-06, nu: 0.020, Time: 6.53
It: 43300, Loss: 4.529e-06, nu: 0.020, Time: 6.80
It: 43400, Loss: 4.683e-06, nu: 0.020, Time: 6.79
It: 43500, Loss: 4.576e-06, nu: 0.020, Time: 6.78
It: 43600, Loss: 4.468e-06, nu: 0.020, Time: 6.66
It: 43700, Loss: 4.822e-06, nu: 0.020, Time: 6.60
It: 43800, Loss: 4.557e-06, nu: 0.020, Time: 6.63
It: 43900, Loss: 4.581e-06, nu: 0.020, Time: 6.52
It: 44000, Loss: 4.593e-06, nu: 0.020, Time: 6.59
It: 44100, Loss: 4.547e-06, nu: 0.020, Time: 6.58
It: 44200, Loss: 4.669e-06, nu: 0.020, Time: 6.73
It: 44300, Loss: 4.500e-06, nu: 0.020, Time: 6.66
It: 44400, Loss: 4.591e-06, nu: 0.020, Time: 6.67
It: 44500, Loss: 4.552e-06, nu: 0.020, Time: 6.59
It: 44600, Loss: 4.573e-06, nu: 0.020, Time: 6.71
It: 44700, Loss: 4.610e-06, nu: 0.020, Time: 6.68
It: 44800, Loss: 4.654e-06, nu: 0.020, Time: 6.56
It: 44900, Loss: 4.675e-06, nu: 0.020, Time: 6.60
It: 45000, Loss: 4.477e-06, nu: 0.020, Time: 6.79
It: 45100, Loss: 4.611e-06, nu: 0.020, Time: 6.75
It: 45200, Loss: 4.598e-06, nu: 0.020, Time: 6.77
It: 45300, Loss: 4.857e-06, nu: 0.020, Time: 6.72
It: 45400, Loss: 4.631e-06, nu: 0.020, Time: 6.66
It: 45500, Loss: 4.591e-06, nu: 0.020, Time: 6.66
It: 45600, Loss: 4.614e-06, nu: 0.020, Time: 6.78
It: 45700, Loss: 4.607e-06, nu: 0.020, Time: 6.83
It: 45800, Loss: 4.596e-06, nu: 0.020, Time: 6.76
It: 45900, Loss: 4.490e-06, nu: 0.020, Time: 6.75
It: 46000, Loss: 4.717e-06, nu: 0.020, Time: 6.84
It: 46100, Loss: 4.540e-06, nu: 0.020, Time: 6.69
It: 46200, Loss: 4.633e-06, nu: 0.020, Time: 6.77
It: 46300, Loss: 4.776e-06, nu: 0.020, Time: 6.77
It: 46400, Loss: 4.614e-06, nu: 0.020, Time: 6.66
It: 46500, Loss: 4.551e-06, nu: 0.020, Time: 6.67
It: 46600, Loss: 4.676e-06, nu: 0.020, Time: 6.76
It: 46700, Loss: 4.546e-06, nu: 0.020, Time: 6.71
It: 46800, Loss: 4.660e-06, nu: 0.020, Time: 6.60
It: 46900, Loss: 4.714e-06, nu: 0.020, Time: 6.57
It: 47000, Loss: 4.534e-06, nu: 0.020, Time: 6.48
It: 47100, Loss: 4.561e-06, nu: 0.020, Time: 6.58
It: 47200, Loss: 4.695e-06, nu: 0.020, Time: 6.62
It: 47300, Loss: 4.520e-06, nu: 0.020, Time: 6.61
It: 47400, Loss: 4.556e-06, nu: 0.020, Time: 6.64
It: 47500, Loss: 4.534e-06, nu: 0.020, Time: 6.62
It: 47600, Loss: 4.525e-06, nu: 0.020, Time: 6.54
It: 47700, Loss: 4.525e-06, nu: 0.020, Time: 6.63
It: 47800, Loss: 4.715e-06, nu: 0.020, Time: 6.60
It: 47900, Loss: 4.539e-06, nu: 0.020, Time: 6.59
It: 48000, Loss: 4.803e-06, nu: 0.020, Time: 6.59
It: 48100, Loss: 4.581e-06, nu: 0.020, Time: 6.60
It: 48200, Loss: 4.653e-06, nu: 0.020, Time: 6.54
It: 48300, Loss: 4.602e-06, nu: 0.020, Time: 6.57
It: 48400, Loss: 4.674e-06, nu: 0.020, Time: 6.73
It: 48500, Loss: 4.515e-06, nu: 0.020, Time: 6.60
It: 48600, Loss: 4.604e-06, nu: 0.020, Time: 6.34
It: 48700, Loss: 4.719e-06, nu: 0.020, Time: 6.49
It: 48800, Loss: 4.502e-06, nu: 0.020, Time: 6.46
It: 48900, Loss: 4.508e-06, nu: 0.020, Time: 6.47
It: 49000, Loss: 4.600e-06, nu: 0.020, Time: 6.45
It: 49100, Loss: 4.479e-06, nu: 0.020, Time: 6.47
It: 49200, Loss: 4.740e-06, nu: 0.020, Time: 6.33
It: 49300, Loss: 4.671e-06, nu: 0.020, Time: 6.23
It: 49400, Loss: 4.603e-06, nu: 0.020, Time: 6.38/home/zihan/anaconda3/envs/x/lib/python3.7/site-packages/torch/nn/functional.py:1933: UserWarning: nn.functional.tanh is deprecated. Use torch.tanh instead.
  warnings.warn("nn.functional.tanh is deprecated. Use torch.tanh instead.")

It: 49500, Loss: 4.695e-06, nu: 0.020, Time: 6.36
It: 49600, Loss: 4.688e-06, nu: 0.020, Time: 6.33
It: 49700, Loss: 4.655e-06, nu: 0.020, Time: 6.35
It: 49800, Loss: 4.531e-06, nu: 0.020, Time: 6.37
It: 49900, Loss: 4.642e-06, nu: 0.020, Time: 6.42
Error u: 1.651631e-04
Error nu: 0.00000%
