It: 0, Loss: 2.676e-01, nu: 0.020, Time: 0.07
It: 100, Loss: 6.460e-02, nu: 0.020, Time: 6.28
It: 200, Loss: 5.745e-02, nu: 0.020, Time: 6.36
It: 300, Loss: 4.896e-02, nu: 0.020, Time: 6.30
It: 400, Loss: 2.653e-03, nu: 0.020, Time: 6.18
It: 500, Loss: 6.630e-04, nu: 0.020, Time: 6.26
It: 600, Loss: 2.068e-04, nu: 0.020, Time: 6.20
It: 700, Loss: 1.448e-04, nu: 0.020, Time: 6.17
It: 800, Loss: 1.119e-04, nu: 0.020, Time: 6.08
It: 900, Loss: 9.498e-05, nu: 0.020, Time: 5.84
It: 1000, Loss: 8.205e-05, nu: 0.020, Time: 6.02
It: 1100, Loss: 7.227e-05, nu: 0.020, Time: 6.04
It: 1200, Loss: 7.185e-05, nu: 0.020, Time: 6.02
It: 1300, Loss: 5.857e-05, nu: 0.020, Time: 6.10
It: 1400, Loss: 5.547e-05, nu: 0.020, Time: 5.99
It: 1500, Loss: 5.239e-05, nu: 0.020, Time: 6.02
It: 1600, Loss: 4.671e-05, nu: 0.020, Time: 6.11
It: 1700, Loss: 4.372e-05, nu: 0.020, Time: 5.97
It: 1800, Loss: 4.037e-05, nu: 0.020, Time: 6.00
It: 1900, Loss: 3.618e-05, nu: 0.020, Time: 5.96
It: 2000, Loss: 3.431e-05, nu: 0.020, Time: 6.06
It: 2100, Loss: 3.254e-05, nu: 0.020, Time: 5.99
It: 2200, Loss: 3.144e-05, nu: 0.020, Time: 6.02
It: 2300, Loss: 3.091e-05, nu: 0.020, Time: 6.02
It: 2400, Loss: 3.021e-05, nu: 0.020, Time: 6.14
It: 2500, Loss: 2.885e-05, nu: 0.020, Time: 6.14
It: 2600, Loss: 2.787e-05, nu: 0.020, Time: 6.16
It: 2700, Loss: 2.689e-05, nu: 0.020, Time: 6.15
It: 2800, Loss: 2.630e-05, nu: 0.020, Time: 6.23
It: 2900, Loss: 2.564e-05, nu: 0.020, Time: 6.20
It: 3000, Loss: 2.517e-05, nu: 0.020, Time: 6.21
It: 3100, Loss: 2.422e-05, nu: 0.020, Time: 6.24
It: 3200, Loss: 2.349e-05, nu: 0.020, Time: 6.10
It: 3300, Loss: 2.384e-05, nu: 0.020, Time: 6.17
It: 3400, Loss: 2.318e-05, nu: 0.020, Time: 6.11
It: 3500, Loss: 2.283e-05, nu: 0.020, Time: 6.09
It: 3600, Loss: 2.252e-05, nu: 0.020, Time: 6.09
It: 3700, Loss: 2.192e-05, nu: 0.020, Time: 6.05
It: 3800, Loss: 2.189e-05, nu: 0.020, Time: 6.10
It: 3900, Loss: 2.150e-05, nu: 0.020, Time: 6.11
It: 4000, Loss: 2.100e-05, nu: 0.020, Time: 6.06
It: 4100, Loss: 2.030e-05, nu: 0.020, Time: 6.16
It: 4200, Loss: 2.104e-05, nu: 0.020, Time: 6.03
It: 4300, Loss: 2.063e-05, nu: 0.020, Time: 6.12
It: 4400, Loss: 2.015e-05, nu: 0.020, Time: 6.07
It: 4500, Loss: 2.023e-05, nu: 0.020, Time: 6.04
It: 4600, Loss: 2.035e-05, nu: 0.020, Time: 6.16
It: 4700, Loss: 2.059e-05, nu: 0.020, Time: 6.20
It: 4800, Loss: 1.965e-05, nu: 0.020, Time: 6.14
It: 4900, Loss: 1.955e-05, nu: 0.020, Time: 6.20
It: 5000, Loss: 1.845e-05, nu: 0.020, Time: 6.26
It: 5100, Loss: 1.891e-05, nu: 0.020, Time: 6.26
It: 5200, Loss: 1.921e-05, nu: 0.020, Time: 6.30
It: 5300, Loss: 1.912e-05, nu: 0.020, Time: 6.29
It: 5400, Loss: 1.893e-05, nu: 0.020, Time: 6.38
It: 5500, Loss: 1.882e-05, nu: 0.020, Time: 6.33
It: 5600, Loss: 1.844e-05, nu: 0.020, Time: 6.35
It: 5700, Loss: 1.873e-05, nu: 0.020, Time: 6.30
It: 5800, Loss: 1.820e-05, nu: 0.020, Time: 6.29
It: 5900, Loss: 1.782e-05, nu: 0.020, Time: 6.27
It: 6000, Loss: 1.853e-05, nu: 0.020, Time: 6.28
It: 6100, Loss: 1.747e-05, nu: 0.020, Time: 6.35
It: 6200, Loss: 1.837e-05, nu: 0.020, Time: 6.33
It: 6300, Loss: 1.762e-05, nu: 0.020, Time: 6.31
It: 6400, Loss: 1.782e-05, nu: 0.020, Time: 6.33
It: 6500, Loss: 1.727e-05, nu: 0.020, Time: 6.32
It: 6600, Loss: 1.711e-05, nu: 0.020, Time: 6.35
It: 6700, Loss: 1.759e-05, nu: 0.020, Time: 6.39
It: 6800, Loss: 1.675e-05, nu: 0.020, Time: 6.43
It: 6900, Loss: 1.774e-05, nu: 0.020, Time: 6.33
It: 7000, Loss: 1.767e-05, nu: 0.020, Time: 6.39
It: 7100, Loss: 1.721e-05, nu: 0.020, Time: 6.35
It: 7200, Loss: 1.654e-05, nu: 0.020, Time: 6.34
It: 7300, Loss: 1.689e-05, nu: 0.020, Time: 6.29
It: 7400, Loss: 1.678e-05, nu: 0.020, Time: 6.31
It: 7500, Loss: 1.664e-05, nu: 0.020, Time: 6.40
It: 7600, Loss: 1.691e-05, nu: 0.020, Time: 6.40
It: 7700, Loss: 1.710e-05, nu: 0.020, Time: 6.31
It: 7800, Loss: 1.696e-05, nu: 0.020, Time: 6.36
It: 7900, Loss: 1.662e-05, nu: 0.020, Time: 6.35
It: 8000, Loss: 1.651e-05, nu: 0.020, Time: 6.35
It: 8100, Loss: 1.670e-05, nu: 0.020, Time: 6.39
It: 8200, Loss: 1.624e-05, nu: 0.020, Time: 6.36
It: 8300, Loss: 1.603e-05, nu: 0.020, Time: 6.40
It: 8400, Loss: 1.660e-05, nu: 0.020, Time: 6.40
It: 8500, Loss: 1.607e-05, nu: 0.020, Time: 6.42
It: 8600, Loss: 1.629e-05, nu: 0.020, Time: 6.39
It: 8700, Loss: 1.610e-05, nu: 0.020, Time: 6.35
It: 8800, Loss: 1.624e-05, nu: 0.020, Time: 6.14
It: 8900, Loss: 1.683e-05, nu: 0.020, Time: 5.97
It: 9000, Loss: 1.640e-05, nu: 0.020, Time: 6.11
It: 9100, Loss: 1.608e-05, nu: 0.020, Time: 6.07
It: 9200, Loss: 1.637e-05, nu: 0.020, Time: 6.22
It: 9300, Loss: 1.576e-05, nu: 0.020, Time: 6.03
It: 9400, Loss: 1.581e-05, nu: 0.020, Time: 6.00
It: 9500, Loss: 1.628e-05, nu: 0.020, Time: 6.12
It: 9600, Loss: 1.644e-05, nu: 0.020, Time: 6.25
It: 9700, Loss: 1.598e-05, nu: 0.020, Time: 6.39
It: 9800, Loss: 1.589e-05, nu: 0.020, Time: 6.41
It: 9900, Loss: 1.645e-05, nu: 0.020, Time: 6.43
It: 10000, Loss: 1.579e-05, nu: 0.020, Time: 6.11
It: 10100, Loss: 1.641e-05, nu: 0.020, Time: 6.09
It: 10200, Loss: 1.592e-05, nu: 0.020, Time: 6.08
It: 10300, Loss: 1.621e-05, nu: 0.020, Time: 6.01
It: 10400, Loss: 1.590e-05, nu: 0.020, Time: 6.14
It: 10500, Loss: 1.576e-05, nu: 0.020, Time: 6.03
It: 10600, Loss: 1.626e-05, nu: 0.020, Time: 6.04
It: 10700, Loss: 1.577e-05, nu: 0.020, Time: 6.04
It: 10800, Loss: 1.549e-05, nu: 0.020, Time: 5.96
It: 10900, Loss: 1.543e-05, nu: 0.020, Time: 6.13
It: 11000, Loss: 1.529e-05, nu: 0.020, Time: 6.04
It: 11100, Loss: 1.537e-05, nu: 0.020, Time: 6.05
It: 11200, Loss: 1.539e-05, nu: 0.020, Time: 6.07
It: 11300, Loss: 1.558e-05, nu: 0.020, Time: 5.99
It: 11400, Loss: 1.535e-05, nu: 0.020, Time: 6.11
It: 11500, Loss: 1.546e-05, nu: 0.020, Time: 6.06
It: 11600, Loss: 1.515e-05, nu: 0.020, Time: 6.12
It: 11700, Loss: 1.593e-05, nu: 0.020, Time: 5.95
It: 11800, Loss: 1.554e-05, nu: 0.020, Time: 6.03
It: 11900, Loss: 1.544e-05, nu: 0.020, Time: 6.02
It: 12000, Loss: 1.512e-05, nu: 0.020, Time: 5.97
It: 12100, Loss: 1.561e-05, nu: 0.020, Time: 6.07
It: 12200, Loss: 1.517e-05, nu: 0.020, Time: 6.04
It: 12300, Loss: 1.598e-05, nu: 0.020, Time: 6.15
It: 12400, Loss: 1.532e-05, nu: 0.020, Time: 6.11
It: 12500, Loss: 1.543e-05, nu: 0.020, Time: 6.01
It: 12600, Loss: 1.600e-05, nu: 0.020, Time: 6.06
It: 12700, Loss: 1.533e-05, nu: 0.020, Time: 6.05
It: 12800, Loss: 1.567e-05, nu: 0.020, Time: 5.98
It: 12900, Loss: 1.554e-05, nu: 0.020, Time: 6.03
It: 13000, Loss: 1.558e-05, nu: 0.020, Time: 6.20
It: 13100, Loss: 1.584e-05, nu: 0.020, Time: 6.16
It: 13200, Loss: 1.531e-05, nu: 0.020, Time: 5.96
It: 13300, Loss: 1.536e-05, nu: 0.020, Time: 5.99
It: 13400, Loss: 1.524e-05, nu: 0.020, Time: 5.94
It: 13500, Loss: 1.530e-05, nu: 0.020, Time: 6.57
It: 13600, Loss: 1.532e-05, nu: 0.020, Time: 7.17
It: 13700, Loss: 1.570e-05, nu: 0.020, Time: 7.03
It: 13800, Loss: 1.562e-05, nu: 0.020, Time: 6.64
It: 13900, Loss: 1.526e-05, nu: 0.020, Time: 6.38
It: 14000, Loss: 1.528e-05, nu: 0.020, Time: 6.38
It: 14100, Loss: 1.532e-05, nu: 0.020, Time: 6.90
It: 14200, Loss: 1.579e-05, nu: 0.020, Time: 6.95
It: 14300, Loss: 1.589e-05, nu: 0.020, Time: 6.89
It: 14400, Loss: 1.533e-05, nu: 0.020, Time: 6.44
It: 14500, Loss: 1.506e-05, nu: 0.020, Time: 6.74
It: 14600, Loss: 1.561e-05, nu: 0.020, Time: 7.05
It: 14700, Loss: 1.521e-05, nu: 0.020, Time: 7.33
It: 14800, Loss: 1.590e-05, nu: 0.020, Time: 6.84
It: 14900, Loss: 1.562e-05, nu: 0.020, Time: 6.58
It: 15000, Loss: 1.518e-05, nu: 0.020, Time: 6.34
It: 15100, Loss: 1.536e-05, nu: 0.020, Time: 6.34
It: 15200, Loss: 1.576e-05, nu: 0.020, Time: 6.51
It: 15300, Loss: 1.527e-05, nu: 0.020, Time: 6.56
It: 15400, Loss: 1.534e-05, nu: 0.020, Time: 6.17
It: 15500, Loss: 1.580e-05, nu: 0.020, Time: 6.51
It: 15600, Loss: 1.532e-05, nu: 0.020, Time: 7.41
It: 15700, Loss: 1.579e-05, nu: 0.020, Time: 7.54
It: 15800, Loss: 1.530e-05, nu: 0.020, Time: 7.53
It: 15900, Loss: 1.575e-05, nu: 0.020, Time: 7.24
It: 16000, Loss: 1.482e-05, nu: 0.020, Time: 7.37
It: 16100, Loss: 1.551e-05, nu: 0.020, Time: 7.31
It: 16200, Loss: 1.542e-05, nu: 0.020, Time: 7.38
It: 16300, Loss: 1.551e-05, nu: 0.020, Time: 6.46
It: 16400, Loss: 1.537e-05, nu: 0.020, Time: 6.39
It: 16500, Loss: 1.542e-05, nu: 0.020, Time: 7.39
It: 16600, Loss: 1.554e-05, nu: 0.020, Time: 6.54
It: 16700, Loss: 1.555e-05, nu: 0.020, Time: 6.83
It: 16800, Loss: 1.525e-05, nu: 0.020, Time: 7.44
It: 16900, Loss: 1.481e-05, nu: 0.020, Time: 7.37
It: 17000, Loss: 1.543e-05, nu: 0.020, Time: 7.26
It: 17100, Loss: 1.522e-05, nu: 0.020, Time: 7.17
It: 17200, Loss: 1.504e-05, nu: 0.020, Time: 7.17
It: 17300, Loss: 1.577e-05, nu: 0.020, Time: 7.28
It: 17400, Loss: 1.508e-05, nu: 0.020, Time: 7.31
It: 17500, Loss: 1.528e-05, nu: 0.020, Time: 6.24
It: 17600, Loss: 1.531e-05, nu: 0.020, Time: 7.11
It: 17700, Loss: 1.516e-05, nu: 0.020, Time: 6.95
It: 17800, Loss: 1.592e-05, nu: 0.020, Time: 5.18
It: 17900, Loss: 1.551e-05, nu: 0.020, Time: 5.20
It: 18000, Loss: 1.537e-05, nu: 0.020, Time: 5.18
It: 18100, Loss: 1.558e-05, nu: 0.020, Time: 5.20
It: 18200, Loss: 1.546e-05, nu: 0.020, Time: 5.49
It: 18300, Loss: 1.560e-05, nu: 0.020, Time: 6.42
It: 18400, Loss: 1.560e-05, nu: 0.020, Time: 7.29
It: 18500, Loss: 1.578e-05, nu: 0.020, Time: 6.87
It: 18600, Loss: 1.519e-05, nu: 0.020, Time: 6.46
It: 18700, Loss: 1.566e-05, nu: 0.020, Time: 6.70
It: 18800, Loss: 1.591e-05, nu: 0.020, Time: 7.13
It: 18900, Loss: 1.545e-05, nu: 0.020, Time: 7.33
It: 19000, Loss: 1.556e-05, nu: 0.020, Time: 7.21
It: 19100, Loss: 1.527e-05, nu: 0.020, Time: 7.48
It: 19200, Loss: 1.557e-05, nu: 0.020, Time: 7.40
It: 19300, Loss: 1.572e-05, nu: 0.020, Time: 7.38
It: 19400, Loss: 1.508e-05, nu: 0.020, Time: 6.75
It: 19500, Loss: 1.498e-05, nu: 0.020, Time: 7.24
It: 19600, Loss: 1.519e-05, nu: 0.020, Time: 7.41
It: 19700, Loss: 1.525e-05, nu: 0.020, Time: 7.35
It: 19800, Loss: 1.527e-05, nu: 0.020, Time: 7.05
It: 19900, Loss: 1.586e-05, nu: 0.020, Time: 6.56
It: 20000, Loss: 1.585e-05, nu: 0.020, Time: 6.61
It: 20100, Loss: 1.549e-05, nu: 0.020, Time: 7.32
It: 20200, Loss: 1.525e-05, nu: 0.020, Time: 7.40
It: 20300, Loss: 1.510e-05, nu: 0.020, Time: 6.76
It: 20400, Loss: 1.541e-05, nu: 0.020, Time: 6.71
It: 20500, Loss: 1.575e-05, nu: 0.020, Time: 7.11
It: 20600, Loss: 1.546e-05, nu: 0.020, Time: 6.94
It: 20700, Loss: 1.559e-05, nu: 0.020, Time: 6.43
It: 20800, Loss: 1.528e-05, nu: 0.020, Time: 6.82
It: 20900, Loss: 1.538e-05, nu: 0.020, Time: 6.84
It: 21000, Loss: 1.544e-05, nu: 0.020, Time: 7.29
It: 21100, Loss: 1.610e-05, nu: 0.020, Time: 5.81
It: 21200, Loss: 1.565e-05, nu: 0.020, Time: 6.22
It: 21300, Loss: 1.503e-05, nu: 0.020, Time: 7.29
It: 21400, Loss: 1.549e-05, nu: 0.020, Time: 6.44
It: 21500, Loss: 1.541e-05, nu: 0.020, Time: 6.45
It: 21600, Loss: 1.484e-05, nu: 0.020, Time: 7.48
It: 21700, Loss: 1.537e-05, nu: 0.020, Time: 6.87
It: 21800, Loss: 1.522e-05, nu: 0.020, Time: 6.50
It: 21900, Loss: 1.567e-05, nu: 0.020, Time: 6.61
It: 22000, Loss: 1.496e-05, nu: 0.020, Time: 6.48
It: 22100, Loss: 1.561e-05, nu: 0.020, Time: 6.70
It: 22200, Loss: 1.529e-05, nu: 0.020, Time: 6.43
It: 22300, Loss: 1.520e-05, nu: 0.020, Time: 6.04
It: 22400, Loss: 1.577e-05, nu: 0.020, Time: 6.19
It: 22500, Loss: 1.563e-05, nu: 0.020, Time: 6.53
It: 22600, Loss: 1.494e-05, nu: 0.020, Time: 6.27
It: 22700, Loss: 1.501e-05, nu: 0.020, Time: 6.96
It: 22800, Loss: 1.571e-05, nu: 0.020, Time: 7.13
It: 22900, Loss: 1.543e-05, nu: 0.020, Time: 7.13
It: 23000, Loss: 1.527e-05, nu: 0.020, Time: 7.13
It: 23100, Loss: 1.560e-05, nu: 0.020, Time: 7.09
It: 23200, Loss: 1.524e-05, nu: 0.020, Time: 6.70
It: 23300, Loss: 1.584e-05, nu: 0.020, Time: 7.26
It: 23400, Loss: 1.538e-05, nu: 0.020, Time: 7.04
It: 23500, Loss: 1.519e-05, nu: 0.020, Time: 7.02
It: 23600, Loss: 1.564e-05, nu: 0.020, Time: 7.11
It: 23700, Loss: 1.556e-05, nu: 0.020, Time: 7.20
It: 23800, Loss: 1.522e-05, nu: 0.020, Time: 6.97
It: 23900, Loss: 1.584e-05, nu: 0.020, Time: 6.46
It: 24000, Loss: 1.548e-05, nu: 0.020, Time: 7.16
It: 24100, Loss: 1.535e-05, nu: 0.020, Time: 7.20
It: 24200, Loss: 1.541e-05, nu: 0.020, Time: 7.13
It: 24300, Loss: 1.502e-05, nu: 0.020, Time: 7.23
It: 24400, Loss: 1.543e-05, nu: 0.020, Time: 6.12
It: 24500, Loss: 1.487e-05, nu: 0.020, Time: 6.14
It: 24600, Loss: 1.550e-05, nu: 0.020, Time: 6.09
It: 24700, Loss: 1.521e-05, nu: 0.020, Time: 6.09
It: 24800, Loss: 1.546e-05, nu: 0.020, Time: 6.93
It: 24900, Loss: 1.594e-05, nu: 0.020, Time: 7.04
It: 25000, Loss: 1.573e-05, nu: 0.020, Time: 6.73
It: 25100, Loss: 1.555e-05, nu: 0.020, Time: 6.73
It: 25200, Loss: 1.468e-05, nu: 0.020, Time: 6.49
It: 25300, Loss: 1.562e-05, nu: 0.020, Time: 6.48
It: 25400, Loss: 1.537e-05, nu: 0.020, Time: 6.50
It: 25500, Loss: 1.523e-05, nu: 0.020, Time: 6.52
It: 25600, Loss: 1.585e-05, nu: 0.020, Time: 6.46
It: 25700, Loss: 1.532e-05, nu: 0.020, Time: 6.60
It: 25800, Loss: 1.539e-05, nu: 0.020, Time: 7.21
It: 25900, Loss: 1.552e-05, nu: 0.020, Time: 6.37
It: 26000, Loss: 1.560e-05, nu: 0.020, Time: 6.19
It: 26100, Loss: 1.536e-05, nu: 0.020, Time: 6.03
It: 26200, Loss: 1.548e-05, nu: 0.020, Time: 6.09
It: 26300, Loss: 1.554e-05, nu: 0.020, Time: 7.05
It: 26400, Loss: 1.530e-05, nu: 0.020, Time: 7.23
It: 26500, Loss: 1.552e-05, nu: 0.020, Time: 6.49
It: 26600, Loss: 1.561e-05, nu: 0.020, Time: 6.20
It: 26700, Loss: 1.540e-05, nu: 0.020, Time: 6.99
It: 26800, Loss: 1.542e-05, nu: 0.020, Time: 6.17
It: 26900, Loss: 1.568e-05, nu: 0.020, Time: 7.16
It: 27000, Loss: 1.575e-05, nu: 0.020, Time: 6.70
It: 27100, Loss: 1.505e-05, nu: 0.020, Time: 6.42
It: 27200, Loss: 1.572e-05, nu: 0.020, Time: 7.48
It: 27300, Loss: 1.556e-05, nu: 0.020, Time: 7.51
It: 27400, Loss: 1.555e-05, nu: 0.020, Time: 7.59
It: 27500, Loss: 1.544e-05, nu: 0.020, Time: 7.56
It: 27600, Loss: 1.612e-05, nu: 0.020, Time: 7.58
It: 27700, Loss: 1.506e-05, nu: 0.020, Time: 7.44
It: 27800, Loss: 1.536e-05, nu: 0.020, Time: 7.31
It: 27900, Loss: 1.490e-05, nu: 0.020, Time: 7.26
It: 28000, Loss: 1.557e-05, nu: 0.020, Time: 7.29
It: 28100, Loss: 1.563e-05, nu: 0.020, Time: 7.16
It: 28200, Loss: 1.518e-05, nu: 0.020, Time: 7.23
It: 28300, Loss: 1.560e-05, nu: 0.020, Time: 6.87
It: 28400, Loss: 1.572e-05, nu: 0.020, Time: 7.28
It: 28500, Loss: 1.557e-05, nu: 0.020, Time: 6.98
It: 28600, Loss: 1.543e-05, nu: 0.020, Time: 7.38
It: 28700, Loss: 1.591e-05, nu: 0.020, Time: 7.08
It: 28800, Loss: 1.597e-05, nu: 0.020, Time: 7.22
It: 28900, Loss: 1.559e-05, nu: 0.020, Time: 6.90
It: 29000, Loss: 1.536e-05, nu: 0.020, Time: 6.95
It: 29100, Loss: 1.575e-05, nu: 0.020, Time: 6.75
It: 29200, Loss: 1.510e-05, nu: 0.020, Time: 7.09
It: 29300, Loss: 1.531e-05, nu: 0.020, Time: 6.80
It: 29400, Loss: 1.611e-05, nu: 0.020, Time: 7.29
It: 29500, Loss: 1.581e-05, nu: 0.020, Time: 6.35
It: 29600, Loss: 1.547e-05, nu: 0.020, Time: 5.14
It: 29700, Loss: 1.515e-05, nu: 0.020, Time: 5.19
It: 29800, Loss: 1.546e-05, nu: 0.020, Time: 5.19
It: 29900, Loss: 1.529e-05, nu: 0.020, Time: 5.21
It: 30000, Loss: 1.525e-05, nu: 0.020, Time: 5.15
It: 30100, Loss: 1.561e-05, nu: 0.020, Time: 5.16
It: 30200, Loss: 1.528e-05, nu: 0.020, Time: 5.27
It: 30300, Loss: 1.524e-05, nu: 0.020, Time: 5.19
It: 30400, Loss: 1.564e-05, nu: 0.020, Time: 5.23
It: 30500, Loss: 1.532e-05, nu: 0.020, Time: 5.17
It: 30600, Loss: 1.524e-05, nu: 0.020, Time: 5.24
It: 30700, Loss: 1.559e-05, nu: 0.020, Time: 5.16
It: 30800, Loss: 1.581e-05, nu: 0.020, Time: 5.23
It: 30900, Loss: 1.541e-05, nu: 0.020, Time: 5.19
It: 31000, Loss: 1.564e-05, nu: 0.020, Time: 5.23
It: 31100, Loss: 1.511e-05, nu: 0.020, Time: 5.13
It: 31200, Loss: 1.522e-05, nu: 0.020, Time: 5.23
It: 31300, Loss: 1.519e-05, nu: 0.020, Time: 5.15
It: 31400, Loss: 1.579e-05, nu: 0.020, Time: 5.18
It: 31500, Loss: 1.584e-05, nu: 0.020, Time: 5.19
It: 31600, Loss: 1.540e-05, nu: 0.020, Time: 5.13
It: 31700, Loss: 1.538e-05, nu: 0.020, Time: 5.21
It: 31800, Loss: 1.547e-05, nu: 0.020, Time: 5.19
It: 31900, Loss: 1.571e-05, nu: 0.020, Time: 5.23
It: 32000, Loss: 1.575e-05, nu: 0.020, Time: 5.26
It: 32100, Loss: 1.527e-05, nu: 0.020, Time: 5.16
It: 32200, Loss: 1.586e-05, nu: 0.020, Time: 5.16
It: 32300, Loss: 1.532e-05, nu: 0.020, Time: 5.21
It: 32400, Loss: 1.550e-05, nu: 0.020, Time: 5.08
It: 32500, Loss: 1.554e-05, nu: 0.020, Time: 5.12
It: 32600, Loss: 1.547e-05, nu: 0.020, Time: 5.13
It: 32700, Loss: 1.520e-05, nu: 0.020, Time: 5.18
It: 32800, Loss: 1.560e-05, nu: 0.020, Time: 5.09
It: 32900, Loss: 1.595e-05, nu: 0.020, Time: 5.21
It: 33000, Loss: 1.514e-05, nu: 0.020, Time: 5.24
It: 33100, Loss: 1.485e-05, nu: 0.020, Time: 5.15
It: 33200, Loss: 1.544e-05, nu: 0.020, Time: 5.10
It: 33300, Loss: 1.524e-05, nu: 0.020, Time: 5.06
It: 33400, Loss: 1.529e-05, nu: 0.020, Time: 5.05
It: 33500, Loss: 1.597e-05, nu: 0.020, Time: 5.15
It: 33600, Loss: 1.541e-05, nu: 0.020, Time: 5.17
It: 33700, Loss: 1.556e-05, nu: 0.020, Time: 5.13
It: 33800, Loss: 1.488e-05, nu: 0.020, Time: 5.08
It: 33900, Loss: 1.533e-05, nu: 0.020, Time: 5.14
It: 34000, Loss: 1.556e-05, nu: 0.020, Time: 5.13
It: 34100, Loss: 1.556e-05, nu: 0.020, Time: 5.09
It: 34200, Loss: 1.591e-05, nu: 0.020, Time: 5.10
It: 34300, Loss: 1.556e-05, nu: 0.020, Time: 5.13
It: 34400, Loss: 1.568e-05, nu: 0.020, Time: 5.14
It: 34500, Loss: 1.544e-05, nu: 0.020, Time: 5.16
It: 34600, Loss: 1.568e-05, nu: 0.020, Time: 5.14
It: 34700, Loss: 1.510e-05, nu: 0.020, Time: 5.20
It: 34800, Loss: 1.548e-05, nu: 0.020, Time: 5.15
It: 34900, Loss: 1.507e-05, nu: 0.020, Time: 5.15
It: 35000, Loss: 1.579e-05, nu: 0.020, Time: 5.18
It: 35100, Loss: 1.542e-05, nu: 0.020, Time: 5.15
It: 35200, Loss: 1.552e-05, nu: 0.020, Time: 5.06
It: 35300, Loss: 1.543e-05, nu: 0.020, Time: 5.13
It: 35400, Loss: 1.585e-05, nu: 0.020, Time: 5.18
It: 35500, Loss: 1.508e-05, nu: 0.020, Time: 5.12
It: 35600, Loss: 1.587e-05, nu: 0.020, Time: 6.95
It: 35700, Loss: 1.540e-05, nu: 0.020, Time: 6.08
It: 35800, Loss: 1.573e-05, nu: 0.020, Time: 5.16
It: 35900, Loss: 1.565e-05, nu: 0.020, Time: 5.14
It: 36000, Loss: 1.540e-05, nu: 0.020, Time: 5.13
It: 36100, Loss: 1.530e-05, nu: 0.020, Time: 5.16
It: 36200, Loss: 1.528e-05, nu: 0.020, Time: 6.24
It: 36300, Loss: 1.565e-05, nu: 0.020, Time: 7.16
It: 36400, Loss: 1.577e-05, nu: 0.020, Time: 7.14
It: 36500, Loss: 1.518e-05, nu: 0.020, Time: 6.95
It: 36600, Loss: 1.504e-05, nu: 0.020, Time: 7.10
It: 36700, Loss: 1.559e-05, nu: 0.020, Time: 7.28
It: 36800, Loss: 1.519e-05, nu: 0.020, Time: 7.32
It: 36900, Loss: 1.570e-05, nu: 0.020, Time: 7.32
It: 37000, Loss: 1.588e-05, nu: 0.020, Time: 7.22
It: 37100, Loss: 1.531e-05, nu: 0.020, Time: 6.72
It: 37200, Loss: 1.539e-05, nu: 0.020, Time: 6.28
It: 37300, Loss: 1.521e-05, nu: 0.020, Time: 6.66
It: 37400, Loss: 1.570e-05, nu: 0.020, Time: 6.38
It: 37500, Loss: 1.548e-05, nu: 0.020, Time: 6.75
It: 37600, Loss: 1.564e-05, nu: 0.020, Time: 7.18
It: 37700, Loss: 1.539e-05, nu: 0.020, Time: 7.33
It: 37800, Loss: 1.524e-05, nu: 0.020, Time: 6.28
It: 37900, Loss: 1.566e-05, nu: 0.020, Time: 7.03
It: 38000, Loss: 1.528e-05, nu: 0.020, Time: 6.73
It: 38100, Loss: 1.569e-05, nu: 0.020, Time: 6.80
It: 38200, Loss: 1.537e-05, nu: 0.020, Time: 6.77
It: 38300, Loss: 1.508e-05, nu: 0.020, Time: 6.68
It: 38400, Loss: 1.515e-05, nu: 0.020, Time: 6.72
It: 38500, Loss: 1.550e-05, nu: 0.020, Time: 6.40
It: 38600, Loss: 1.593e-05, nu: 0.020, Time: 7.27
It: 38700, Loss: 1.528e-05, nu: 0.020, Time: 6.73
It: 38800, Loss: 1.553e-05, nu: 0.020, Time: 6.91
It: 38900, Loss: 1.537e-05, nu: 0.020, Time: 6.49
It: 39000, Loss: 1.558e-05, nu: 0.020, Time: 6.24
It: 39100, Loss: 1.564e-05, nu: 0.020, Time: 6.77
It: 39200, Loss: 1.586e-05, nu: 0.020, Time: 6.94
It: 39300, Loss: 1.527e-05, nu: 0.020, Time: 7.32
It: 39400, Loss: 1.534e-05, nu: 0.020, Time: 7.16
It: 39500, Loss: 1.533e-05, nu: 0.020, Time: 7.20
It: 39600, Loss: 1.562e-05, nu: 0.020, Time: 7.09
It: 39700, Loss: 1.500e-05, nu: 0.020, Time: 6.54
It: 39800, Loss: 1.559e-05, nu: 0.020, Time: 6.50
It: 39900, Loss: 1.526e-05, nu: 0.020, Time: 6.51
It: 40000, Loss: 1.576e-05, nu: 0.020, Time: 7.35
It: 40100, Loss: 1.554e-05, nu: 0.020, Time: 6.67
It: 40200, Loss: 1.496e-05, nu: 0.020, Time: 6.29
It: 40300, Loss: 1.577e-05, nu: 0.020, Time: 6.15
It: 40400, Loss: 1.507e-05, nu: 0.020, Time: 6.14
It: 40500, Loss: 1.502e-05, nu: 0.020, Time: 6.27
It: 40600, Loss: 1.588e-05, nu: 0.020, Time: 6.30
It: 40700, Loss: 1.520e-05, nu: 0.020, Time: 6.32
It: 40800, Loss: 1.543e-05, nu: 0.020, Time: 6.18
It: 40900, Loss: 1.529e-05, nu: 0.020, Time: 6.27
It: 41000, Loss: 1.534e-05, nu: 0.020, Time: 6.28
It: 41100, Loss: 1.523e-05, nu: 0.020, Time: 6.55
It: 41200, Loss: 1.532e-05, nu: 0.020, Time: 6.50
It: 41300, Loss: 1.574e-05, nu: 0.020, Time: 6.49
It: 41400, Loss: 1.585e-05, nu: 0.020, Time: 6.50
It: 41500, Loss: 1.543e-05, nu: 0.020, Time: 6.49
It: 41600, Loss: 1.520e-05, nu: 0.020, Time: 6.46
It: 41700, Loss: 1.523e-05, nu: 0.020, Time: 7.09
It: 41800, Loss: 1.526e-05, nu: 0.020, Time: 7.03
It: 41900, Loss: 1.544e-05, nu: 0.020, Time: 7.14
It: 42000, Loss: 1.518e-05, nu: 0.020, Time: 7.21
It: 42100, Loss: 1.525e-05, nu: 0.020, Time: 7.22
It: 42200, Loss: 1.556e-05, nu: 0.020, Time: 7.28
It: 42300, Loss: 1.533e-05, nu: 0.020, Time: 7.21
It: 42400, Loss: 1.558e-05, nu: 0.020, Time: 7.22
It: 42500, Loss: 1.509e-05, nu: 0.020, Time: 7.53
It: 42600, Loss: 1.530e-05, nu: 0.020, Time: 7.37
It: 42700, Loss: 1.582e-05, nu: 0.020, Time: 7.00
It: 42800, Loss: 1.586e-05, nu: 0.020, Time: 6.47
It: 42900, Loss: 1.528e-05, nu: 0.020, Time: 6.58
It: 43000, Loss: 1.534e-05, nu: 0.020, Time: 6.90
It: 43100, Loss: 1.533e-05, nu: 0.020, Time: 6.94
It: 43200, Loss: 1.570e-05, nu: 0.020, Time: 6.18
It: 43300, Loss: 1.533e-05, nu: 0.020, Time: 6.13
It: 43400, Loss: 1.535e-05, nu: 0.020, Time: 6.30
It: 43500, Loss: 1.533e-05, nu: 0.020, Time: 6.27
It: 43600, Loss: 1.529e-05, nu: 0.020, Time: 6.36
It: 43700, Loss: 1.576e-05, nu: 0.020, Time: 7.31
It: 43800, Loss: 1.522e-05, nu: 0.020, Time: 7.35
It: 43900, Loss: 1.547e-05, nu: 0.020, Time: 7.40
It: 44000, Loss: 1.576e-05, nu: 0.020, Time: 7.45
It: 44100, Loss: 1.567e-05, nu: 0.020, Time: 7.38
It: 44200, Loss: 1.586e-05, nu: 0.020, Time: 7.43
It: 44300, Loss: 1.554e-05, nu: 0.020, Time: 7.27
It: 44400, Loss: 1.541e-05, nu: 0.020, Time: 6.41
It: 44500, Loss: 1.517e-05, nu: 0.020, Time: 6.39
It: 44600, Loss: 1.582e-05, nu: 0.020, Time: 6.92
It: 44700, Loss: 1.514e-05, nu: 0.020, Time: 7.20
It: 44800, Loss: 1.552e-05, nu: 0.020, Time: 6.44
It: 44900, Loss: 1.563e-05, nu: 0.020, Time: 6.29
It: 45000, Loss: 1.534e-05, nu: 0.020, Time: 6.46
It: 45100, Loss: 1.587e-05, nu: 0.020, Time: 7.09
It: 45200, Loss: 1.531e-05, nu: 0.020, Time: 6.74
It: 45300, Loss: 1.574e-05, nu: 0.020, Time: 6.58
It: 45400, Loss: 1.584e-05, nu: 0.020, Time: 6.76
It: 45500, Loss: 1.540e-05, nu: 0.020, Time: 6.96
It: 45600, Loss: 1.541e-05, nu: 0.020, Time: 7.09
It: 45700, Loss: 1.546e-05, nu: 0.020, Time: 6.74
It: 45800, Loss: 1.561e-05, nu: 0.020, Time: 7.29
It: 45900, Loss: 1.546e-05, nu: 0.020, Time: 6.85
It: 46000, Loss: 1.543e-05, nu: 0.020, Time: 6.49
It: 46100, Loss: 1.558e-05, nu: 0.020, Time: 6.30
It: 46200, Loss: 1.596e-05, nu: 0.020, Time: 6.81
It: 46300, Loss: 1.561e-05, nu: 0.020, Time: 7.07
It: 46400, Loss: 1.532e-05, nu: 0.020, Time: 6.98
It: 46500, Loss: 1.530e-05, nu: 0.020, Time: 7.10
It: 46600, Loss: 1.542e-05, nu: 0.020, Time: 6.25
It: 46700, Loss: 1.582e-05, nu: 0.020, Time: 6.26
It: 46800, Loss: 1.531e-05, nu: 0.020, Time: 6.93
It: 46900, Loss: 1.597e-05, nu: 0.020, Time: 7.23
It: 47000, Loss: 1.551e-05, nu: 0.020, Time: 6.90
It: 47100, Loss: 1.541e-05, nu: 0.020, Time: 7.15
It: 47200, Loss: 1.612e-05, nu: 0.020, Time: 7.16
It: 47300, Loss: 1.530e-05, nu: 0.020, Time: 7.14
It: 47400, Loss: 1.543e-05, nu: 0.020, Time: 7.22
It: 47500, Loss: 1.524e-05, nu: 0.020, Time: 7.35
It: 47600, Loss: 1.539e-05, nu: 0.020, Time: 7.41
It: 47700, Loss: 1.519e-05, nu: 0.020, Time: 7.20
It: 47800, Loss: 1.581e-05, nu: 0.020, Time: 7.14
It: 47900, Loss: 1.554e-05, nu: 0.020, Time: 6.62
It: 48000, Loss: 1.598e-05, nu: 0.020, Time: 6.53
It: 48100, Loss: 1.552e-05, nu: 0.020, Time: 6.39
It: 48200, Loss: 1.503e-05, nu: 0.020, Time: 6.08
It: 48300, Loss: 1.536e-05, nu: 0.020, Time: 6.17
It: 48400, Loss: 1.575e-05, nu: 0.020, Time: 6.05
It: 48500, Loss: 1.552e-05, nu: 0.020, Time: 6.17
It: 48600, Loss: 1.544e-05, nu: 0.020, Time: 6.61
It: 48700, Loss: 1.574e-05, nu: 0.020, Time: 6.62
It: 48800, Loss: 1.542e-05, nu: 0.020, Time: 6.47
It: 48900, Loss: 1.561e-05, nu: 0.020, Time: 6.48
It: 49000, Loss: 1.573e-05, nu: 0.020, Time: 6.43
It: 49100, Loss: 1.529e-05, nu: 0.020, Time: 6.55
It: 49200, Loss: 1.580e-05, nu: 0.020, Time: 6.55
It: 49300, Loss: 1.541e-05, nu: 0.020, Time: 6.64
It: 49400, Loss: 1.543e-05, nu: 0.020, Time: 6.54/home/zihan/anaconda3/envs/x/lib/python3.7/site-packages/torch/nn/functional.py:1933: UserWarning: nn.functional.tanh is deprecated. Use torch.tanh instead.
  warnings.warn("nn.functional.tanh is deprecated. Use torch.tanh instead.")

It: 49500, Loss: 1.556e-05, nu: 0.020, Time: 6.30
It: 49600, Loss: 1.534e-05, nu: 0.020, Time: 6.27
It: 49700, Loss: 1.498e-05, nu: 0.020, Time: 6.25
It: 49800, Loss: 1.503e-05, nu: 0.020, Time: 6.30
It: 49900, Loss: 1.584e-05, nu: 0.020, Time: 6.25
Error u: 5.198367e-06
Error nu: 0.00000%
