It: 0, Loss: 9.071e-01, lamd1: 1.000, lamd2: 0.01000, Time: 0.10
It: 100, Loss: 1.577e-01, lamd1: 1.000, lamd2: 0.01000, Time: 7.72
It: 200, Loss: 2.300e-01, lamd1: 1.000, lamd2: 0.01000, Time: 7.58
It: 300, Loss: 1.492e-01, lamd1: 1.000, lamd2: 0.01000, Time: 7.32
It: 400, Loss: 4.854e-01, lamd1: 1.000, lamd2: 0.01000, Time: 7.34
It: 500, Loss: 2.285e-01, lamd1: 1.000, lamd2: 0.01000, Time: 7.36
It: 600, Loss: 1.184e-01, lamd1: 1.000, lamd2: 0.01000, Time: 7.36
It: 700, Loss: 1.169e-01, lamd1: 1.000, lamd2: 0.01000, Time: 7.30
It: 800, Loss: 1.103e-01, lamd1: 1.000, lamd2: 0.01000, Time: 7.33
It: 900, Loss: 1.007e-01, lamd1: 1.000, lamd2: 0.01000, Time: 7.35
It: 1000, Loss: 9.633e-02, lamd1: 1.000, lamd2: 0.01000, Time: 7.30
It: 1100, Loss: 9.560e-02, lamd1: 1.000, lamd2: 0.01000, Time: 7.34
It: 1200, Loss: 9.532e-02, lamd1: 1.000, lamd2: 0.01000, Time: 7.28
It: 1300, Loss: 9.625e-02, lamd1: 1.000, lamd2: 0.01000, Time: 7.27
It: 1400, Loss: 9.493e-02, lamd1: 1.000, lamd2: 0.01000, Time: 7.26
It: 1500, Loss: 9.517e-02, lamd1: 1.000, lamd2: 0.01000, Time: 7.40
It: 1600, Loss: 9.484e-02, lamd1: 1.000, lamd2: 0.01000, Time: 7.42
It: 1700, Loss: 9.502e-02, lamd1: 1.000, lamd2: 0.01000, Time: 6.50
It: 1800, Loss: 9.501e-02, lamd1: 1.000, lamd2: 0.01000, Time: 5.97
It: 1900, Loss: 9.451e-02, lamd1: 1.000, lamd2: 0.01000, Time: 6.01
It: 2000, Loss: 9.514e-02, lamd1: 1.000, lamd2: 0.01000, Time: 5.96
It: 2100, Loss: 9.445e-02, lamd1: 1.000, lamd2: 0.01000, Time: 6.99
It: 2200, Loss: 9.395e-02, lamd1: 1.000, lamd2: 0.01000, Time: 7.30
It: 2300, Loss: 9.319e-02, lamd1: 1.000, lamd2: 0.01000, Time: 7.34
It: 2400, Loss: 9.310e-02, lamd1: 1.000, lamd2: 0.01000, Time: 7.32
It: 2500, Loss: 9.489e-02, lamd1: 1.000, lamd2: 0.01000, Time: 7.31
It: 2600, Loss: 9.291e-02, lamd1: 1.000, lamd2: 0.01000, Time: 7.33
It: 2700, Loss: 9.318e-02, lamd1: 1.000, lamd2: 0.01000, Time: 7.28
It: 2800, Loss: 9.327e-02, lamd1: 1.000, lamd2: 0.01000, Time: 7.31
It: 2900, Loss: 9.231e-02, lamd1: 1.000, lamd2: 0.01000, Time: 7.33
It: 3000, Loss: 9.214e-02, lamd1: 1.000, lamd2: 0.01000, Time: 7.28
It: 3100, Loss: 9.564e-02, lamd1: 1.000, lamd2: 0.01000, Time: 7.36
It: 3200, Loss: 9.099e-02, lamd1: 1.000, lamd2: 0.01000, Time: 7.30
It: 3300, Loss: 8.648e-02, lamd1: 1.000, lamd2: 0.01000, Time: 7.35
It: 3400, Loss: 7.787e-02, lamd1: 1.000, lamd2: 0.01000, Time: 7.33
It: 3500, Loss: 6.388e-02, lamd1: 1.000, lamd2: 0.01000, Time: 7.36
It: 3600, Loss: 5.714e-02, lamd1: 1.000, lamd2: 0.01000, Time: 7.43
It: 3700, Loss: 4.994e-02, lamd1: 1.000, lamd2: 0.01000, Time: 7.34
It: 3800, Loss: 4.308e-02, lamd1: 1.000, lamd2: 0.01000, Time: 7.31
It: 3900, Loss: 2.037e-02, lamd1: 1.000, lamd2: 0.01000, Time: 7.28
It: 4000, Loss: 1.171e-02, lamd1: 1.000, lamd2: 0.01000, Time: 7.30
It: 4100, Loss: 9.199e-03, lamd1: 1.000, lamd2: 0.01000, Time: 7.33
It: 4200, Loss: 8.608e-03, lamd1: 1.000, lamd2: 0.01000, Time: 7.30
It: 4300, Loss: 6.693e-03, lamd1: 1.000, lamd2: 0.01000, Time: 7.31
It: 4400, Loss: 7.364e-03, lamd1: 1.000, lamd2: 0.01000, Time: 7.35
It: 4500, Loss: 1.314e-02, lamd1: 1.000, lamd2: 0.01000, Time: 7.27
It: 4600, Loss: 8.034e-03, lamd1: 1.000, lamd2: 0.01000, Time: 7.29
It: 4700, Loss: 5.171e-03, lamd1: 1.000, lamd2: 0.01000, Time: 7.22
It: 4800, Loss: 3.549e-03, lamd1: 1.000, lamd2: 0.01000, Time: 7.24
It: 4900, Loss: 3.150e-03, lamd1: 1.000, lamd2: 0.01000, Time: 7.29
It: 5000, Loss: 3.910e-03, lamd1: 1.000, lamd2: 0.01000, Time: 7.27
It: 5100, Loss: 4.176e-03, lamd1: 1.000, lamd2: 0.01000, Time: 7.24
It: 5200, Loss: 2.801e-03, lamd1: 1.000, lamd2: 0.01000, Time: 7.20
It: 5300, Loss: 2.603e-03, lamd1: 1.000, lamd2: 0.01000, Time: 7.32
It: 5400, Loss: 2.662e-03, lamd1: 1.000, lamd2: 0.01000, Time: 7.27
It: 5500, Loss: 2.347e-03, lamd1: 1.000, lamd2: 0.01000, Time: 7.34
It: 5600, Loss: 6.466e-03, lamd1: 1.000, lamd2: 0.01000, Time: 7.32
It: 5700, Loss: 2.573e-03, lamd1: 1.000, lamd2: 0.01000, Time: 7.37
It: 5800, Loss: 2.260e-03, lamd1: 1.000, lamd2: 0.01000, Time: 7.41
It: 5900, Loss: 3.089e-03, lamd1: 1.000, lamd2: 0.01000, Time: 7.40
It: 6000, Loss: 3.074e-03, lamd1: 1.000, lamd2: 0.01000, Time: 7.44
It: 6100, Loss: 1.779e-03, lamd1: 1.000, lamd2: 0.01000, Time: 7.40
It: 6200, Loss: 4.818e-03, lamd1: 1.000, lamd2: 0.01000, Time: 7.42
It: 6300, Loss: 2.170e-03, lamd1: 1.000, lamd2: 0.01000, Time: 7.34
It: 6400, Loss: 3.767e-03, lamd1: 1.000, lamd2: 0.01000, Time: 7.46
It: 6500, Loss: 2.167e-03, lamd1: 1.000, lamd2: 0.01000, Time: 7.40
It: 6600, Loss: 2.876e-03, lamd1: 1.000, lamd2: 0.01000, Time: 7.44
It: 6700, Loss: 2.928e-03, lamd1: 1.000, lamd2: 0.01000, Time: 7.36
It: 6800, Loss: 1.716e-03, lamd1: 1.000, lamd2: 0.01000, Time: 7.33
It: 6900, Loss: 3.044e-03, lamd1: 1.000, lamd2: 0.01000, Time: 7.38
It: 7000, Loss: 1.917e-03, lamd1: 1.000, lamd2: 0.01000, Time: 7.40
It: 7100, Loss: 2.488e-03, lamd1: 1.000, lamd2: 0.01000, Time: 7.35
It: 7200, Loss: 1.287e-03, lamd1: 1.000, lamd2: 0.01000, Time: 7.50
It: 7300, Loss: 1.647e-03, lamd1: 1.000, lamd2: 0.01000, Time: 7.39
It: 7400, Loss: 1.856e-03, lamd1: 1.000, lamd2: 0.01000, Time: 7.29
It: 7500, Loss: 3.379e-03, lamd1: 1.000, lamd2: 0.01000, Time: 7.24
It: 7600, Loss: 1.251e-03, lamd1: 1.000, lamd2: 0.01000, Time: 7.25
It: 7700, Loss: 1.390e-03, lamd1: 1.000, lamd2: 0.01000, Time: 7.28
It: 7800, Loss: 1.495e-03, lamd1: 1.000, lamd2: 0.01000, Time: 7.24
It: 7900, Loss: 2.717e-03, lamd1: 1.000, lamd2: 0.01000, Time: 7.26
It: 8000, Loss: 2.333e-03, lamd1: 1.000, lamd2: 0.01000, Time: 7.25
It: 8100, Loss: 1.510e-03, lamd1: 1.000, lamd2: 0.01000, Time: 7.54
It: 8200, Loss: 1.456e-03, lamd1: 1.000, lamd2: 0.01000, Time: 7.56
It: 8300, Loss: 8.656e-04, lamd1: 1.000, lamd2: 0.01000, Time: 7.59
It: 8400, Loss: 2.986e-03, lamd1: 1.000, lamd2: 0.01000, Time: 7.53
It: 8500, Loss: 1.208e-03, lamd1: 1.000, lamd2: 0.01000, Time: 7.55
It: 8600, Loss: 1.509e-03, lamd1: 1.000, lamd2: 0.01000, Time: 7.54
It: 8700, Loss: 1.350e-03, lamd1: 1.000, lamd2: 0.01000, Time: 7.56
It: 8800, Loss: 2.547e-03, lamd1: 1.000, lamd2: 0.01000, Time: 7.54
It: 8900, Loss: 9.009e-04, lamd1: 1.000, lamd2: 0.01000, Time: 7.50
It: 9000, Loss: 2.617e-03, lamd1: 1.000, lamd2: 0.01000, Time: 7.33
It: 9100, Loss: 1.550e-03, lamd1: 1.000, lamd2: 0.01000, Time: 7.39
It: 9200, Loss: 1.083e-03, lamd1: 1.000, lamd2: 0.01000, Time: 7.55
It: 9300, Loss: 1.248e-03, lamd1: 1.000, lamd2: 0.01000, Time: 7.62
It: 9400, Loss: 1.930e-03, lamd1: 1.000, lamd2: 0.01000, Time: 7.65
It: 9500, Loss: 7.286e-04, lamd1: 1.000, lamd2: 0.01000, Time: 7.61
It: 9600, Loss: 1.009e-03, lamd1: 1.000, lamd2: 0.01000, Time: 7.60
It: 9700, Loss: 2.055e-03, lamd1: 1.000, lamd2: 0.01000, Time: 7.64
It: 9800, Loss: 1.437e-03, lamd1: 1.000, lamd2: 0.01000, Time: 7.61
It: 9900, Loss: 8.989e-04, lamd1: 1.000, lamd2: 0.01000, Time: 7.69
It: 10000, Loss: 3.583e-03, lamd1: 1.000, lamd2: 0.01000, Time: 7.63
It: 10100, Loss: 5.032e-04, lamd1: 1.000, lamd2: 0.01000, Time: 7.60
It: 10200, Loss: 4.917e-04, lamd1: 1.000, lamd2: 0.01000, Time: 7.58
It: 10300, Loss: 4.817e-04, lamd1: 1.000, lamd2: 0.01000, Time: 7.63
It: 10400, Loss: 4.725e-04, lamd1: 1.000, lamd2: 0.01000, Time: 7.56
It: 10500, Loss: 4.638e-04, lamd1: 1.000, lamd2: 0.01000, Time: 7.53
It: 10600, Loss: 4.553e-04, lamd1: 1.000, lamd2: 0.01000, Time: 7.60
It: 10700, Loss: 4.471e-04, lamd1: 1.000, lamd2: 0.01000, Time: 7.58
It: 10800, Loss: 4.390e-04, lamd1: 1.000, lamd2: 0.01000, Time: 7.53
It: 10900, Loss: 4.310e-04, lamd1: 1.000, lamd2: 0.01000, Time: 7.27
It: 11000, Loss: 4.231e-04, lamd1: 1.000, lamd2: 0.01000, Time: 7.36
It: 11100, Loss: 4.152e-04, lamd1: 1.000, lamd2: 0.01000, Time: 7.47
It: 11200, Loss: 4.074e-04, lamd1: 1.000, lamd2: 0.01000, Time: 7.23
It: 11300, Loss: 6.995e-04, lamd1: 1.000, lamd2: 0.01000, Time: 7.29
It: 11400, Loss: 5.548e-04, lamd1: 1.000, lamd2: 0.01000, Time: 7.31
It: 11500, Loss: 7.294e-04, lamd1: 1.000, lamd2: 0.01000, Time: 7.29
It: 11600, Loss: 8.475e-04, lamd1: 1.000, lamd2: 0.01000, Time: 7.26
It: 11700, Loss: 4.235e-04, lamd1: 1.000, lamd2: 0.01000, Time: 7.46
It: 11800, Loss: 6.823e-04, lamd1: 1.000, lamd2: 0.01000, Time: 7.46
It: 11900, Loss: 3.746e-04, lamd1: 1.000, lamd2: 0.01000, Time: 7.46
It: 12000, Loss: 6.438e-04, lamd1: 1.000, lamd2: 0.01000, Time: 6.56
It: 12100, Loss: 3.963e-04, lamd1: 1.000, lamd2: 0.01000, Time: 6.08
It: 12200, Loss: 3.783e-04, lamd1: 1.000, lamd2: 0.01000, Time: 6.10
It: 12300, Loss: 4.283e-04, lamd1: 1.000, lamd2: 0.01000, Time: 7.24
It: 12400, Loss: 3.830e-04, lamd1: 1.000, lamd2: 0.01000, Time: 6.17
It: 12500, Loss: 4.533e-04, lamd1: 1.000, lamd2: 0.01000, Time: 6.10
It: 12600, Loss: 4.553e-04, lamd1: 1.000, lamd2: 0.01000, Time: 7.27
It: 12700, Loss: 4.565e-04, lamd1: 1.000, lamd2: 0.01000, Time: 7.39
It: 12800, Loss: 7.093e-04, lamd1: 1.000, lamd2: 0.01000, Time: 7.34
It: 12900, Loss: 4.375e-04, lamd1: 1.000, lamd2: 0.01000, Time: 7.31
It: 13000, Loss: 7.052e-04, lamd1: 1.000, lamd2: 0.01000, Time: 7.40
It: 13100, Loss: 7.009e-04, lamd1: 1.000, lamd2: 0.01000, Time: 7.40
It: 13200, Loss: 3.857e-04, lamd1: 1.000, lamd2: 0.01000, Time: 7.35
It: 13300, Loss: 6.957e-04, lamd1: 1.000, lamd2: 0.01000, Time: 7.31
It: 13400, Loss: 6.014e-04, lamd1: 1.000, lamd2: 0.01000, Time: 7.37
It: 13500, Loss: 3.590e-04, lamd1: 1.000, lamd2: 0.01000, Time: 7.34
It: 13600, Loss: 6.030e-04, lamd1: 1.000, lamd2: 0.01000, Time: 7.41
It: 13700, Loss: 5.347e-04, lamd1: 1.000, lamd2: 0.01000, Time: 7.33
It: 13800, Loss: 5.033e-04, lamd1: 1.000, lamd2: 0.01000, Time: 7.28
It: 13900, Loss: 5.022e-04, lamd1: 1.000, lamd2: 0.01000, Time: 7.40
It: 14000, Loss: 6.746e-04, lamd1: 1.000, lamd2: 0.01000, Time: 7.31
It: 14100, Loss: 8.211e-04, lamd1: 1.000, lamd2: 0.01000, Time: 7.28
It: 14200, Loss: 4.416e-04, lamd1: 1.000, lamd2: 0.01000, Time: 7.28
It: 14300, Loss: 3.283e-04, lamd1: 1.000, lamd2: 0.01000, Time: 7.32
It: 14400, Loss: 3.300e-04, lamd1: 1.000, lamd2: 0.01000, Time: 7.31
It: 14500, Loss: 5.527e-04, lamd1: 1.000, lamd2: 0.01000, Time: 7.36
It: 14600, Loss: 5.500e-04, lamd1: 1.000, lamd2: 0.01000, Time: 7.44
It: 14700, Loss: 4.544e-04, lamd1: 1.000, lamd2: 0.01000, Time: 7.49
It: 14800, Loss: 3.863e-04, lamd1: 1.000, lamd2: 0.01000, Time: 7.64
It: 14900, Loss: 5.200e-04, lamd1: 1.000, lamd2: 0.01000, Time: 7.64
It: 15000, Loss: 3.914e-04, lamd1: 1.000, lamd2: 0.01000, Time: 7.63
It: 15100, Loss: 2.924e-04, lamd1: 1.000, lamd2: 0.01000, Time: 7.43
It: 15200, Loss: 7.917e-04, lamd1: 1.000, lamd2: 0.01000, Time: 7.58
It: 15300, Loss: 1.102e-03, lamd1: 1.000, lamd2: 0.01000, Time: 7.57
It: 15400, Loss: 6.423e-04, lamd1: 1.000, lamd2: 0.01000, Time: 7.62
It: 15500, Loss: 8.252e-04, lamd1: 1.000, lamd2: 0.01000, Time: 7.52
It: 15600, Loss: 3.908e-04, lamd1: 1.000, lamd2: 0.01000, Time: 7.70
It: 15700, Loss: 1.238e-03, lamd1: 1.000, lamd2: 0.01000, Time: 7.70
It: 15800, Loss: 3.059e-04, lamd1: 1.000, lamd2: 0.01000, Time: 7.37
It: 15900, Loss: 8.764e-04, lamd1: 1.000, lamd2: 0.01000, Time: 7.32
It: 16000, Loss: 1.486e-03, lamd1: 1.000, lamd2: 0.01000, Time: 7.32
It: 16100, Loss: 5.139e-04, lamd1: 1.000, lamd2: 0.01000, Time: 7.27
It: 16200, Loss: 2.912e-04, lamd1: 1.000, lamd2: 0.01000, Time: 7.31
It: 16300, Loss: 3.884e-04, lamd1: 1.000, lamd2: 0.01000, Time: 7.24
It: 16400, Loss: 3.077e-04, lamd1: 1.000, lamd2: 0.01000, Time: 7.25
It: 16500, Loss: 4.498e-04, lamd1: 1.000, lamd2: 0.01000, Time: 7.24
It: 16600, Loss: 3.165e-04, lamd1: 1.000, lamd2: 0.01000, Time: 7.21
It: 16700, Loss: 4.672e-04, lamd1: 1.000, lamd2: 0.01000, Time: 7.23
It: 16800, Loss: 3.346e-04, lamd1: 1.000, lamd2: 0.01000, Time: 7.18
It: 16900, Loss: 3.083e-04, lamd1: 1.000, lamd2: 0.01000, Time: 7.30
It: 17000, Loss: 4.950e-04, lamd1: 1.000, lamd2: 0.01000, Time: 7.47
It: 17100, Loss: 4.823e-04, lamd1: 1.000, lamd2: 0.01000, Time: 7.37
It: 17200, Loss: 3.331e-04, lamd1: 1.000, lamd2: 0.01000, Time: 7.56
It: 17300, Loss: 4.430e-04, lamd1: 1.000, lamd2: 0.01000, Time: 7.55
It: 17400, Loss: 3.733e-04, lamd1: 1.000, lamd2: 0.01000, Time: 7.56
It: 17500, Loss: 4.604e-04, lamd1: 1.000, lamd2: 0.01000, Time: 7.48
It: 17600, Loss: 3.967e-04, lamd1: 1.000, lamd2: 0.01000, Time: 7.56
It: 17700, Loss: 7.154e-04, lamd1: 1.000, lamd2: 0.01000, Time: 7.40
It: 17800, Loss: 2.779e-04, lamd1: 1.000, lamd2: 0.01000, Time: 7.53
It: 17900, Loss: 3.413e-04, lamd1: 1.000, lamd2: 0.01000, Time: 7.42
It: 18000, Loss: 2.111e-04, lamd1: 1.000, lamd2: 0.01000, Time: 7.36
It: 18100, Loss: 1.091e-03, lamd1: 1.000, lamd2: 0.01000, Time: 7.61
It: 18200, Loss: 6.338e-04, lamd1: 1.000, lamd2: 0.01000, Time: 7.41
It: 18300, Loss: 2.749e-04, lamd1: 1.000, lamd2: 0.01000, Time: 7.25
It: 18400, Loss: 4.694e-04, lamd1: 1.000, lamd2: 0.01000, Time: 7.33
It: 18500, Loss: 2.922e-04, lamd1: 1.000, lamd2: 0.01000, Time: 7.25
It: 18600, Loss: 3.951e-04, lamd1: 1.000, lamd2: 0.01000, Time: 7.22
It: 18700, Loss: 2.696e-04, lamd1: 1.000, lamd2: 0.01000, Time: 7.27
It: 18800, Loss: 4.334e-04, lamd1: 1.000, lamd2: 0.01000, Time: 7.23
It: 18900, Loss: 4.726e-04, lamd1: 1.000, lamd2: 0.01000, Time: 7.16
It: 19000, Loss: 5.130e-04, lamd1: 1.000, lamd2: 0.01000, Time: 6.41
It: 19100, Loss: 3.265e-04, lamd1: 1.000, lamd2: 0.01000, Time: 7.04
It: 19200, Loss: 2.509e-04, lamd1: 1.000, lamd2: 0.01000, Time: 7.27
It: 19300, Loss: 4.507e-04, lamd1: 1.000, lamd2: 0.01000, Time: 7.30
It: 19400, Loss: 3.292e-04, lamd1: 1.000, lamd2: 0.01000, Time: 7.37
It: 19500, Loss: 3.487e-04, lamd1: 1.000, lamd2: 0.01000, Time: 7.32
It: 19600, Loss: 7.215e-04, lamd1: 1.000, lamd2: 0.01000, Time: 7.30
It: 19700, Loss: 2.908e-04, lamd1: 1.000, lamd2: 0.01000, Time: 7.33
It: 19800, Loss: 2.671e-04, lamd1: 1.000, lamd2: 0.01000, Time: 7.35
It: 19900, Loss: 7.679e-04, lamd1: 1.000, lamd2: 0.01000, Time: 7.29
It: 20000, Loss: 3.335e-04, lamd1: 1.000, lamd2: 0.01000, Time: 7.31
It: 20100, Loss: 1.793e-04, lamd1: 1.000, lamd2: 0.01000, Time: 7.38
It: 20200, Loss: 1.780e-04, lamd1: 1.000, lamd2: 0.01000, Time: 7.32
It: 20300, Loss: 1.768e-04, lamd1: 1.000, lamd2: 0.01000, Time: 7.42
It: 20400, Loss: 1.756e-04, lamd1: 1.000, lamd2: 0.01000, Time: 7.37
It: 20500, Loss: 1.745e-04, lamd1: 1.000, lamd2: 0.01000, Time: 7.32
It: 20600, Loss: 1.734e-04, lamd1: 1.000, lamd2: 0.01000, Time: 7.36
It: 20700, Loss: 1.723e-04, lamd1: 1.000, lamd2: 0.01000, Time: 6.74
It: 20800, Loss: 1.712e-04, lamd1: 1.000, lamd2: 0.01000, Time: 5.61
It: 20900, Loss: 1.700e-04, lamd1: 1.000, lamd2: 0.01000, Time: 6.29
It: 21000, Loss: 1.689e-04, lamd1: 1.000, lamd2: 0.01000, Time: 7.25
It: 21100, Loss: 1.677e-04, lamd1: 1.000, lamd2: 0.01000, Time: 7.29
It: 21200, Loss: 1.666e-04, lamd1: 1.000, lamd2: 0.01000, Time: 7.23
It: 21300, Loss: 1.654e-04, lamd1: 1.000, lamd2: 0.01000, Time: 7.25
It: 21400, Loss: 1.714e-04, lamd1: 1.000, lamd2: 0.01000, Time: 6.04
It: 21500, Loss: 2.676e-04, lamd1: 1.000, lamd2: 0.01000, Time: 7.14
It: 21600, Loss: 3.555e-04, lamd1: 1.000, lamd2: 0.01000, Time: 7.21
It: 21700, Loss: 2.162e-04, lamd1: 1.000, lamd2: 0.01000, Time: 6.95
It: 21800, Loss: 1.829e-04, lamd1: 1.000, lamd2: 0.01000, Time: 6.67
It: 21900, Loss: 2.162e-04, lamd1: 1.000, lamd2: 0.01000, Time: 7.21
It: 22000, Loss: 2.200e-04, lamd1: 1.000, lamd2: 0.01000, Time: 7.40
It: 22100, Loss: 1.894e-04, lamd1: 1.000, lamd2: 0.01000, Time: 7.39
It: 22200, Loss: 2.720e-04, lamd1: 1.000, lamd2: 0.01000, Time: 7.60
It: 22300, Loss: 2.942e-04, lamd1: 1.000, lamd2: 0.01000, Time: 7.57
It: 22400, Loss: 4.037e-04, lamd1: 1.000, lamd2: 0.01000, Time: 7.56
It: 22500, Loss: 1.933e-04, lamd1: 1.000, lamd2: 0.01000, Time: 7.59
It: 22600, Loss: 2.077e-04, lamd1: 1.000, lamd2: 0.01000, Time: 7.34
It: 22700, Loss: 2.630e-04, lamd1: 1.000, lamd2: 0.01000, Time: 7.26
It: 22800, Loss: 3.932e-04, lamd1: 1.000, lamd2: 0.01000, Time: 7.29
It: 22900, Loss: 2.721e-04, lamd1: 1.000, lamd2: 0.01000, Time: 7.34
It: 23000, Loss: 1.681e-04, lamd1: 1.000, lamd2: 0.01000, Time: 7.34
It: 23100, Loss: 3.264e-04, lamd1: 1.000, lamd2: 0.01000, Time: 7.33
It: 23200, Loss: 2.789e-04, lamd1: 1.000, lamd2: 0.01000, Time: 7.26
It: 23300, Loss: 1.490e-04, lamd1: 1.000, lamd2: 0.01000, Time: 7.28
It: 23400, Loss: 2.340e-04, lamd1: 1.000, lamd2: 0.01000, Time: 7.27
It: 23500, Loss: 1.563e-04, lamd1: 1.000, lamd2: 0.01000, Time: 7.36
It: 23600, Loss: 1.837e-04, lamd1: 1.000, lamd2: 0.01000, Time: 7.29
It: 23700, Loss: 2.577e-04, lamd1: 1.000, lamd2: 0.01000, Time: 7.27
It: 23800, Loss: 3.748e-04, lamd1: 1.000, lamd2: 0.01000, Time: 7.30
It: 23900, Loss: 4.852e-04, lamd1: 1.000, lamd2: 0.01000, Time: 7.53
It: 24000, Loss: 1.703e-04, lamd1: 1.000, lamd2: 0.01000, Time: 7.51
It: 24100, Loss: 2.534e-04, lamd1: 1.000, lamd2: 0.01000, Time: 7.58
It: 24200, Loss: 1.485e-04, lamd1: 1.000, lamd2: 0.01000, Time: 7.63
It: 24300, Loss: 1.614e-04, lamd1: 1.000, lamd2: 0.01000, Time: 7.53
It: 24400, Loss: 2.042e-04, lamd1: 1.000, lamd2: 0.01000, Time: 7.60
It: 24500, Loss: 3.011e-04, lamd1: 1.000, lamd2: 0.01000, Time: 7.65
It: 24600, Loss: 1.611e-04, lamd1: 1.000, lamd2: 0.01000, Time: 7.51
It: 24700, Loss: 1.481e-04, lamd1: 1.000, lamd2: 0.01000, Time: 7.64
It: 24800, Loss: 1.720e-04, lamd1: 1.000, lamd2: 0.01000, Time: 7.53
It: 24900, Loss: 1.530e-04, lamd1: 1.000, lamd2: 0.01000, Time: 7.35
It: 25000, Loss: 1.738e-04, lamd1: 1.000, lamd2: 0.01000, Time: 7.29
It: 25100, Loss: 2.359e-04, lamd1: 1.000, lamd2: 0.01000, Time: 7.39
It: 25200, Loss: 1.460e-04, lamd1: 1.000, lamd2: 0.01000, Time: 7.55
It: 25300, Loss: 1.810e-04, lamd1: 1.000, lamd2: 0.01000, Time: 7.57
It: 25400, Loss: 1.419e-04, lamd1: 1.000, lamd2: 0.01000, Time: 7.47
It: 25500, Loss: 1.421e-04, lamd1: 1.000, lamd2: 0.01000, Time: 7.29
It: 25600, Loss: 2.538e-04, lamd1: 1.000, lamd2: 0.01000, Time: 7.28
It: 25700, Loss: 1.961e-04, lamd1: 1.000, lamd2: 0.01000, Time: 7.36
It: 25800, Loss: 1.390e-04, lamd1: 1.000, lamd2: 0.01000, Time: 7.38
It: 25900, Loss: 1.439e-04, lamd1: 1.000, lamd2: 0.01000, Time: 7.39
It: 26000, Loss: 2.813e-04, lamd1: 1.000, lamd2: 0.01000, Time: 7.28
It: 26100, Loss: 3.484e-04, lamd1: 1.000, lamd2: 0.01000, Time: 6.35
It: 26200, Loss: 3.918e-04, lamd1: 1.000, lamd2: 0.01000, Time: 6.12
It: 26300, Loss: 2.397e-04, lamd1: 1.000, lamd2: 0.01000, Time: 6.11
It: 26400, Loss: 1.439e-04, lamd1: 1.000, lamd2: 0.01000, Time: 6.11
It: 26500, Loss: 1.774e-04, lamd1: 1.000, lamd2: 0.01000, Time: 6.11
It: 26600, Loss: 1.663e-04, lamd1: 1.000, lamd2: 0.01000, Time: 6.09
It: 26700, Loss: 1.858e-04, lamd1: 1.000, lamd2: 0.01000, Time: 6.09
It: 26800, Loss: 1.936e-04, lamd1: 1.000, lamd2: 0.01000, Time: 6.11
It: 26900, Loss: 1.418e-04, lamd1: 1.000, lamd2: 0.01000, Time: 6.12
It: 27000, Loss: 4.771e-04, lamd1: 1.000, lamd2: 0.01000, Time: 6.90
It: 27100, Loss: 1.429e-04, lamd1: 1.000, lamd2: 0.01000, Time: 7.31
It: 27200, Loss: 3.471e-04, lamd1: 1.000, lamd2: 0.01000, Time: 7.33
It: 27300, Loss: 1.486e-04, lamd1: 1.000, lamd2: 0.01000, Time: 7.31
It: 27400, Loss: 1.974e-04, lamd1: 1.000, lamd2: 0.01000, Time: 7.33
It: 27500, Loss: 1.301e-04, lamd1: 1.000, lamd2: 0.01000, Time: 7.29
It: 27600, Loss: 1.480e-04, lamd1: 1.000, lamd2: 0.01000, Time: 7.34
It: 27700, Loss: 1.342e-04, lamd1: 1.000, lamd2: 0.01000, Time: 7.29
It: 27800, Loss: 1.339e-04, lamd1: 1.000, lamd2: 0.01000, Time: 7.33
It: 27900, Loss: 3.160e-04, lamd1: 1.000, lamd2: 0.01000, Time: 7.38
It: 28000, Loss: 2.044e-04, lamd1: 1.000, lamd2: 0.01000, Time: 7.48
It: 28100, Loss: 1.338e-04, lamd1: 1.000, lamd2: 0.01000, Time: 7.38
It: 28200, Loss: 2.043e-04, lamd1: 1.000, lamd2: 0.01000, Time: 7.39
It: 28300, Loss: 2.552e-04, lamd1: 1.000, lamd2: 0.01000, Time: 7.46
It: 28400, Loss: 1.227e-04, lamd1: 1.000, lamd2: 0.01000, Time: 7.43
It: 28500, Loss: 1.228e-04, lamd1: 1.000, lamd2: 0.01000, Time: 7.53
It: 28600, Loss: 1.395e-04, lamd1: 1.000, lamd2: 0.01000, Time: 7.43
It: 28700, Loss: 1.483e-04, lamd1: 1.000, lamd2: 0.01000, Time: 7.48
It: 28800, Loss: 1.438e-04, lamd1: 1.000, lamd2: 0.01000, Time: 7.50
It: 28900, Loss: 1.808e-04, lamd1: 1.000, lamd2: 0.01000, Time: 7.77
It: 29000, Loss: 1.316e-04, lamd1: 1.000, lamd2: 0.01000, Time: 7.38
It: 29100, Loss: 4.561e-04, lamd1: 1.000, lamd2: 0.01000, Time: 7.36
It: 29200, Loss: 2.415e-04, lamd1: 1.000, lamd2: 0.01000, Time: 7.43
It: 29300, Loss: 1.484e-04, lamd1: 1.000, lamd2: 0.01000, Time: 7.44
It: 29400, Loss: 1.689e-04, lamd1: 1.000, lamd2: 0.01000, Time: 7.54
It: 29500, Loss: 1.334e-04, lamd1: 1.000, lamd2: 0.01000, Time: 7.40
It: 29600, Loss: 1.494e-04, lamd1: 1.000, lamd2: 0.01000, Time: 7.36
It: 29700, Loss: 1.567e-04, lamd1: 1.000, lamd2: 0.01000, Time: 7.40
It: 29800, Loss: 2.375e-04, lamd1: 1.000, lamd2: 0.01000, Time: 7.46
It: 29900, Loss: 1.264e-04, lamd1: 1.000, lamd2: 0.01000, Time: 7.42
It: 30000, Loss: 1.483e-04, lamd1: 1.000, lamd2: 0.01000, Time: 7.43
It: 30100, Loss: 1.154e-04, lamd1: 1.000, lamd2: 0.01000, Time: 7.40
It: 30200, Loss: 1.151e-04, lamd1: 1.000, lamd2: 0.01000, Time: 7.67
It: 30300, Loss: 1.149e-04, lamd1: 1.000, lamd2: 0.01000, Time: 6.79
It: 30400, Loss: 1.146e-04, lamd1: 1.000, lamd2: 0.01000, Time: 6.20
It: 30500, Loss: 1.143e-04, lamd1: 1.000, lamd2: 0.01000, Time: 6.34
It: 30600, Loss: 1.140e-04, lamd1: 1.000, lamd2: 0.01000, Time: 7.74
It: 30700, Loss: 1.137e-04, lamd1: 1.000, lamd2: 0.01000, Time: 7.50
It: 30800, Loss: 1.134e-04, lamd1: 1.000, lamd2: 0.01000, Time: 7.46
It: 30900, Loss: 1.130e-04, lamd1: 1.000, lamd2: 0.01000, Time: 7.36
It: 31000, Loss: 1.127e-04, lamd1: 1.000, lamd2: 0.01000, Time: 7.34
It: 31100, Loss: 1.124e-04, lamd1: 1.000, lamd2: 0.01000, Time: 7.41
It: 31200, Loss: 1.120e-04, lamd1: 1.000, lamd2: 0.01000, Time: 7.37
It: 31300, Loss: 1.116e-04, lamd1: 1.000, lamd2: 0.01000, Time: 7.43
It: 31400, Loss: 1.238e-04, lamd1: 1.000, lamd2: 0.01000, Time: 7.50
It: 31500, Loss: 1.343e-04, lamd1: 1.000, lamd2: 0.01000, Time: 7.48
It: 31600, Loss: 1.163e-04, lamd1: 1.000, lamd2: 0.01000, Time: 7.47
It: 31700, Loss: 1.545e-04, lamd1: 1.000, lamd2: 0.01000, Time: 7.48
It: 31800, Loss: 1.233e-04, lamd1: 1.000, lamd2: 0.01000, Time: 7.52
It: 31900, Loss: 1.916e-04, lamd1: 1.000, lamd2: 0.01000, Time: 7.49
It: 32000, Loss: 1.304e-04, lamd1: 1.000, lamd2: 0.01000, Time: 7.44
It: 32100, Loss: 2.011e-04, lamd1: 1.000, lamd2: 0.01000, Time: 7.44
It: 32200, Loss: 1.116e-04, lamd1: 1.000, lamd2: 0.01000, Time: 7.37
It: 32300, Loss: 1.098e-04, lamd1: 1.000, lamd2: 0.01000, Time: 7.51
It: 32400, Loss: 1.464e-04, lamd1: 1.000, lamd2: 0.01000, Time: 7.40
It: 32500, Loss: 1.110e-04, lamd1: 1.000, lamd2: 0.01000, Time: 7.50
It: 32600, Loss: 1.087e-04, lamd1: 1.000, lamd2: 0.01000, Time: 7.52
It: 32700, Loss: 1.077e-04, lamd1: 1.000, lamd2: 0.01000, Time: 7.46
It: 32800, Loss: 1.067e-04, lamd1: 1.000, lamd2: 0.01000, Time: 7.40
It: 32900, Loss: 1.208e-04, lamd1: 1.000, lamd2: 0.01000, Time: 7.50
It: 33000, Loss: 1.251e-04, lamd1: 1.000, lamd2: 0.01000, Time: 7.41
It: 33100, Loss: 1.069e-04, lamd1: 1.000, lamd2: 0.01000, Time: 7.40
It: 33200, Loss: 1.076e-04, lamd1: 1.000, lamd2: 0.01000, Time: 7.49
It: 33300, Loss: 2.256e-04, lamd1: 1.000, lamd2: 0.01000, Time: 7.41
It: 33400, Loss: 1.126e-04, lamd1: 1.000, lamd2: 0.01000, Time: 7.34
It: 33500, Loss: 1.292e-04, lamd1: 1.000, lamd2: 0.01000, Time: 7.39
It: 33600, Loss: 1.059e-04, lamd1: 1.000, lamd2: 0.01000, Time: 7.42
It: 33700, Loss: 1.856e-04, lamd1: 1.000, lamd2: 0.01000, Time: 7.50
It: 33800, Loss: 1.328e-04, lamd1: 1.000, lamd2: 0.01000, Time: 7.40
It: 33900, Loss: 1.127e-04, lamd1: 1.000, lamd2: 0.01000, Time: 7.34
It: 34000, Loss: 1.036e-04, lamd1: 1.000, lamd2: 0.01000, Time: 7.40
It: 34100, Loss: 1.064e-04, lamd1: 1.000, lamd2: 0.01000, Time: 7.47
It: 34200, Loss: 1.674e-04, lamd1: 1.000, lamd2: 0.01000, Time: 7.47
It: 34300, Loss: 1.824e-04, lamd1: 1.000, lamd2: 0.01000, Time: 7.44
It: 34400, Loss: 1.046e-04, lamd1: 1.000, lamd2: 0.01000, Time: 7.44
It: 34500, Loss: 1.035e-04, lamd1: 1.000, lamd2: 0.01000, Time: 7.31
It: 34600, Loss: 1.035e-04, lamd1: 1.000, lamd2: 0.01000, Time: 7.39
It: 34700, Loss: 1.194e-04, lamd1: 1.000, lamd2: 0.01000, Time: 7.40
It: 34800, Loss: 1.088e-04, lamd1: 1.000, lamd2: 0.01000, Time: 7.50
It: 34900, Loss: 1.148e-04, lamd1: 1.000, lamd2: 0.01000, Time: 7.51
It: 35000, Loss: 1.131e-04, lamd1: 1.000, lamd2: 0.01000, Time: 7.49
It: 35100, Loss: 1.085e-04, lamd1: 1.000, lamd2: 0.01000, Time: 7.38
It: 35200, Loss: 1.673e-04, lamd1: 1.000, lamd2: 0.01000, Time: 7.40
It: 35300, Loss: 1.267e-04, lamd1: 1.000, lamd2: 0.01000, Time: 7.34
It: 35400, Loss: 1.015e-04, lamd1: 1.000, lamd2: 0.01000, Time: 7.34
It: 35500, Loss: 1.365e-04, lamd1: 1.000, lamd2: 0.01000, Time: 7.36
It: 35600, Loss: 1.075e-04, lamd1: 1.000, lamd2: 0.01000, Time: 7.41
It: 35700, Loss: 9.950e-05, lamd1: 1.000, lamd2: 0.01000, Time: 7.45
It: 35800, Loss: 9.856e-05, lamd1: 1.000, lamd2: 0.01000, Time: 7.47
It: 35900, Loss: 1.205e-04, lamd1: 1.000, lamd2: 0.01000, Time: 7.56
It: 36000, Loss: 9.869e-05, lamd1: 1.000, lamd2: 0.01000, Time: 6.61
It: 36100, Loss: 1.039e-04, lamd1: 1.000, lamd2: 0.01000, Time: 5.77
It: 36200, Loss: 1.163e-04, lamd1: 1.000, lamd2: 0.01000, Time: 5.78
It: 36300, Loss: 1.379e-04, lamd1: 1.000, lamd2: 0.01000, Time: 5.80
It: 36400, Loss: 1.043e-04, lamd1: 1.000, lamd2: 0.01000, Time: 5.78
It: 36500, Loss: 1.352e-04, lamd1: 1.000, lamd2: 0.01000, Time: 5.78
It: 36600, Loss: 1.045e-04, lamd1: 1.000, lamd2: 0.01000, Time: 5.76
It: 36700, Loss: 1.394e-04, lamd1: 1.000, lamd2: 0.01000, Time: 5.74
It: 36800, Loss: 1.489e-04, lamd1: 1.000, lamd2: 0.01000, Time: 5.73
It: 36900, Loss: 1.332e-04, lamd1: 1.000, lamd2: 0.01000, Time: 5.71
It: 37000, Loss: 9.832e-05, lamd1: 1.000, lamd2: 0.01000, Time: 5.75
It: 37100, Loss: 9.546e-05, lamd1: 1.000, lamd2: 0.01000, Time: 5.76
It: 37200, Loss: 9.516e-05, lamd1: 1.000, lamd2: 0.01000, Time: 5.72
It: 37300, Loss: 1.002e-04, lamd1: 1.000, lamd2: 0.01000, Time: 5.72
It: 37400, Loss: 1.855e-04, lamd1: 1.000, lamd2: 0.01000, Time: 5.70
It: 37500, Loss: 1.471e-04, lamd1: 1.000, lamd2: 0.01000, Time: 6.18
It: 37600, Loss: 1.024e-04, lamd1: 1.000, lamd2: 0.01000, Time: 7.44
It: 37700, Loss: 1.189e-04, lamd1: 1.000, lamd2: 0.01000, Time: 7.39
It: 37800, Loss: 9.927e-05, lamd1: 1.000, lamd2: 0.01000, Time: 7.35
It: 37900, Loss: 9.831e-05, lamd1: 1.000, lamd2: 0.01000, Time: 7.38
It: 38000, Loss: 9.542e-05, lamd1: 1.000, lamd2: 0.01000, Time: 7.43
It: 38100, Loss: 1.203e-04, lamd1: 1.000, lamd2: 0.01000, Time: 7.46
It: 38200, Loss: 1.689e-04, lamd1: 1.000, lamd2: 0.01000, Time: 7.40
It: 38300, Loss: 1.005e-04, lamd1: 1.000, lamd2: 0.01000, Time: 7.36
It: 38400, Loss: 9.287e-05, lamd1: 1.000, lamd2: 0.01000, Time: 7.40
It: 38500, Loss: 9.308e-05, lamd1: 1.000, lamd2: 0.01000, Time: 7.36
It: 38600, Loss: 9.534e-05, lamd1: 1.000, lamd2: 0.01000, Time: 7.44
It: 38700, Loss: 1.379e-04, lamd1: 1.000, lamd2: 0.01000, Time: 7.35
It: 38800, Loss: 1.404e-04, lamd1: 1.000, lamd2: 0.01000, Time: 7.37
It: 38900, Loss: 1.086e-04, lamd1: 1.000, lamd2: 0.01000, Time: 7.43
It: 39000, Loss: 1.194e-04, lamd1: 1.000, lamd2: 0.01000, Time: 7.47
It: 39100, Loss: 9.631e-05, lamd1: 1.000, lamd2: 0.01000, Time: 7.49
It: 39200, Loss: 9.123e-05, lamd1: 1.000, lamd2: 0.01000, Time: 7.44
It: 39300, Loss: 2.005e-04, lamd1: 1.000, lamd2: 0.01000, Time: 7.40
It: 39400, Loss: 9.185e-05, lamd1: 1.000, lamd2: 0.01000, Time: 7.43
It: 39500, Loss: 9.078e-05, lamd1: 1.000, lamd2: 0.01000, Time: 7.55
It: 39600, Loss: 1.092e-04, lamd1: 1.000, lamd2: 0.01000, Time: 7.69
It: 39700, Loss: 9.376e-05, lamd1: 1.000, lamd2: 0.01000, Time: 7.55
It: 39800, Loss: 1.033e-04, lamd1: 1.000, lamd2: 0.01000, Time: 7.44
It: 39900, Loss: 9.637e-05, lamd1: 1.000, lamd2: 0.01000, Time: 7.43
It: 40000, Loss: 9.890e-05, lamd1: 1.000, lamd2: 0.01000, Time: 7.42
It: 40100, Loss: 8.908e-05, lamd1: 1.000, lamd2: 0.01000, Time: 7.46
It: 40200, Loss: 8.897e-05, lamd1: 1.000, lamd2: 0.01000, Time: 7.50
It: 40300, Loss: 8.885e-05, lamd1: 1.000, lamd2: 0.01000, Time: 7.35
It: 40400, Loss: 8.872e-05, lamd1: 1.000, lamd2: 0.01000, Time: 7.42
It: 40500, Loss: 8.859e-05, lamd1: 1.000, lamd2: 0.01000, Time: 7.53
It: 40600, Loss: 8.846e-05, lamd1: 1.000, lamd2: 0.01000, Time: 7.49
It: 40700, Loss: 8.832e-05, lamd1: 1.000, lamd2: 0.01000, Time: 7.41
It: 40800, Loss: 8.817e-05, lamd1: 1.000, lamd2: 0.01000, Time: 7.39
It: 40900, Loss: 8.802e-05, lamd1: 1.000, lamd2: 0.01000, Time: 7.46
It: 41000, Loss: 8.786e-05, lamd1: 1.000, lamd2: 0.01000, Time: 7.34
It: 41100, Loss: 8.769e-05, lamd1: 1.000, lamd2: 0.01000, Time: 7.38
It: 41200, Loss: 8.751e-05, lamd1: 1.000, lamd2: 0.01000, Time: 7.81
It: 41300, Loss: 8.733e-05, lamd1: 1.000, lamd2: 0.01000, Time: 8.16
It: 41400, Loss: 8.716e-05, lamd1: 1.000, lamd2: 0.01000, Time: 7.47
It: 41500, Loss: 8.696e-05, lamd1: 1.000, lamd2: 0.01000, Time: 7.37
It: 41600, Loss: 8.707e-05, lamd1: 1.000, lamd2: 0.01000, Time: 7.48
It: 41700, Loss: 8.660e-05, lamd1: 1.000, lamd2: 0.01000, Time: 7.52
It: 41800, Loss: 8.647e-05, lamd1: 1.000, lamd2: 0.01000, Time: 7.41
It: 41900, Loss: 8.681e-05, lamd1: 1.000, lamd2: 0.01000, Time: 7.43
It: 42000, Loss: 1.048e-04, lamd1: 1.000, lamd2: 0.01000, Time: 7.41
It: 42100, Loss: 8.608e-05, lamd1: 1.000, lamd2: 0.01000, Time: 7.43
It: 42200, Loss: 9.207e-05, lamd1: 1.000, lamd2: 0.01000, Time: 7.36
It: 42300, Loss: 8.794e-05, lamd1: 1.000, lamd2: 0.01000, Time: 7.40
It: 42400, Loss: 8.541e-05, lamd1: 1.000, lamd2: 0.01000, Time: 7.30
It: 42500, Loss: 8.565e-05, lamd1: 1.000, lamd2: 0.01000, Time: 7.31
It: 42600, Loss: 8.537e-05, lamd1: 1.000, lamd2: 0.01000, Time: 7.32
It: 42700, Loss: 1.193e-04, lamd1: 1.000, lamd2: 0.01000, Time: 7.38
It: 42800, Loss: 8.548e-05, lamd1: 1.000, lamd2: 0.01000, Time: 7.26
It: 42900, Loss: 8.485e-05, lamd1: 1.000, lamd2: 0.01000, Time: 7.29
It: 43000, Loss: 8.460e-05, lamd1: 1.000, lamd2: 0.01000, Time: 7.37
It: 43100, Loss: 8.687e-05, lamd1: 1.000, lamd2: 0.01000, Time: 7.33
It: 43200, Loss: 8.819e-05, lamd1: 1.000, lamd2: 0.01000, Time: 7.36
It: 43300, Loss: 9.912e-05, lamd1: 1.000, lamd2: 0.01000, Time: 7.38
It: 43400, Loss: 8.479e-05, lamd1: 1.000, lamd2: 0.01000, Time: 7.37
It: 43500, Loss: 8.600e-05, lamd1: 1.000, lamd2: 0.01000, Time: 7.39
It: 43600, Loss: 8.564e-05, lamd1: 1.000, lamd2: 0.01000, Time: 7.42
It: 43700, Loss: 8.596e-05, lamd1: 1.000, lamd2: 0.01000, Time: 7.32
It: 43800, Loss: 8.356e-05, lamd1: 1.000, lamd2: 0.01000, Time: 7.29
It: 43900, Loss: 1.032e-04, lamd1: 1.000, lamd2: 0.01000, Time: 7.37
It: 44000, Loss: 1.053e-04, lamd1: 1.000, lamd2: 0.01000, Time: 7.27
It: 44100, Loss: 9.145e-05, lamd1: 1.000, lamd2: 0.01000, Time: 7.38
It: 44200, Loss: 9.341e-05, lamd1: 1.000, lamd2: 0.01000, Time: 7.38
It: 44300, Loss: 8.395e-05, lamd1: 1.000, lamd2: 0.01000, Time: 7.41
It: 44400, Loss: 8.234e-05, lamd1: 1.000, lamd2: 0.01000, Time: 7.42
It: 44500, Loss: 9.790e-05, lamd1: 1.000, lamd2: 0.01000, Time: 7.30
It: 44600, Loss: 8.520e-05, lamd1: 1.000, lamd2: 0.01000, Time: 7.33
It: 44700, Loss: 8.264e-05, lamd1: 1.000, lamd2: 0.01000, Time: 7.35
It: 44800, Loss: 8.177e-05, lamd1: 1.000, lamd2: 0.01000, Time: 7.34
It: 44900, Loss: 8.144e-05, lamd1: 1.000, lamd2: 0.01000, Time: 7.32
It: 45000, Loss: 8.121e-05, lamd1: 1.000, lamd2: 0.01000, Time: 7.27
It: 45100, Loss: 8.327e-05, lamd1: 1.000, lamd2: 0.01000, Time: 7.30
It: 45200, Loss: 8.100e-05, lamd1: 1.000, lamd2: 0.01000, Time: 7.37
It: 45300, Loss: 8.066e-05, lamd1: 1.000, lamd2: 0.01000, Time: 7.32
It: 45400, Loss: 8.158e-05, lamd1: 1.000, lamd2: 0.01000, Time: 7.33
It: 45500, Loss: 8.325e-05, lamd1: 1.000, lamd2: 0.01000, Time: 7.34
It: 45600, Loss: 8.098e-05, lamd1: 1.000, lamd2: 0.01000, Time: 7.30
It: 45700, Loss: 8.272e-05, lamd1: 1.000, lamd2: 0.01000, Time: 7.32
It: 45800, Loss: 8.081e-05, lamd1: 1.000, lamd2: 0.01000, Time: 7.28
It: 45900, Loss: 8.005e-05, lamd1: 1.000, lamd2: 0.01000, Time: 7.33
It: 46000, Loss: 1.028e-04, lamd1: 1.000, lamd2: 0.01000, Time: 7.30
It: 46100, Loss: 9.388e-05, lamd1: 1.000, lamd2: 0.01000, Time: 7.25
It: 46200, Loss: 9.780e-05, lamd1: 1.000, lamd2: 0.01000, Time: 7.31
It: 46300, Loss: 8.160e-05, lamd1: 1.000, lamd2: 0.01000, Time: 7.05
It: 46400, Loss: 7.958e-05, lamd1: 1.000, lamd2: 0.01000, Time: 7.16
It: 46500, Loss: 8.000e-05, lamd1: 1.000, lamd2: 0.01000, Time: 7.30
It: 46600, Loss: 1.228e-04, lamd1: 1.000, lamd2: 0.01000, Time: 7.34
It: 46700, Loss: 8.341e-05, lamd1: 1.000, lamd2: 0.01000, Time: 7.28
It: 46800, Loss: 8.721e-05, lamd1: 1.000, lamd2: 0.01000, Time: 7.31
It: 46900, Loss: 7.943e-05, lamd1: 1.000, lamd2: 0.01000, Time: 7.36
It: 47000, Loss: 8.769e-05, lamd1: 1.000, lamd2: 0.01000, Time: 7.27
It: 47100, Loss: 8.816e-05, lamd1: 1.000, lamd2: 0.01000, Time: 7.38
It: 47200, Loss: 7.910e-05, lamd1: 1.000, lamd2: 0.01000, Time: 7.39
It: 47300, Loss: 7.823e-05, lamd1: 1.000, lamd2: 0.01000, Time: 7.36
It: 47400, Loss: 8.055e-05, lamd1: 1.000, lamd2: 0.01000, Time: 7.40
It: 47500, Loss: 1.039e-04, lamd1: 1.000, lamd2: 0.01000, Time: 7.30
It: 47600, Loss: 7.762e-05, lamd1: 1.000, lamd2: 0.01000, Time: 7.29
It: 47700, Loss: 1.177e-04, lamd1: 1.000, lamd2: 0.01000, Time: 7.17