torch.Size([1000000, 3]) torch.Size([1000000, 1]) torch.Size([1000000, 1])
It: 0, Loss: 8.939e-01, lamd1: -0.000, lamd2: -0.00009, Time: 0.48
It: 100, Loss: 1.621e-01, lamd1: -0.097, lamd2: 0.01585, Time: 53.22
It: 200, Loss: 1.632e-01, lamd1: 0.157, lamd2: -0.00598, Time: 53.52
It: 300, Loss: 1.211e-01, lamd1: -0.033, lamd2: 0.00061, Time: 53.56
It: 400, Loss: 1.163e-01, lamd1: -0.001, lamd2: 0.00009, Time: 53.58
It: 500, Loss: 9.869e-02, lamd1: 0.016, lamd2: 0.00063, Time: 53.58
It: 600, Loss: 9.534e-02, lamd1: 0.031, lamd2: 0.00068, Time: 53.55
It: 700, Loss: 9.457e-02, lamd1: 0.006, lamd2: 0.00034, Time: 53.55
It: 800, Loss: 9.435e-02, lamd1: 0.002, lamd2: 0.00043, Time: 53.59
It: 900, Loss: 9.489e-02, lamd1: 0.002, lamd2: 0.00001, Time: 53.54
It: 1000, Loss: 9.562e-02, lamd1: 0.002, lamd2: 0.00088, Time: 53.53
It: 1100, Loss: 9.486e-02, lamd1: 0.003, lamd2: 0.00051, Time: 53.43
It: 1200, Loss: 9.427e-02, lamd1: 0.002, lamd2: 0.00034, Time: 53.52
It: 1300, Loss: 9.434e-02, lamd1: 0.002, lamd2: 0.00046, Time: 53.54
It: 1400, Loss: 9.442e-02, lamd1: 0.001, lamd2: 0.00039, Time: 53.50
It: 1500, Loss: 9.410e-02, lamd1: 0.000, lamd2: 0.00015, Time: 53.55
It: 1600, Loss: 9.771e-02, lamd1: -0.000, lamd2: 0.00078, Time: 53.60
It: 1700, Loss: 9.454e-02, lamd1: -0.001, lamd2: 0.00024, Time: 53.57
It: 1800, Loss: 9.395e-02, lamd1: -0.001, lamd2: 0.00010, Time: 53.60
It: 1900, Loss: 9.520e-02, lamd1: -0.002, lamd2: -0.00020, Time: 53.56
It: 2000, Loss: 9.448e-02, lamd1: -0.002, lamd2: 0.00008, Time: 53.48
It: 2100, Loss: 9.490e-02, lamd1: -0.003, lamd2: 0.00015, Time: 53.45
It: 2200, Loss: 9.515e-02, lamd1: -0.004, lamd2: 0.00032, Time: 53.65
It: 2300, Loss: 9.418e-02, lamd1: -0.003, lamd2: 0.00029, Time: 53.55
It: 2400, Loss: 9.558e-02, lamd1: -0.004, lamd2: 0.00017, Time: 53.57
It: 2500, Loss: 9.399e-02, lamd1: -0.003, lamd2: 0.00023, Time: 53.56
It: 2600, Loss: 9.433e-02, lamd1: -0.003, lamd2: -0.00012, Time: 53.59
It: 2700, Loss: 9.413e-02, lamd1: -0.003, lamd2: 0.00013, Time: 53.60
It: 2800, Loss: 9.787e-02, lamd1: -0.003, lamd2: 0.00006, Time: 53.56
It: 2900, Loss: 9.660e-02, lamd1: -0.004, lamd2: -0.00014, Time: 53.60
It: 3000, Loss: 9.471e-02, lamd1: -0.004, lamd2: 0.00042, Time: 53.55
It: 3100, Loss: 9.409e-02, lamd1: -0.004, lamd2: -0.00004, Time: 53.58
It: 3200, Loss: 9.434e-02, lamd1: -0.004, lamd2: 0.00003, Time: 53.61
It: 3300, Loss: 9.422e-02, lamd1: -0.004, lamd2: 0.00006, Time: 53.59
It: 3400, Loss: 9.454e-02, lamd1: -0.003, lamd2: -0.00026, Time: 53.45
It: 3500, Loss: 9.392e-02, lamd1: -0.003, lamd2: -0.00009, Time: 53.27
It: 3600, Loss: 9.708e-02, lamd1: -0.004, lamd2: 0.00079, Time: 53.57
It: 3700, Loss: 9.525e-02, lamd1: -0.004, lamd2: 0.00041, Time: 53.57
It: 3800, Loss: 9.397e-02, lamd1: -0.003, lamd2: -0.00021, Time: 53.60
It: 3900, Loss: 9.450e-02, lamd1: -0.003, lamd2: -0.00047, Time: 53.59
It: 4000, Loss: 9.477e-02, lamd1: -0.004, lamd2: 0.00019, Time: 53.60
It: 4100, Loss: 9.404e-02, lamd1: -0.003, lamd2: -0.00000, Time: 53.66
It: 4200, Loss: 9.486e-02, lamd1: -0.004, lamd2: -0.00036, Time: 53.61
It: 4300, Loss: 9.535e-02, lamd1: -0.004, lamd2: 0.00071, Time: 53.60
It: 4400, Loss: 9.521e-02, lamd1: 0.018, lamd2: 0.00121, Time: 53.58
It: 4500, Loss: 1.120e-01, lamd1: -0.055, lamd2: 0.00656, Time: 53.63
It: 4600, Loss: 9.576e-02, lamd1: -0.000, lamd2: -0.00017, Time: 53.62
It: 4700, Loss: 9.447e-02, lamd1: -0.002, lamd2: -0.00003, Time: 53.62
It: 4800, Loss: 9.409e-02, lamd1: -0.002, lamd2: 0.00007, Time: 53.61
It: 4900, Loss: 9.395e-02, lamd1: -0.001, lamd2: 0.00008, Time: 53.63
It: 5000, Loss: 9.389e-02, lamd1: -0.001, lamd2: 0.00007, Time: 53.61
It: 5100, Loss: 9.369e-02, lamd1: -0.000, lamd2: 0.00008, Time: 53.63
It: 5200, Loss: 9.367e-02, lamd1: 0.019, lamd2: 0.00002, Time: 53.61
It: 5300, Loss: 9.348e-02, lamd1: -0.012, lamd2: -0.00041, Time: 53.58
It: 5400, Loss: 8.979e-02, lamd1: 0.499, lamd2: 0.01201, Time: 53.51
It: 5500, Loss: 7.209e-02, lamd1: 0.820, lamd2: 0.02124, Time: 53.54
It: 5600, Loss: 6.208e-02, lamd1: 0.843, lamd2: 0.01953, Time: 53.57
It: 5700, Loss: 5.031e-02, lamd1: 0.877, lamd2: 0.01986, Time: 53.55
It: 5800, Loss: 3.487e-02, lamd1: 0.876, lamd2: 0.01741, Time: 53.54
It: 5900, Loss: 2.238e-02, lamd1: 0.887, lamd2: 0.01152, Time: 53.55
It: 6000, Loss: 2.022e-02, lamd1: 0.891, lamd2: 0.01167, Time: 53.58
It: 6100, Loss: 1.546e-02, lamd1: 0.904, lamd2: 0.01285, Time: 53.58
It: 6200, Loss: 1.256e-02, lamd1: 0.926, lamd2: 0.01297, Time: 53.56
It: 6300, Loss: 1.391e-02, lamd1: 0.937, lamd2: 0.01449, Time: 53.54
It: 6400, Loss: 1.049e-02, lamd1: 0.945, lamd2: 0.01362, Time: 53.61
It: 6500, Loss: 9.385e-03, lamd1: 0.951, lamd2: 0.01404, Time: 53.55
It: 6600, Loss: 9.384e-03, lamd1: 0.954, lamd2: 0.01477, Time: 53.45
It: 6700, Loss: 9.160e-03, lamd1: 0.952, lamd2: 0.01543, Time: 53.23
It: 6800, Loss: 8.856e-03, lamd1: 0.959, lamd2: 0.01516, Time: 53.13
It: 6900, Loss: 6.673e-03, lamd1: 0.964, lamd2: 0.01451, Time: 53.06
It: 7000, Loss: 8.087e-03, lamd1: 0.964, lamd2: 0.01555, Time: 53.13
It: 7100, Loss: 7.422e-03, lamd1: 0.967, lamd2: 0.01361, Time: 53.12
It: 7200, Loss: 5.664e-03, lamd1: 0.967, lamd2: 0.01437, Time: 53.28
It: 7300, Loss: 5.687e-03, lamd1: 0.969, lamd2: 0.01500, Time: 53.58
It: 7400, Loss: 6.273e-03, lamd1: 0.968, lamd2: 0.01426, Time: 53.56
It: 7500, Loss: 5.112e-03, lamd1: 0.970, lamd2: 0.01383, Time: 53.57
It: 7600, Loss: 6.905e-03, lamd1: 0.971, lamd2: 0.01449, Time: 53.54
It: 7700, Loss: 6.816e-03, lamd1: 0.971, lamd2: 0.01399, Time: 53.50
It: 7800, Loss: 5.598e-03, lamd1: 0.972, lamd2: 0.01349, Time: 53.37
It: 7900, Loss: 4.947e-03, lamd1: 0.973, lamd2: 0.01417, Time: 53.55
It: 8000, Loss: 8.180e-03, lamd1: 0.975, lamd2: 0.01359, Time: 53.52
It: 8100, Loss: 5.938e-03, lamd1: 0.972, lamd2: 0.01363, Time: 53.55
It: 8200, Loss: 4.855e-03, lamd1: 0.975, lamd2: 0.01401, Time: 53.62
It: 8300, Loss: 4.763e-03, lamd1: 0.974, lamd2: 0.01246, Time: 53.11
It: 8400, Loss: 8.600e-03, lamd1: 0.975, lamd2: 0.01509, Time: 53.08
It: 8500, Loss: 5.677e-03, lamd1: 0.974, lamd2: 0.01240, Time: 53.05
It: 8600, Loss: 3.682e-03, lamd1: 0.976, lamd2: 0.01454, Time: 53.05
It: 8700, Loss: 5.077e-03, lamd1: 0.977, lamd2: 0.01221, Time: 53.14
It: 8800, Loss: 3.700e-03, lamd1: 0.977, lamd2: 0.01320, Time: 53.11
It: 8900, Loss: 4.640e-03, lamd1: 0.977, lamd2: 0.01259, Time: 53.10
It: 9000, Loss: 5.008e-03, lamd1: 0.979, lamd2: 0.01277, Time: 53.10
It: 9100, Loss: 4.166e-03, lamd1: 0.977, lamd2: 0.01293, Time: 53.06
It: 9200, Loss: 2.864e-03, lamd1: 0.978, lamd2: 0.01277, Time: 53.09
It: 9300, Loss: 4.137e-03, lamd1: 0.980, lamd2: 0.01322, Time: 53.32
It: 9400, Loss: 3.399e-03, lamd1: 0.979, lamd2: 0.01178, Time: 53.56
It: 9500, Loss: 4.515e-03, lamd1: 0.979, lamd2: 0.01369, Time: 53.56
It: 9600, Loss: 4.628e-03, lamd1: 0.980, lamd2: 0.01275, Time: 53.34
It: 9700, Loss: 3.192e-03, lamd1: 0.978, lamd2: 0.01149, Time: 53.09
It: 9800, Loss: 2.913e-03, lamd1: 0.979, lamd2: 0.01346, Time: 53.13
It: 9900, Loss: 2.412e-03, lamd1: 0.979, lamd2: 0.01272, Time: 53.39
It: 10000, Loss: 3.900e-03, lamd1: 0.981, lamd2: 0.01257, Time: 53.57
It: 10100, Loss: 1.991e-03, lamd1: 0.982, lamd2: 0.01237, Time: 53.59
It: 10200, Loss: 1.951e-03, lamd1: 0.982, lamd2: 0.01234, Time: 53.58
It: 10300, Loss: 1.913e-03, lamd1: 0.983, lamd2: 0.01231, Time: 53.59
It: 10400, Loss: 1.876e-03, lamd1: 0.983, lamd2: 0.01228, Time: 53.58
It: 10500, Loss: 1.839e-03, lamd1: 0.984, lamd2: 0.01225, Time: 53.55
It: 10600, Loss: 1.802e-03, lamd1: 0.984, lamd2: 0.01222, Time: 53.49
It: 10700, Loss: 1.766e-03, lamd1: 0.984, lamd2: 0.01218, Time: 53.57
It: 10800, Loss: 1.730e-03, lamd1: 0.984, lamd2: 0.01215, Time: 53.22
It: 10900, Loss: 1.694e-03, lamd1: 0.985, lamd2: 0.01211, Time: 53.11
It: 11000, Loss: 1.658e-03, lamd1: 0.985, lamd2: 0.01208, Time: 53.14
It: 11100, Loss: 1.648e-03, lamd1: 0.985, lamd2: 0.01208, Time: 53.07
It: 11200, Loss: 3.729e-03, lamd1: 0.985, lamd2: 0.01244, Time: 53.10
It: 11300, Loss: 2.151e-03, lamd1: 0.985, lamd2: 0.01217, Time: 53.09
It: 11400, Loss: 2.059e-03, lamd1: 0.986, lamd2: 0.01186, Time: 53.10
It: 11500, Loss: 1.971e-03, lamd1: 0.985, lamd2: 0.01186, Time: 53.08
It: 11600, Loss: 1.583e-03, lamd1: 0.985, lamd2: 0.01189, Time: 53.09