It: 0, Loss: 2.738e-01, nu: 0.020, Time: 0.11
It: 100, Loss: 6.339e-02, nu: 0.020, Time: 5.92
It: 200, Loss: 5.628e-02, nu: 0.020, Time: 5.94
It: 300, Loss: 4.691e-02, nu: 0.020, Time: 5.94
It: 400, Loss: 2.464e-03, nu: 0.020, Time: 5.92
It: 500, Loss: 6.408e-04, nu: 0.020, Time: 5.93
It: 600, Loss: 2.957e-04, nu: 0.020, Time: 5.95
It: 700, Loss: 2.458e-04, nu: 0.020, Time: 5.97
It: 800, Loss: 1.383e-04, nu: 0.020, Time: 5.96
It: 900, Loss: 1.256e-04, nu: 0.020, Time: 5.96
It: 1000, Loss: 1.429e-04, nu: 0.020, Time: 6.00
It: 1100, Loss: 9.724e-05, nu: 0.020, Time: 5.91
It: 1200, Loss: 9.880e-05, nu: 0.020, Time: 5.95
It: 1300, Loss: 8.272e-05, nu: 0.020, Time: 5.91
It: 1400, Loss: 7.888e-05, nu: 0.020, Time: 6.11
It: 1500, Loss: 7.710e-05, nu: 0.020, Time: 6.04
It: 1600, Loss: 7.025e-05, nu: 0.020, Time: 6.06
It: 1700, Loss: 6.709e-05, nu: 0.020, Time: 5.99
It: 1800, Loss: 6.398e-05, nu: 0.020, Time: 6.09
It: 1900, Loss: 5.712e-05, nu: 0.020, Time: 6.09
It: 2000, Loss: 2.703e-04, nu: 0.020, Time: 6.01
It: 2100, Loss: 5.365e-05, nu: 0.020, Time: 6.10
It: 2200, Loss: 5.147e-05, nu: 0.020, Time: 6.03
It: 2300, Loss: 5.052e-05, nu: 0.020, Time: 6.05
It: 2400, Loss: 4.948e-05, nu: 0.020, Time: 6.02
It: 2500, Loss: 4.711e-05, nu: 0.020, Time: 6.03
It: 2600, Loss: 4.603e-05, nu: 0.020, Time: 5.95
It: 2700, Loss: 4.432e-05, nu: 0.020, Time: 5.97
It: 2800, Loss: 4.317e-05, nu: 0.020, Time: 6.01
It: 2900, Loss: 4.171e-05, nu: 0.020, Time: 5.96
It: 3000, Loss: 4.072e-05, nu: 0.020, Time: 6.04
It: 3100, Loss: 3.948e-05, nu: 0.020, Time: 6.03
It: 3200, Loss: 3.801e-05, nu: 0.020, Time: 6.04
It: 3300, Loss: 3.859e-05, nu: 0.020, Time: 6.04
It: 3400, Loss: 3.757e-05, nu: 0.020, Time: 5.73
It: 3500, Loss: 3.651e-05, nu: 0.020, Time: 5.62
It: 3600, Loss: 3.517e-05, nu: 0.020, Time: 5.34
It: 3700, Loss: 3.490e-05, nu: 0.020, Time: 4.72
It: 3800, Loss: 3.470e-05, nu: 0.020, Time: 4.70
It: 3900, Loss: 3.379e-05, nu: 0.020, Time: 4.70
It: 4000, Loss: 3.249e-05, nu: 0.020, Time: 4.70
It: 4100, Loss: 3.131e-05, nu: 0.020, Time: 5.71
It: 4200, Loss: 3.200e-05, nu: 0.020, Time: 5.88
It: 4300, Loss: 3.167e-05, nu: 0.020, Time: 5.67
It: 4400, Loss: 3.094e-05, nu: 0.020, Time: 5.59
It: 4500, Loss: 3.092e-05, nu: 0.020, Time: 5.65
It: 4600, Loss: 3.101e-05, nu: 0.020, Time: 5.71
It: 4700, Loss: 3.163e-05, nu: 0.020, Time: 5.73
It: 4800, Loss: 2.981e-05, nu: 0.020, Time: 5.62
It: 4900, Loss: 2.945e-05, nu: 0.020, Time: 5.67
It: 5000, Loss: 2.803e-05, nu: 0.020, Time: 5.66
It: 5100, Loss: 2.828e-05, nu: 0.020, Time: 5.70
It: 5200, Loss: 2.886e-05, nu: 0.020, Time: 5.68
It: 5300, Loss: 2.858e-05, nu: 0.020, Time: 5.75
It: 5400, Loss: 2.828e-05, nu: 0.020, Time: 5.59
It: 5500, Loss: 2.789e-05, nu: 0.020, Time: 5.66
It: 5600, Loss: 2.773e-05, nu: 0.020, Time: 5.70
It: 5700, Loss: 2.748e-05, nu: 0.020, Time: 5.68
It: 5800, Loss: 2.712e-05, nu: 0.020, Time: 5.68
It: 5900, Loss: 2.643e-05, nu: 0.020, Time: 5.65
It: 6000, Loss: 2.720e-05, nu: 0.020, Time: 5.71
It: 6100, Loss: 2.609e-05, nu: 0.020, Time: 5.68
It: 6200, Loss: 2.702e-05, nu: 0.020, Time: 5.59
It: 6300, Loss: 2.628e-05, nu: 0.020, Time: 5.60
It: 6400, Loss: 2.607e-05, nu: 0.020, Time: 3.80
It: 6500, Loss: 2.567e-05, nu: 0.020, Time: 3.71
It: 6600, Loss: 2.505e-05, nu: 0.020, Time: 3.71
It: 6700, Loss: 2.573e-05, nu: 0.020, Time: 3.71
It: 6800, Loss: 2.472e-05, nu: 0.020, Time: 3.73
It: 6900, Loss: 2.592e-05, nu: 0.020, Time: 5.83
It: 7000, Loss: 2.585e-05, nu: 0.020, Time: 5.63
It: 7100, Loss: 2.547e-05, nu: 0.020, Time: 5.60
It: 7200, Loss: 2.419e-05, nu: 0.020, Time: 5.61
It: 7300, Loss: 2.467e-05, nu: 0.020, Time: 6.03
It: 7400, Loss: 2.479e-05, nu: 0.020, Time: 6.42
It: 7500, Loss: 2.471e-05, nu: 0.020, Time: 6.16
It: 7600, Loss: 2.487e-05, nu: 0.020, Time: 6.18
It: 7700, Loss: 2.500e-05, nu: 0.020, Time: 6.24
It: 7800, Loss: 2.497e-05, nu: 0.020, Time: 6.24
It: 7900, Loss: 2.427e-05, nu: 0.020, Time: 6.24
It: 8000, Loss: 2.429e-05, nu: 0.020, Time: 6.21
It: 8100, Loss: 2.415e-05, nu: 0.020, Time: 6.29
It: 8200, Loss: 2.373e-05, nu: 0.020, Time: 6.32
It: 8300, Loss: 2.333e-05, nu: 0.020, Time: 6.21
It: 8400, Loss: 2.412e-05, nu: 0.020, Time: 6.10
It: 8500, Loss: 2.365e-05, nu: 0.020, Time: 6.23
It: 8600, Loss: 2.388e-05, nu: 0.020, Time: 6.21
It: 8700, Loss: 2.378e-05, nu: 0.020, Time: 6.31
It: 8800, Loss: 2.393e-05, nu: 0.020, Time: 6.44
It: 8900, Loss: 2.458e-05, nu: 0.020, Time: 5.86
It: 9000, Loss: 2.404e-05, nu: 0.020, Time: 6.21
It: 9100, Loss: 2.350e-05, nu: 0.020, Time: 6.20
It: 9200, Loss: 2.389e-05, nu: 0.020, Time: 5.88
It: 9300, Loss: 2.331e-05, nu: 0.020, Time: 6.46
It: 9400, Loss: 2.304e-05, nu: 0.020, Time: 6.31
It: 9500, Loss: 2.373e-05, nu: 0.020, Time: 6.37
It: 9600, Loss: 2.388e-05, nu: 0.020, Time: 6.25
It: 9700, Loss: 2.353e-05, nu: 0.020, Time: 6.20
It: 9800, Loss: 2.332e-05, nu: 0.020, Time: 6.18
It: 9900, Loss: 2.401e-05, nu: 0.020, Time: 6.15
It: 10000, Loss: 2.310e-05, nu: 0.020, Time: 6.30
It: 10100, Loss: 2.393e-05, nu: 0.020, Time: 5.94
It: 10200, Loss: 2.338e-05, nu: 0.020, Time: 5.95
It: 10300, Loss: 2.372e-05, nu: 0.020, Time: 5.91
It: 10400, Loss: 2.355e-05, nu: 0.020, Time: 5.93
It: 10500, Loss: 2.325e-05, nu: 0.020, Time: 5.95
It: 10600, Loss: 2.373e-05, nu: 0.020, Time: 5.97
It: 10700, Loss: 2.310e-05, nu: 0.020, Time: 5.91
It: 10800, Loss: 2.285e-05, nu: 0.020, Time: 5.98
It: 10900, Loss: 2.248e-05, nu: 0.020, Time: 5.95
It: 11000, Loss: 2.237e-05, nu: 0.020, Time: 6.03
It: 11100, Loss: 2.283e-05, nu: 0.020, Time: 5.93
It: 11200, Loss: 2.259e-05, nu: 0.020, Time: 5.94
It: 11300, Loss: 2.300e-05, nu: 0.020, Time: 5.94
It: 11400, Loss: 2.266e-05, nu: 0.020, Time: 5.98
It: 11500, Loss: 2.264e-05, nu: 0.020, Time: 5.96
It: 11600, Loss: 2.237e-05, nu: 0.020, Time: 6.00
It: 11700, Loss: 2.328e-05, nu: 0.020, Time: 5.94
It: 11800, Loss: 2.276e-05, nu: 0.020, Time: 5.97
It: 11900, Loss: 2.281e-05, nu: 0.020, Time: 5.97
It: 12000, Loss: 2.224e-05, nu: 0.020, Time: 5.94
It: 12100, Loss: 2.288e-05, nu: 0.020, Time: 5.96
It: 12200, Loss: 2.238e-05, nu: 0.020, Time: 5.86
It: 12300, Loss: 2.350e-05, nu: 0.020, Time: 5.97
It: 12400, Loss: 2.249e-05, nu: 0.020, Time: 5.95
It: 12500, Loss: 2.274e-05, nu: 0.020, Time: 6.06
It: 12600, Loss: 2.348e-05, nu: 0.020, Time: 5.88
It: 12700, Loss: 2.258e-05, nu: 0.020, Time: 6.00
It: 12800, Loss: 2.317e-05, nu: 0.020, Time: 5.90
It: 12900, Loss: 2.278e-05, nu: 0.020, Time: 5.95
It: 13000, Loss: 2.296e-05, nu: 0.020, Time: 5.96
It: 13100, Loss: 2.308e-05, nu: 0.020, Time: 6.00
It: 13200, Loss: 2.254e-05, nu: 0.020, Time: 5.90
It: 13300, Loss: 2.258e-05, nu: 0.020, Time: 6.01
It: 13400, Loss: 2.239e-05, nu: 0.020, Time: 6.01
It: 13500, Loss: 2.256e-05, nu: 0.020, Time: 6.02
It: 13600, Loss: 2.217e-05, nu: 0.020, Time: 6.03
It: 13700, Loss: 2.302e-05, nu: 0.020, Time: 5.98
It: 13800, Loss: 2.276e-05, nu: 0.020, Time: 6.01
It: 13900, Loss: 2.257e-05, nu: 0.020, Time: 6.04
It: 14000, Loss: 2.239e-05, nu: 0.020, Time: 6.07
It: 14100, Loss: 2.247e-05, nu: 0.020, Time: 6.04
It: 14200, Loss: 2.312e-05, nu: 0.020, Time: 6.07
It: 14300, Loss: 2.309e-05, nu: 0.020, Time: 5.93
It: 14400, Loss: 2.275e-05, nu: 0.020, Time: 6.00
It: 14500, Loss: 2.211e-05, nu: 0.020, Time: 5.97
It: 14600, Loss: 2.290e-05, nu: 0.020, Time: 5.99
It: 14700, Loss: 2.226e-05, nu: 0.020, Time: 5.94
It: 14800, Loss: 2.320e-05, nu: 0.020, Time: 5.98
It: 14900, Loss: 2.293e-05, nu: 0.020, Time: 6.07
It: 15000, Loss: 2.250e-05, nu: 0.020, Time: 6.00
It: 15100, Loss: 2.249e-05, nu: 0.020, Time: 5.96
It: 15200, Loss: 2.308e-05, nu: 0.020, Time: 5.91
It: 15300, Loss: 2.229e-05, nu: 0.020, Time: 6.02
It: 15400, Loss: 2.242e-05, nu: 0.020, Time: 5.99
It: 15500, Loss: 2.317e-05, nu: 0.020, Time: 5.99
It: 15600, Loss: 2.263e-05, nu: 0.020, Time: 6.00
It: 15700, Loss: 2.313e-05, nu: 0.020, Time: 6.00
It: 15800, Loss: 2.226e-05, nu: 0.020, Time: 6.00
It: 15900, Loss: 2.325e-05, nu: 0.020, Time: 6.03
It: 16000, Loss: 2.170e-05, nu: 0.020, Time: 6.01
It: 16100, Loss: 2.272e-05, nu: 0.020, Time: 5.98
It: 16200, Loss: 2.262e-05, nu: 0.020, Time: 5.96
It: 16300, Loss: 2.278e-05, nu: 0.020, Time: 6.01
It: 16400, Loss: 2.262e-05, nu: 0.020, Time: 6.01
It: 16500, Loss: 2.250e-05, nu: 0.020, Time: 5.99
It: 16600, Loss: 2.278e-05, nu: 0.020, Time: 5.96
It: 16700, Loss: 2.271e-05, nu: 0.020, Time: 6.04
It: 16800, Loss: 2.243e-05, nu: 0.020, Time: 5.98
It: 16900, Loss: 2.179e-05, nu: 0.020, Time: 5.98
It: 17000, Loss: 2.284e-05, nu: 0.020, Time: 5.87
It: 17100, Loss: 2.229e-05, nu: 0.020, Time: 5.97
It: 17200, Loss: 2.213e-05, nu: 0.020, Time: 6.00
It: 17300, Loss: 2.345e-05, nu: 0.020, Time: 5.96
It: 17400, Loss: 2.236e-05, nu: 0.020, Time: 5.99
It: 17500, Loss: 2.251e-05, nu: 0.020, Time: 5.98
It: 17600, Loss: 2.249e-05, nu: 0.020, Time: 5.91
It: 17700, Loss: 2.234e-05, nu: 0.020, Time: 6.00
It: 17800, Loss: 2.332e-05, nu: 0.020, Time: 6.02
It: 17900, Loss: 2.272e-05, nu: 0.020, Time: 5.99
It: 18000, Loss: 2.258e-05, nu: 0.020, Time: 6.13
It: 18100, Loss: 2.283e-05, nu: 0.020, Time: 6.43
It: 18200, Loss: 2.268e-05, nu: 0.020, Time: 6.45
It: 18300, Loss: 2.275e-05, nu: 0.020, Time: 6.53
It: 18400, Loss: 2.281e-05, nu: 0.020, Time: 6.35
It: 18500, Loss: 2.315e-05, nu: 0.020, Time: 6.54
It: 18600, Loss: 2.264e-05, nu: 0.020, Time: 6.30
It: 18700, Loss: 2.288e-05, nu: 0.020, Time: 6.39
It: 18800, Loss: 2.336e-05, nu: 0.020, Time: 6.25
It: 18900, Loss: 2.260e-05, nu: 0.020, Time: 6.22
It: 19000, Loss: 2.279e-05, nu: 0.020, Time: 6.16
It: 19100, Loss: 2.248e-05, nu: 0.020, Time: 6.36
It: 19200, Loss: 2.287e-05, nu: 0.020, Time: 6.30
It: 19300, Loss: 2.303e-05, nu: 0.020, Time: 6.09
It: 19400, Loss: 2.228e-05, nu: 0.020, Time: 6.03
It: 19500, Loss: 2.190e-05, nu: 0.020, Time: 5.97
It: 19600, Loss: 2.226e-05, nu: 0.020, Time: 6.00
It: 19700, Loss: 2.238e-05, nu: 0.020, Time: 5.98
It: 19800, Loss: 2.238e-05, nu: 0.020, Time: 6.01
It: 19900, Loss: 2.339e-05, nu: 0.020, Time: 5.99
It: 20000, Loss: 2.317e-05, nu: 0.020, Time: 6.14
It: 20100, Loss: 2.285e-05, nu: 0.020, Time: 6.04
It: 20200, Loss: 2.251e-05, nu: 0.020, Time: 5.73
It: 20300, Loss: 2.217e-05, nu: 0.020, Time: 5.55
It: 20400, Loss: 2.262e-05, nu: 0.020, Time: 5.93
It: 20500, Loss: 2.322e-05, nu: 0.020, Time: 6.06
It: 20600, Loss: 2.259e-05, nu: 0.020, Time: 5.99
It: 20700, Loss: 2.305e-05, nu: 0.020, Time: 6.02
It: 20800, Loss: 2.238e-05, nu: 0.020, Time: 5.96
It: 20900, Loss: 2.239e-05, nu: 0.020, Time: 5.96
It: 21000, Loss: 2.284e-05, nu: 0.020, Time: 5.99
It: 21100, Loss: 2.353e-05, nu: 0.020, Time: 6.00
It: 21200, Loss: 2.287e-05, nu: 0.020, Time: 6.09
It: 21300, Loss: 2.204e-05, nu: 0.020, Time: 5.98
It: 21400, Loss: 2.279e-05, nu: 0.020, Time: 5.60
It: 21500, Loss: 2.261e-05, nu: 0.020, Time: 4.23
It: 21600, Loss: 2.179e-05, nu: 0.020, Time: 4.42
It: 21700, Loss: 2.278e-05, nu: 0.020, Time: 6.17
It: 21800, Loss: 2.232e-05, nu: 0.020, Time: 6.30
It: 21900, Loss: 2.291e-05, nu: 0.020, Time: 6.18
It: 22000, Loss: 2.219e-05, nu: 0.020, Time: 6.29
It: 22100, Loss: 2.279e-05, nu: 0.020, Time: 6.34
It: 22200, Loss: 2.245e-05, nu: 0.020, Time: 6.21
It: 22300, Loss: 2.237e-05, nu: 0.020, Time: 6.20
It: 22400, Loss: 2.324e-05, nu: 0.020, Time: 6.21
It: 22500, Loss: 2.286e-05, nu: 0.020, Time: 6.27
It: 22600, Loss: 2.197e-05, nu: 0.020, Time: 6.32
It: 22700, Loss: 2.215e-05, nu: 0.020, Time: 6.48
It: 22800, Loss: 2.279e-05, nu: 0.020, Time: 6.39
It: 22900, Loss: 2.262e-05, nu: 0.020, Time: 6.55
It: 23000, Loss: 2.257e-05, nu: 0.020, Time: 6.30
It: 23100, Loss: 2.280e-05, nu: 0.020, Time: 6.42
It: 23200, Loss: 2.234e-05, nu: 0.020, Time: 6.37
It: 23300, Loss: 2.324e-05, nu: 0.020, Time: 6.12
It: 23400, Loss: 2.243e-05, nu: 0.020, Time: 6.00
It: 23500, Loss: 2.242e-05, nu: 0.020, Time: 5.97
It: 23600, Loss: 2.321e-05, nu: 0.020, Time: 6.01
It: 23700, Loss: 2.277e-05, nu: 0.020, Time: 6.11
It: 23800, Loss: 2.248e-05, nu: 0.020, Time: 5.97
It: 23900, Loss: 2.326e-05, nu: 0.020, Time: 5.89
It: 24000, Loss: 2.250e-05, nu: 0.020, Time: 5.89
It: 24100, Loss: 2.268e-05, nu: 0.020, Time: 5.95
It: 24200, Loss: 2.272e-05, nu: 0.020, Time: 5.88
It: 24300, Loss: 2.209e-05, nu: 0.020, Time: 5.79
It: 24400, Loss: 2.253e-05, nu: 0.020, Time: 5.48
It: 24500, Loss: 2.200e-05, nu: 0.020, Time: 5.58
It: 24600, Loss: 2.269e-05, nu: 0.020, Time: 5.48
It: 24700, Loss: 2.215e-05, nu: 0.020, Time: 5.46
It: 24800, Loss: 2.273e-05, nu: 0.020, Time: 5.70
It: 24900, Loss: 2.330e-05, nu: 0.020, Time: 5.49
It: 25000, Loss: 2.299e-05, nu: 0.020, Time: 5.59
It: 25100, Loss: 2.263e-05, nu: 0.020, Time: 5.44
It: 25200, Loss: 2.160e-05, nu: 0.020, Time: 5.52
It: 25300, Loss: 2.299e-05, nu: 0.020, Time: 5.54
It: 25400, Loss: 2.242e-05, nu: 0.020, Time: 5.68
It: 25500, Loss: 2.265e-05, nu: 0.020, Time: 5.45
It: 25600, Loss: 2.319e-05, nu: 0.020, Time: 5.46
It: 25700, Loss: 2.271e-05, nu: 0.020, Time: 5.51
It: 25800, Loss: 2.264e-05, nu: 0.020, Time: 5.55
It: 25900, Loss: 2.290e-05, nu: 0.020, Time: 5.81
It: 26000, Loss: 2.300e-05, nu: 0.020, Time: 5.90
It: 26100, Loss: 2.268e-05, nu: 0.020, Time: 5.93
It: 26200, Loss: 2.286e-05, nu: 0.020, Time: 5.94
It: 26300, Loss: 2.294e-05, nu: 0.020, Time: 5.93
It: 26400, Loss: 2.263e-05, nu: 0.020, Time: 5.91
It: 26500, Loss: 2.291e-05, nu: 0.020, Time: 5.89
It: 26600, Loss: 2.279e-05, nu: 0.020, Time: 5.88
It: 26700, Loss: 2.252e-05, nu: 0.020, Time: 5.95
It: 26800, Loss: 2.260e-05, nu: 0.020, Time: 5.96
It: 26900, Loss: 2.291e-05, nu: 0.020, Time: 5.88
It: 27000, Loss: 2.307e-05, nu: 0.020, Time: 5.98
It: 27100, Loss: 2.221e-05, nu: 0.020, Time: 5.97
It: 27200, Loss: 2.319e-05, nu: 0.020, Time: 5.92
It: 27300, Loss: 2.286e-05, nu: 0.020, Time: 5.93
It: 27400, Loss: 2.281e-05, nu: 0.020, Time: 5.91
It: 27500, Loss: 2.254e-05, nu: 0.020, Time: 5.87
It: 27600, Loss: 2.355e-05, nu: 0.020, Time: 5.92
It: 27700, Loss: 2.234e-05, nu: 0.020, Time: 5.94
It: 27800, Loss: 2.278e-05, nu: 0.020, Time: 5.90
It: 27900, Loss: 2.188e-05, nu: 0.020, Time: 5.96
It: 28000, Loss: 2.285e-05, nu: 0.020, Time: 5.91
It: 28100, Loss: 2.296e-05, nu: 0.020, Time: 6.00
It: 28200, Loss: 2.195e-05, nu: 0.020, Time: 5.91
It: 28300, Loss: 2.297e-05, nu: 0.020, Time: 5.94
It: 28400, Loss: 2.308e-05, nu: 0.020, Time: 5.97
It: 28500, Loss: 2.273e-05, nu: 0.020, Time: 5.94
It: 28600, Loss: 2.283e-05, nu: 0.020, Time: 5.87
It: 28700, Loss: 2.315e-05, nu: 0.020, Time: 6.04
It: 28800, Loss: 2.359e-05, nu: 0.020, Time: 5.87
It: 28900, Loss: 2.267e-05, nu: 0.020, Time: 5.94
It: 29000, Loss: 2.244e-05, nu: 0.020, Time: 5.96
It: 29100, Loss: 2.333e-05, nu: 0.020, Time: 5.91
It: 29200, Loss: 2.231e-05, nu: 0.020, Time: 6.02
It: 29300, Loss: 2.260e-05, nu: 0.020, Time: 5.93
It: 29400, Loss: 2.350e-05, nu: 0.020, Time: 5.95
It: 29500, Loss: 2.330e-05, nu: 0.020, Time: 5.93
It: 29600, Loss: 2.271e-05, nu: 0.020, Time: 5.92
It: 29700, Loss: 2.218e-05, nu: 0.020, Time: 5.98
It: 29800, Loss: 2.279e-05, nu: 0.020, Time: 5.90
It: 29900, Loss: 2.250e-05, nu: 0.020, Time: 5.89
It: 30000, Loss: 2.267e-05, nu: 0.020, Time: 5.93
It: 30100, Loss: 2.303e-05, nu: 0.020, Time: 6.00
It: 30200, Loss: 2.238e-05, nu: 0.020, Time: 5.92
It: 30300, Loss: 2.241e-05, nu: 0.020, Time: 6.00
It: 30400, Loss: 2.292e-05, nu: 0.020, Time: 5.96
It: 30500, Loss: 2.251e-05, nu: 0.020, Time: 5.97
It: 30600, Loss: 2.246e-05, nu: 0.020, Time: 5.94
It: 30700, Loss: 2.276e-05, nu: 0.020, Time: 5.97
It: 30800, Loss: 2.318e-05, nu: 0.020, Time: 5.92
It: 30900, Loss: 2.249e-05, nu: 0.020, Time: 5.94
It: 31000, Loss: 2.300e-05, nu: 0.020, Time: 5.97
It: 31100, Loss: 2.229e-05, nu: 0.020, Time: 6.00
It: 31200, Loss: 2.215e-05, nu: 0.020, Time: 5.91
It: 31300, Loss: 2.232e-05, nu: 0.020, Time: 5.94
It: 31400, Loss: 2.309e-05, nu: 0.020, Time: 5.92
It: 31500, Loss: 2.316e-05, nu: 0.020, Time: 5.96
It: 31600, Loss: 2.270e-05, nu: 0.020, Time: 5.91
It: 31700, Loss: 2.262e-05, nu: 0.020, Time: 5.91
It: 31800, Loss: 2.284e-05, nu: 0.020, Time: 5.91
It: 31900, Loss: 2.288e-05, nu: 0.020, Time: 5.93
It: 32000, Loss: 2.299e-05, nu: 0.020, Time: 5.98
It: 32100, Loss: 2.246e-05, nu: 0.020, Time: 5.95
It: 32200, Loss: 2.315e-05, nu: 0.020, Time: 5.97
It: 32300, Loss: 2.259e-05, nu: 0.020, Time: 5.95
It: 32400, Loss: 2.265e-05, nu: 0.020, Time: 5.95
It: 32500, Loss: 2.272e-05, nu: 0.020, Time: 5.98
It: 32600, Loss: 2.266e-05, nu: 0.020, Time: 5.91
It: 32700, Loss: 2.240e-05, nu: 0.020, Time: 5.93
It: 32800, Loss: 2.288e-05, nu: 0.020, Time: 5.97
It: 32900, Loss: 2.335e-05, nu: 0.020, Time: 5.92
It: 33000, Loss: 2.230e-05, nu: 0.020, Time: 5.92
It: 33100, Loss: 2.194e-05, nu: 0.020, Time: 5.93
It: 33200, Loss: 2.287e-05, nu: 0.020, Time: 5.95
It: 33300, Loss: 2.242e-05, nu: 0.020, Time: 5.94
It: 33400, Loss: 2.249e-05, nu: 0.020, Time: 5.91
It: 33500, Loss: 2.343e-05, nu: 0.020, Time: 5.95
It: 33600, Loss: 2.240e-05, nu: 0.020, Time: 5.97
It: 33700, Loss: 2.269e-05, nu: 0.020, Time: 5.95
It: 33800, Loss: 2.214e-05, nu: 0.020, Time: 5.92
It: 33900, Loss: 2.243e-05, nu: 0.020, Time: 5.90
It: 34000, Loss: 2.285e-05, nu: 0.020, Time: 5.91
It: 34100, Loss: 2.270e-05, nu: 0.020, Time: 5.97
It: 34200, Loss: 2.317e-05, nu: 0.020, Time: 5.91
It: 34300, Loss: 2.276e-05, nu: 0.020, Time: 6.05
It: 34400, Loss: 2.292e-05, nu: 0.020, Time: 6.03
It: 34500, Loss: 2.272e-05, nu: 0.020, Time: 6.01
It: 34600, Loss: 2.294e-05, nu: 0.020, Time: 6.07
It: 34700, Loss: 2.244e-05, nu: 0.020, Time: 6.11
It: 34800, Loss: 2.280e-05, nu: 0.020, Time: 6.02
It: 34900, Loss: 2.211e-05, nu: 0.020, Time: 6.06
It: 35000, Loss: 2.319e-05, nu: 0.020, Time: 5.99
It: 35100, Loss: 2.280e-05, nu: 0.020, Time: 6.03
It: 35200, Loss: 2.306e-05, nu: 0.020, Time: 5.97
It: 35300, Loss: 2.259e-05, nu: 0.020, Time: 5.93
It: 35400, Loss: 2.287e-05, nu: 0.020, Time: 5.87
It: 35500, Loss: 2.199e-05, nu: 0.020, Time: 5.88
It: 35600, Loss: 2.341e-05, nu: 0.020, Time: 5.96
It: 35700, Loss: 2.250e-05, nu: 0.020, Time: 5.94
It: 35800, Loss: 2.334e-05, nu: 0.020, Time: 5.91
It: 35900, Loss: 2.299e-05, nu: 0.020, Time: 5.98
It: 36000, Loss: 2.267e-05, nu: 0.020, Time: 5.98
It: 36100, Loss: 2.262e-05, nu: 0.020, Time: 5.93
It: 36200, Loss: 2.275e-05, nu: 0.020, Time: 6.07
It: 36300, Loss: 2.296e-05, nu: 0.020, Time: 6.00
It: 36400, Loss: 2.327e-05, nu: 0.020, Time: 5.90
It: 36500, Loss: 2.213e-05, nu: 0.020, Time: 6.05
It: 36600, Loss: 2.210e-05, nu: 0.020, Time: 6.04
It: 36700, Loss: 2.295e-05, nu: 0.020, Time: 6.06
It: 36800, Loss: 2.245e-05, nu: 0.020, Time: 6.05
It: 36900, Loss: 2.303e-05, nu: 0.020, Time: 6.19
It: 37000, Loss: 2.350e-05, nu: 0.020, Time: 6.08
It: 37100, Loss: 2.245e-05, nu: 0.020, Time: 6.05
It: 37200, Loss: 2.258e-05, nu: 0.020, Time: 5.98
It: 37300, Loss: 2.234e-05, nu: 0.020, Time: 6.12
It: 37400, Loss: 2.311e-05, nu: 0.020, Time: 6.16
It: 37500, Loss: 2.284e-05, nu: 0.020, Time: 6.12
It: 37600, Loss: 2.266e-05, nu: 0.020, Time: 6.18
It: 37700, Loss: 2.259e-05, nu: 0.020, Time: 6.06
It: 37800, Loss: 2.241e-05, nu: 0.020, Time: 6.06
It: 37900, Loss: 2.310e-05, nu: 0.020, Time: 6.17
It: 38000, Loss: 2.270e-05, nu: 0.020, Time: 6.02
It: 38100, Loss: 2.309e-05, nu: 0.020, Time: 5.99
It: 38200, Loss: 2.253e-05, nu: 0.020, Time: 6.11
It: 38300, Loss: 2.205e-05, nu: 0.020, Time: 5.98
It: 38400, Loss: 2.238e-05, nu: 0.020, Time: 6.01
It: 38500, Loss: 2.265e-05, nu: 0.020, Time: 6.22
It: 38600, Loss: 2.337e-05, nu: 0.020, Time: 6.22
It: 38700, Loss: 2.226e-05, nu: 0.020, Time: 6.28
It: 38800, Loss: 2.275e-05, nu: 0.020, Time: 6.00
It: 38900, Loss: 2.267e-05, nu: 0.020, Time: 5.95
It: 39000, Loss: 2.275e-05, nu: 0.020, Time: 6.03
It: 39100, Loss: 2.296e-05, nu: 0.020, Time: 6.02
It: 39200, Loss: 2.320e-05, nu: 0.020, Time: 6.06
It: 39300, Loss: 2.271e-05, nu: 0.020, Time: 6.03
It: 39400, Loss: 2.242e-05, nu: 0.020, Time: 5.99
It: 39500, Loss: 2.252e-05, nu: 0.020, Time: 6.00
It: 39600, Loss: 2.288e-05, nu: 0.020, Time: 5.94
It: 39700, Loss: 2.208e-05, nu: 0.020, Time: 6.03
It: 39800, Loss: 2.293e-05, nu: 0.020, Time: 6.06
It: 39900, Loss: 2.273e-05, nu: 0.020, Time: 6.01
It: 40000, Loss: 2.311e-05, nu: 0.020, Time: 5.96
It: 40100, Loss: 2.286e-05, nu: 0.020, Time: 6.03
It: 40200, Loss: 2.210e-05, nu: 0.020, Time: 5.97
It: 40300, Loss: 2.323e-05, nu: 0.020, Time: 6.02
It: 40400, Loss: 2.236e-05, nu: 0.020, Time: 5.98
It: 40500, Loss: 2.207e-05, nu: 0.020, Time: 5.94
It: 40600, Loss: 2.314e-05, nu: 0.020, Time: 6.01
It: 40700, Loss: 2.236e-05, nu: 0.020, Time: 6.04
It: 40800, Loss: 2.272e-05, nu: 0.020, Time: 5.97
It: 40900, Loss: 2.228e-05, nu: 0.020, Time: 5.96
It: 41000, Loss: 2.257e-05, nu: 0.020, Time: 6.00
It: 41100, Loss: 2.253e-05, nu: 0.020, Time: 5.99
It: 41200, Loss: 2.264e-05, nu: 0.020, Time: 6.06
It: 41300, Loss: 2.319e-05, nu: 0.020, Time: 5.96
It: 41400, Loss: 2.302e-05, nu: 0.020, Time: 6.00
It: 41500, Loss: 2.267e-05, nu: 0.020, Time: 5.98
It: 41600, Loss: 2.238e-05, nu: 0.020, Time: 5.91
It: 41700, Loss: 2.226e-05, nu: 0.020, Time: 5.95
It: 41800, Loss: 2.242e-05, nu: 0.020, Time: 5.97
It: 41900, Loss: 2.277e-05, nu: 0.020, Time: 5.90
It: 42000, Loss: 2.253e-05, nu: 0.020, Time: 5.99
It: 42100, Loss: 2.260e-05, nu: 0.020, Time: 5.95
It: 42200, Loss: 2.292e-05, nu: 0.020, Time: 5.90
It: 42300, Loss: 2.266e-05, nu: 0.020, Time: 5.90
It: 42400, Loss: 2.275e-05, nu: 0.020, Time: 5.90
It: 42500, Loss: 2.222e-05, nu: 0.020, Time: 5.96
It: 42600, Loss: 2.264e-05, nu: 0.020, Time: 5.90
It: 42700, Loss: 2.322e-05, nu: 0.020, Time: 5.95
It: 42800, Loss: 2.330e-05, nu: 0.020, Time: 5.86
It: 42900, Loss: 2.251e-05, nu: 0.020, Time: 5.92
It: 43000, Loss: 2.250e-05, nu: 0.020, Time: 5.88
It: 43100, Loss: 2.246e-05, nu: 0.020, Time: 5.92
It: 43200, Loss: 2.293e-05, nu: 0.020, Time: 5.94
It: 43300, Loss: 2.241e-05, nu: 0.020, Time: 5.94
It: 43400, Loss: 2.248e-05, nu: 0.020, Time: 5.93
It: 43500, Loss: 2.250e-05, nu: 0.020, Time: 5.93
It: 43600, Loss: 2.246e-05, nu: 0.020, Time: 5.92
It: 43700, Loss: 2.317e-05, nu: 0.020, Time: 5.88
It: 43800, Loss: 2.240e-05, nu: 0.020, Time: 5.94
It: 43900, Loss: 2.268e-05, nu: 0.020, Time: 5.87
It: 44000, Loss: 2.314e-05, nu: 0.020, Time: 5.94
It: 44100, Loss: 2.302e-05, nu: 0.020, Time: 5.90
It: 44200, Loss: 2.327e-05, nu: 0.020, Time: 5.87
It: 44300, Loss: 2.260e-05, nu: 0.020, Time: 5.95
It: 44400, Loss: 2.274e-05, nu: 0.020, Time: 5.91
It: 44500, Loss: 2.237e-05, nu: 0.020, Time: 5.91
It: 44600, Loss: 2.315e-05, nu: 0.020, Time: 5.95
It: 44700, Loss: 2.218e-05, nu: 0.020, Time: 5.94
It: 44800, Loss: 2.289e-05, nu: 0.020, Time: 6.01
It: 44900, Loss: 2.276e-05, nu: 0.020, Time: 5.95
It: 45000, Loss: 2.235e-05, nu: 0.020, Time: 5.99
It: 45100, Loss: 2.315e-05, nu: 0.020, Time: 6.45
It: 45200, Loss: 2.264e-05, nu: 0.020, Time: 6.23
It: 45300, Loss: 2.326e-05, nu: 0.020, Time: 6.13
It: 45400, Loss: 2.313e-05, nu: 0.020, Time: 6.34
It: 45500, Loss: 2.281e-05, nu: 0.020, Time: 6.23
It: 45600, Loss: 2.262e-05, nu: 0.020, Time: 6.36
It: 45700, Loss: 2.296e-05, nu: 0.020, Time: 6.37
It: 45800, Loss: 2.301e-05, nu: 0.020, Time: 6.24
It: 45900, Loss: 2.247e-05, nu: 0.020, Time: 6.26
It: 46000, Loss: 2.274e-05, nu: 0.020, Time: 6.36
It: 46100, Loss: 2.267e-05, nu: 0.020, Time: 6.26
It: 46200, Loss: 2.335e-05, nu: 0.020, Time: 6.19
It: 46300, Loss: 2.289e-05, nu: 0.020, Time: 6.36
It: 46400, Loss: 2.244e-05, nu: 0.020, Time: 6.27
It: 46500, Loss: 2.241e-05, nu: 0.020, Time: 6.40
It: 46600, Loss: 2.277e-05, nu: 0.020, Time: 6.23
It: 46700, Loss: 2.321e-05, nu: 0.020, Time: 6.17
It: 46800, Loss: 2.280e-05, nu: 0.020, Time: 6.32
It: 46900, Loss: 2.365e-05, nu: 0.020, Time: 6.16
It: 47000, Loss: 2.273e-05, nu: 0.020, Time: 6.12
It: 47100, Loss: 2.272e-05, nu: 0.020, Time: 6.26
It: 47200, Loss: 2.351e-05, nu: 0.020, Time: 6.28
It: 47300, Loss: 2.241e-05, nu: 0.020, Time: 6.34
It: 47400, Loss: 2.258e-05, nu: 0.020, Time: 6.34
It: 47500, Loss: 2.225e-05, nu: 0.020, Time: 6.28
It: 47600, Loss: 2.256e-05, nu: 0.020, Time: 6.25
It: 47700, Loss: 2.236e-05, nu: 0.020, Time: 5.98
It: 47800, Loss: 2.322e-05, nu: 0.020, Time: 6.00
It: 47900, Loss: 2.271e-05, nu: 0.020, Time: 5.92
It: 48000, Loss: 2.347e-05, nu: 0.020, Time: 5.91
It: 48100, Loss: 2.271e-05, nu: 0.020, Time: 5.97
It: 48200, Loss: 2.200e-05, nu: 0.020, Time: 5.94
It: 48300, Loss: 2.262e-05, nu: 0.020, Time: 6.02
It: 48400, Loss: 2.303e-05, nu: 0.020, Time: 5.95
It: 48500, Loss: 2.256e-05, nu: 0.020, Time: 5.95
It: 48600, Loss: 2.250e-05, nu: 0.020, Time: 6.03
It: 48700, Loss: 2.305e-05, nu: 0.020, Time: 5.91
It: 48800, Loss: 2.258e-05, nu: 0.020, Time: 5.96
It: 48900, Loss: 2.295e-05, nu: 0.020, Time: 5.95
It: 49000, Loss: 2.301e-05, nu: 0.020, Time: 5.89
It: 49100, Loss: 2.236e-05, nu: 0.020, Time: 5.97
It: 49200, Loss: 2.336e-05, nu: 0.020, Time: 5.98
It: 49300, Loss: 2.268e-05, nu: 0.020, Time: 5.94
It: 49400, Loss: 2.291e-05, nu: 0.020, Time: 5.99/home/zihan/anaconda3/envs/x/lib/python3.7/site-packages/torch/nn/functional.py:1933: UserWarning: nn.functional.tanh is deprecated. Use torch.tanh instead.
  warnings.warn("nn.functional.tanh is deprecated. Use torch.tanh instead.")

It: 49500, Loss: 2.274e-05, nu: 0.020, Time: 5.94
It: 49600, Loss: 2.285e-05, nu: 0.020, Time: 5.92
It: 49700, Loss: 2.221e-05, nu: 0.020, Time: 5.97
It: 49800, Loss: 2.214e-05, nu: 0.020, Time: 5.92
It: 49900, Loss: 2.334e-05, nu: 0.020, Time: 5.93
Error u: 4.896016e-01
Error nu: 0.00000%
