It: 0, Loss: 2.920e-01, nu: 0.020, Time: 0.07
It: 100, Loss: 1.955e-02, nu: 0.020, Time: 6.31
It: 200, Loss: 1.656e-02, nu: 0.020, Time: 6.19
It: 300, Loss: 1.267e-02, nu: 0.020, Time: 6.37
It: 400, Loss: 2.124e-03, nu: 0.020, Time: 6.22
It: 500, Loss: 7.538e-04, nu: 0.020, Time: 6.23
It: 600, Loss: 8.348e-04, nu: 0.020, Time: 6.19
It: 700, Loss: 3.440e-04, nu: 0.020, Time: 6.10
It: 800, Loss: 1.394e-03, nu: 0.020, Time: 6.14
It: 900, Loss: 2.695e-04, nu: 0.020, Time: 6.21
It: 1000, Loss: 2.474e-04, nu: 0.020, Time: 6.16
It: 1100, Loss: 2.380e-04, nu: 0.020, Time: 6.19
It: 1200, Loss: 2.297e-04, nu: 0.020, Time: 6.15
It: 1300, Loss: 2.231e-04, nu: 0.020, Time: 6.13
It: 1400, Loss: 2.171e-04, nu: 0.020, Time: 6.15
It: 1500, Loss: 2.091e-04, nu: 0.020, Time: 6.20
It: 1600, Loss: 2.022e-04, nu: 0.020, Time: 6.25
It: 1700, Loss: 1.957e-04, nu: 0.020, Time: 6.32
It: 1800, Loss: 1.879e-04, nu: 0.020, Time: 6.43
It: 1900, Loss: 1.851e-04, nu: 0.020, Time: 6.38
It: 2000, Loss: 2.074e-04, nu: 0.020, Time: 6.42
It: 2100, Loss: 1.704e-04, nu: 0.020, Time: 6.34
It: 2200, Loss: 1.657e-04, nu: 0.020, Time: 6.34
It: 2300, Loss: 1.625e-04, nu: 0.020, Time: 6.34
It: 2400, Loss: 1.575e-04, nu: 0.020, Time: 6.37
It: 2500, Loss: 1.518e-04, nu: 0.020, Time: 6.36
It: 2600, Loss: 1.451e-04, nu: 0.020, Time: 6.38
It: 2700, Loss: 1.383e-04, nu: 0.020, Time: 6.39
It: 2800, Loss: 1.312e-04, nu: 0.020, Time: 6.30
It: 2900, Loss: 1.262e-04, nu: 0.020, Time: 6.35
It: 3000, Loss: 1.193e-04, nu: 0.020, Time: 6.40
It: 3100, Loss: 1.140e-04, nu: 0.020, Time: 6.31
It: 3200, Loss: 1.096e-04, nu: 0.020, Time: 6.38
It: 3300, Loss: 1.065e-04, nu: 0.020, Time: 6.39
It: 3400, Loss: 1.013e-04, nu: 0.020, Time: 6.41
It: 3500, Loss: 9.661e-05, nu: 0.020, Time: 6.38
It: 3600, Loss: 9.132e-05, nu: 0.020, Time: 6.38
It: 3700, Loss: 8.595e-05, nu: 0.020, Time: 6.32
It: 3800, Loss: 8.107e-05, nu: 0.020, Time: 6.35
It: 3900, Loss: 7.642e-05, nu: 0.020, Time: 6.48
It: 4000, Loss: 7.045e-05, nu: 0.020, Time: 6.52
It: 4100, Loss: 6.722e-05, nu: 0.020, Time: 6.44
It: 4200, Loss: 6.436e-05, nu: 0.020, Time: 6.41
It: 4300, Loss: 6.181e-05, nu: 0.020, Time: 6.41
It: 4400, Loss: 5.813e-05, nu: 0.020, Time: 6.57
It: 4500, Loss: 5.561e-05, nu: 0.020, Time: 6.54
It: 4600, Loss: 5.242e-05, nu: 0.020, Time: 6.64
It: 4700, Loss: 5.000e-05, nu: 0.020, Time: 6.51
It: 4800, Loss: 4.689e-05, nu: 0.020, Time: 6.43
It: 4900, Loss: 4.274e-05, nu: 0.020, Time: 6.47
It: 5000, Loss: 3.993e-05, nu: 0.020, Time: 6.31
It: 5100, Loss: 3.829e-05, nu: 0.020, Time: 6.30
It: 5200, Loss: 3.706e-05, nu: 0.020, Time: 6.39
It: 5300, Loss: 3.596e-05, nu: 0.020, Time: 6.26
It: 5400, Loss: 3.375e-05, nu: 0.020, Time: 6.23
It: 5500, Loss: 3.225e-05, nu: 0.020, Time: 6.33
It: 5600, Loss: 3.074e-05, nu: 0.020, Time: 6.27
It: 5700, Loss: 2.874e-05, nu: 0.020, Time: 6.29
It: 5800, Loss: 2.723e-05, nu: 0.020, Time: 6.32
It: 5900, Loss: 2.604e-05, nu: 0.020, Time: 6.22
It: 6000, Loss: 2.497e-05, nu: 0.020, Time: 6.23
It: 6100, Loss: 2.357e-05, nu: 0.020, Time: 6.38
It: 6200, Loss: 2.284e-05, nu: 0.020, Time: 6.33
It: 6300, Loss: 2.165e-05, nu: 0.020, Time: 6.35
It: 6400, Loss: 2.150e-05, nu: 0.020, Time: 6.35
It: 6500, Loss: 2.050e-05, nu: 0.020, Time: 6.38
It: 6600, Loss: 1.914e-05, nu: 0.020, Time: 6.34
It: 6700, Loss: 1.832e-05, nu: 0.020, Time: 6.19
It: 6800, Loss: 1.769e-05, nu: 0.020, Time: 6.37
It: 6900, Loss: 1.714e-05, nu: 0.020, Time: 6.38
It: 7000, Loss: 1.699e-05, nu: 0.020, Time: 6.38
It: 7100, Loss: 1.660e-05, nu: 0.020, Time: 6.36
It: 7200, Loss: 1.558e-05, nu: 0.020, Time: 6.31
It: 7300, Loss: 1.536e-05, nu: 0.020, Time: 6.10
It: 7400, Loss: 1.554e-05, nu: 0.020, Time: 6.34
It: 7500, Loss: 1.480e-05, nu: 0.020, Time: 6.35
It: 7600, Loss: 1.448e-05, nu: 0.020, Time: 6.34
It: 7700, Loss: 1.383e-05, nu: 0.020, Time: 6.26
It: 7800, Loss: 1.389e-05, nu: 0.020, Time: 6.29
It: 7900, Loss: 1.313e-05, nu: 0.020, Time: 6.32
It: 8000, Loss: 1.265e-05, nu: 0.020, Time: 6.28
It: 8100, Loss: 1.254e-05, nu: 0.020, Time: 6.38
It: 8200, Loss: 1.207e-05, nu: 0.020, Time: 6.29
It: 8300, Loss: 1.171e-05, nu: 0.020, Time: 6.25
It: 8400, Loss: 1.217e-05, nu: 0.020, Time: 6.24
It: 8500, Loss: 1.167e-05, nu: 0.020, Time: 6.30
It: 8600, Loss: 1.171e-05, nu: 0.020, Time: 6.29
It: 8700, Loss: 1.120e-05, nu: 0.020, Time: 6.35
It: 8800, Loss: 1.103e-05, nu: 0.020, Time: 6.34
It: 8900, Loss: 1.088e-05, nu: 0.020, Time: 6.24
It: 9000, Loss: 1.088e-05, nu: 0.020, Time: 6.26
It: 9100, Loss: 1.023e-05, nu: 0.020, Time: 6.25
It: 9200, Loss: 1.046e-05, nu: 0.020, Time: 6.21
It: 9300, Loss: 9.918e-06, nu: 0.020, Time: 6.22
It: 9400, Loss: 9.998e-06, nu: 0.020, Time: 6.20
It: 9500, Loss: 1.012e-05, nu: 0.020, Time: 6.19
It: 9600, Loss: 9.769e-06, nu: 0.020, Time: 6.29
It: 9700, Loss: 9.666e-06, nu: 0.020, Time: 6.30
It: 9800, Loss: 9.574e-06, nu: 0.020, Time: 6.14
It: 9900, Loss: 9.744e-06, nu: 0.020, Time: 6.32
It: 10000, Loss: 9.383e-06, nu: 0.020, Time: 6.27
It: 10100, Loss: 9.626e-06, nu: 0.020, Time: 6.29
It: 10200, Loss: 9.264e-06, nu: 0.020, Time: 6.22
It: 10300, Loss: 9.452e-06, nu: 0.020, Time: 6.30
It: 10400, Loss: 9.625e-06, nu: 0.020, Time: 6.25
It: 10500, Loss: 8.938e-06, nu: 0.020, Time: 6.33
It: 10600, Loss: 9.330e-06, nu: 0.020, Time: 6.29
It: 10700, Loss: 9.445e-06, nu: 0.020, Time: 6.31
It: 10800, Loss: 8.848e-06, nu: 0.020, Time: 6.13
It: 10900, Loss: 8.618e-06, nu: 0.020, Time: 6.37
It: 11000, Loss: 8.616e-06, nu: 0.020, Time: 6.48
It: 11100, Loss: 8.862e-06, nu: 0.020, Time: 6.41
It: 11200, Loss: 8.426e-06, nu: 0.020, Time: 6.51
It: 11300, Loss: 8.769e-06, nu: 0.020, Time: 6.46
It: 11400, Loss: 8.502e-06, nu: 0.020, Time: 6.40
It: 11500, Loss: 8.426e-06, nu: 0.020, Time: 6.37
It: 11600, Loss: 8.272e-06, nu: 0.020, Time: 6.35
It: 11700, Loss: 8.666e-06, nu: 0.020, Time: 6.40
It: 11800, Loss: 8.618e-06, nu: 0.020, Time: 6.52
It: 11900, Loss: 8.296e-06, nu: 0.020, Time: 6.55
It: 12000, Loss: 8.033e-06, nu: 0.020, Time: 6.45
It: 12100, Loss: 8.448e-06, nu: 0.020, Time: 6.32
It: 12200, Loss: 8.358e-06, nu: 0.020, Time: 6.46
It: 12300, Loss: 8.371e-06, nu: 0.020, Time: 6.50
It: 12400, Loss: 7.784e-06, nu: 0.020, Time: 6.41
It: 12500, Loss: 7.984e-06, nu: 0.020, Time: 6.41
It: 12600, Loss: 8.307e-06, nu: 0.020, Time: 6.51
It: 12700, Loss: 7.918e-06, nu: 0.020, Time: 6.48
It: 12800, Loss: 8.154e-06, nu: 0.020, Time: 6.38
It: 12900, Loss: 8.213e-06, nu: 0.020, Time: 6.30
It: 13000, Loss: 8.235e-06, nu: 0.020, Time: 6.31
It: 13100, Loss: 8.201e-06, nu: 0.020, Time: 6.42
It: 13200, Loss: 8.002e-06, nu: 0.020, Time: 6.36
It: 13300, Loss: 7.969e-06, nu: 0.020, Time: 6.34
It: 13400, Loss: 8.047e-06, nu: 0.020, Time: 6.34
It: 13500, Loss: 7.926e-06, nu: 0.020, Time: 6.40
It: 13600, Loss: 7.875e-06, nu: 0.020, Time: 6.44
It: 13700, Loss: 8.116e-06, nu: 0.020, Time: 6.40
It: 13800, Loss: 7.721e-06, nu: 0.020, Time: 6.51
It: 13900, Loss: 7.948e-06, nu: 0.020, Time: 6.47
It: 14000, Loss: 7.545e-06, nu: 0.020, Time: 6.45
It: 14100, Loss: 8.009e-06, nu: 0.020, Time: 6.40
It: 14200, Loss: 8.118e-06, nu: 0.020, Time: 6.50
It: 14300, Loss: 7.990e-06, nu: 0.020, Time: 6.45
It: 14400, Loss: 7.770e-06, nu: 0.020, Time: 6.36
It: 14500, Loss: 7.722e-06, nu: 0.020, Time: 6.44
It: 14600, Loss: 7.918e-06, nu: 0.020, Time: 6.44
It: 14700, Loss: 7.461e-06, nu: 0.020, Time: 6.43
It: 14800, Loss: 8.165e-06, nu: 0.020, Time: 6.39
It: 14900, Loss: 7.748e-06, nu: 0.020, Time: 6.40
It: 15000, Loss: 7.612e-06, nu: 0.020, Time: 6.44
It: 15100, Loss: 8.012e-06, nu: 0.020, Time: 6.46
It: 15200, Loss: 8.113e-06, nu: 0.020, Time: 6.43
It: 15300, Loss: 7.905e-06, nu: 0.020, Time: 6.37
It: 15400, Loss: 7.932e-06, nu: 0.020, Time: 6.43
It: 15500, Loss: 7.921e-06, nu: 0.020, Time: 6.35
It: 15600, Loss: 7.789e-06, nu: 0.020, Time: 6.37
It: 15700, Loss: 7.942e-06, nu: 0.020, Time: 6.30
It: 15800, Loss: 7.758e-06, nu: 0.020, Time: 6.43
It: 15900, Loss: 7.788e-06, nu: 0.020, Time: 6.46
It: 16000, Loss: 7.585e-06, nu: 0.020, Time: 6.40
It: 16100, Loss: 7.580e-06, nu: 0.020, Time: 6.36
It: 16200, Loss: 7.899e-06, nu: 0.020, Time: 6.34
It: 16300, Loss: 7.526e-06, nu: 0.020, Time: 6.37
It: 16400, Loss: 7.818e-06, nu: 0.020, Time: 6.36
It: 16500, Loss: 7.519e-06, nu: 0.020, Time: 6.35
It: 16600, Loss: 7.806e-06, nu: 0.020, Time: 6.23
It: 16700, Loss: 7.753e-06, nu: 0.020, Time: 6.39
It: 16800, Loss: 8.010e-06, nu: 0.020, Time: 6.45
It: 16900, Loss: 7.615e-06, nu: 0.020, Time: 6.44
It: 17000, Loss: 7.891e-06, nu: 0.020, Time: 6.38
It: 17100, Loss: 7.692e-06, nu: 0.020, Time: 6.40
It: 17200, Loss: 7.669e-06, nu: 0.020, Time: 6.38
It: 17300, Loss: 7.967e-06, nu: 0.020, Time: 6.42
It: 17400, Loss: 7.648e-06, nu: 0.020, Time: 6.35
It: 17500, Loss: 8.254e-06, nu: 0.020, Time: 6.31
It: 17600, Loss: 7.845e-06, nu: 0.020, Time: 6.27
It: 17700, Loss: 7.826e-06, nu: 0.020, Time: 6.27
It: 17800, Loss: 8.083e-06, nu: 0.020, Time: 6.37
It: 17900, Loss: 7.662e-06, nu: 0.020, Time: 6.38
It: 18000, Loss: 7.859e-06, nu: 0.020, Time: 6.36
It: 18100, Loss: 7.660e-06, nu: 0.020, Time: 6.34
It: 18200, Loss: 7.796e-06, nu: 0.020, Time: 6.27
It: 18300, Loss: 7.907e-06, nu: 0.020, Time: 4.73
It: 18400, Loss: 7.619e-06, nu: 0.020, Time: 5.95
It: 18500, Loss: 8.244e-06, nu: 0.020, Time: 6.44
It: 18600, Loss: 7.476e-06, nu: 0.020, Time: 6.18
It: 18700, Loss: 7.868e-06, nu: 0.020, Time: 4.76
It: 18800, Loss: 7.575e-06, nu: 0.020, Time: 4.76
It: 18900, Loss: 7.707e-06, nu: 0.020, Time: 4.75
It: 19000, Loss: 7.763e-06, nu: 0.020, Time: 4.76
It: 19100, Loss: 7.801e-06, nu: 0.020, Time: 4.76
It: 19200, Loss: 7.855e-06, nu: 0.020, Time: 6.35
It: 19300, Loss: 7.642e-06, nu: 0.020, Time: 6.42
It: 19400, Loss: 8.020e-06, nu: 0.020, Time: 6.37
It: 19500, Loss: 7.563e-06, nu: 0.020, Time: 6.49
It: 19600, Loss: 7.749e-06, nu: 0.020, Time: 6.21
It: 19700, Loss: 7.479e-06, nu: 0.020, Time: 6.17
It: 19800, Loss: 7.594e-06, nu: 0.020, Time: 6.16
It: 19900, Loss: 7.963e-06, nu: 0.020, Time: 6.31
It: 20000, Loss: 7.850e-06, nu: 0.020, Time: 6.53
It: 20100, Loss: 8.135e-06, nu: 0.020, Time: 6.38
It: 20200, Loss: 7.904e-06, nu: 0.020, Time: 6.25
It: 20300, Loss: 7.565e-06, nu: 0.020, Time: 6.34
It: 20400, Loss: 7.883e-06, nu: 0.020, Time: 6.24
It: 20500, Loss: 8.002e-06, nu: 0.020, Time: 6.39
It: 20600, Loss: 7.587e-06, nu: 0.020, Time: 6.33
It: 20700, Loss: 7.943e-06, nu: 0.020, Time: 6.36
It: 20800, Loss: 7.509e-06, nu: 0.020, Time: 6.27
It: 20900, Loss: 7.775e-06, nu: 0.020, Time: 6.32
It: 21000, Loss: 7.947e-06, nu: 0.020, Time: 6.45
It: 21100, Loss: 7.913e-06, nu: 0.020, Time: 6.41
It: 21200, Loss: 8.048e-06, nu: 0.020, Time: 6.42
It: 21300, Loss: 7.523e-06, nu: 0.020, Time: 6.31
It: 21400, Loss: 7.645e-06, nu: 0.020, Time: 6.29
It: 21500, Loss: 7.828e-06, nu: 0.020, Time: 6.33
It: 21600, Loss: 7.536e-06, nu: 0.020, Time: 6.32
It: 21700, Loss: 7.632e-06, nu: 0.020, Time: 6.34
It: 21800, Loss: 7.840e-06, nu: 0.020, Time: 6.38
It: 21900, Loss: 7.955e-06, nu: 0.020, Time: 6.38
It: 22000, Loss: 7.794e-06, nu: 0.020, Time: 6.43
It: 22100, Loss: 7.877e-06, nu: 0.020, Time: 6.22
It: 22200, Loss: 7.940e-06, nu: 0.020, Time: 6.54
It: 22300, Loss: 7.871e-06, nu: 0.020, Time: 6.53
It: 22400, Loss: 7.976e-06, nu: 0.020, Time: 6.47
It: 22500, Loss: 7.837e-06, nu: 0.020, Time: 6.37
It: 22600, Loss: 7.773e-06, nu: 0.020, Time: 6.28
It: 22700, Loss: 7.751e-06, nu: 0.020, Time: 6.33
It: 22800, Loss: 8.006e-06, nu: 0.020, Time: 6.45
It: 22900, Loss: 7.947e-06, nu: 0.020, Time: 6.35
It: 23000, Loss: 7.429e-06, nu: 0.020, Time: 6.43
It: 23100, Loss: 7.767e-06, nu: 0.020, Time: 6.39
It: 23200, Loss: 7.626e-06, nu: 0.020, Time: 6.33
It: 23300, Loss: 7.820e-06, nu: 0.020, Time: 6.36
It: 23400, Loss: 7.649e-06, nu: 0.020, Time: 6.39
It: 23500, Loss: 7.415e-06, nu: 0.020, Time: 6.40
It: 23600, Loss: 7.901e-06, nu: 0.020, Time: 6.27
It: 23700, Loss: 7.926e-06, nu: 0.020, Time: 6.33
It: 23800, Loss: 7.893e-06, nu: 0.020, Time: 6.21
It: 23900, Loss: 8.064e-06, nu: 0.020, Time: 6.20
It: 24000, Loss: 7.596e-06, nu: 0.020, Time: 6.26
It: 24100, Loss: 7.602e-06, nu: 0.020, Time: 6.35
It: 24200, Loss: 7.922e-06, nu: 0.020, Time: 6.27
It: 24300, Loss: 7.311e-06, nu: 0.020, Time: 6.34
It: 24400, Loss: 7.561e-06, nu: 0.020, Time: 6.32
It: 24500, Loss: 7.748e-06, nu: 0.020, Time: 6.30
It: 24600, Loss: 8.140e-06, nu: 0.020, Time: 6.33
It: 24700, Loss: 7.505e-06, nu: 0.020, Time: 6.34
It: 24800, Loss: 7.897e-06, nu: 0.020, Time: 6.24
It: 24900, Loss: 7.981e-06, nu: 0.020, Time: 6.29
It: 25000, Loss: 7.868e-06, nu: 0.020, Time: 6.38
It: 25100, Loss: 7.689e-06, nu: 0.020, Time: 6.31
It: 25200, Loss: 7.448e-06, nu: 0.020, Time: 6.38
It: 25300, Loss: 7.812e-06, nu: 0.020, Time: 6.45
It: 25400, Loss: 7.787e-06, nu: 0.020, Time: 6.15
It: 25500, Loss: 7.863e-06, nu: 0.020, Time: 6.28
It: 25600, Loss: 7.901e-06, nu: 0.020, Time: 6.30
It: 25700, Loss: 7.879e-06, nu: 0.020, Time: 6.21
It: 25800, Loss: 7.676e-06, nu: 0.020, Time: 6.23
It: 25900, Loss: 7.963e-06, nu: 0.020, Time: 6.22
It: 26000, Loss: 7.767e-06, nu: 0.020, Time: 6.25
It: 26100, Loss: 7.806e-06, nu: 0.020, Time: 6.30
It: 26200, Loss: 7.808e-06, nu: 0.020, Time: 6.32
It: 26300, Loss: 7.743e-06, nu: 0.020, Time: 6.18
It: 26400, Loss: 7.541e-06, nu: 0.020, Time: 6.20
It: 26500, Loss: 7.970e-06, nu: 0.020, Time: 6.16
It: 26600, Loss: 7.766e-06, nu: 0.020, Time: 6.35
It: 26700, Loss: 7.783e-06, nu: 0.020, Time: 6.41
It: 26800, Loss: 7.682e-06, nu: 0.020, Time: 6.37
It: 26900, Loss: 7.623e-06, nu: 0.020, Time: 6.37
It: 27000, Loss: 7.822e-06, nu: 0.020, Time: 6.33
It: 27100, Loss: 7.489e-06, nu: 0.020, Time: 6.44
It: 27200, Loss: 8.010e-06, nu: 0.020, Time: 6.37
It: 27300, Loss: 7.913e-06, nu: 0.020, Time: 6.36
It: 27400, Loss: 7.736e-06, nu: 0.020, Time: 6.45
It: 27500, Loss: 8.001e-06, nu: 0.020, Time: 6.36
It: 27600, Loss: 7.943e-06, nu: 0.020, Time: 6.45
It: 27700, Loss: 7.619e-06, nu: 0.020, Time: 6.47
It: 27800, Loss: 7.942e-06, nu: 0.020, Time: 6.43
It: 27900, Loss: 7.590e-06, nu: 0.020, Time: 6.44
It: 28000, Loss: 7.676e-06, nu: 0.020, Time: 6.42
It: 28100, Loss: 8.108e-06, nu: 0.020, Time: 6.39
It: 28200, Loss: 7.728e-06, nu: 0.020, Time: 6.33
It: 28300, Loss: 8.103e-06, nu: 0.020, Time: 6.44
It: 28400, Loss: 7.929e-06, nu: 0.020, Time: 6.34
It: 28500, Loss: 7.822e-06, nu: 0.020, Time: 6.13
It: 28600, Loss: 7.857e-06, nu: 0.020, Time: 6.37
It: 28700, Loss: 8.054e-06, nu: 0.020, Time: 6.24
It: 28800, Loss: 8.050e-06, nu: 0.020, Time: 6.30
It: 28900, Loss: 8.078e-06, nu: 0.020, Time: 6.33
It: 29000, Loss: 7.830e-06, nu: 0.020, Time: 6.44
It: 29100, Loss: 7.961e-06, nu: 0.020, Time: 6.36
It: 29200, Loss: 7.964e-06, nu: 0.020, Time: 6.27
It: 29300, Loss: 7.843e-06, nu: 0.020, Time: 6.28
It: 29400, Loss: 8.091e-06, nu: 0.020, Time: 6.26
It: 29500, Loss: 7.810e-06, nu: 0.020, Time: 6.28
It: 29600, Loss: 7.883e-06, nu: 0.020, Time: 6.35
It: 29700, Loss: 7.683e-06, nu: 0.020, Time: 6.39
It: 29800, Loss: 7.732e-06, nu: 0.020, Time: 6.30
It: 29900, Loss: 7.785e-06, nu: 0.020, Time: 6.46
It: 30000, Loss: 7.771e-06, nu: 0.020, Time: 6.34
It: 30100, Loss: 8.287e-06, nu: 0.020, Time: 6.37
It: 30200, Loss: 7.792e-06, nu: 0.020, Time: 6.30
It: 30300, Loss: 7.728e-06, nu: 0.020, Time: 6.31
It: 30400, Loss: 7.811e-06, nu: 0.020, Time: 6.33
It: 30500, Loss: 7.588e-06, nu: 0.020, Time: 6.18
It: 30600, Loss: 7.779e-06, nu: 0.020, Time: 6.26
It: 30700, Loss: 7.929e-06, nu: 0.020, Time: 6.20
It: 30800, Loss: 8.034e-06, nu: 0.020, Time: 6.26
It: 30900, Loss: 7.920e-06, nu: 0.020, Time: 6.28
It: 31000, Loss: 8.071e-06, nu: 0.020, Time: 6.25
It: 31100, Loss: 7.759e-06, nu: 0.020, Time: 6.13
It: 31200, Loss: 7.579e-06, nu: 0.020, Time: 6.25
It: 31300, Loss: 7.703e-06, nu: 0.020, Time: 6.19
It: 31400, Loss: 8.131e-06, nu: 0.020, Time: 6.20
It: 31500, Loss: 7.830e-06, nu: 0.020, Time: 6.23
It: 31600, Loss: 7.784e-06, nu: 0.020, Time: 6.19
It: 31700, Loss: 7.915e-06, nu: 0.020, Time: 6.20
It: 31800, Loss: 8.181e-06, nu: 0.020, Time: 6.22
It: 31900, Loss: 7.645e-06, nu: 0.020, Time: 6.16
It: 32000, Loss: 7.672e-06, nu: 0.020, Time: 5.86
It: 32100, Loss: 7.629e-06, nu: 0.020, Time: 5.29
It: 32200, Loss: 8.298e-06, nu: 0.020, Time: 5.39
It: 32300, Loss: 7.669e-06, nu: 0.020, Time: 5.70
It: 32400, Loss: 7.788e-06, nu: 0.020, Time: 6.18
It: 32500, Loss: 7.763e-06, nu: 0.020, Time: 5.51
It: 32600, Loss: 7.784e-06, nu: 0.020, Time: 6.09
It: 32700, Loss: 7.758e-06, nu: 0.020, Time: 6.26
It: 32800, Loss: 7.863e-06, nu: 0.020, Time: 6.36
It: 32900, Loss: 7.727e-06, nu: 0.020, Time: 6.41
It: 33000, Loss: 7.892e-06, nu: 0.020, Time: 6.33
It: 33100, Loss: 7.670e-06, nu: 0.020, Time: 6.36
It: 33200, Loss: 7.791e-06, nu: 0.020, Time: 6.34
It: 33300, Loss: 7.890e-06, nu: 0.020, Time: 6.29
It: 33400, Loss: 7.831e-06, nu: 0.020, Time: 6.38
It: 33500, Loss: 7.926e-06, nu: 0.020, Time: 6.38
It: 33600, Loss: 7.955e-06, nu: 0.020, Time: 6.26
It: 33700, Loss: 7.702e-06, nu: 0.020, Time: 6.31
It: 33800, Loss: 7.710e-06, nu: 0.020, Time: 6.37
It: 33900, Loss: 7.879e-06, nu: 0.020, Time: 6.36
It: 34000, Loss: 7.962e-06, nu: 0.020, Time: 6.35
It: 34100, Loss: 7.914e-06, nu: 0.020, Time: 6.34
It: 34200, Loss: 7.831e-06, nu: 0.020, Time: 6.34
It: 34300, Loss: 7.800e-06, nu: 0.020, Time: 6.34
It: 34400, Loss: 8.053e-06, nu: 0.020, Time: 6.29
It: 34500, Loss: 8.053e-06, nu: 0.020, Time: 6.32
It: 34600, Loss: 8.039e-06, nu: 0.020, Time: 6.30
It: 34700, Loss: 7.879e-06, nu: 0.020, Time: 6.41
It: 34800, Loss: 7.992e-06, nu: 0.020, Time: 6.33
It: 34900, Loss: 7.546e-06, nu: 0.020, Time: 6.30
It: 35000, Loss: 7.859e-06, nu: 0.020, Time: 6.39
It: 35100, Loss: 7.697e-06, nu: 0.020, Time: 6.38
It: 35200, Loss: 7.600e-06, nu: 0.020, Time: 6.40
It: 35300, Loss: 7.790e-06, nu: 0.020, Time: 6.23
It: 35400, Loss: 7.722e-06, nu: 0.020, Time: 6.35
It: 35500, Loss: 7.580e-06, nu: 0.020, Time: 6.29
It: 35600, Loss: 7.954e-06, nu: 0.020, Time: 6.33
It: 35700, Loss: 7.805e-06, nu: 0.020, Time: 6.30
It: 35800, Loss: 7.859e-06, nu: 0.020, Time: 6.32
It: 35900, Loss: 7.744e-06, nu: 0.020, Time: 6.33
It: 36000, Loss: 7.604e-06, nu: 0.020, Time: 6.41
It: 36100, Loss: 7.509e-06, nu: 0.020, Time: 6.43
It: 36200, Loss: 7.963e-06, nu: 0.020, Time: 6.32
It: 36300, Loss: 7.883e-06, nu: 0.020, Time: 6.42
It: 36400, Loss: 8.024e-06, nu: 0.020, Time: 6.32
It: 36500, Loss: 7.564e-06, nu: 0.020, Time: 6.36
It: 36600, Loss: 7.787e-06, nu: 0.020, Time: 6.32
It: 36700, Loss: 8.148e-06, nu: 0.020, Time: 6.45
It: 36800, Loss: 8.025e-06, nu: 0.020, Time: 6.38
It: 36900, Loss: 8.043e-06, nu: 0.020, Time: 6.47
It: 37000, Loss: 8.148e-06, nu: 0.020, Time: 6.44
It: 37100, Loss: 7.816e-06, nu: 0.020, Time: 6.40
It: 37200, Loss: 7.544e-06, nu: 0.020, Time: 6.42
It: 37300, Loss: 7.688e-06, nu: 0.020, Time: 6.40
It: 37400, Loss: 7.892e-06, nu: 0.020, Time: 6.43
It: 37500, Loss: 7.972e-06, nu: 0.020, Time: 6.47
It: 37600, Loss: 7.771e-06, nu: 0.020, Time: 6.37
It: 37700, Loss: 7.955e-06, nu: 0.020, Time: 6.40
It: 37800, Loss: 7.751e-06, nu: 0.020, Time: 6.36
It: 37900, Loss: 7.815e-06, nu: 0.020, Time: 6.37
It: 38000, Loss: 7.695e-06, nu: 0.020, Time: 6.45
It: 38100, Loss: 7.927e-06, nu: 0.020, Time: 6.42
It: 38200, Loss: 7.741e-06, nu: 0.020, Time: 6.39
It: 38300, Loss: 8.042e-06, nu: 0.020, Time: 6.37
It: 38400, Loss: 7.768e-06, nu: 0.020, Time: 6.34
It: 38500, Loss: 7.548e-06, nu: 0.020, Time: 6.27
It: 38600, Loss: 7.826e-06, nu: 0.020, Time: 6.16
It: 38700, Loss: 7.621e-06, nu: 0.020, Time: 6.20
It: 38800, Loss: 7.616e-06, nu: 0.020, Time: 6.19
It: 38900, Loss: 7.843e-06, nu: 0.020, Time: 6.17
It: 39000, Loss: 7.735e-06, nu: 0.020, Time: 6.16
It: 39100, Loss: 7.638e-06, nu: 0.020, Time: 6.15
It: 39200, Loss: 8.173e-06, nu: 0.020, Time: 6.21
It: 39300, Loss: 7.875e-06, nu: 0.020, Time: 6.25
It: 39400, Loss: 7.744e-06, nu: 0.020, Time: 6.31
It: 39500, Loss: 7.927e-06, nu: 0.020, Time: 5.70
It: 39600, Loss: 7.874e-06, nu: 0.020, Time: 5.58
It: 39700, Loss: 7.372e-06, nu: 0.020, Time: 6.31
It: 39800, Loss: 7.881e-06, nu: 0.020, Time: 6.33
It: 39900, Loss: 7.764e-06, nu: 0.020, Time: 6.29
It: 40000, Loss: 7.929e-06, nu: 0.020, Time: 6.32
It: 40100, Loss: 8.054e-06, nu: 0.020, Time: 6.26
It: 40200, Loss: 7.692e-06, nu: 0.020, Time: 6.20
It: 40300, Loss: 7.620e-06, nu: 0.020, Time: 6.11
It: 40400, Loss: 8.058e-06, nu: 0.020, Time: 5.91
It: 40500, Loss: 7.379e-06, nu: 0.020, Time: 4.72
It: 40600, Loss: 8.004e-06, nu: 0.020, Time: 4.66
It: 40700, Loss: 7.703e-06, nu: 0.020, Time: 4.69
It: 40800, Loss: 7.764e-06, nu: 0.020, Time: 4.66
It: 40900, Loss: 7.741e-06, nu: 0.020, Time: 4.71
It: 41000, Loss: 7.979e-06, nu: 0.020, Time: 4.72
It: 41100, Loss: 7.847e-06, nu: 0.020, Time: 4.68
It: 41200, Loss: 7.812e-06, nu: 0.020, Time: 4.69
It: 41300, Loss: 7.735e-06, nu: 0.020, Time: 4.71
It: 41400, Loss: 7.984e-06, nu: 0.020, Time: 4.71
It: 41500, Loss: 7.751e-06, nu: 0.020, Time: 4.72
It: 41600, Loss: 7.721e-06, nu: 0.020, Time: 4.65
It: 41700, Loss: 7.397e-06, nu: 0.020, Time: 4.71
It: 41800, Loss: 8.040e-06, nu: 0.020, Time: 4.73
It: 41900, Loss: 7.842e-06, nu: 0.020, Time: 4.68
It: 42000, Loss: 7.699e-06, nu: 0.020, Time: 4.71
It: 42100, Loss: 7.743e-06, nu: 0.020, Time: 4.66
It: 42200, Loss: 7.943e-06, nu: 0.020, Time: 4.75
It: 42300, Loss: 7.980e-06, nu: 0.020, Time: 4.73
It: 42400, Loss: 7.766e-06, nu: 0.020, Time: 5.15
It: 42500, Loss: 7.734e-06, nu: 0.020, Time: 5.87
It: 42600, Loss: 7.915e-06, nu: 0.020, Time: 5.92
It: 42700, Loss: 7.773e-06, nu: 0.020, Time: 5.99
It: 42800, Loss: 8.111e-06, nu: 0.020, Time: 6.11
It: 42900, Loss: 7.841e-06, nu: 0.020, Time: 6.13
It: 43000, Loss: 7.832e-06, nu: 0.020, Time: 6.17
It: 43100, Loss: 7.503e-06, nu: 0.020, Time: 6.15
It: 43200, Loss: 7.987e-06, nu: 0.020, Time: 6.20
It: 43300, Loss: 7.427e-06, nu: 0.020, Time: 6.13
It: 43400, Loss: 7.900e-06, nu: 0.020, Time: 6.11
It: 43500, Loss: 7.586e-06, nu: 0.020, Time: 6.24
It: 43600, Loss: 8.003e-06, nu: 0.020, Time: 6.33
It: 43700, Loss: 8.402e-06, nu: 0.020, Time: 6.34
It: 43800, Loss: 7.640e-06, nu: 0.020, Time: 6.31
It: 43900, Loss: 7.864e-06, nu: 0.020, Time: 6.31
It: 44000, Loss: 7.829e-06, nu: 0.020, Time: 6.31
It: 44100, Loss: 7.473e-06, nu: 0.020, Time: 6.26
It: 44200, Loss: 7.854e-06, nu: 0.020, Time: 6.31
It: 44300, Loss: 7.647e-06, nu: 0.020, Time: 6.25
It: 44400, Loss: 7.688e-06, nu: 0.020, Time: 6.20
It: 44500, Loss: 7.534e-06, nu: 0.020, Time: 6.31
It: 44600, Loss: 7.876e-06, nu: 0.020, Time: 6.24
It: 44700, Loss: 7.907e-06, nu: 0.020, Time: 6.47
It: 44800, Loss: 7.915e-06, nu: 0.020, Time: 6.48
It: 44900, Loss: 7.895e-06, nu: 0.020, Time: 6.27
It: 45000, Loss: 7.825e-06, nu: 0.020, Time: 6.16
It: 45100, Loss: 7.932e-06, nu: 0.020, Time: 6.26
It: 45200, Loss: 7.582e-06, nu: 0.020, Time: 6.21
It: 45300, Loss: 8.316e-06, nu: 0.020, Time: 6.26
It: 45400, Loss: 8.056e-06, nu: 0.020, Time: 6.26
It: 45500, Loss: 7.691e-06, nu: 0.020, Time: 6.23
It: 45600, Loss: 8.062e-06, nu: 0.020, Time: 6.30
It: 45700, Loss: 7.790e-06, nu: 0.020, Time: 6.34
It: 45800, Loss: 7.718e-06, nu: 0.020, Time: 6.39
It: 45900, Loss: 7.622e-06, nu: 0.020, Time: 6.39
It: 46000, Loss: 7.848e-06, nu: 0.020, Time: 6.32
It: 46100, Loss: 7.907e-06, nu: 0.020, Time: 6.28
It: 46200, Loss: 7.813e-06, nu: 0.020, Time: 6.36
It: 46300, Loss: 8.055e-06, nu: 0.020, Time: 6.37
It: 46400, Loss: 7.705e-06, nu: 0.020, Time: 6.39
It: 46500, Loss: 7.864e-06, nu: 0.020, Time: 6.45
It: 46600, Loss: 7.886e-06, nu: 0.020, Time: 6.37
It: 46700, Loss: 7.812e-06, nu: 0.020, Time: 6.38
It: 46800, Loss: 7.899e-06, nu: 0.020, Time: 6.47
It: 46900, Loss: 8.036e-06, nu: 0.020, Time: 6.33
It: 47000, Loss: 7.588e-06, nu: 0.020, Time: 6.32
It: 47100, Loss: 7.715e-06, nu: 0.020, Time: 6.33
It: 47200, Loss: 8.166e-06, nu: 0.020, Time: 6.43
It: 47300, Loss: 7.751e-06, nu: 0.020, Time: 6.47
It: 47400, Loss: 7.908e-06, nu: 0.020, Time: 6.44
It: 47500, Loss: 7.723e-06, nu: 0.020, Time: 6.40
It: 47600, Loss: 7.466e-06, nu: 0.020, Time: 6.32
It: 47700, Loss: 7.804e-06, nu: 0.020, Time: 6.45
It: 47800, Loss: 8.286e-06, nu: 0.020, Time: 6.42
It: 47900, Loss: 7.810e-06, nu: 0.020, Time: 6.43
It: 48000, Loss: 8.021e-06, nu: 0.020, Time: 6.46
It: 48100, Loss: 7.726e-06, nu: 0.020, Time: 6.48
It: 48200, Loss: 8.035e-06, nu: 0.020, Time: 6.41
It: 48300, Loss: 7.905e-06, nu: 0.020, Time: 6.41
It: 48400, Loss: 7.758e-06, nu: 0.020, Time: 6.40
It: 48500, Loss: 7.634e-06, nu: 0.020, Time: 6.33
It: 48600, Loss: 7.940e-06, nu: 0.020, Time: 6.41
It: 48700, Loss: 7.857e-06, nu: 0.020, Time: 6.36
It: 48800, Loss: 7.513e-06, nu: 0.020, Time: 6.47
It: 48900, Loss: 7.740e-06, nu: 0.020, Time: 6.41
It: 49000, Loss: 7.637e-06, nu: 0.020, Time: 6.42
It: 49100, Loss: 7.788e-06, nu: 0.020, Time: 6.36
It: 49200, Loss: 8.038e-06, nu: 0.020, Time: 6.31
It: 49300, Loss: 7.904e-06, nu: 0.020, Time: 6.35
It: 49400, Loss: 7.713e-06, nu: 0.020, Time: 6.25/home/zihan/anaconda3/envs/x/lib/python3.7/site-packages/torch/nn/functional.py:1933: UserWarning: nn.functional.tanh is deprecated. Use torch.tanh instead.
  warnings.warn("nn.functional.tanh is deprecated. Use torch.tanh instead.")

It: 49500, Loss: 7.792e-06, nu: 0.020, Time: 6.29
It: 49600, Loss: 7.869e-06, nu: 0.020, Time: 6.26
It: 49700, Loss: 7.778e-06, nu: 0.020, Time: 6.37
It: 49800, Loss: 7.740e-06, nu: 0.020, Time: 6.09
It: 49900, Loss: 7.934e-06, nu: 0.020, Time: 6.13
Error u: 2.184200e-04
Error nu: 0.00000%
