It: 0, Loss: 8.937e-01, lamd1: 1.000, lamd2: 0.01000, Time: 0.12
It: 100, Loss: 1.602e-01, lamd1: 1.000, lamd2: 0.01000, Time: 7.82
It: 200, Loss: 1.407e-01, lamd1: 1.000, lamd2: 0.01000, Time: 7.74
It: 300, Loss: 1.238e-01, lamd1: 1.000, lamd2: 0.01000, Time: 7.64
It: 400, Loss: 1.180e-01, lamd1: 1.000, lamd2: 0.01000, Time: 7.63
It: 500, Loss: 1.380e-01, lamd1: 1.000, lamd2: 0.01000, Time: 7.65
It: 600, Loss: 1.017e-01, lamd1: 1.000, lamd2: 0.01000, Time: 7.59
It: 700, Loss: 1.003e-01, lamd1: 1.000, lamd2: 0.01000, Time: 7.59
It: 800, Loss: 9.932e-02, lamd1: 1.000, lamd2: 0.01000, Time: 7.63
It: 900, Loss: 9.886e-02, lamd1: 1.000, lamd2: 0.01000, Time: 7.62
It: 1000, Loss: 9.853e-02, lamd1: 1.000, lamd2: 0.01000, Time: 7.60
It: 1100, Loss: 9.811e-02, lamd1: 1.000, lamd2: 0.01000, Time: 7.66
It: 1200, Loss: 9.807e-02, lamd1: 1.000, lamd2: 0.01000, Time: 7.57
It: 1300, Loss: 9.752e-02, lamd1: 1.000, lamd2: 0.01000, Time: 7.53
It: 1400, Loss: 9.725e-02, lamd1: 1.000, lamd2: 0.01000, Time: 7.52
It: 1500, Loss: 9.924e-02, lamd1: 1.000, lamd2: 0.01000, Time: 7.50
It: 1600, Loss: 9.816e-02, lamd1: 1.000, lamd2: 0.01000, Time: 7.61
It: 1700, Loss: 9.829e-02, lamd1: 1.000, lamd2: 0.01000, Time: 7.78
It: 1800, Loss: 9.734e-02, lamd1: 1.000, lamd2: 0.01000, Time: 7.84
It: 1900, Loss: 9.891e-02, lamd1: 1.000, lamd2: 0.01000, Time: 7.47
It: 2000, Loss: 9.766e-02, lamd1: 1.000, lamd2: 0.01000, Time: 5.86
It: 2100, Loss: 9.890e-02, lamd1: 1.000, lamd2: 0.01000, Time: 5.86
It: 2200, Loss: 9.796e-02, lamd1: 1.000, lamd2: 0.01000, Time: 5.82
It: 2300, Loss: 9.789e-02, lamd1: 1.000, lamd2: 0.01000, Time: 5.82
It: 2400, Loss: 9.746e-02, lamd1: 1.000, lamd2: 0.01000, Time: 5.85
It: 2500, Loss: 1.017e-01, lamd1: 1.000, lamd2: 0.01000, Time: 5.84
It: 2600, Loss: 9.703e-02, lamd1: 1.000, lamd2: 0.01000, Time: 5.78
It: 2700, Loss: 9.734e-02, lamd1: 1.000, lamd2: 0.01000, Time: 5.84
It: 2800, Loss: 9.712e-02, lamd1: 1.000, lamd2: 0.01000, Time: 5.83
It: 2900, Loss: 9.814e-02, lamd1: 1.000, lamd2: 0.01000, Time: 5.84
It: 3000, Loss: 9.793e-02, lamd1: 1.000, lamd2: 0.01000, Time: 5.82
It: 3100, Loss: 9.801e-02, lamd1: 1.000, lamd2: 0.01000, Time: 5.84
It: 3200, Loss: 9.708e-02, lamd1: 1.000, lamd2: 0.01000, Time: 5.87
It: 3300, Loss: 9.724e-02, lamd1: 1.000, lamd2: 0.01000, Time: 5.80
It: 3400, Loss: 9.700e-02, lamd1: 1.000, lamd2: 0.01000, Time: 5.85
It: 3500, Loss: 9.678e-02, lamd1: 1.000, lamd2: 0.01000, Time: 5.87
It: 3600, Loss: 9.693e-02, lamd1: 1.000, lamd2: 0.01000, Time: 5.92
It: 3700, Loss: 9.837e-02, lamd1: 1.000, lamd2: 0.01000, Time: 7.50
It: 3800, Loss: 9.757e-02, lamd1: 1.000, lamd2: 0.01000, Time: 7.56
It: 3900, Loss: 9.722e-02, lamd1: 1.000, lamd2: 0.01000, Time: 7.57
It: 4000, Loss: 9.678e-02, lamd1: 1.000, lamd2: 0.01000, Time: 7.53
It: 4100, Loss: 9.755e-02, lamd1: 1.000, lamd2: 0.01000, Time: 7.59
It: 4200, Loss: 9.729e-02, lamd1: 1.000, lamd2: 0.01000, Time: 7.59
It: 4300, Loss: 9.643e-02, lamd1: 1.000, lamd2: 0.01000, Time: 7.52
It: 4400, Loss: 1.038e-01, lamd1: 1.000, lamd2: 0.01000, Time: 7.56
It: 4500, Loss: 9.750e-02, lamd1: 1.000, lamd2: 0.01000, Time: 7.56
It: 4600, Loss: 4.230e-01, lamd1: 1.000, lamd2: 0.01000, Time: 7.56
It: 4700, Loss: 1.095e-01, lamd1: 1.000, lamd2: 0.01000, Time: 7.54
It: 4800, Loss: 1.033e-01, lamd1: 1.000, lamd2: 0.01000, Time: 7.57
It: 4900, Loss: 1.012e-01, lamd1: 1.000, lamd2: 0.01000, Time: 7.53
It: 5000, Loss: 1.016e-01, lamd1: 1.000, lamd2: 0.01000, Time: 7.56
It: 5100, Loss: 1.007e-01, lamd1: 1.000, lamd2: 0.01000, Time: 7.57
It: 5200, Loss: 1.005e-01, lamd1: 1.000, lamd2: 0.01000, Time: 7.61
It: 5300, Loss: 9.971e-02, lamd1: 1.000, lamd2: 0.01000, Time: 7.46
It: 5400, Loss: 9.953e-02, lamd1: 1.000, lamd2: 0.01000, Time: 7.54
It: 5500, Loss: 9.928e-02, lamd1: 1.000, lamd2: 0.01000, Time: 7.64
It: 5600, Loss: 9.918e-02, lamd1: 1.000, lamd2: 0.01000, Time: 7.61
It: 5700, Loss: 9.903e-02, lamd1: 1.000, lamd2: 0.01000, Time: 7.63
It: 5800, Loss: 9.965e-02, lamd1: 1.000, lamd2: 0.01000, Time: 7.63
It: 5900, Loss: 9.901e-02, lamd1: 1.000, lamd2: 0.01000, Time: 7.56
It: 6000, Loss: 9.869e-02, lamd1: 1.000, lamd2: 0.01000, Time: 7.59
It: 6100, Loss: 9.896e-02, lamd1: 1.000, lamd2: 0.01000, Time: 7.65
It: 6200, Loss: 9.865e-02, lamd1: 1.000, lamd2: 0.01000, Time: 7.57
It: 6300, Loss: 9.832e-02, lamd1: 1.000, lamd2: 0.01000, Time: 7.67
It: 6400, Loss: 9.813e-02, lamd1: 1.000, lamd2: 0.01000, Time: 7.62
It: 6500, Loss: 9.781e-02, lamd1: 1.000, lamd2: 0.01000, Time: 7.62
It: 6600, Loss: 9.790e-02, lamd1: 1.000, lamd2: 0.01000, Time: 7.55
It: 6700, Loss: 9.494e-02, lamd1: 1.000, lamd2: 0.01000, Time: 7.60
It: 6800, Loss: 7.794e-02, lamd1: 1.000, lamd2: 0.01000, Time: 7.53
It: 6900, Loss: 7.123e-02, lamd1: 1.000, lamd2: 0.01000, Time: 7.61
It: 7000, Loss: 6.378e-02, lamd1: 1.000, lamd2: 0.01000, Time: 7.57
It: 7100, Loss: 5.385e-02, lamd1: 1.000, lamd2: 0.01000, Time: 7.60
It: 7200, Loss: 4.470e-02, lamd1: 1.000, lamd2: 0.01000, Time: 7.63
It: 7300, Loss: 5.125e-02, lamd1: 1.000, lamd2: 0.01000, Time: 7.61
It: 7400, Loss: 2.453e-02, lamd1: 1.000, lamd2: 0.01000, Time: 7.56
It: 7500, Loss: 1.906e-02, lamd1: 1.000, lamd2: 0.01000, Time: 7.59
It: 7600, Loss: 1.727e-02, lamd1: 1.000, lamd2: 0.01000, Time: 7.57
It: 7700, Loss: 1.903e-02, lamd1: 1.000, lamd2: 0.01000, Time: 7.50
It: 7800, Loss: 1.497e-02, lamd1: 1.000, lamd2: 0.01000, Time: 7.51
It: 7900, Loss: 1.081e-02, lamd1: 1.000, lamd2: 0.01000, Time: 7.52
It: 8000, Loss: 9.293e-03, lamd1: 1.000, lamd2: 0.01000, Time: 7.54
It: 8100, Loss: 8.418e-03, lamd1: 1.000, lamd2: 0.01000, Time: 7.50
It: 8200, Loss: 7.476e-03, lamd1: 1.000, lamd2: 0.01000, Time: 7.58
It: 8300, Loss: 8.053e-03, lamd1: 1.000, lamd2: 0.01000, Time: 7.53
It: 8400, Loss: 7.149e-03, lamd1: 1.000, lamd2: 0.01000, Time: 7.53
It: 8500, Loss: 6.778e-03, lamd1: 1.000, lamd2: 0.01000, Time: 7.53
It: 8600, Loss: 5.829e-03, lamd1: 1.000, lamd2: 0.01000, Time: 7.49
It: 8700, Loss: 5.771e-03, lamd1: 1.000, lamd2: 0.01000, Time: 7.45
It: 8800, Loss: 5.408e-03, lamd1: 1.000, lamd2: 0.01000, Time: 7.56
It: 8900, Loss: 5.135e-03, lamd1: 1.000, lamd2: 0.01000, Time: 7.52
It: 9000, Loss: 8.518e-03, lamd1: 1.000, lamd2: 0.01000, Time: 7.49
It: 9100, Loss: 4.687e-03, lamd1: 1.000, lamd2: 0.01000, Time: 7.54
It: 9200, Loss: 4.567e-03, lamd1: 1.000, lamd2: 0.01000, Time: 6.90
It: 9300, Loss: 4.966e-03, lamd1: 1.000, lamd2: 0.01000, Time: 6.31
It: 9400, Loss: 4.447e-03, lamd1: 1.000, lamd2: 0.01000, Time: 6.39
It: 9500, Loss: 5.527e-03, lamd1: 1.000, lamd2: 0.01000, Time: 6.39
It: 9600, Loss: 4.659e-03, lamd1: 1.000, lamd2: 0.01000, Time: 6.38
It: 9700, Loss: 3.861e-03, lamd1: 1.000, lamd2: 0.01000, Time: 6.40
It: 9800, Loss: 4.957e-03, lamd1: 1.000, lamd2: 0.01000, Time: 6.42
It: 9900, Loss: 4.277e-03, lamd1: 1.000, lamd2: 0.01000, Time: 6.35
It: 10000, Loss: 5.036e-03, lamd1: 1.000, lamd2: 0.01000, Time: 6.39
It: 10100, Loss: 2.703e-03, lamd1: 1.000, lamd2: 0.01000, Time: 6.39
It: 10200, Loss: 2.639e-03, lamd1: 1.000, lamd2: 0.01000, Time: 6.39
It: 10300, Loss: 2.578e-03, lamd1: 1.000, lamd2: 0.01000, Time: 6.33
It: 10400, Loss: 2.520e-03, lamd1: 1.000, lamd2: 0.01000, Time: 6.40
It: 10500, Loss: 2.464e-03, lamd1: 1.000, lamd2: 0.01000, Time: 6.36
It: 10600, Loss: 2.408e-03, lamd1: 1.000, lamd2: 0.01000, Time: 6.44
It: 10700, Loss: 2.353e-03, lamd1: 1.000, lamd2: 0.01000, Time: 6.38
It: 10800, Loss: 2.299e-03, lamd1: 1.000, lamd2: 0.01000, Time: 6.35
It: 10900, Loss: 2.244e-03, lamd1: 1.000, lamd2: 0.01000, Time: 6.36
It: 11000, Loss: 2.327e-03, lamd1: 1.000, lamd2: 0.01000, Time: 6.39
It: 11100, Loss: 2.471e-03, lamd1: 1.000, lamd2: 0.01000, Time: 6.31
It: 11200, Loss: 2.201e-03, lamd1: 1.000, lamd2: 0.01000, Time: 6.59
It: 11300, Loss: 2.187e-03, lamd1: 1.000, lamd2: 0.01000, Time: 7.63
It: 11400, Loss: 2.096e-03, lamd1: 1.000, lamd2: 0.01000, Time: 7.54
It: 11500, Loss: 2.558e-03, lamd1: 1.000, lamd2: 0.01000, Time: 7.61
It: 11600, Loss: 2.335e-03, lamd1: 1.000, lamd2: 0.01000, Time: 7.56
It: 11700, Loss: 2.544e-03, lamd1: 1.000, lamd2: 0.01000, Time: 7.56
It: 11800, Loss: 2.198e-03, lamd1: 1.000, lamd2: 0.01000, Time: 7.57
It: 11900, Loss: 1.987e-03, lamd1: 1.000, lamd2: 0.01000, Time: 7.56
It: 12000, Loss: 2.464e-03, lamd1: 1.000, lamd2: 0.01000, Time: 7.61
It: 12100, Loss: 1.946e-03, lamd1: 1.000, lamd2: 0.01000, Time: 7.65
It: 12200, Loss: 1.935e-03, lamd1: 1.000, lamd2: 0.01000, Time: 7.62
It: 12300, Loss: 1.756e-03, lamd1: 1.000, lamd2: 0.01000, Time: 7.66
It: 12400, Loss: 2.678e-03, lamd1: 1.000, lamd2: 0.01000, Time: 7.65
It: 12500, Loss: 2.081e-03, lamd1: 1.000, lamd2: 0.01000, Time: 7.64
It: 12600, Loss: 1.646e-03, lamd1: 1.000, lamd2: 0.01000, Time: 7.68
It: 12700, Loss: 1.795e-03, lamd1: 1.000, lamd2: 0.01000, Time: 7.63
It: 12800, Loss: 1.976e-03, lamd1: 1.000, lamd2: 0.01000, Time: 7.74
It: 12900, Loss: 2.081e-03, lamd1: 1.000, lamd2: 0.01000, Time: 7.70
It: 13000, Loss: 1.705e-03, lamd1: 1.000, lamd2: 0.01000, Time: 7.63
It: 13100, Loss: 1.668e-03, lamd1: 1.000, lamd2: 0.01000, Time: 7.68
It: 13200, Loss: 2.078e-03, lamd1: 1.000, lamd2: 0.01000, Time: 7.59
It: 13300, Loss: 2.019e-03, lamd1: 1.000, lamd2: 0.01000, Time: 7.59
It: 13400, Loss: 1.831e-03, lamd1: 1.000, lamd2: 0.01000, Time: 7.65
It: 13500, Loss: 1.504e-03, lamd1: 1.000, lamd2: 0.01000, Time: 7.57
It: 13600, Loss: 2.969e-03, lamd1: 1.000, lamd2: 0.01000, Time: 7.58
It: 13700, Loss: 1.764e-03, lamd1: 1.000, lamd2: 0.01000, Time: 7.56
It: 13800, Loss: 2.049e-03, lamd1: 1.000, lamd2: 0.01000, Time: 7.63
It: 13900, Loss: 1.476e-03, lamd1: 1.000, lamd2: 0.01000, Time: 7.62
It: 14000, Loss: 1.585e-03, lamd1: 1.000, lamd2: 0.01000, Time: 7.58
It: 14100, Loss: 1.723e-03, lamd1: 1.000, lamd2: 0.01000, Time: 7.55
It: 14200, Loss: 1.358e-03, lamd1: 1.000, lamd2: 0.01000, Time: 7.54
It: 14300, Loss: 1.491e-03, lamd1: 1.000, lamd2: 0.01000, Time: 7.59
It: 14400, Loss: 2.003e-03, lamd1: 1.000, lamd2: 0.01000, Time: 7.57
It: 14500, Loss: 1.489e-03, lamd1: 1.000, lamd2: 0.01000, Time: 7.63
It: 14600, Loss: 2.638e-03, lamd1: 1.000, lamd2: 0.01000, Time: 7.57
It: 14700, Loss: 1.281e-03, lamd1: 1.000, lamd2: 0.01000, Time: 7.58
It: 14800, Loss: 1.561e-03, lamd1: 1.000, lamd2: 0.01000, Time: 7.59
It: 14900, Loss: 1.277e-03, lamd1: 1.000, lamd2: 0.01000, Time: 7.54
It: 15000, Loss: 2.325e-03, lamd1: 1.000, lamd2: 0.01000, Time: 7.57
It: 15100, Loss: 1.287e-03, lamd1: 1.000, lamd2: 0.01000, Time: 7.49
It: 15200, Loss: 1.364e-03, lamd1: 1.000, lamd2: 0.01000, Time: 7.52
It: 15300, Loss: 1.443e-03, lamd1: 1.000, lamd2: 0.01000, Time: 7.59
It: 15400, Loss: 1.277e-03, lamd1: 1.000, lamd2: 0.01000, Time: 7.59
It: 15500, Loss: 1.330e-03, lamd1: 1.000, lamd2: 0.01000, Time: 7.58
It: 15600, Loss: 1.673e-03, lamd1: 1.000, lamd2: 0.01000, Time: 7.56
It: 15700, Loss: 1.619e-03, lamd1: 1.000, lamd2: 0.01000, Time: 7.61
It: 15800, Loss: 1.323e-03, lamd1: 1.000, lamd2: 0.01000, Time: 7.52
It: 15900, Loss: 1.376e-03, lamd1: 1.000, lamd2: 0.01000, Time: 7.57
It: 16000, Loss: 1.391e-03, lamd1: 1.000, lamd2: 0.01000, Time: 7.62
It: 16100, Loss: 1.114e-03, lamd1: 1.000, lamd2: 0.01000, Time: 7.73
It: 16200, Loss: 1.159e-03, lamd1: 1.000, lamd2: 0.01000, Time: 7.60
It: 16300, Loss: 1.244e-03, lamd1: 1.000, lamd2: 0.01000, Time: 7.50
It: 16400, Loss: 1.360e-03, lamd1: 1.000, lamd2: 0.01000, Time: 7.51
It: 16500, Loss: 1.175e-03, lamd1: 1.000, lamd2: 0.01000, Time: 7.53
It: 16600, Loss: 1.228e-03, lamd1: 1.000, lamd2: 0.01000, Time: 7.61
It: 16700, Loss: 2.044e-03, lamd1: 1.000, lamd2: 0.01000, Time: 7.56
It: 16800, Loss: 1.443e-03, lamd1: 1.000, lamd2: 0.01000, Time: 7.53
It: 16900, Loss: 1.344e-03, lamd1: 1.000, lamd2: 0.01000, Time: 7.50
It: 17000, Loss: 1.407e-03, lamd1: 1.000, lamd2: 0.01000, Time: 7.53
It: 17100, Loss: 1.280e-03, lamd1: 1.000, lamd2: 0.01000, Time: 7.68
It: 17200, Loss: 1.265e-03, lamd1: 1.000, lamd2: 0.01000, Time: 7.64
It: 17300, Loss: 1.670e-03, lamd1: 1.000, lamd2: 0.01000, Time: 7.80
It: 17400, Loss: 1.250e-03, lamd1: 1.000, lamd2: 0.01000, Time: 7.80
It: 17500, Loss: 1.594e-03, lamd1: 1.000, lamd2: 0.01000, Time: 7.70
It: 17600, Loss: 1.262e-03, lamd1: 1.000, lamd2: 0.01000, Time: 7.63
It: 17700, Loss: 1.553e-03, lamd1: 1.000, lamd2: 0.01000, Time: 7.71
It: 17800, Loss: 1.136e-03, lamd1: 1.000, lamd2: 0.01000, Time: 7.71
It: 17900, Loss: 1.133e-03, lamd1: 1.000, lamd2: 0.01000, Time: 7.74
It: 18000, Loss: 1.617e-03, lamd1: 1.000, lamd2: 0.01000, Time: 7.60
It: 18100, Loss: 1.441e-03, lamd1: 1.000, lamd2: 0.01000, Time: 7.52
It: 18200, Loss: 1.258e-03, lamd1: 1.000, lamd2: 0.01000, Time: 7.54
It: 18300, Loss: 1.134e-03, lamd1: 1.000, lamd2: 0.01000, Time: 7.59
It: 18400, Loss: 1.078e-03, lamd1: 1.000, lamd2: 0.01000, Time: 7.58
It: 18500, Loss: 1.170e-03, lamd1: 1.000, lamd2: 0.01000, Time: 7.57
It: 18600, Loss: 1.160e-03, lamd1: 1.000, lamd2: 0.01000, Time: 7.52
It: 18700, Loss: 1.093e-03, lamd1: 1.000, lamd2: 0.01000, Time: 7.51
It: 18800, Loss: 1.249e-03, lamd1: 1.000, lamd2: 0.01000, Time: 7.53
It: 18900, Loss: 1.104e-03, lamd1: 1.000, lamd2: 0.01000, Time: 7.52
It: 19000, Loss: 1.098e-03, lamd1: 1.000, lamd2: 0.01000, Time: 7.55
It: 19100, Loss: 9.992e-04, lamd1: 1.000, lamd2: 0.01000, Time: 7.52
It: 19200, Loss: 1.777e-03, lamd1: 1.000, lamd2: 0.01000, Time: 7.49
It: 19300, Loss: 9.874e-04, lamd1: 1.000, lamd2: 0.01000, Time: 7.63
It: 19400, Loss: 9.282e-04, lamd1: 1.000, lamd2: 0.01000, Time: 7.59
It: 19500, Loss: 1.133e-03, lamd1: 1.000, lamd2: 0.01000, Time: 7.59
It: 19600, Loss: 1.265e-03, lamd1: 1.000, lamd2: 0.01000, Time: 7.59
It: 19700, Loss: 9.803e-04, lamd1: 1.000, lamd2: 0.01000, Time: 7.56
It: 19800, Loss: 8.876e-04, lamd1: 1.000, lamd2: 0.01000, Time: 7.60
It: 19900, Loss: 9.096e-04, lamd1: 1.000, lamd2: 0.01000, Time: 7.57
It: 20000, Loss: 9.383e-04, lamd1: 1.000, lamd2: 0.01000, Time: 7.44
It: 20100, Loss: 8.520e-04, lamd1: 1.000, lamd2: 0.01000, Time: 7.55
It: 20200, Loss: 8.477e-04, lamd1: 1.000, lamd2: 0.01000, Time: 7.58
It: 20300, Loss: 8.437e-04, lamd1: 1.000, lamd2: 0.01000, Time: 7.57
It: 20400, Loss: 8.397e-04, lamd1: 1.000, lamd2: 0.01000, Time: 7.57
It: 20500, Loss: 8.357e-04, lamd1: 1.000, lamd2: 0.01000, Time: 7.58
It: 20600, Loss: 8.317e-04, lamd1: 1.000, lamd2: 0.01000, Time: 7.54
It: 20700, Loss: 8.275e-04, lamd1: 1.000, lamd2: 0.01000, Time: 7.57
It: 20800, Loss: 8.232e-04, lamd1: 1.000, lamd2: 0.01000, Time: 7.61
It: 20900, Loss: 8.188e-04, lamd1: 1.000, lamd2: 0.01000, Time: 7.85
It: 21000, Loss: 8.142e-04, lamd1: 1.000, lamd2: 0.01000, Time: 7.90
It: 21100, Loss: 8.093e-04, lamd1: 1.000, lamd2: 0.01000, Time: 7.84
It: 21200, Loss: 8.273e-04, lamd1: 1.000, lamd2: 0.01000, Time: 7.88
It: 21300, Loss: 8.212e-04, lamd1: 1.000, lamd2: 0.01000, Time: 7.76
It: 21400, Loss: 8.885e-04, lamd1: 1.000, lamd2: 0.01000, Time: 7.51
It: 21500, Loss: 8.771e-04, lamd1: 1.000, lamd2: 0.01000, Time: 7.53
It: 21600, Loss: 8.141e-04, lamd1: 1.000, lamd2: 0.01000, Time: 7.57
It: 21700, Loss: 9.877e-04, lamd1: 1.000, lamd2: 0.01000, Time: 7.52
It: 21800, Loss: 8.055e-04, lamd1: 1.000, lamd2: 0.01000, Time: 7.54
It: 21900, Loss: 9.482e-04, lamd1: 1.000, lamd2: 0.01000, Time: 7.57
It: 22000, Loss: 7.758e-04, lamd1: 1.000, lamd2: 0.01000, Time: 7.61
It: 22100, Loss: 8.404e-04, lamd1: 1.000, lamd2: 0.01000, Time: 7.59
It: 22200, Loss: 8.925e-04, lamd1: 1.000, lamd2: 0.01000, Time: 7.61
It: 22300, Loss: 8.021e-04, lamd1: 1.000, lamd2: 0.01000, Time: 7.60
It: 22400, Loss: 1.035e-03, lamd1: 1.000, lamd2: 0.01000, Time: 7.49
It: 22500, Loss: 8.074e-04, lamd1: 1.000, lamd2: 0.01000, Time: 7.54
It: 22600, Loss: 7.502e-04, lamd1: 1.000, lamd2: 0.01000, Time: 7.51
It: 22700, Loss: 9.592e-04, lamd1: 1.000, lamd2: 0.01000, Time: 7.53
It: 22800, Loss: 7.448e-04, lamd1: 1.000, lamd2: 0.01000, Time: 7.53
It: 22900, Loss: 9.308e-04, lamd1: 1.000, lamd2: 0.01000, Time: 7.56
It: 23000, Loss: 8.429e-04, lamd1: 1.000, lamd2: 0.01000, Time: 7.57
It: 23100, Loss: 9.457e-04, lamd1: 1.000, lamd2: 0.01000, Time: 7.54
It: 23200, Loss: 1.110e-03, lamd1: 1.000, lamd2: 0.01000, Time: 7.53
It: 23300, Loss: 9.953e-04, lamd1: 1.000, lamd2: 0.01000, Time: 7.52
It: 23400, Loss: 7.260e-04, lamd1: 1.000, lamd2: 0.01000, Time: 7.51
It: 23500, Loss: 8.887e-04, lamd1: 1.000, lamd2: 0.01000, Time: 7.47
It: 23600, Loss: 7.952e-04, lamd1: 1.000, lamd2: 0.01000, Time: 7.56
It: 23700, Loss: 8.460e-04, lamd1: 1.000, lamd2: 0.01000, Time: 7.76
It: 23800, Loss: 7.082e-04, lamd1: 1.000, lamd2: 0.01000, Time: 7.74
It: 23900, Loss: 6.996e-04, lamd1: 1.000, lamd2: 0.01000, Time: 7.74
It: 24000, Loss: 8.261e-04, lamd1: 1.000, lamd2: 0.01000, Time: 7.68
It: 24100, Loss: 1.299e-03, lamd1: 1.000, lamd2: 0.01000, Time: 7.75
It: 24200, Loss: 7.179e-04, lamd1: 1.000, lamd2: 0.01000, Time: 7.84
It: 24300, Loss: 6.935e-04, lamd1: 1.000, lamd2: 0.01000, Time: 7.72
It: 24400, Loss: 6.816e-04, lamd1: 1.000, lamd2: 0.01000, Time: 7.72
It: 24500, Loss: 6.776e-04, lamd1: 1.000, lamd2: 0.01000, Time: 7.74
It: 24600, Loss: 1.062e-03, lamd1: 1.000, lamd2: 0.01000, Time: 7.77
It: 24700, Loss: 6.960e-04, lamd1: 1.000, lamd2: 0.01000, Time: 7.55
It: 24800, Loss: 8.537e-04, lamd1: 1.000, lamd2: 0.01000, Time: 7.57
It: 24900, Loss: 6.788e-04, lamd1: 1.000, lamd2: 0.01000, Time: 7.52
It: 25000, Loss: 7.412e-04, lamd1: 1.000, lamd2: 0.01000, Time: 7.49
It: 25100, Loss: 6.595e-04, lamd1: 1.000, lamd2: 0.01000, Time: 7.49
It: 25200, Loss: 1.262e-03, lamd1: 1.000, lamd2: 0.01000, Time: 7.54
It: 25300, Loss: 7.322e-04, lamd1: 1.000, lamd2: 0.01000, Time: 7.56
It: 25400, Loss: 7.427e-04, lamd1: 1.000, lamd2: 0.01000, Time: 7.56
It: 25500, Loss: 8.143e-04, lamd1: 1.000, lamd2: 0.01000, Time: 7.52
It: 25600, Loss: 6.858e-04, lamd1: 1.000, lamd2: 0.01000, Time: 7.52
It: 25700, Loss: 7.118e-04, lamd1: 1.000, lamd2: 0.01000, Time: 7.55
It: 25800, Loss: 6.550e-04, lamd1: 1.000, lamd2: 0.01000, Time: 7.52
It: 25900, Loss: 6.612e-04, lamd1: 1.000, lamd2: 0.01000, Time: 6.57
It: 26000, Loss: 6.348e-04, lamd1: 1.000, lamd2: 0.01000, Time: 5.89
It: 26100, Loss: 8.987e-04, lamd1: 1.000, lamd2: 0.01000, Time: 5.94
It: 26200, Loss: 7.157e-04, lamd1: 1.000, lamd2: 0.01000, Time: 5.90
It: 26300, Loss: 6.952e-04, lamd1: 1.000, lamd2: 0.01000, Time: 5.89
It: 26400, Loss: 6.697e-04, lamd1: 1.000, lamd2: 0.01000, Time: 5.87
It: 26500, Loss: 7.659e-04, lamd1: 1.000, lamd2: 0.01000, Time: 5.92
It: 26600, Loss: 6.317e-04, lamd1: 1.000, lamd2: 0.01000, Time: 5.92
It: 26700, Loss: 6.156e-04, lamd1: 1.000, lamd2: 0.01000, Time: 5.89
It: 26800, Loss: 6.222e-04, lamd1: 1.000, lamd2: 0.01000, Time: 5.90
It: 26900, Loss: 7.182e-04, lamd1: 1.000, lamd2: 0.01000, Time: 5.92
It: 27000, Loss: 1.044e-03, lamd1: 1.000, lamd2: 0.01000, Time: 5.87
It: 27100, Loss: 6.162e-04, lamd1: 1.000, lamd2: 0.01000, Time: 5.91
It: 27200, Loss: 6.042e-04, lamd1: 1.000, lamd2: 0.01000, Time: 5.94
It: 27300, Loss: 6.090e-04, lamd1: 1.000, lamd2: 0.01000, Time: 5.92
It: 27400, Loss: 6.166e-04, lamd1: 1.000, lamd2: 0.01000, Time: 5.89
It: 27500, Loss: 6.102e-04, lamd1: 1.000, lamd2: 0.01000, Time: 5.90
It: 27600, Loss: 7.053e-04, lamd1: 1.000, lamd2: 0.01000, Time: 5.93
It: 27700, Loss: 5.935e-04, lamd1: 1.000, lamd2: 0.01000, Time: 5.92
It: 27800, Loss: 6.508e-04, lamd1: 1.000, lamd2: 0.01000, Time: 5.93
It: 27900, Loss: 1.200e-03, lamd1: 1.000, lamd2: 0.01000, Time: 5.92
It: 28000, Loss: 6.116e-04, lamd1: 1.000, lamd2: 0.01000, Time: 5.97
It: 28100, Loss: 5.798e-04, lamd1: 1.000, lamd2: 0.01000, Time: 6.02
It: 28200, Loss: 6.440e-04, lamd1: 1.000, lamd2: 0.01000, Time: 6.03
It: 28300, Loss: 9.448e-04, lamd1: 1.000, lamd2: 0.01000, Time: 5.99
It: 28400, Loss: 5.868e-04, lamd1: 1.000, lamd2: 0.01000, Time: 5.98
It: 28500, Loss: 5.733e-04, lamd1: 1.000, lamd2: 0.01000, Time: 6.01
It: 28600, Loss: 6.154e-04, lamd1: 1.000, lamd2: 0.01000, Time: 6.02
It: 28700, Loss: 6.256e-04, lamd1: 1.000, lamd2: 0.01000, Time: 6.02
It: 28800, Loss: 5.813e-04, lamd1: 1.000, lamd2: 0.01000, Time: 5.98
It: 28900, Loss: 9.040e-04, lamd1: 1.000, lamd2: 0.01000, Time: 5.99
It: 29000, Loss: 5.646e-04, lamd1: 1.000, lamd2: 0.01000, Time: 6.01
It: 29100, Loss: 5.737e-04, lamd1: 1.000, lamd2: 0.01000, Time: 5.94
It: 29200, Loss: 7.469e-04, lamd1: 1.000, lamd2: 0.01000, Time: 5.93
It: 29300, Loss: 5.851e-04, lamd1: 1.000, lamd2: 0.01000, Time: 6.00
It: 29400, Loss: 6.015e-04, lamd1: 1.000, lamd2: 0.01000, Time: 6.06
It: 29500, Loss: 6.703e-04, lamd1: 1.000, lamd2: 0.01000, Time: 6.04
It: 29600, Loss: 5.897e-04, lamd1: 1.000, lamd2: 0.01000, Time: 6.03
It: 29700, Loss: 1.330e-03, lamd1: 1.000, lamd2: 0.01000, Time: 6.03
It: 29800, Loss: 5.647e-04, lamd1: 1.000, lamd2: 0.01000, Time: 6.04
It: 29900, Loss: 6.984e-04, lamd1: 1.000, lamd2: 0.01000, Time: 6.00
It: 30000, Loss: 5.438e-04, lamd1: 1.000, lamd2: 0.01000, Time: 6.00
It: 30100, Loss: 5.399e-04, lamd1: 1.000, lamd2: 0.01000, Time: 6.02
It: 30200, Loss: 5.388e-04, lamd1: 1.000, lamd2: 0.01000, Time: 6.02
It: 30300, Loss: 5.376e-04, lamd1: 1.000, lamd2: 0.01000, Time: 5.98
It: 30400, Loss: 5.363e-04, lamd1: 1.000, lamd2: 0.01000, Time: 6.03
It: 30500, Loss: 5.351e-04, lamd1: 1.000, lamd2: 0.01000, Time: 6.01
It: 30600, Loss: 5.337e-04, lamd1: 1.000, lamd2: 0.01000, Time: 6.01
It: 30700, Loss: 5.324e-04, lamd1: 1.000, lamd2: 0.01000, Time: 6.00
It: 30800, Loss: 5.310e-04, lamd1: 1.000, lamd2: 0.01000, Time: 5.97
It: 30900, Loss: 5.295e-04, lamd1: 1.000, lamd2: 0.01000, Time: 6.01
It: 31000, Loss: 5.280e-04, lamd1: 1.000, lamd2: 0.01000, Time: 6.07
It: 31100, Loss: 5.264e-04, lamd1: 1.000, lamd2: 0.01000, Time: 6.06
It: 31200, Loss: 5.247e-04, lamd1: 1.000, lamd2: 0.01000, Time: 5.95
It: 31300, Loss: 5.230e-04, lamd1: 1.000, lamd2: 0.01000, Time: 6.03
It: 31400, Loss: 5.373e-04, lamd1: 1.000, lamd2: 0.01000, Time: 5.99
It: 31500, Loss: 5.362e-04, lamd1: 1.000, lamd2: 0.01000, Time: 5.95
It: 31600, Loss: 5.201e-04, lamd1: 1.000, lamd2: 0.01000, Time: 5.93
It: 31700, Loss: 5.406e-04, lamd1: 1.000, lamd2: 0.01000, Time: 5.93
It: 31800, Loss: 5.202e-04, lamd1: 1.000, lamd2: 0.01000, Time: 5.91
It: 31900, Loss: 5.142e-04, lamd1: 1.000, lamd2: 0.01000, Time: 5.99
It: 32000, Loss: 7.037e-04, lamd1: 1.000, lamd2: 0.01000, Time: 6.13
It: 32100, Loss: 5.195e-04, lamd1: 1.000, lamd2: 0.01000, Time: 6.15
It: 32200, Loss: 5.561e-04, lamd1: 1.000, lamd2: 0.01000, Time: 6.11
It: 32300, Loss: 5.279e-04, lamd1: 1.000, lamd2: 0.01000, Time: 6.11
It: 32400, Loss: 6.138e-04, lamd1: 1.000, lamd2: 0.01000, Time: 6.11
It: 32500, Loss: 5.423e-04, lamd1: 1.000, lamd2: 0.01000, Time: 6.13
It: 32600, Loss: 5.128e-04, lamd1: 1.000, lamd2: 0.01000, Time: 6.11
It: 32700, Loss: 5.867e-04, lamd1: 1.000, lamd2: 0.01000, Time: 6.16
It: 32800, Loss: 5.060e-04, lamd1: 1.000, lamd2: 0.01000, Time: 6.12
It: 32900, Loss: 4.987e-04, lamd1: 1.000, lamd2: 0.01000, Time: 5.98
It: 33000, Loss: 8.160e-04, lamd1: 1.000, lamd2: 0.01000, Time: 6.02
It: 33100, Loss: 5.254e-04, lamd1: 1.000, lamd2: 0.01000, Time: 5.99
It: 33200, Loss: 5.155e-04, lamd1: 1.000, lamd2: 0.01000, Time: 5.96
It: 33300, Loss: 4.938e-04, lamd1: 1.000, lamd2: 0.01000, Time: 6.02
It: 33400, Loss: 4.937e-04, lamd1: 1.000, lamd2: 0.01000, Time: 5.97
It: 33500, Loss: 5.555e-04, lamd1: 1.000, lamd2: 0.01000, Time: 6.00
It: 33600, Loss: 5.401e-04, lamd1: 1.000, lamd2: 0.01000, Time: 6.02
It: 33700, Loss: 5.086e-04, lamd1: 1.000, lamd2: 0.01000, Time: 5.99
It: 33800, Loss: 4.968e-04, lamd1: 1.000, lamd2: 0.01000, Time: 5.96
It: 33900, Loss: 4.972e-04, lamd1: 1.000, lamd2: 0.01000, Time: 6.04
It: 34000, Loss: 4.924e-04, lamd1: 1.000, lamd2: 0.01000, Time: 5.96
It: 34100, Loss: 4.837e-04, lamd1: 1.000, lamd2: 0.01000, Time: 6.01
It: 34200, Loss: 4.836e-04, lamd1: 1.000, lamd2: 0.01000, Time: 6.04
It: 34300, Loss: 4.799e-04, lamd1: 1.000, lamd2: 0.01000, Time: 6.01
It: 34400, Loss: 4.794e-04, lamd1: 1.000, lamd2: 0.01000, Time: 5.97
It: 34500, Loss: 4.999e-04, lamd1: 1.000, lamd2: 0.01000, Time: 6.00
It: 34600, Loss: 5.237e-04, lamd1: 1.000, lamd2: 0.01000, Time: 5.96
It: 34700, Loss: 4.844e-04, lamd1: 1.000, lamd2: 0.01000, Time: 5.99
It: 34800, Loss: 4.873e-04, lamd1: 1.000, lamd2: 0.01000, Time: 5.98
It: 34900, Loss: 4.774e-04, lamd1: 1.000, lamd2: 0.01000, Time: 5.99
It: 35000, Loss: 6.039e-04, lamd1: 1.000, lamd2: 0.01000, Time: 5.98
It: 35100, Loss: 5.180e-04, lamd1: 1.000, lamd2: 0.01000, Time: 5.97
It: 35200, Loss: 4.767e-04, lamd1: 1.000, lamd2: 0.01000, Time: 7.08
It: 35300, Loss: 4.703e-04, lamd1: 1.000, lamd2: 0.01000, Time: 7.64
It: 35400, Loss: 4.692e-04, lamd1: 1.000, lamd2: 0.01000, Time: 7.61
It: 35500, Loss: 4.700e-04, lamd1: 1.000, lamd2: 0.01000, Time: 7.62
It: 35600, Loss: 4.687e-04, lamd1: 1.000, lamd2: 0.01000, Time: 7.58
It: 35700, Loss: 4.952e-04, lamd1: 1.000, lamd2: 0.01000, Time: 7.66
It: 35800, Loss: 5.870e-04, lamd1: 1.000, lamd2: 0.01000, Time: 7.59
It: 35900, Loss: 5.339e-04, lamd1: 1.000, lamd2: 0.01000, Time: 7.58
It: 36000, Loss: 4.614e-04, lamd1: 1.000, lamd2: 0.01000, Time: 7.66
It: 36100, Loss: 4.996e-04, lamd1: 1.000, lamd2: 0.01000, Time: 7.67
It: 36200, Loss: 4.585e-04, lamd1: 1.000, lamd2: 0.01000, Time: 7.61
It: 36300, Loss: 5.098e-04, lamd1: 1.000, lamd2: 0.01000, Time: 7.58
It: 36400, Loss: 4.936e-04, lamd1: 1.000, lamd2: 0.01000, Time: 7.59
It: 36500, Loss: 4.695e-04, lamd1: 1.000, lamd2: 0.01000, Time: 7.53
It: 36600, Loss: 4.554e-04, lamd1: 1.000, lamd2: 0.01000, Time: 7.57
It: 36700, Loss: 4.634e-04, lamd1: 1.000, lamd2: 0.01000, Time: 7.30
It: 36800, Loss: 4.632e-04, lamd1: 1.000, lamd2: 0.01000, Time: 6.38
It: 36900, Loss: 5.316e-04, lamd1: 1.000, lamd2: 0.01000, Time: 6.59
It: 37000, Loss: 4.573e-04, lamd1: 1.000, lamd2: 0.01000, Time: 7.66
It: 37100, Loss: 4.967e-04, lamd1: 1.000, lamd2: 0.01000, Time: 7.74
It: 37200, Loss: 4.864e-04, lamd1: 1.000, lamd2: 0.01000, Time: 7.72
It: 37300, Loss: 4.486e-04, lamd1: 1.000, lamd2: 0.01000, Time: 7.84
It: 37400, Loss: 4.553e-04, lamd1: 1.000, lamd2: 0.01000, Time: 7.91
It: 37500, Loss: 4.585e-04, lamd1: 1.000, lamd2: 0.01000, Time: 7.89
It: 37600, Loss: 4.943e-04, lamd1: 1.000, lamd2: 0.01000, Time: 7.93
It: 37700, Loss: 4.986e-04, lamd1: 1.000, lamd2: 0.01000, Time: 7.88
It: 37800, Loss: 4.524e-04, lamd1: 1.000, lamd2: 0.01000, Time: 7.79
It: 37900, Loss: 4.444e-04, lamd1: 1.000, lamd2: 0.01000, Time: 7.86
It: 38000, Loss: 4.418e-04, lamd1: 1.000, lamd2: 0.01000, Time: 7.84
It: 38100, Loss: 4.406e-04, lamd1: 1.000, lamd2: 0.01000, Time: 7.87
It: 38200, Loss: 4.720e-04, lamd1: 1.000, lamd2: 0.01000, Time: 7.78
It: 38300, Loss: 7.016e-04, lamd1: 1.000, lamd2: 0.01000, Time: 7.82
It: 38400, Loss: 4.381e-04, lamd1: 1.000, lamd2: 0.01000, Time: 7.70
It: 38500, Loss: 4.554e-04, lamd1: 1.000, lamd2: 0.01000, Time: 7.73
It: 38600, Loss: 4.370e-04, lamd1: 1.000, lamd2: 0.01000, Time: 7.67
It: 38700, Loss: 4.529e-04, lamd1: 1.000, lamd2: 0.01000, Time: 7.67
It: 38800, Loss: 4.488e-04, lamd1: 1.000, lamd2: 0.01000, Time: 7.67
It: 38900, Loss: 4.416e-04, lamd1: 1.000, lamd2: 0.01000, Time: 7.65
It: 39000, Loss: 4.482e-04, lamd1: 1.000, lamd2: 0.01000, Time: 7.67
It: 39100, Loss: 4.326e-04, lamd1: 1.000, lamd2: 0.01000, Time: 7.63
It: 39200, Loss: 4.323e-04, lamd1: 1.000, lamd2: 0.01000, Time: 7.59
It: 39300, Loss: 4.328e-04, lamd1: 1.000, lamd2: 0.01000, Time: 7.64
It: 39400, Loss: 4.359e-04, lamd1: 1.000, lamd2: 0.01000, Time: 7.59
It: 39500, Loss: 4.307e-04, lamd1: 1.000, lamd2: 0.01000, Time: 7.54
It: 39600, Loss: 4.308e-04, lamd1: 1.000, lamd2: 0.01000, Time: 7.50
It: 39700, Loss: 4.384e-04, lamd1: 1.000, lamd2: 0.01000, Time: 7.67
It: 39800, Loss: 4.729e-04, lamd1: 1.000, lamd2: 0.01000, Time: 7.70
It: 39900, Loss: 4.369e-04, lamd1: 1.000, lamd2: 0.01000, Time: 7.60
It: 40000, Loss: 4.438e-04, lamd1: 1.000, lamd2: 0.01000, Time: 7.64
It: 40100, Loss: 4.243e-04, lamd1: 1.000, lamd2: 0.01000, Time: 7.60
It: 40200, Loss: 4.238e-04, lamd1: 1.000, lamd2: 0.01000, Time: 7.63
It: 40300, Loss: 4.233e-04, lamd1: 1.000, lamd2: 0.01000, Time: 7.61
It: 40400, Loss: 4.229e-04, lamd1: 1.000, lamd2: 0.01000, Time: 6.57
It: 40500, Loss: 4.224e-04, lamd1: 1.000, lamd2: 0.01000, Time: 6.48
It: 40600, Loss: 4.218e-04, lamd1: 1.000, lamd2: 0.01000, Time: 6.47
It: 40700, Loss: 4.213e-04, lamd1: 1.000, lamd2: 0.01000, Time: 6.01
It: 40800, Loss: 4.207e-04, lamd1: 1.000, lamd2: 0.01000, Time: 6.06
It: 40900, Loss: 4.201e-04, lamd1: 1.000, lamd2: 0.01000, Time: 6.03
It: 41000, Loss: 4.195e-04, lamd1: 1.000, lamd2: 0.01000, Time: 6.01
It: 41100, Loss: 4.188e-04, lamd1: 1.000, lamd2: 0.01000, Time: 6.04
It: 41200, Loss: 4.181e-04, lamd1: 1.000, lamd2: 0.01000, Time: 6.05
It: 41300, Loss: 4.174e-04, lamd1: 1.000, lamd2: 0.01000, Time: 6.04
It: 41400, Loss: 4.774e-04, lamd1: 1.000, lamd2: 0.01000, Time: 6.00
It: 41500, Loss: 4.162e-04, lamd1: 1.000, lamd2: 0.01000, Time: 6.01
It: 41600, Loss: 4.615e-04, lamd1: 1.000, lamd2: 0.01000, Time: 6.02
It: 41700, Loss: 4.225e-04, lamd1: 1.000, lamd2: 0.01000, Time: 5.96
It: 41800, Loss: 4.209e-04, lamd1: 1.000, lamd2: 0.01000, Time: 5.99
It: 41900, Loss: 4.190e-04, lamd1: 1.000, lamd2: 0.01000, Time: 6.04
It: 42000, Loss: 4.133e-04, lamd1: 1.000, lamd2: 0.01000, Time: 6.00
It: 42100, Loss: 4.681e-04, lamd1: 1.000, lamd2: 0.01000, Time: 6.01
It: 42200, Loss: 4.132e-04, lamd1: 1.000, lamd2: 0.01000, Time: 5.99
It: 42300, Loss: 4.103e-04, lamd1: 1.000, lamd2: 0.01000, Time: 6.01
It: 42400, Loss: 4.097e-04, lamd1: 1.000, lamd2: 0.01000, Time: 5.97
It: 42500, Loss: 4.181e-04, lamd1: 1.000, lamd2: 0.01000, Time: 5.88
It: 42600, Loss: 4.138e-04, lamd1: 1.000, lamd2: 0.01000, Time: 5.75
It: 42700, Loss: 4.125e-04, lamd1: 1.000, lamd2: 0.01000, Time: 5.99
It: 42800, Loss: 4.269e-04, lamd1: 1.000, lamd2: 0.01000, Time: 5.97
It: 42900, Loss: 4.083e-04, lamd1: 1.000, lamd2: 0.01000, Time: 5.98
It: 43000, Loss: 4.089e-04, lamd1: 1.000, lamd2: 0.01000, Time: 6.03
It: 43100, Loss: 4.054e-04, lamd1: 1.000, lamd2: 0.01000, Time: 6.04
It: 43200, Loss: 4.093e-04, lamd1: 1.000, lamd2: 0.01000, Time: 6.01
It: 43300, Loss: 4.199e-04, lamd1: 1.000, lamd2: 0.01000, Time: 6.02
It: 43400, Loss: 4.037e-04, lamd1: 1.000, lamd2: 0.01000, Time: 6.04
It: 43500, Loss: 4.252e-04, lamd1: 1.000, lamd2: 0.01000, Time: 6.01
It: 43600, Loss: 4.112e-04, lamd1: 1.000, lamd2: 0.01000, Time: 6.01
It: 43700, Loss: 4.012e-04, lamd1: 1.000, lamd2: 0.01000, Time: 6.02
It: 43800, Loss: 4.006e-04, lamd1: 1.000, lamd2: 0.01000, Time: 6.02
It: 43900, Loss: 4.074e-04, lamd1: 1.000, lamd2: 0.01000, Time: 6.04
It: 44000, Loss: 4.062e-04, lamd1: 1.000, lamd2: 0.01000, Time: 5.95
It: 44100, Loss: 3.984e-04, lamd1: 1.000, lamd2: 0.01000, Time: 5.92
It: 44200, Loss: 3.980e-04, lamd1: 1.000, lamd2: 0.01000, Time: 5.90
It: 44300, Loss: 3.970e-04, lamd1: 1.000, lamd2: 0.01000, Time: 5.92
It: 44400, Loss: 3.963e-04, lamd1: 1.000, lamd2: 0.01000, Time: 5.94
It: 44500, Loss: 3.958e-04, lamd1: 1.000, lamd2: 0.01000, Time: 7.45
It: 44600, Loss: 3.953e-04, lamd1: 1.000, lamd2: 0.01000, Time: 7.58
It: 44700, Loss: 4.038e-04, lamd1: 1.000, lamd2: 0.01000, Time: 7.60
It: 44800, Loss: 3.951e-04, lamd1: 1.000, lamd2: 0.01000, Time: 7.60
It: 44900, Loss: 4.024e-04, lamd1: 1.000, lamd2: 0.01000, Time: 7.60
It: 45000, Loss: 3.958e-04, lamd1: 1.000, lamd2: 0.01000, Time: 7.62
It: 45100, Loss: 3.990e-04, lamd1: 1.000, lamd2: 0.01000, Time: 7.59
It: 45200, Loss: 3.928e-04, lamd1: 1.000, lamd2: 0.01000, Time: 7.66
It: 45300, Loss: 4.006e-04, lamd1: 1.000, lamd2: 0.01000, Time: 7.66
It: 45400, Loss: 3.918e-04, lamd1: 1.000, lamd2: 0.01000, Time: 7.60
It: 45500, Loss: 3.923e-04, lamd1: 1.000, lamd2: 0.01000, Time: 7.63
It: 45600, Loss: 3.919e-04, lamd1: 1.000, lamd2: 0.01000, Time: 7.63
It: 45700, Loss: 3.952e-04, lamd1: 1.000, lamd2: 0.01000, Time: 7.61
It: 45800, Loss: 3.891e-04, lamd1: 1.000, lamd2: 0.01000, Time: 7.64
It: 45900, Loss: 3.878e-04, lamd1: 1.000, lamd2: 0.01000, Time: 7.64
It: 46000, Loss: 3.875e-04, lamd1: 1.000, lamd2: 0.01000, Time: 7.58
It: 46100, Loss: 3.939e-04, lamd1: 1.000, lamd2: 0.01000, Time: 7.60
It: 46200, Loss: 4.065e-04, lamd1: 1.000, lamd2: 0.01000, Time: 7.58
It: 46300, Loss: 4.162e-04, lamd1: 1.000, lamd2: 0.01000, Time: 7.59
It: 46400, Loss: 4.145e-04, lamd1: 1.000, lamd2: 0.01000, Time: 7.57
It: 46500, Loss: 3.851e-04, lamd1: 1.000, lamd2: 0.01000, Time: 7.55
It: 46600, Loss: 3.915e-04, lamd1: 1.000, lamd2: 0.01000, Time: 7.56
It: 46700, Loss: 3.840e-04, lamd1: 1.000, lamd2: 0.01000, Time: 7.59
It: 46800, Loss: 3.909e-04, lamd1: 1.000, lamd2: 0.01000, Time: 7.59
It: 46900, Loss: 3.888e-04, lamd1: 1.000, lamd2: 0.01000, Time: 7.59
It: 47000, Loss: 3.963e-04, lamd1: 1.000, lamd2: 0.01000, Time: 7.58
It: 47100, Loss: 3.832e-04, lamd1: 1.000, lamd2: 0.01000, Time: 7.58
It: 47200, Loss: 3.799e-04, lamd1: 1.000, lamd2: 0.01000, Time: 7.58
It: 47300, Loss: 4.349e-04, lamd1: 1.000, lamd2: 0.01000, Time: 7.56
It: 47400, Loss: 3.803e-04, lamd1: 1.000, lamd2: 0.01000, Time: 7.58
It: 47500, Loss: 3.785e-04, lamd1: 1.000, lamd2: 0.01000, Time: 7.59
It: 47600, Loss: 3.784e-04, lamd1: 1.000, lamd2: 0.01000, Time: 7.58
It: 47700, Loss: 3.770e-04, lamd1: 1.000, lamd2: 0.01000, Time: 7.59