It: 0, Loss: 4.484e+03, l1: 0.010, l2: 0.01000, Time: 0.04
It: 100, Loss: 7.845e+02, l1: 0.184, l2: 0.02837, Time: 3.66
It: 200, Loss: 7.772e+02, l1: 0.101, l2: -0.00998, Time: 4.41
It: 300, Loss: 7.712e+02, l1: 0.127, l2: 0.03419, Time: 4.11
It: 400, Loss: 7.629e+02, l1: 0.137, l2: 0.09920, Time: 4.40
It: 500, Loss: 7.462e+02, l1: 0.116, l2: 0.03331, Time: 4.37
It: 600, Loss: 6.875e+02, l1: 0.071, l2: 0.00036, Time: 4.05
It: 700, Loss: 5.862e+02, l1: -0.010, l2: -0.00151, Time: 4.21
It: 800, Loss: 5.490e+02, l1: -0.003, l2: -0.00143, Time: 4.06
It: 900, Loss: 5.333e+02, l1: 0.015, l2: -0.00039, Time: 4.44
It: 1000, Loss: 5.204e+02, l1: 0.037, l2: 0.00036, Time: 4.29
It: 1100, Loss: 4.931e+02, l1: 0.251, l2: 0.01070, Time: 4.69
It: 1200, Loss: 4.557e+02, l1: 0.638, l2: 0.02565, Time: 4.72
It: 1300, Loss: 4.048e+02, l1: 0.768, l2: 0.02971, Time: 4.41
It: 1400, Loss: 3.374e+02, l1: 0.802, l2: 0.02544, Time: 4.05
It: 1500, Loss: 2.778e+02, l1: 0.794, l2: 0.02064, Time: 4.33
It: 1600, Loss: 2.610e+02, l1: 0.795, l2: 0.01914, Time: 4.23
It: 1700, Loss: 2.447e+02, l1: 0.798, l2: 0.01824, Time: 4.49
It: 1800, Loss: 2.253e+02, l1: 0.800, l2: 0.01684, Time: 4.39
It: 1900, Loss: 2.049e+02, l1: 0.799, l2: 0.01621, Time: 3.99
It: 2000, Loss: 1.833e+02, l1: 0.798, l2: 0.01724, Time: 4.67
It: 2100, Loss: 1.654e+02, l1: 0.800, l2: 0.01619, Time: 4.63
It: 2200, Loss: 1.514e+02, l1: 0.804, l2: 0.01563, Time: 3.94
It: 2300, Loss: 1.416e+02, l1: 0.811, l2: 0.01501, Time: 4.40
It: 2400, Loss: 1.360e+02, l1: 0.815, l2: 0.01527, Time: 4.05
It: 2500, Loss: 1.322e+02, l1: 0.821, l2: 0.01365, Time: 4.84
It: 2600, Loss: 1.290e+02, l1: 0.823, l2: 0.01345, Time: 4.29
It: 2700, Loss: 1.254e+02, l1: 0.827, l2: 0.01312, Time: 4.27
It: 2800, Loss: 1.222e+02, l1: 0.829, l2: 0.01270, Time: 4.46
It: 2900, Loss: 1.194e+02, l1: 0.831, l2: 0.01265, Time: 4.20
It: 3000, Loss: 1.170e+02, l1: 0.833, l2: 0.01239, Time: 4.05
It: 3100, Loss: 1.149e+02, l1: 0.836, l2: 0.01218, Time: 4.55
It: 3200, Loss: 1.129e+02, l1: 0.838, l2: 0.01197, Time: 4.75
It: 3300, Loss: 1.112e+02, l1: 0.840, l2: 0.01173, Time: 4.42
It: 3400, Loss: 1.097e+02, l1: 0.844, l2: 0.01027, Time: 4.35
It: 3500, Loss: 1.079e+02, l1: 0.846, l2: 0.01141, Time: 4.28
It: 3600, Loss: 1.066e+02, l1: 0.848, l2: 0.01125, Time: 4.00
It: 3700, Loss: 1.054e+02, l1: 0.850, l2: 0.01114, Time: 4.49
It: 3800, Loss: 1.044e+02, l1: 0.851, l2: 0.01123, Time: 4.32
It: 3900, Loss: 1.035e+02, l1: 0.853, l2: 0.01118, Time: 4.10
It: 4000, Loss: 1.026e+02, l1: 0.854, l2: 0.01119, Time: 4.32
It: 4100, Loss: 1.019e+02, l1: 0.855, l2: 0.01075, Time: 3.97
It: 4200, Loss: 1.010e+02, l1: 0.856, l2: 0.01127, Time: 4.28
It: 4300, Loss: 1.002e+02, l1: 0.856, l2: 0.01127, Time: 3.96
It: 4400, Loss: 9.951e+01, l1: 0.857, l2: 0.01160, Time: 4.72
It: 4500, Loss: 9.886e+01, l1: 0.858, l2: 0.01142, Time: 4.59
It: 4600, Loss: 9.826e+01, l1: 0.858, l2: 0.01146, Time: 4.06
It: 4700, Loss: 9.768e+01, l1: 0.859, l2: 0.01163, Time: 4.85
It: 4800, Loss: 9.711e+01, l1: 0.859, l2: 0.01163, Time: 4.52
It: 4900, Loss: 9.656e+01, l1: 0.860, l2: 0.01171, Time: 4.10
It: 5000, Loss: 9.603e+01, l1: 0.861, l2: 0.01174, Time: 4.36
It: 5100, Loss: 9.551e+01, l1: 0.861, l2: 0.01168, Time: 4.39
It: 5200, Loss: 9.513e+01, l1: 0.863, l2: 0.01131, Time: 4.03
It: 5300, Loss: 9.457e+01, l1: 0.863, l2: 0.01154, Time: 4.28
It: 5400, Loss: 9.414e+01, l1: 0.863, l2: 0.01160, Time: 4.12
It: 5500, Loss: 9.370e+01, l1: 0.864, l2: 0.01147, Time: 4.84
It: 5600, Loss: 9.335e+01, l1: 0.865, l2: 0.01155, Time: 4.54
It: 5700, Loss: 9.304e+01, l1: 0.865, l2: 0.01164, Time: 4.23
It: 5800, Loss: 9.272e+01, l1: 0.866, l2: 0.01145, Time: 4.98
It: 5900, Loss: 9.244e+01, l1: 0.865, l2: 0.01241, Time: 4.53
It: 6000, Loss: 9.200e+01, l1: 0.867, l2: 0.01152, Time: 4.62
It: 6100, Loss: 9.180e+01, l1: 0.867, l2: 0.01193, Time: 4.02
It: 6200, Loss: 9.141e+01, l1: 0.867, l2: 0.01159, Time: 4.36
It: 6300, Loss: 9.121e+01, l1: 0.869, l2: 0.01105, Time: 4.71
It: 6400, Loss: 9.093e+01, l1: 0.868, l2: 0.01160, Time: 4.08
It: 6500, Loss: 9.059e+01, l1: 0.869, l2: 0.01171, Time: 4.37
It: 6600, Loss: 9.034e+01, l1: 0.869, l2: 0.01169, Time: 4.20
It: 6700, Loss: 9.008e+01, l1: 0.869, l2: 0.01173, Time: 4.24
It: 6800, Loss: 8.992e+01, l1: 0.870, l2: 0.01136, Time: 5.10
It: 6900, Loss: 8.958e+01, l1: 0.870, l2: 0.01177, Time: 4.52
It: 7000, Loss: 8.931e+01, l1: 0.870, l2: 0.01179, Time: 4.91
It: 7100, Loss: 8.905e+01, l1: 0.871, l2: 0.01193, Time: 4.16
It: 7200, Loss: 8.877e+01, l1: 0.871, l2: 0.01182, Time: 4.42
It: 7300, Loss: 8.850e+01, l1: 0.871, l2: 0.01182, Time: 4.15
It: 7400, Loss: 8.850e+01, l1: 0.872, l2: 0.01108, Time: 5.02
It: 7500, Loss: 8.795e+01, l1: 0.872, l2: 0.01192, Time: 4.43
It: 7600, Loss: 8.794e+01, l1: 0.873, l2: 0.01125, Time: 4.39
It: 7700, Loss: 8.735e+01, l1: 0.872, l2: 0.01188, Time: 4.07
It: 7800, Loss: 8.706e+01, l1: 0.873, l2: 0.01192, Time: 4.13
It: 7900, Loss: 8.679e+01, l1: 0.873, l2: 0.01202, Time: 4.60
It: 8000, Loss: 8.664e+01, l1: 0.874, l2: 0.01138, Time: 4.34
It: 8100, Loss: 8.615e+01, l1: 0.874, l2: 0.01189, Time: 4.01
It: 8200, Loss: 8.585e+01, l1: 0.874, l2: 0.01180, Time: 4.29
It: 8300, Loss: 8.558e+01, l1: 0.874, l2: 0.01207, Time: 4.48
It: 8400, Loss: 8.529e+01, l1: 0.875, l2: 0.01183, Time: 4.14
It: 8500, Loss: 8.503e+01, l1: 0.875, l2: 0.01168, Time: 4.49
It: 8600, Loss: 8.477e+01, l1: 0.875, l2: 0.01211, Time: 4.17
It: 8700, Loss: 8.451e+01, l1: 0.876, l2: 0.01180, Time: 4.93
It: 8800, Loss: 8.425e+01, l1: 0.876, l2: 0.01180, Time: 4.56
It: 8900, Loss: 8.399e+01, l1: 0.877, l2: 0.01176, Time: 4.35
It: 9000, Loss: 8.374e+01, l1: 0.877, l2: 0.01188, Time: 4.97
It: 9100, Loss: 8.348e+01, l1: 0.878, l2: 0.01175, Time: 4.40
It: 9200, Loss: 8.324e+01, l1: 0.878, l2: 0.01166, Time: 4.35
It: 9300, Loss: 8.300e+01, l1: 0.879, l2: 0.01192, Time: 5.07
It: 9400, Loss: 8.288e+01, l1: 0.879, l2: 0.01198, Time: 4.52
It: 9500, Loss: 8.251e+01, l1: 0.879, l2: 0.01175, Time: 4.46
It: 9600, Loss: 8.229e+01, l1: 0.880, l2: 0.01170, Time: 4.22
It: 9700, Loss: 8.207e+01, l1: 0.880, l2: 0.01184, Time: 4.39
It: 9800, Loss: 8.185e+01, l1: 0.880, l2: 0.01187, Time: 4.73
It: 9900, Loss: 8.164e+01, l1: 0.881, l2: 0.01173, Time: 4.11
It: 10000, Loss: 8.164e+01, l1: 0.881, l2: 0.01176, Time: 4.82
It: 10100, Loss: 8.133e+01, l1: 0.881, l2: 0.01174, Time: 4.45
It: 10200, Loss: 8.122e+01, l1: 0.881, l2: 0.01173, Time: 3.75
It: 10300, Loss: 8.112e+01, l1: 0.881, l2: 0.01173, Time: 4.46
It: 10400, Loss: 8.100e+01, l1: 0.882, l2: 0.01174, Time: 4.49
It: 10500, Loss: 8.089e+01, l1: 0.882, l2: 0.01174, Time: 4.30
It: 10600, Loss: 8.077e+01, l1: 0.882, l2: 0.01174, Time: 4.86
It: 10700, Loss: 8.064e+01, l1: 0.882, l2: 0.01175, Time: 4.88
It: 10800, Loss: 8.051e+01, l1: 0.882, l2: 0.01175, Time: 4.22
It: 10900, Loss: 8.038e+01, l1: 0.883, l2: 0.01176, Time: 4.37
It: 11000, Loss: 8.024e+01, l1: 0.883, l2: 0.01177, Time: 4.38
It: 11100, Loss: 8.010e+01, l1: 0.883, l2: 0.01178, Time: 4.06
It: 11200, Loss: 7.996e+01, l1: 0.883, l2: 0.01179, Time: 4.35
It: 11300, Loss: 7.981e+01, l1: 0.884, l2: 0.01180, Time: 3.97
It: 11400, Loss: 7.966e+01, l1: 0.884, l2: 0.01188, Time: 4.51
It: 11500, Loss: 7.950e+01, l1: 0.884, l2: 0.01183, Time: 4.47
It: 11600, Loss: 7.935e+01, l1: 0.885, l2: 0.01185, Time: 4.04
It: 11700, Loss: 7.921e+01, l1: 0.885, l2: 0.01182, Time: 4.21
It: 11800, Loss: 7.909e+01, l1: 0.885, l2: 0.01208, Time: 4.05
It: 11900, Loss: 7.891e+01, l1: 0.886, l2: 0.01190, Time: 4.76
It: 12000, Loss: 7.875e+01, l1: 0.886, l2: 0.01197, Time: 4.19
It: 12100, Loss: 7.859e+01, l1: 0.886, l2: 0.01195, Time: 4.00
It: 12200, Loss: 7.843e+01, l1: 0.886, l2: 0.01199, Time: 4.55
It: 12300, Loss: 7.827e+01, l1: 0.887, l2: 0.01202, Time: 4.32
It: 12400, Loss: 7.811e+01, l1: 0.887, l2: 0.01207, Time: 3.35
It: 12500, Loss: 7.794e+01, l1: 0.888, l2: 0.01201, Time: 4.33
It: 12600, Loss: 7.777e+01, l1: 0.888, l2: 0.01205, Time: 4.13
It: 12700, Loss: 7.759e+01, l1: 0.888, l2: 0.01203, Time: 4.65
It: 12800, Loss: 7.741e+01, l1: 0.889, l2: 0.01205, Time: 4.44
It: 12900, Loss: 7.722e+01, l1: 0.889, l2: 0.01204, Time: 3.89
It: 13000, Loss: 7.704e+01, l1: 0.889, l2: 0.01204, Time: 4.44
It: 13100, Loss: 7.684e+01, l1: 0.890, l2: 0.01213, Time: 4.80
It: 13200, Loss: 7.665e+01, l1: 0.890, l2: 0.01213, Time: 3.71
It: 13300, Loss: 7.646e+01, l1: 0.890, l2: 0.01230, Time: 4.34
It: 13400, Loss: 7.624e+01, l1: 0.891, l2: 0.01223, Time: 4.37
It: 13500, Loss: 7.602e+01, l1: 0.891, l2: 0.01233, Time: 4.88
It: 13600, Loss: 7.578e+01, l1: 0.891, l2: 0.01228, Time: 4.79
It: 13700, Loss: 7.553e+01, l1: 0.892, l2: 0.01245, Time: 4.29
It: 13800, Loss: 7.526e+01, l1: 0.892, l2: 0.01257, Time: 4.91
It: 13900, Loss: 7.498e+01, l1: 0.893, l2: 0.01227, Time: 4.42
It: 14000, Loss: 7.470e+01, l1: 0.892, l2: 0.01261, Time: 4.08
It: 14100, Loss: 7.443e+01, l1: 0.892, l2: 0.01276, Time: 4.81
It: 14200, Loss: 7.415e+01, l1: 0.893, l2: 0.01287, Time: 4.38
It: 14300, Loss: 7.389e+01, l1: 0.893, l2: 0.01262, Time: 4.65
It: 14400, Loss: 7.361e+01, l1: 0.893, l2: 0.01276, Time: 4.34
It: 14500, Loss: 7.337e+01, l1: 0.893, l2: 0.01277, Time: 4.26
It: 14600, Loss: 7.321e+01, l1: 0.893, l2: 0.01308, Time: 4.11
It: 14700, Loss: 7.294e+01, l1: 0.894, l2: 0.01282, Time: 4.75
It: 14800, Loss: 7.274e+01, l1: 0.894, l2: 0.01285, Time: 4.63
It: 14900, Loss: 7.256e+01, l1: 0.894, l2: 0.01288, Time: 4.08
It: 15000, Loss: 7.239e+01, l1: 0.894, l2: 0.01286, Time: 4.48
It: 15100, Loss: 7.223e+01, l1: 0.895, l2: 0.01276, Time: 4.43
It: 15200, Loss: 7.208e+01, l1: 0.895, l2: 0.01299, Time: 4.15
It: 15300, Loss: 7.193e+01, l1: 0.895, l2: 0.01293, Time: 4.47
It: 15400, Loss: 7.181e+01, l1: 0.895, l2: 0.01278, Time: 4.14
It: 15500, Loss: 7.163e+01, l1: 0.895, l2: 0.01302, Time: 4.85
It: 15600, Loss: 7.147e+01, l1: 0.895, l2: 0.01317, Time: 4.51
It: 15700, Loss: 7.131e+01, l1: 0.895, l2: 0.01307, Time: 4.33
It: 15800, Loss: 7.118e+01, l1: 0.896, l2: 0.01295, Time: 4.61
It: 15900, Loss: 7.105e+01, l1: 0.896, l2: 0.01292, Time: 4.05
It: 16000, Loss: 7.094e+01, l1: 0.896, l2: 0.01290, Time: 4.81
It: 16100, Loss: 7.083e+01, l1: 0.896, l2: 0.01301, Time: 4.54
It: 16200, Loss: 7.072e+01, l1: 0.896, l2: 0.01290, Time: 4.55
It: 16300, Loss: 7.061e+01, l1: 0.896, l2: 0.01286, Time: 4.50
It: 16400, Loss: 7.051e+01, l1: 0.896, l2: 0.01280, Time: 4.18
It: 16500, Loss: 7.040e+01, l1: 0.896, l2: 0.01286, Time: 3.90
It: 16600, Loss: 7.033e+01, l1: 0.896, l2: 0.01302, Time: 4.09
It: 16700, Loss: 7.019e+01, l1: 0.896, l2: 0.01280, Time: 5.34
It: 16800, Loss: 7.008e+01, l1: 0.896, l2: 0.01282, Time: 4.41
It: 16900, Loss: 6.996e+01, l1: 0.896, l2: 0.01272, Time: 4.43
It: 17000, Loss: 6.985e+01, l1: 0.896, l2: 0.01275, Time: 4.53
It: 17100, Loss: 6.973e+01, l1: 0.896, l2: 0.01276, Time: 5.09
It: 17200, Loss: 6.961e+01, l1: 0.897, l2: 0.01265, Time: 4.70
It: 17300, Loss: 6.950e+01, l1: 0.897, l2: 0.01267, Time: 4.56
It: 17400, Loss: 6.938e+01, l1: 0.897, l2: 0.01265, Time: 4.64
It: 17500, Loss: 6.927e+01, l1: 0.897, l2: 0.01262, Time: 4.63
It: 17600, Loss: 6.916e+01, l1: 0.897, l2: 0.01266, Time: 4.48
It: 17700, Loss: 6.908e+01, l1: 0.897, l2: 0.01288, Time: 4.30
It: 17800, Loss: 6.895e+01, l1: 0.897, l2: 0.01269, Time: 3.96
It: 17900, Loss: 6.884e+01, l1: 0.897, l2: 0.01272, Time: 4.55
It: 18000, Loss: 6.873e+01, l1: 0.897, l2: 0.01268, Time: 4.56
It: 18100, Loss: 6.867e+01, l1: 0.898, l2: 0.01235, Time: 4.52
It: 18200, Loss: 6.851e+01, l1: 0.898, l2: 0.01275, Time: 4.41
It: 18300, Loss: 6.842e+01, l1: 0.898, l2: 0.01275, Time: 4.55
It: 18400, Loss: 6.841e+01, l1: 0.897, l2: 0.01308, Time: 4.51
It: 18500, Loss: 6.819e+01, l1: 0.898, l2: 0.01274, Time: 4.60
It: 18600, Loss: 6.809e+01, l1: 0.898, l2: 0.01274, Time: 4.45
It: 18700, Loss: 6.798e+01, l1: 0.898, l2: 0.01271, Time: 5.25
It: 18800, Loss: 6.788e+01, l1: 0.898, l2: 0.01284, Time: 4.58
It: 18900, Loss: 6.779e+01, l1: 0.899, l2: 0.01288, Time: 4.61
It: 19000, Loss: 6.767e+01, l1: 0.899, l2: 0.01278, Time: 4.12
It: 19100, Loss: 6.757e+01, l1: 0.899, l2: 0.01280, Time: 4.42
It: 19200, Loss: 6.753e+01, l1: 0.899, l2: 0.01309, Time: 4.50
It: 19300, Loss: 6.737e+01, l1: 0.899, l2: 0.01287, Time: 4.84
It: 19400, Loss: 6.728e+01, l1: 0.899, l2: 0.01289, Time: 4.10
It: 19500, Loss: 6.718e+01, l1: 0.899, l2: 0.01298, Time: 4.26
It: 19600, Loss: 6.709e+01, l1: 0.899, l2: 0.01289, Time: 4.79
It: 19700, Loss: 6.700e+01, l1: 0.899, l2: 0.01290, Time: 4.47
It: 19800, Loss: 6.690e+01, l1: 0.899, l2: 0.01296, Time: 4.03
It: 19900, Loss: 6.681e+01, l1: 0.900, l2: 0.01294, Time: 4.43
It: 20000, Loss: 6.673e+01, l1: 0.900, l2: 0.01298, Time: 4.53
It: 20100, Loss: 6.668e+01, l1: 0.900, l2: 0.01299, Time: 4.12
It: 20200, Loss: 6.663e+01, l1: 0.900, l2: 0.01299, Time: 4.25
It: 20300, Loss: 6.658e+01, l1: 0.900, l2: 0.01300, Time: 4.32
It: 20400, Loss: 6.653e+01, l1: 0.900, l2: 0.01301, Time: 4.79
It: 20500, Loss: 6.648e+01, l1: 0.900, l2: 0.01302, Time: 4.59
It: 20600, Loss: 6.643e+01, l1: 0.900, l2: 0.01303, Time: 4.03
It: 20700, Loss: 6.637e+01, l1: 0.900, l2: 0.01304, Time: 4.36
It: 20800, Loss: 6.631e+01, l1: 0.900, l2: 0.01305, Time: 4.29
It: 20900, Loss: 6.625e+01, l1: 0.900, l2: 0.01306, Time: 3.96
It: 21000, Loss: 6.619e+01, l1: 0.900, l2: 0.01307, Time: 4.30
It: 21100, Loss: 6.613e+01, l1: 0.900, l2: 0.01308, Time: 4.13
It: 21200, Loss: 6.607e+01, l1: 0.900, l2: 0.01309, Time: 3.94
It: 21300, Loss: 6.600e+01, l1: 0.900, l2: 0.01310, Time: 4.62
It: 21400, Loss: 6.594e+01, l1: 0.900, l2: 0.01311, Time: 4.39
It: 21500, Loss: 6.587e+01, l1: 0.900, l2: 0.01307, Time: 4.52
It: 21600, Loss: 6.581e+01, l1: 0.900, l2: 0.01313, Time: 4.93
It: 21700, Loss: 6.576e+01, l1: 0.900, l2: 0.01321, Time: 4.26
It: 21800, Loss: 6.570e+01, l1: 0.900, l2: 0.01316, Time: 5.24
It: 21900, Loss: 6.564e+01, l1: 0.900, l2: 0.01314, Time: 4.68
It: 22000, Loss: 6.559e+01, l1: 0.900, l2: 0.01317, Time: 4.33
It: 22100, Loss: 6.553e+01, l1: 0.900, l2: 0.01317, Time: 5.00
It: 22200, Loss: 6.548e+01, l1: 0.900, l2: 0.01318, Time: 4.71
It: 22300, Loss: 6.543e+01, l1: 0.900, l2: 0.01316, Time: 4.69
It: 22400, Loss: 6.538e+01, l1: 0.900, l2: 0.01318, Time: 4.20
It: 22500, Loss: 6.534e+01, l1: 0.900, l2: 0.01320, Time: 4.93
It: 22600, Loss: 6.529e+01, l1: 0.900, l2: 0.01322, Time: 4.63
It: 22700, Loss: 6.525e+01, l1: 0.900, l2: 0.01322, Time: 4.39
It: 22800, Loss: 6.520e+01, l1: 0.900, l2: 0.01320, Time: 4.08
It: 22900, Loss: 6.516e+01, l1: 0.900, l2: 0.01322, Time: 4.36
It: 23000, Loss: 6.512e+01, l1: 0.900, l2: 0.01324, Time: 4.01
It: 23100, Loss: 6.508e+01, l1: 0.900, l2: 0.01330, Time: 4.42
It: 23200, Loss: 6.506e+01, l1: 0.900, l2: 0.01329, Time: 4.69
It: 23300, Loss: 6.501e+01, l1: 0.900, l2: 0.01327, Time: 4.04
It: 23400, Loss: 6.497e+01, l1: 0.900, l2: 0.01321, Time: 5.11
It: 23500, Loss: 6.494e+01, l1: 0.900, l2: 0.01328, Time: 4.49
It: 23600, Loss: 6.490e+01, l1: 0.900, l2: 0.01330, Time: 4.04
It: 23700, Loss: 6.487e+01, l1: 0.900, l2: 0.01329, Time: 5.12
It: 23800, Loss: 6.484e+01, l1: 0.900, l2: 0.01331, Time: 4.43
It: 23900, Loss: 6.481e+01, l1: 0.900, l2: 0.01321, Time: 4.38
It: 24000, Loss: 6.478e+01, l1: 0.900, l2: 0.01358, Time: 4.96
It: 24100, Loss: 6.474e+01, l1: 0.900, l2: 0.01331, Time: 4.33
It: 24200, Loss: 6.471e+01, l1: 0.900, l2: 0.01332, Time: 4.32
It: 24300, Loss: 6.468e+01, l1: 0.900, l2: 0.01330, Time: 4.55
It: 24400, Loss: 6.466e+01, l1: 0.900, l2: 0.01334, Time: 4.15
It: 24500, Loss: 6.464e+01, l1: 0.900, l2: 0.01341, Time: 4.20
It: 24600, Loss: 6.460e+01, l1: 0.900, l2: 0.01335, Time: 4.57
It: 24700, Loss: 6.457e+01, l1: 0.900, l2: 0.01337, Time: 4.46
It: 24800, Loss: 6.455e+01, l1: 0.900, l2: 0.01337, Time: 4.14
It: 24900, Loss: 6.452e+01, l1: 0.900, l2: 0.01338, Time: 4.74
It: 25000, Loss: 6.451e+01, l1: 0.900, l2: 0.01346, Time: 4.54
It: 25100, Loss: 6.447e+01, l1: 0.900, l2: 0.01339, Time: 4.15
It: 25200, Loss: 6.445e+01, l1: 0.900, l2: 0.01339, Time: 4.73
It: 25300, Loss: 6.443e+01, l1: 0.900, l2: 0.01332, Time: 4.30
It: 25400, Loss: 6.441e+01, l1: 0.900, l2: 0.01348, Time: 4.02
It: 25500, Loss: 6.439e+01, l1: 0.900, l2: 0.01329, Time: 4.28
It: 25600, Loss: 6.436e+01, l1: 0.900, l2: 0.01350, Time: 4.05
It: 25700, Loss: 6.434e+01, l1: 0.900, l2: 0.01344, Time: 4.18
It: 25800, Loss: 6.432e+01, l1: 0.900, l2: 0.01330, Time: 4.05
It: 25900, Loss: 6.429e+01, l1: 0.900, l2: 0.01340, Time: 4.39
It: 26000, Loss: 6.430e+01, l1: 0.900, l2: 0.01360, Time: 4.27
It: 26100, Loss: 6.425e+01, l1: 0.900, l2: 0.01346, Time: 3.99
It: 26200, Loss: 6.423e+01, l1: 0.900, l2: 0.01346, Time: 4.36
It: 26300, Loss: 6.421e+01, l1: 0.900, l2: 0.01346, Time: 4.92
It: 26400, Loss: 6.419e+01, l1: 0.901, l2: 0.01347, Time: 4.09
It: 26500, Loss: 6.418e+01, l1: 0.901, l2: 0.01351, Time: 4.58
It: 26600, Loss: 6.415e+01, l1: 0.901, l2: 0.01348, Time: 4.35
It: 26700, Loss: 6.413e+01, l1: 0.901, l2: 0.01350, Time: 4.10
It: 26800, Loss: 6.411e+01, l1: 0.901, l2: 0.01349, Time: 4.37
It: 26900, Loss: 6.409e+01, l1: 0.901, l2: 0.01351, Time: 4.03
It: 27000, Loss: 6.408e+01, l1: 0.901, l2: 0.01350, Time: 4.36
It: 27100, Loss: 6.406e+01, l1: 0.901, l2: 0.01350, Time: 4.45
It: 27200, Loss: 6.404e+01, l1: 0.901, l2: 0.01352, Time: 4.02
It: 27300, Loss: 6.402e+01, l1: 0.901, l2: 0.01352, Time: 4.39
It: 27400, Loss: 6.400e+01, l1: 0.901, l2: 0.01351, Time: 4.22
It: 27500, Loss: 6.398e+01, l1: 0.901, l2: 0.01352, Time: 5.06
It: 27600, Loss: 6.397e+01, l1: 0.901, l2: 0.01348, Time: 4.53
It: 27700, Loss: 6.396e+01, l1: 0.901, l2: 0.01337, Time: 4.36
It: 27800, Loss: 6.393e+01, l1: 0.901, l2: 0.01353, Time: 4.01
It: 27900, Loss: 6.392e+01, l1: 0.901, l2: 0.01344, Time: 4.83
It: 28000, Loss: 6.390e+01, l1: 0.901, l2: 0.01354, Time: 4.56
It: 28100, Loss: 6.393e+01, l1: 0.901, l2: 0.01374, Time: 4.09
It: 28200, Loss: 6.386e+01, l1: 0.901, l2: 0.01355, Time: 4.32
It: 28300, Loss: 6.385e+01, l1: 0.901, l2: 0.01363, Time: 4.32
It: 28400, Loss: 6.383e+01, l1: 0.901, l2: 0.01361, Time: 4.37
It: 28500, Loss: 6.381e+01, l1: 0.901, l2: 0.01356, Time: 4.29
It: 28600, Loss: 6.380e+01, l1: 0.901, l2: 0.01369, Time: 4.02
It: 28700, Loss: 6.378e+01, l1: 0.901, l2: 0.01355, Time: 4.39
It: 28800, Loss: 6.376e+01, l1: 0.901, l2: 0.01349, Time: 4.27
It: 28900, Loss: 6.374e+01, l1: 0.901, l2: 0.01357, Time: 4.20
It: 29000, Loss: 6.373e+01, l1: 0.901, l2: 0.01358, Time: 4.30
It: 29100, Loss: 6.371e+01, l1: 0.901, l2: 0.01360, Time: 4.06
It: 29200, Loss: 6.369e+01, l1: 0.902, l2: 0.01359, Time: 4.93
It: 29300, Loss: 6.369e+01, l1: 0.902, l2: 0.01365, Time: 4.58
It: 29400, Loss: 6.366e+01, l1: 0.902, l2: 0.01358, Time: 3.42
It: 29500, Loss: 6.364e+01, l1: 0.902, l2: 0.01365, Time: 4.38
It: 29600, Loss: 6.363e+01, l1: 0.902, l2: 0.01365, Time: 4.28
It: 29700, Loss: 6.361e+01, l1: 0.902, l2: 0.01359, Time: 4.07
It: 29800, Loss: 6.360e+01, l1: 0.902, l2: 0.01357, Time: 4.38
It: 29900, Loss: 6.358e+01, l1: 0.902, l2: 0.01363, Time: 4.64
It: 30000, Loss: 6.357e+01, l1: 0.902, l2: 0.01364, Time: 4.07
It: 30100, Loss: 6.355e+01, l1: 0.902, l2: 0.01362, Time: 4.30
It: 30200, Loss: 6.354e+01, l1: 0.902, l2: 0.01362, Time: 4.10
It: 30300, Loss: 6.353e+01, l1: 0.902, l2: 0.01363, Time: 4.13
It: 30400, Loss: 6.352e+01, l1: 0.902, l2: 0.01363, Time: 4.35
It: 30500, Loss: 6.351e+01, l1: 0.902, l2: 0.01363, Time: 4.19
It: 30600, Loss: 6.350e+01, l1: 0.902, l2: 0.01363, Time: 4.17
It: 30700, Loss: 6.349e+01, l1: 0.902, l2: 0.01363, Time: 4.41
It: 30800, Loss: 6.348e+01, l1: 0.902, l2: 0.01363, Time: 4.22
It: 30900, Loss: 6.347e+01, l1: 0.902, l2: 0.01363, Time: 4.42
It: 31000, Loss: 6.345e+01, l1: 0.902, l2: 0.01363, Time: 4.39
It: 31100, Loss: 6.344e+01, l1: 0.902, l2: 0.01364, Time: 4.07
It: 31200, Loss: 6.343e+01, l1: 0.902, l2: 0.01364, Time: 4.36
It: 31300, Loss: 6.341e+01, l1: 0.902, l2: 0.01364, Time: 4.00
It: 31400, Loss: 6.340e+01, l1: 0.902, l2: 0.01364, Time: 4.34
It: 31500, Loss: 6.338e+01, l1: 0.902, l2: 0.01364, Time: 4.44
It: 31600, Loss: 6.336e+01, l1: 0.902, l2: 0.01364, Time: 4.05
It: 31700, Loss: 6.335e+01, l1: 0.902, l2: 0.01372, Time: 4.18
It: 31800, Loss: 6.333e+01, l1: 0.902, l2: 0.01365, Time: 4.38
It: 31900, Loss: 6.332e+01, l1: 0.902, l2: 0.01360, Time: 4.11
It: 32000, Loss: 6.330e+01, l1: 0.902, l2: 0.01365, Time: 4.02
It: 32100, Loss: 6.328e+01, l1: 0.902, l2: 0.01365, Time: 4.18
It: 32200, Loss: 6.326e+01, l1: 0.902, l2: 0.01365, Time: 4.87
It: 32300, Loss: 6.325e+01, l1: 0.903, l2: 0.01365, Time: 4.06
It: 32400, Loss: 6.323e+01, l1: 0.903, l2: 0.01365, Time: 3.96
It: 32500, Loss: 6.321e+01, l1: 0.903, l2: 0.01361, Time: 4.15
It: 32600, Loss: 6.320e+01, l1: 0.903, l2: 0.01361, Time: 3.95
It: 32700, Loss: 6.318e+01, l1: 0.903, l2: 0.01364, Time: 3.97
It: 32800, Loss: 6.317e+01, l1: 0.903, l2: 0.01356, Time: 4.49
It: 32900, Loss: 6.315e+01, l1: 0.903, l2: 0.01366, Time: 4.14
It: 33000, Loss: 6.313e+01, l1: 0.903, l2: 0.01364, Time: 4.35
It: 33100, Loss: 6.311e+01, l1: 0.903, l2: 0.01365, Time: 4.40
It: 33200, Loss: 6.310e+01, l1: 0.903, l2: 0.01365, Time: 4.07
It: 33300, Loss: 6.308e+01, l1: 0.903, l2: 0.01363, Time: 4.38
It: 33400, Loss: 6.306e+01, l1: 0.903, l2: 0.01364, Time: 4.59
It: 33500, Loss: 6.304e+01, l1: 0.903, l2: 0.01365, Time: 3.95
It: 33600, Loss: 6.302e+01, l1: 0.903, l2: 0.01363, Time: 4.26
It: 33700, Loss: 6.300e+01, l1: 0.903, l2: 0.01364, Time: 4.15
It: 33800, Loss: 6.298e+01, l1: 0.903, l2: 0.01365, Time: 4.06
It: 33900, Loss: 6.296e+01, l1: 0.903, l2: 0.01365, Time: 4.01
It: 34000, Loss: 6.294e+01, l1: 0.903, l2: 0.01357, Time: 4.30
It: 34100, Loss: 6.291e+01, l1: 0.903, l2: 0.01363, Time: 4.26
It: 34200, Loss: 6.290e+01, l1: 0.903, l2: 0.01370, Time: 4.18
It: 34300, Loss: 6.287e+01, l1: 0.903, l2: 0.01365, Time: 4.22
It: 34400, Loss: 6.285e+01, l1: 0.904, l2: 0.01367, Time: 4.28
It: 34500, Loss: 6.284e+01, l1: 0.904, l2: 0.01365, Time: 4.67
It: 34600, Loss: 6.282e+01, l1: 0.904, l2: 0.01366, Time: 4.34
It: 34700, Loss: 6.280e+01, l1: 0.904, l2: 0.01364, Time: 4.08
It: 34800, Loss: 6.278e+01, l1: 0.904, l2: 0.01368, Time: 4.27
It: 34900, Loss: 6.276e+01, l1: 0.904, l2: 0.01365, Time: 4.32
It: 35000, Loss: 6.274e+01, l1: 0.904, l2: 0.01367, Time: 4.54
It: 35100, Loss: 6.272e+01, l1: 0.904, l2: 0.01368, Time: 4.38
It: 35200, Loss: 6.271e+01, l1: 0.904, l2: 0.01363, Time: 4.23
It: 35300, Loss: 6.269e+01, l1: 0.904, l2: 0.01367, Time: 4.06
It: 35400, Loss: 6.267e+01, l1: 0.904, l2: 0.01366, Time: 4.17
It: 35500, Loss: 6.265e+01, l1: 0.904, l2: 0.01367, Time: 4.17
It: 35600, Loss: 6.263e+01, l1: 0.904, l2: 0.01367, Time: 4.88
It: 35700, Loss: 6.262e+01, l1: 0.904, l2: 0.01371, Time: 4.40
It: 35800, Loss: 6.260e+01, l1: 0.904, l2: 0.01366, Time: 4.37
It: 35900, Loss: 6.258e+01, l1: 0.904, l2: 0.01368, Time: 4.13
It: 36000, Loss: 6.256e+01, l1: 0.904, l2: 0.01368, Time: 4.34
It: 36100, Loss: 6.254e+01, l1: 0.904, l2: 0.01362, Time: 4.47
It: 36200, Loss: 6.253e+01, l1: 0.904, l2: 0.01360, Time: 3.98
It: 36300, Loss: 6.251e+01, l1: 0.905, l2: 0.01367, Time: 4.29
It: 36400, Loss: 6.249e+01, l1: 0.905, l2: 0.01363, Time: 4.10
It: 36500, Loss: 6.247e+01, l1: 0.905, l2: 0.01369, Time: 4.32
It: 36600, Loss: 6.245e+01, l1: 0.905, l2: 0.01375, Time: 4.10
It: 36700, Loss: 6.243e+01, l1: 0.905, l2: 0.01367, Time: 4.69
It: 36800, Loss: 6.241e+01, l1: 0.905, l2: 0.01369, Time: 4.40
It: 36900, Loss: 6.240e+01, l1: 0.905, l2: 0.01368, Time: 4.04
It: 37000, Loss: 6.238e+01, l1: 0.905, l2: 0.01366, Time: 4.84
It: 37100, Loss: 6.236e+01, l1: 0.905, l2: 0.01366, Time: 4.28
It: 37200, Loss: 6.234e+01, l1: 0.905, l2: 0.01367, Time: 4.07
It: 37300, Loss: 6.232e+01, l1: 0.905, l2: 0.01365, Time: 4.36
It: 37400, Loss: 6.230e+01, l1: 0.905, l2: 0.01365, Time: 4.26
It: 37500, Loss: 6.228e+01, l1: 0.905, l2: 0.01360, Time: 4.20
It: 37600, Loss: 6.226e+01, l1: 0.905, l2: 0.01363, Time: 4.51
It: 37700, Loss: 6.224e+01, l1: 0.905, l2: 0.01363, Time: 3.74
It: 37800, Loss: 6.223e+01, l1: 0.905, l2: 0.01377, Time: 4.72
It: 37900, Loss: 6.220e+01, l1: 0.905, l2: 0.01366, Time: 4.24
It: 38000, Loss: 6.218e+01, l1: 0.905, l2: 0.01362, Time: 4.25
It: 38100, Loss: 6.216e+01, l1: 0.905, l2: 0.01362, Time: 4.50
It: 38200, Loss: 6.214e+01, l1: 0.905, l2: 0.01361, Time: 4.29
It: 38300, Loss: 6.212e+01, l1: 0.905, l2: 0.01361, Time: 4.07
It: 38400, Loss: 6.210e+01, l1: 0.905, l2: 0.01361, Time: 4.44
It: 38500, Loss: 6.208e+01, l1: 0.906, l2: 0.01361, Time: 4.06
It: 38600, Loss: 6.206e+01, l1: 0.906, l2: 0.01360, Time: 4.02
It: 38700, Loss: 6.204e+01, l1: 0.906, l2: 0.01360, Time: 4.46
It: 38800, Loss: 6.202e+01, l1: 0.906, l2: 0.01360, Time: 4.08
It: 38900, Loss: 6.200e+01, l1: 0.906, l2: 0.01358, Time: 4.98
It: 39000, Loss: 6.198e+01, l1: 0.906, l2: 0.01355, Time: 4.35
It: 39100, Loss: 6.195e+01, l1: 0.906, l2: 0.01356, Time: 4.11
It: 39200, Loss: 6.194e+01, l1: 0.906, l2: 0.01347, Time: 4.36
It: 39300, Loss: 6.191e+01, l1: 0.906, l2: 0.01350, Time: 4.41
It: 39400, Loss: 6.189e+01, l1: 0.906, l2: 0.01356, Time: 4.04
It: 39500, Loss: 6.187e+01, l1: 0.906, l2: 0.01355, Time: 4.40
It: 39600, Loss: 6.185e+01, l1: 0.906, l2: 0.01354, Time: 4.36
It: 39700, Loss: 6.184e+01, l1: 0.906, l2: 0.01335, Time: 4.19
It: 39800, Loss: 6.181e+01, l1: 0.906, l2: 0.01354, Time: 4.25
It: 39900, Loss: 6.179e+01, l1: 0.906, l2: 0.01353, Time: 4.39
It: 40000, Loss: 6.177e+01, l1: 0.906, l2: 0.01353, Time: 4.51
It: 40100, Loss: 6.176e+01, l1: 0.906, l2: 0.01352, Time: 4.09
It: 40200, Loss: 6.175e+01, l1: 0.906, l2: 0.01352, Time: 4.20
It: 40300, Loss: 6.174e+01, l1: 0.906, l2: 0.01352, Time: 4.53
It: 40400, Loss: 6.173e+01, l1: 0.906, l2: 0.01352, Time: 4.26
It: 40500, Loss: 6.172e+01, l1: 0.906, l2: 0.01351, Time: 4.31
It: 40600, Loss: 6.170e+01, l1: 0.906, l2: 0.01351, Time: 4.45
It: 40700, Loss: 6.169e+01, l1: 0.906, l2: 0.01351, Time: 4.05
It: 40800, Loss: 6.168e+01, l1: 0.906, l2: 0.01350, Time: 5.18
It: 40900, Loss: 6.166e+01, l1: 0.906, l2: 0.01350, Time: 4.22
It: 41000, Loss: 6.165e+01, l1: 0.907, l2: 0.01349, Time: 3.95
It: 41100, Loss: 6.163e+01, l1: 0.907, l2: 0.01349, Time: 4.26
It: 41200, Loss: 6.162e+01, l1: 0.907, l2: 0.01348, Time: 4.09
It: 41300, Loss: 6.160e+01, l1: 0.907, l2: 0.01348, Time: 4.62
It: 41400, Loss: 6.158e+01, l1: 0.907, l2: 0.01347, Time: 4.35
It: 41500, Loss: 6.156e+01, l1: 0.907, l2: 0.01347, Time: 4.11
It: 41600, Loss: 6.154e+01, l1: 0.907, l2: 0.01346, Time: 3.86
It: 41700, Loss: 6.153e+01, l1: 0.907, l2: 0.01345, Time: 4.55
It: 41800, Loss: 6.151e+01, l1: 0.907, l2: 0.01345, Time: 4.63
It: 41900, Loss: 6.149e+01, l1: 0.907, l2: 0.01344, Time: 4.40
It: 42000, Loss: 6.147e+01, l1: 0.907, l2: 0.01342, Time: 4.64
It: 42100, Loss: 6.145e+01, l1: 0.907, l2: 0.01342, Time: 4.15
It: 42200, Loss: 6.143e+01, l1: 0.907, l2: 0.01344, Time: 4.50
It: 42300, Loss: 6.142e+01, l1: 0.907, l2: 0.01342, Time: 4.34
It: 42400, Loss: 6.140e+01, l1: 0.907, l2: 0.01341, Time: 3.41
It: 42500, Loss: 6.138e+01, l1: 0.907, l2: 0.01341, Time: 4.40
It: 42600, Loss: 6.136e+01, l1: 0.907, l2: 0.01340, Time: 4.18
It: 42700, Loss: 6.134e+01, l1: 0.907, l2: 0.01337, Time: 4.07
It: 42800, Loss: 6.132e+01, l1: 0.907, l2: 0.01340, Time: 4.35
It: 42900, Loss: 6.130e+01, l1: 0.907, l2: 0.01343, Time: 4.19
It: 43000, Loss: 6.129e+01, l1: 0.907, l2: 0.01338, Time: 4.38
It: 43100, Loss: 6.127e+01, l1: 0.908, l2: 0.01334, Time: 4.39
It: 43200, Loss: 6.125e+01, l1: 0.908, l2: 0.01340, Time: 4.04
It: 43300, Loss: 6.123e+01, l1: 0.908, l2: 0.01335, Time: 5.23
It: 43400, Loss: 6.121e+01, l1: 0.908, l2: 0.01332, Time: 4.55
It: 43500, Loss: 6.119e+01, l1: 0.908, l2: 0.01333, Time: 4.06
It: 43600, Loss: 6.117e+01, l1: 0.908, l2: 0.01329, Time: 5.19
It: 43700, Loss: 6.115e+01, l1: 0.908, l2: 0.01332, Time: 4.41
It: 43800, Loss: 6.113e+01, l1: 0.908, l2: 0.01333, Time: 4.16
It: 43900, Loss: 6.111e+01, l1: 0.908, l2: 0.01331, Time: 4.48
It: 44000, Loss: 6.110e+01, l1: 0.908, l2: 0.01330, Time: 4.34
It: 44100, Loss: 6.108e+01, l1: 0.908, l2: 0.01330, Time: 4.24
It: 44200, Loss: 6.106e+01, l1: 0.908, l2: 0.01329, Time: 4.89
It: 44300, Loss: 6.104e+01, l1: 0.908, l2: 0.01328, Time: 4.09
It: 44400, Loss: 6.102e+01, l1: 0.908, l2: 0.01326, Time: 4.54
It: 44500, Loss: 6.100e+01, l1: 0.908, l2: 0.01327, Time: 4.36
It: 44600, Loss: 6.098e+01, l1: 0.908, l2: 0.01325, Time: 4.22
It: 44700, Loss: 6.096e+01, l1: 0.908, l2: 0.01325, Time: 4.53
It: 44800, Loss: 6.094e+01, l1: 0.908, l2: 0.01323, Time: 3.98
It: 44900, Loss: 6.092e+01, l1: 0.908, l2: 0.01324, Time: 4.67
It: 45000, Loss: 6.090e+01, l1: 0.908, l2: 0.01322, Time: 3.99
It: 45100, Loss: 6.088e+01, l1: 0.908, l2: 0.01323, Time: 4.09
It: 45200, Loss: 6.087e+01, l1: 0.908, l2: 0.01328, Time: 4.46
It: 45300, Loss: 6.085e+01, l1: 0.909, l2: 0.01322, Time: 4.32
It: 45400, Loss: 6.083e+01, l1: 0.909, l2: 0.01322, Time: 3.83
It: 45500, Loss: 6.081e+01, l1: 0.909, l2: 0.01320, Time: 4.07
It: 45600, Loss: 6.079e+01, l1: 0.909, l2: 0.01319, Time: 4.66
It: 45700, Loss: 6.077e+01, l1: 0.909, l2: 0.01319, Time: 3.99
It: 45800, Loss: 6.075e+01, l1: 0.909, l2: 0.01318, Time: 4.14
It: 45900, Loss: 6.073e+01, l1: 0.909, l2: 0.01318, Time: 4.51
It: 46000, Loss: 6.071e+01, l1: 0.909, l2: 0.01317, Time: 4.14
It: 46100, Loss: 6.070e+01, l1: 0.909, l2: 0.01317, Time: 3.72
It: 46200, Loss: 6.068e+01, l1: 0.909, l2: 0.01317, Time: 3.95
It: 46300, Loss: 6.066e+01, l1: 0.909, l2: 0.01316, Time: 4.67
It: 46400, Loss: 6.064e+01, l1: 0.909, l2: 0.01315, Time: 4.45
It: 46500, Loss: 6.062e+01, l1: 0.909, l2: 0.01315, Time: 4.15
It: 46600, Loss: 6.060e+01, l1: 0.909, l2: 0.01314, Time: 4.43
It: 46700, Loss: 6.059e+01, l1: 0.909, l2: 0.01314, Time: 4.27
It: 46800, Loss: 6.057e+01, l1: 0.909, l2: 0.01318, Time: 4.36
It: 46900, Loss: 6.055e+01, l1: 0.909, l2: 0.01313, Time: 4.26
It: 47000, Loss: 6.053e+01, l1: 0.909, l2: 0.01313, Time: 4.12
It: 47100, Loss: 6.051e+01, l1: 0.909, l2: 0.01310, Time: 4.70
It: 47200, Loss: 6.050e+01, l1: 0.909, l2: 0.01309, Time: 4.46
It: 47300, Loss: 6.048e+01, l1: 0.909, l2: 0.01312, Time: 4.58
It: 47400, Loss: 6.046e+01, l1: 0.909, l2: 0.01316, Time: 4.00
It: 47500, Loss: 6.044e+01, l1: 0.909, l2: 0.01309, Time: 4.33
It: 47600, Loss: 6.043e+01, l1: 0.909, l2: 0.01308, Time: 4.18
It: 47700, Loss: 6.041e+01, l1: 0.909, l2: 0.01309, Time: 4.27
It: 47800, Loss: 6.039e+01, l1: 0.909, l2: 0.01308, Time: 4.25
It: 47900, Loss: 6.037e+01, l1: 0.910, l2: 0.01303, Time: 4.06
It: 48000, Loss: 6.036e+01, l1: 0.910, l2: 0.01306, Time: 4.15
It: 48100, Loss: 6.034e+01, l1: 0.910, l2: 0.01308, Time: 4.09
It: 48200, Loss: 6.032e+01, l1: 0.910, l2: 0.01306, Time: 4.31
It: 48300, Loss: 6.030e+01, l1: 0.910, l2: 0.01305, Time: 4.44
It: 48400, Loss: 6.029e+01, l1: 0.910, l2: 0.01305, Time: 4.06
It: 48500, Loss: 6.027e+01, l1: 0.910, l2: 0.01304, Time: 4.18
It: 48600, Loss: 6.025e+01, l1: 0.910, l2: 0.01304, Time: 4.12
It: 48700, Loss: 6.024e+01, l1: 0.910, l2: 0.01303, Time: 4.89
It: 48800, Loss: 6.022e+01, l1: 0.910, l2: 0.01303, Time: 4.86
It: 48900, Loss: 6.020e+01, l1: 0.910, l2: 0.01302, Time: 3.83
It: 49000, Loss: 6.018e+01, l1: 0.910, l2: 0.01302, Time: 4.38
It: 49100, Loss: 6.017e+01, l1: 0.910, l2: 0.01301, Time: 4.38
It: 49200, Loss: 6.015e+01, l1: 0.910, l2: 0.01305, Time: 4.09
It: 49300, Loss: 6.013e+01, l1: 0.910, l2: 0.01295, Time: 4.40
It: 49400, Loss: 6.012e+01, l1: 0.910, l2: 0.01299, Time: 4.62
It: 49500, Loss: 6.010e+01, l1: 0.910, l2: 0.01299, Time: 4.10
It: 49600, Loss: 6.008e+01, l1: 0.910, l2: 0.01295, Time: 4.62
It: 49700, Loss: 6.006e+01, l1: 0.910, l2: 0.01302, Time: 4.63
It: 49800, Loss: 6.005e+01, l1: 0.910, l2: 0.01297, Time: 4.05
It: 49900, Loss: 6.003e+01, l1: 0.910, l2: 0.01300, Time: 4.44
It: 50000, Loss: 6.001e+01, l1: 0.910, l2: 0.01296, Time: 4.43
It: 50100, Loss: 6.000e+01, l1: 0.910, l2: 0.01296, Time: 4.16
It: 50200, Loss: 6.000e+01, l1: 0.910, l2: 0.01296, Time: 4.41
It: 50300, Loss: 5.999e+01, l1: 0.910, l2: 0.01295, Time: 4.14
It: 50400, Loss: 5.998e+01, l1: 0.910, l2: 0.01295, Time: 4.06
It: 50500, Loss: 5.997e+01, l1: 0.910, l2: 0.01295, Time: 4.20
It: 50600, Loss: 5.996e+01, l1: 0.910, l2: 0.01294, Time: 3.96
It: 50700, Loss: 5.994e+01, l1: 0.910, l2: 0.01294, Time: 4.23
It: 50800, Loss: 5.993e+01, l1: 0.910, l2: 0.01294, Time: 4.05
It: 50900, Loss: 5.992e+01, l1: 0.910, l2: 0.01293, Time: 3.90
It: 51000, Loss: 5.991e+01, l1: 0.910, l2: 0.01293, Time: 4.53
It: 51100, Loss: 5.990e+01, l1: 0.910, l2: 0.01292, Time: 4.58
It: 51200, Loss: 5.988e+01, l1: 0.910, l2: 0.01292, Time: 4.39
It: 51300, Loss: 5.987e+01, l1: 0.910, l2: 0.01292, Time: 4.43
It: 51400, Loss: 5.985e+01, l1: 0.910, l2: 0.01291, Time: 4.21
It: 51500, Loss: 5.984e+01, l1: 0.910, l2: 0.01293, Time: 4.37
It: 51600, Loss: 5.983e+01, l1: 0.911, l2: 0.01290, Time: 4.30
It: 51700, Loss: 5.981e+01, l1: 0.911, l2: 0.01290, Time: 4.17
It: 51800, Loss: 5.980e+01, l1: 0.911, l2: 0.01289, Time: 3.81
It: 51900, Loss: 5.978e+01, l1: 0.911, l2: 0.01287, Time: 4.23
It: 52000, Loss: 5.977e+01, l1: 0.911, l2: 0.01288, Time: 3.63
It: 52100, Loss: 5.976e+01, l1: 0.911, l2: 0.01288, Time: 4.22
It: 52200, Loss: 5.974e+01, l1: 0.911, l2: 0.01289, Time: 4.07
It: 52300, Loss: 5.973e+01, l1: 0.911, l2: 0.01287, Time: 4.39
It: 52400, Loss: 5.972e+01, l1: 0.911, l2: 0.01289, Time: 4.42
It: 52500, Loss: 5.970e+01, l1: 0.911, l2: 0.01289, Time: 4.21
It: 52600, Loss: 5.969e+01, l1: 0.911, l2: 0.01285, Time: 4.24
It: 52700, Loss: 5.968e+01, l1: 0.911, l2: 0.01287, Time: 4.60
It: 52800, Loss: 5.966e+01, l1: 0.911, l2: 0.01284, Time: 4.27
It: 52900, Loss: 5.965e+01, l1: 0.911, l2: 0.01285, Time: 4.31
It: 53000, Loss: 5.964e+01, l1: 0.911, l2: 0.01285, Time: 4.12
It: 53100, Loss: 5.962e+01, l1: 0.911, l2: 0.01282, Time: 4.43
It: 53200, Loss: 5.961e+01, l1: 0.911, l2: 0.01284, Time: 4.38
It: 53300, Loss: 5.960e+01, l1: 0.911, l2: 0.01285, Time: 4.07
It: 53400, Loss: 5.958e+01, l1: 0.911, l2: 0.01283, Time: 4.10
It: 53500, Loss: 5.957e+01, l1: 0.911, l2: 0.01283, Time: 4.00
It: 53600, Loss: 5.956e+01, l1: 0.911, l2: 0.01282, Time: 4.26
It: 53700, Loss: 5.955e+01, l1: 0.911, l2: 0.01282, Time: 4.08
It: 53800, Loss: 5.953e+01, l1: 0.911, l2: 0.01282, Time: 4.68
It: 53900, Loss: 5.952e+01, l1: 0.911, l2: 0.01282, Time: 4.32
It: 54000, Loss: 5.951e+01, l1: 0.911, l2: 0.01280, Time: 4.34
It: 54100, Loss: 5.949e+01, l1: 0.911, l2: 0.01281, Time: 4.49
It: 54200, Loss: 5.948e+01, l1: 0.911, l2: 0.01281, Time: 4.44
It: 54300, Loss: 5.947e+01, l1: 0.911, l2: 0.01280, Time: 4.10
It: 54400, Loss: 5.946e+01, l1: 0.911, l2: 0.01280, Time: 4.60
It: 54500, Loss: 5.945e+01, l1: 0.911, l2: 0.01279, Time: 4.12
It: 54600, Loss: 5.943e+01, l1: 0.911, l2: 0.01280, Time: 4.75
It: 54700, Loss: 5.942e+01, l1: 0.911, l2: 0.01279, Time: 4.38
It: 54800, Loss: 5.941e+01, l1: 0.911, l2: 0.01279, Time: 4.47
It: 54900, Loss: 5.940e+01, l1: 0.911, l2: 0.01279, Time: 4.05
It: 55000, Loss: 5.939e+01, l1: 0.911, l2: 0.01278, Time: 4.31
It: 55100, Loss: 5.937e+01, l1: 0.911, l2: 0.01278, Time: 4.04
It: 55200, Loss: 5.936e+01, l1: 0.911, l2: 0.01277, Time: 4.23
It: 55300, Loss: 5.935e+01, l1: 0.911, l2: 0.01277, Time: 3.52
It: 55400, Loss: 5.934e+01, l1: 0.911, l2: 0.01277, Time: 4.33
It: 55500, Loss: 5.933e+01, l1: 0.911, l2: 0.01277, Time: 4.29
It: 55600, Loss: 5.931e+01, l1: 0.911, l2: 0.01276, Time: 4.22
It: 55700, Loss: 5.930e+01, l1: 0.911, l2: 0.01276, Time: 4.41
It: 55800, Loss: 5.929e+01, l1: 0.911, l2: 0.01277, Time: 4.32
It: 55900, Loss: 5.928e+01, l1: 0.911, l2: 0.01275, Time: 4.07
It: 56000, Loss: 5.927e+01, l1: 0.911, l2: 0.01276, Time: 4.20
It: 56100, Loss: 5.926e+01, l1: 0.911, l2: 0.01276, Time: 4.00
It: 56200, Loss: 5.925e+01, l1: 0.911, l2: 0.01276, Time: 4.46
It: 56300, Loss: 5.923e+01, l1: 0.911, l2: 0.01275, Time: 3.32
It: 56400, Loss: 5.922e+01, l1: 0.911, l2: 0.01275, Time: 4.17
It: 56500, Loss: 5.921e+01, l1: 0.911, l2: 0.01276, Time: 4.08
It: 56600, Loss: 5.920e+01, l1: 0.912, l2: 0.01274, Time: 4.31
It: 56700, Loss: 5.919e+01, l1: 0.912, l2: 0.01275, Time: 3.92
It: 56800, Loss: 5.918e+01, l1: 0.912, l2: 0.01274, Time: 4.44
It: 56900, Loss: 5.916e+01, l1: 0.912, l2: 0.01275, Time: 4.34
It: 57000, Loss: 5.915e+01, l1: 0.912, l2: 0.01275, Time: 4.18
It: 57100, Loss: 5.914e+01, l1: 0.912, l2: 0.01274, Time: 4.33
It: 57200, Loss: 5.913e+01, l1: 0.912, l2: 0.01277, Time: 4.12
It: 57300, Loss: 5.912e+01, l1: 0.912, l2: 0.01274, Time: 4.84
It: 57400, Loss: 5.910e+01, l1: 0.912, l2: 0.01275, Time: 4.21
It: 57500, Loss: 5.909e+01, l1: 0.912, l2: 0.01273, Time: 4.07
It: 57600, Loss: 5.908e+01, l1: 0.912, l2: 0.01274, Time: 3.99
It: 57700, Loss: 5.907e+01, l1: 0.912, l2: 0.01274, Time: 4.22
It: 57800, Loss: 5.906e+01, l1: 0.912, l2: 0.01274, Time: 3.81
It: 57900, Loss: 5.905e+01, l1: 0.912, l2: 0.01274, Time: 4.31
It: 58000, Loss: 5.903e+01, l1: 0.912, l2: 0.01274, Time: 4.09
It: 58100, Loss: 5.902e+01, l1: 0.912, l2: 0.01274, Time: 4.43
It: 58200, Loss: 5.901e+01, l1: 0.912, l2: 0.01275, Time: 4.08
It: 58300, Loss: 5.900e+01, l1: 0.912, l2: 0.01275, Time: 4.38
It: 58400, Loss: 5.898e+01, l1: 0.912, l2: 0.01275, Time: 4.00
It: 58500, Loss: 5.897e+01, l1: 0.912, l2: 0.01275, Time: 4.40
It: 58600, Loss: 5.896e+01, l1: 0.912, l2: 0.01275, Time: 3.27
It: 58700, Loss: 5.895e+01, l1: 0.912, l2: 0.01275, Time: 4.22
It: 58800, Loss: 5.894e+01, l1: 0.912, l2: 0.01275, Time: 4.14
It: 58900, Loss: 5.892e+01, l1: 0.912, l2: 0.01277, Time: 4.61
It: 59000, Loss: 5.891e+01, l1: 0.912, l2: 0.01276, Time: 4.56
It: 59100, Loss: 5.890e+01, l1: 0.912, l2: 0.01276, Time: 4.04
It: 59200, Loss: 5.889e+01, l1: 0.912, l2: 0.01277, Time: 4.15
It: 59300, Loss: 5.888e+01, l1: 0.912, l2: 0.01276, Time: 4.63
It: 59400, Loss: 5.886e+01, l1: 0.912, l2: 0.01277, Time: 3.29
It: 59500, Loss: 5.885e+01, l1: 0.912, l2: 0.01277, Time: 4.29
It: 59600, Loss: 5.884e+01, l1: 0.912, l2: 0.01277, Time: 4.08
It: 59700, Loss: 5.883e+01, l1: 0.912, l2: 0.01277, Time: 4.28
It: 59800, Loss: 5.882e+01, l1: 0.912, l2: 0.01277, Time: 5.44
It: 59900, Loss: 5.881e+01, l1: 0.912, l2: 0.01278, Time: 4.08
It: 60000, Loss: 5.880e+01, l1: 0.912, l2: 0.01278, Time: 4.53
It: 60100, Loss: 5.879e+01, l1: 0.912, l2: 0.01278, Time: 4.37
It: 60200, Loss: 5.879e+01, l1: 0.912, l2: 0.01278, Time: 4.47
It: 60300, Loss: 5.878e+01, l1: 0.912, l2: 0.01278, Time: 4.74
It: 60400, Loss: 5.877e+01, l1: 0.912, l2: 0.01279, Time: 4.42
It: 60500, Loss: 5.877e+01, l1: 0.912, l2: 0.01279, Time: 4.03
It: 60600, Loss: 5.876e+01, l1: 0.912, l2: 0.01279, Time: 4.26
It: 60700, Loss: 5.876e+01, l1: 0.912, l2: 0.01279, Time: 3.93
It: 60800, Loss: 5.875e+01, l1: 0.912, l2: 0.01279, Time: 3.95
It: 60900, Loss: 5.874e+01, l1: 0.912, l2: 0.01279, Time: 4.31
It: 61000, Loss: 5.874e+01, l1: 0.912, l2: 0.01279, Time: 4.08
It: 61100, Loss: 5.873e+01, l1: 0.912, l2: 0.01280, Time: 4.05
It: 61200, Loss: 5.872e+01, l1: 0.912, l2: 0.01280, Time: 4.52
It: 61300, Loss: 5.871e+01, l1: 0.912, l2: 0.01280, Time: 4.41
It: 61400, Loss: 5.871e+01, l1: 0.912, l2: 0.01280, Time: 4.36
It: 61500, Loss: 5.870e+01, l1: 0.912, l2: 0.01280, Time: 4.38
It: 61600, Loss: 5.869e+01, l1: 0.912, l2: 0.01280, Time: 4.09
It: 61700, Loss: 5.868e+01, l1: 0.912, l2: 0.01281, Time: 4.49
It: 61800, Loss: 5.868e+01, l1: 0.912, l2: 0.01281, Time: 4.32
It: 61900, Loss: 5.867e+01, l1: 0.912, l2: 0.01281, Time: 4.48
It: 62000, Loss: 5.866e+01, l1: 0.912, l2: 0.01281, Time: 4.51
It: 62100, Loss: 5.865e+01, l1: 0.912, l2: 0.01282, Time: 4.33
It: 62200, Loss: 5.864e+01, l1: 0.912, l2: 0.01282, Time: 4.24
It: 62300, Loss: 5.864e+01, l1: 0.912, l2: 0.01282, Time: 4.43
It: 62400, Loss: 5.863e+01, l1: 0.912, l2: 0.01282, Time: 4.31
It: 62500, Loss: 5.862e+01, l1: 0.912, l2: 0.01281, Time: 4.04
It: 62600, Loss: 5.861e+01, l1: 0.912, l2: 0.01284, Time: 4.11
It: 62700, Loss: 5.861e+01, l1: 0.912, l2: 0.01283, Time: 4.72
It: 62800, Loss: 5.860e+01, l1: 0.912, l2: 0.01283, Time: 4.31
It: 62900, Loss: 5.859e+01, l1: 0.912, l2: 0.01283, Time: 4.51
It: 63000, Loss: 5.858e+01, l1: 0.912, l2: 0.01284, Time: 4.14
It: 63100, Loss: 5.858e+01, l1: 0.912, l2: 0.01283, Time: 4.40
It: 63200, Loss: 5.857e+01, l1: 0.912, l2: 0.01284, Time: 4.22
It: 63300, Loss: 5.856e+01, l1: 0.912, l2: 0.01285, Time: 3.85
It: 63400, Loss: 5.855e+01, l1: 0.912, l2: 0.01284, Time: 4.40
It: 63500, Loss: 5.855e+01, l1: 0.912, l2: 0.01285, Time: 4.08
It: 63600, Loss: 5.854e+01, l1: 0.912, l2: 0.01285, Time: 4.30
It: 63700, Loss: 5.853e+01, l1: 0.912, l2: 0.01285, Time: 4.19
It: 63800, Loss: 5.853e+01, l1: 0.912, l2: 0.01285, Time: 4.04
It: 63900, Loss: 5.852e+01, l1: 0.912, l2: 0.01286, Time: 4.06
It: 64000, Loss: 5.851e+01, l1: 0.912, l2: 0.01286, Time: 4.25
It: 64100, Loss: 5.850e+01, l1: 0.912, l2: 0.01286, Time: 4.52
It: 64200, Loss: 5.850e+01, l1: 0.912, l2: 0.01287, Time: 4.32
It: 64300, Loss: 5.849e+01, l1: 0.912, l2: 0.01287, Time: 4.14
It: 64400, Loss: 5.848e+01, l1: 0.912, l2: 0.01287, Time: 4.34
It: 64500, Loss: 5.848e+01, l1: 0.912, l2: 0.01287, Time: 4.09
It: 64600, Loss: 5.847e+01, l1: 0.912, l2: 0.01288, Time: 4.00
It: 64700, Loss: 5.846e+01, l1: 0.912, l2: 0.01288, Time: 4.34
It: 64800, Loss: 5.846e+01, l1: 0.912, l2: 0.01288, Time: 4.99
It: 64900, Loss: 5.845e+01, l1: 0.912, l2: 0.01288, Time: 4.45
It: 65000, Loss: 5.844e+01, l1: 0.912, l2: 0.01289, Time: 4.11
It: 65100, Loss: 5.844e+01, l1: 0.912, l2: 0.01289, Time: 4.83
It: 65200, Loss: 5.843e+01, l1: 0.912, l2: 0.01289, Time: 4.34
It: 65300, Loss: 5.842e+01, l1: 0.912, l2: 0.01289, Time: 4.25
It: 65400, Loss: 5.842e+01, l1: 0.912, l2: 0.01289, Time: 4.76
It: 65500, Loss: 5.841e+01, l1: 0.912, l2: 0.01289, Time: 3.80
It: 65600, Loss: 5.840e+01, l1: 0.912, l2: 0.01290, Time: 3.98
It: 65700, Loss: 5.840e+01, l1: 0.912, l2: 0.01290, Time: 4.24
It: 65800, Loss: 5.839e+01, l1: 0.912, l2: 0.01290, Time: 3.91
It: 65900, Loss: 5.838e+01, l1: 0.912, l2: 0.01291, Time: 4.33
It: 66000, Loss: 5.838e+01, l1: 0.912, l2: 0.01291, Time: 4.02
It: 66100, Loss: 5.837e+01, l1: 0.912, l2: 0.01291, Time: 4.68
It: 66200, Loss: 5.836e+01, l1: 0.912, l2: 0.01291, Time: 4.37
It: 66300, Loss: 5.836e+01, l1: 0.912, l2: 0.01292, Time: 4.01
It: 66400, Loss: 5.835e+01, l1: 0.912, l2: 0.01293, Time: 4.09
It: 66500, Loss: 5.834e+01, l1: 0.912, l2: 0.01291, Time: 4.05
It: 66600, Loss: 5.834e+01, l1: 0.912, l2: 0.01294, Time: 4.59
It: 66700, Loss: 5.833e+01, l1: 0.912, l2: 0.01292, Time: 4.31
It: 66800, Loss: 5.832e+01, l1: 0.912, l2: 0.01293, Time: 4.32
It: 66900, Loss: 5.832e+01, l1: 0.912, l2: 0.01293, Time: 4.27
It: 67000, Loss: 5.831e+01, l1: 0.912, l2: 0.01293, Time: 4.15
It: 67100, Loss: 5.830e+01, l1: 0.912, l2: 0.01293, Time: 4.67
It: 67200, Loss: 5.830e+01, l1: 0.912, l2: 0.01294, Time: 4.58
It: 67300, Loss: 5.829e+01, l1: 0.912, l2: 0.01294, Time: 4.09
It: 67400, Loss: 5.829e+01, l1: 0.912, l2: 0.01295, Time: 5.10
It: 67500, Loss: 5.828e+01, l1: 0.912, l2: 0.01294, Time: 4.21
It: 67600, Loss: 5.827e+01, l1: 0.912, l2: 0.01294, Time: 4.09
It: 67700, Loss: 5.827e+01, l1: 0.912, l2: 0.01294, Time: 4.46
It: 67800, Loss: 5.826e+01, l1: 0.912, l2: 0.01295, Time: 4.29
It: 67900, Loss: 5.825e+01, l1: 0.912, l2: 0.01295, Time: 4.13
It: 68000, Loss: 5.825e+01, l1: 0.912, l2: 0.01294, Time: 4.40
It: 68100, Loss: 5.824e+01, l1: 0.912, l2: 0.01295, Time: 4.45
It: 68200, Loss: 5.823e+01, l1: 0.912, l2: 0.01296, Time: 4.07
It: 68300, Loss: 5.823e+01, l1: 0.912, l2: 0.01296, Time: 4.32
It: 68400, Loss: 5.822e+01, l1: 0.912, l2: 0.01295, Time: 4.08
It: 68500, Loss: 5.821e+01, l1: 0.912, l2: 0.01296, Time: 4.70
It: 68600, Loss: 5.821e+01, l1: 0.912, l2: 0.01296, Time: 4.11
It: 68700, Loss: 5.820e+01, l1: 0.912, l2: 0.01296, Time: 4.53
It: 68800, Loss: 5.820e+01, l1: 0.912, l2: 0.01296, Time: 4.38
It: 68900, Loss: 5.819e+01, l1: 0.912, l2: 0.01297, Time: 4.05
It: 69000, Loss: 5.818e+01, l1: 0.912, l2: 0.01297, Time: 4.83
It: 69100, Loss: 5.818e+01, l1: 0.912, l2: 0.01297, Time: 4.11
It: 69200, Loss: 5.817e+01, l1: 0.913, l2: 0.01297, Time: 4.05
It: 69300, Loss: 5.816e+01, l1: 0.913, l2: 0.01297, Time: 5.04
It: 69400, Loss: 5.816e+01, l1: 0.913, l2: 0.01297, Time: 4.48
It: 69500, Loss: 5.815e+01, l1: 0.913, l2: 0.01296, Time: 4.62
It: 69600, Loss: 5.814e+01, l1: 0.913, l2: 0.01298, Time: 4.19
It: 69700, Loss: 5.814e+01, l1: 0.913, l2: 0.01298, Time: 4.37
It: 69800, Loss: 5.813e+01, l1: 0.913, l2: 0.01298, Time: 4.36
It: 69900, Loss: 5.812e+01, l1: 0.913, l2: 0.01299, Time: 3.90
It: 70000, Loss: 5.812e+01, l1: 0.913, l2: 0.01299, Time: 4.41
It: 70100, Loss: 5.811e+01, l1: 0.913, l2: 0.01299, Time: 3.97
It: 70200, Loss: 5.811e+01, l1: 0.913, l2: 0.01299, Time: 4.33
It: 70300, Loss: 5.811e+01, l1: 0.913, l2: 0.01299, Time: 3.95
It: 70400, Loss: 5.810e+01, l1: 0.913, l2: 0.01299, Time: 4.36
It: 70500, Loss: 5.810e+01, l1: 0.913, l2: 0.01299, Time: 4.06
It: 70600, Loss: 5.810e+01, l1: 0.913, l2: 0.01299, Time: 4.40
It: 70700, Loss: 5.809e+01, l1: 0.913, l2: 0.01299, Time: 4.98
It: 70800, Loss: 5.809e+01, l1: 0.913, l2: 0.01299, Time: 4.57
It: 70900, Loss: 5.808e+01, l1: 0.913, l2: 0.01299, Time: 4.60
It: 71000, Loss: 5.808e+01, l1: 0.913, l2: 0.01299, Time: 4.10
It: 71100, Loss: 5.808e+01, l1: 0.913, l2: 0.01299, Time: 5.02
It: 71200, Loss: 5.807e+01, l1: 0.913, l2: 0.01299, Time: 4.30
It: 71300, Loss: 5.807e+01, l1: 0.913, l2: 0.01299, Time: 3.98
It: 71400, Loss: 5.806e+01, l1: 0.913, l2: 0.01299, Time: 4.70
It: 71500, Loss: 5.806e+01, l1: 0.913, l2: 0.01299, Time: 4.05
It: 71600, Loss: 5.805e+01, l1: 0.913, l2: 0.01299, Time: 4.27
It: 71700, Loss: 5.805e+01, l1: 0.913, l2: 0.01300, Time: 4.01
It: 71800, Loss: 5.804e+01, l1: 0.913, l2: 0.01300, Time: 4.83
It: 71900, Loss: 5.804e+01, l1: 0.913, l2: 0.01300, Time: 4.28
It: 72000, Loss: 5.804e+01, l1: 0.913, l2: 0.01301, Time: 4.09
It: 72100, Loss: 5.803e+01, l1: 0.913, l2: 0.01300, Time: 4.38
It: 72200, Loss: 5.803e+01, l1: 0.913, l2: 0.01300, Time: 4.13
It: 72300, Loss: 5.802e+01, l1: 0.913, l2: 0.01300, Time: 3.88
It: 72400, Loss: 5.802e+01, l1: 0.913, l2: 0.01300, Time: 4.46
It: 72500, Loss: 5.801e+01, l1: 0.913, l2: 0.01300, Time: 4.11
It: 72600, Loss: 5.801e+01, l1: 0.913, l2: 0.01300, Time: 4.36
It: 72700, Loss: 5.800e+01, l1: 0.913, l2: 0.01300, Time: 3.95
It: 72800, Loss: 5.800e+01, l1: 0.913, l2: 0.01300, Time: 4.77
It: 72900, Loss: 5.799e+01, l1: 0.913, l2: 0.01300, Time: 4.23
It: 73000, Loss: 5.799e+01, l1: 0.913, l2: 0.01300, Time: 3.94
It: 73100, Loss: 5.799e+01, l1: 0.913, l2: 0.01300, Time: 4.32
It: 73200, Loss: 5.798e+01, l1: 0.913, l2: 0.01300, Time: 4.06
It: 73300, Loss: 5.798e+01, l1: 0.913, l2: 0.01301, Time: 4.90
It: 73400, Loss: 5.797e+01, l1: 0.913, l2: 0.01301, Time: 4.42
It: 73500, Loss: 5.797e+01, l1: 0.913, l2: 0.01301, Time: 4.10
It: 73600, Loss: 5.796e+01, l1: 0.913, l2: 0.01301, Time: 4.46
It: 73700, Loss: 5.796e+01, l1: 0.913, l2: 0.01301, Time: 4.41
It: 73800, Loss: 5.795e+01, l1: 0.913, l2: 0.01301, Time: 4.04
It: 73900, Loss: 5.795e+01, l1: 0.913, l2: 0.01301, Time: 4.48
It: 74000, Loss: 5.794e+01, l1: 0.913, l2: 0.01301, Time: 4.50
It: 74100, Loss: 5.794e+01, l1: 0.913, l2: 0.01301, Time: 4.03
It: 74200, Loss: 5.794e+01, l1: 0.913, l2: 0.01301, Time: 4.54
It: 74300, Loss: 5.793e+01, l1: 0.913, l2: 0.01301, Time: 4.10
It: 74400, Loss: 5.793e+01, l1: 0.913, l2: 0.01301, Time: 4.66
It: 74500, Loss: 5.792e+01, l1: 0.913, l2: 0.01301, Time: 4.17
It: 74600, Loss: 5.792e+01, l1: 0.913, l2: 0.01301, Time: 4.39
It: 74700, Loss: 5.791e+01, l1: 0.913, l2: 0.01301, Time: 4.04
It: 74800, Loss: 5.791e+01, l1: 0.913, l2: 0.01301, Time: 4.09
It: 74900, Loss: 5.790e+01, l1: 0.913, l2: 0.01301, Time: 4.41
It: 75000, Loss: 5.790e+01, l1: 0.913, l2: 0.01302, Time: 4.63
It: 75100, Loss: 5.789e+01, l1: 0.913, l2: 0.01301, Time: 4.03
It: 75200, Loss: 5.789e+01, l1: 0.913, l2: 0.01301, Time: 4.36
It: 75300, Loss: 5.789e+01, l1: 0.913, l2: 0.01302, Time: 4.42
It: 75400, Loss: 5.788e+01, l1: 0.913, l2: 0.01301, Time: 4.19
It: 75500, Loss: 5.788e+01, l1: 0.913, l2: 0.01302, Time: 4.31
It: 75600, Loss: 5.787e+01, l1: 0.913, l2: 0.01302, Time: 4.37
It: 75700, Loss: 5.787e+01, l1: 0.913, l2: 0.01302, Time: 4.01
It: 75800, Loss: 5.786e+01, l1: 0.913, l2: 0.01301, Time: 4.37
It: 75900, Loss: 5.786e+01, l1: 0.913, l2: 0.01302, Time: 4.09
It: 76000, Loss: 5.785e+01, l1: 0.913, l2: 0.01302, Time: 3.96
It: 76100, Loss: 5.785e+01, l1: 0.913, l2: 0.01302, Time: 4.34
It: 76200, Loss: 5.785e+01, l1: 0.913, l2: 0.01302, Time: 4.11
It: 76300, Loss: 5.784e+01, l1: 0.913, l2: 0.01302, Time: 4.31
It: 76400, Loss: 5.784e+01, l1: 0.913, l2: 0.01302, Time: 4.27
It: 76500, Loss: 5.783e+01, l1: 0.913, l2: 0.01302, Time: 4.08
It: 76600, Loss: 5.783e+01, l1: 0.913, l2: 0.01302, Time: 4.29
It: 76700, Loss: 5.782e+01, l1: 0.913, l2: 0.01302, Time: 4.32
It: 76800, Loss: 5.782e+01, l1: 0.913, l2: 0.01302, Time: 4.05
It: 76900, Loss: 5.781e+01, l1: 0.913, l2: 0.01302, Time: 4.54
It: 77000, Loss: 5.781e+01, l1: 0.913, l2: 0.01302, Time: 4.43
It: 77100, Loss: 5.781e+01, l1: 0.913, l2: 0.01302, Time: 4.78
It: 77200, Loss: 5.780e+01, l1: 0.913, l2: 0.01302, Time: 4.37
It: 77300, Loss: 5.780e+01, l1: 0.913, l2: 0.01302, Time: 4.13
It: 77400, Loss: 5.779e+01, l1: 0.913, l2: 0.01303, Time: 4.96
It: 77500, Loss: 5.779e+01, l1: 0.913, l2: 0.01302, Time: 4.31
It: 77600, Loss: 5.778e+01, l1: 0.913, l2: 0.01303, Time: 4.04
It: 77700, Loss: 5.778e+01, l1: 0.913, l2: 0.01303, Time: 4.45
It: 77800, Loss: 5.777e+01, l1: 0.913, l2: 0.01302, Time: 4.38
It: 77900, Loss: 5.777e+01, l1: 0.913, l2: 0.01303, Time: 4.02
It: 78000, Loss: 5.777e+01, l1: 0.913, l2: 0.01303, Time: 4.32
It: 78100, Loss: 5.776e+01, l1: 0.913, l2: 0.01303, Time: 4.94
It: 78200, Loss: 5.776e+01, l1: 0.913, l2: 0.01303, Time: 4.36
It: 78300, Loss: 5.775e+01, l1: 0.913, l2: 0.01303, Time: 4.48
It: 78400, Loss: 5.775e+01, l1: 0.913, l2: 0.01303, Time: 4.62
It: 78500, Loss: 5.774e+01, l1: 0.913, l2: 0.01303, Time: 4.55
It: 78600, Loss: 5.774e+01, l1: 0.913, l2: 0.01303, Time: 4.35
It: 78700, Loss: 5.773e+01, l1: 0.913, l2: 0.01303, Time: 4.36
It: 78800, Loss: 5.773e+01, l1: 0.913, l2: 0.01303, Time: 4.05
It: 78900, Loss: 5.773e+01, l1: 0.914, l2: 0.01303, Time: 4.86
It: 79000, Loss: 5.772e+01, l1: 0.914, l2: 0.01304, Time: 4.18
It: 79100, Loss: 5.772e+01, l1: 0.914, l2: 0.01304, Time: 4.21
It: 79200, Loss: 5.771e+01, l1: 0.914, l2: 0.01304, Time: 4.82
It: 79300, Loss: 5.771e+01, l1: 0.914, l2: 0.01304, Time: 4.22
It: 79400, Loss: 5.770e+01, l1: 0.914, l2: 0.01303, Time: 4.08
It: 79500, Loss: 5.770e+01, l1: 0.914, l2: 0.01304, Time: 4.69
It: 79600, Loss: 5.770e+01, l1: 0.914, l2: 0.01304, Time: 4.63
It: 79700, Loss: 5.769e+01, l1: 0.914, l2: 0.01304, Time: 4.55
It: 79800, Loss: 5.769e+01, l1: 0.914, l2: 0.01304, Time: 4.03
It: 79900, Loss: 5.768e+01, l1: 0.914, l2: 0.01304, Time: 4.39
It: 80000, Loss: 5.768e+01, l1: 0.914, l2: 0.01305, Time: 4.15
It: 80100, Loss: 5.768e+01, l1: 0.914, l2: 0.01305, Time: 4.48
It: 80200, Loss: 5.767e+01, l1: 0.914, l2: 0.01305, Time: 3.99
It: 80300, Loss: 5.767e+01, l1: 0.914, l2: 0.01305, Time: 3.90
It: 80400, Loss: 5.767e+01, l1: 0.914, l2: 0.01305, Time: 4.26
It: 80500, Loss: 5.767e+01, l1: 0.914, l2: 0.01305, Time: 4.02
It: 80600, Loss: 5.766e+01, l1: 0.914, l2: 0.01305, Time: 4.32
It: 80700, Loss: 5.766e+01, l1: 0.914, l2: 0.01305, Time: 4.06
It: 80800, Loss: 5.766e+01, l1: 0.914, l2: 0.01305, Time: 4.44
It: 80900, Loss: 5.766e+01, l1: 0.914, l2: 0.01305, Time: 4.67
It: 81000, Loss: 5.765e+01, l1: 0.914, l2: 0.01305, Time: 4.07
It: 81100, Loss: 5.765e+01, l1: 0.914, l2: 0.01305, Time: 4.65
It: 81200, Loss: 5.765e+01, l1: 0.914, l2: 0.01305, Time: 4.25
It: 81300, Loss: 5.765e+01, l1: 0.914, l2: 0.01305, Time: 4.52
It: 81400, Loss: 5.764e+01, l1: 0.914, l2: 0.01305, Time: 4.25
It: 81500, Loss: 5.764e+01, l1: 0.914, l2: 0.01305, Time: 4.48
It: 81600, Loss: 5.764e+01, l1: 0.914, l2: 0.01305, Time: 3.95
It: 81700, Loss: 5.763e+01, l1: 0.914, l2: 0.01305, Time: 3.91
It: 81800, Loss: 5.763e+01, l1: 0.914, l2: 0.01305, Time: 3.68
It: 81900, Loss: 5.763e+01, l1: 0.914, l2: 0.01305, Time: 4.16
It: 82000, Loss: 5.763e+01, l1: 0.914, l2: 0.01305, Time: 4.08
It: 82100, Loss: 5.762e+01, l1: 0.914, l2: 0.01305, Time: 4.35
It: 82200, Loss: 5.762e+01, l1: 0.914, l2: 0.01305, Time: 4.11
It: 82300, Loss: 5.762e+01, l1: 0.914, l2: 0.01305, Time: 4.59
It: 82400, Loss: 5.761e+01, l1: 0.914, l2: 0.01306, Time: 4.26
It: 82500, Loss: 5.761e+01, l1: 0.914, l2: 0.01306, Time: 4.01
It: 82600, Loss: 5.761e+01, l1: 0.914, l2: 0.01306, Time: 4.51
It: 82700, Loss: 5.761e+01, l1: 0.914, l2: 0.01306, Time: 4.63
It: 82800, Loss: 5.760e+01, l1: 0.914, l2: 0.01306, Time: 3.98
It: 82900, Loss: 5.760e+01, l1: 0.914, l2: 0.01306, Time: 4.26
It: 83000, Loss: 5.760e+01, l1: 0.914, l2: 0.01306, Time: 3.96
It: 83100, Loss: 5.759e+01, l1: 0.914, l2: 0.01306, Time: 4.69
It: 83200, Loss: 5.759e+01, l1: 0.914, l2: 0.01306, Time: 4.20
It: 83300, Loss: 5.759e+01, l1: 0.914, l2: 0.01306, Time: 4.11
It: 83400, Loss: 5.759e+01, l1: 0.914, l2: 0.01306, Time: 4.46
It: 83500, Loss: 5.758e+01, l1: 0.914, l2: 0.01306, Time: 4.33
It: 83600, Loss: 5.758e+01, l1: 0.914, l2: 0.01306, Time: 4.07
It: 83700, Loss: 5.758e+01, l1: 0.914, l2: 0.01306, Time: 4.36
It: 83800, Loss: 5.757e+01, l1: 0.914, l2: 0.01306, Time: 4.24
It: 83900, Loss: 5.757e+01, l1: 0.914, l2: 0.01306, Time: 4.40
It: 84000, Loss: 5.757e+01, l1: 0.914, l2: 0.01306, Time: 4.36
It: 84100, Loss: 5.757e+01, l1: 0.914, l2: 0.01306, Time: 4.04
It: 84200, Loss: 5.756e+01, l1: 0.914, l2: 0.01307, Time: 4.73
It: 84300, Loss: 5.756e+01, l1: 0.914, l2: 0.01307, Time: 4.23
It: 84400, Loss: 5.756e+01, l1: 0.914, l2: 0.01307, Time: 4.09
It: 84500, Loss: 5.755e+01, l1: 0.914, l2: 0.01307, Time: 4.14
It: 84600, Loss: 5.755e+01, l1: 0.914, l2: 0.01307, Time: 4.38
It: 84700, Loss: 5.755e+01, l1: 0.914, l2: 0.01307, Time: 4.08
It: 84800, Loss: 5.754e+01, l1: 0.914, l2: 0.01307, Time: 4.39
It: 84900, Loss: 5.754e+01, l1: 0.914, l2: 0.01307, Time: 4.06
It: 85000, Loss: 5.754e+01, l1: 0.914, l2: 0.01307, Time: 4.86
It: 85100, Loss: 5.754e+01, l1: 0.914, l2: 0.01307, Time: 4.25
It: 85200, Loss: 5.753e+01, l1: 0.914, l2: 0.01307, Time: 4.09
It: 85300, Loss: 5.753e+01, l1: 0.914, l2: 0.01307, Time: 4.27
It: 85400, Loss: 5.753e+01, l1: 0.914, l2: 0.01307, Time: 4.40
It: 85500, Loss: 5.752e+01, l1: 0.914, l2: 0.01308, Time: 4.30
It: 85600, Loss: 5.752e+01, l1: 0.914, l2: 0.01308, Time: 4.18
It: 85700, Loss: 5.752e+01, l1: 0.914, l2: 0.01308, Time: 3.64
It: 85800, Loss: 5.751e+01, l1: 0.914, l2: 0.01308, Time: 4.33
It: 85900, Loss: 5.751e+01, l1: 0.914, l2: 0.01308, Time: 4.23
It: 86000, Loss: 5.751e+01, l1: 0.914, l2: 0.01308, Time: 4.34
It: 86100, Loss: 5.751e+01, l1: 0.914, l2: 0.01308, Time: 4.39
It: 86200, Loss: 5.750e+01, l1: 0.914, l2: 0.01308, Time: 4.38
It: 86300, Loss: 5.750e+01, l1: 0.914, l2: 0.01308, Time: 4.10
It: 86400, Loss: 5.750e+01, l1: 0.914, l2: 0.01309, Time: 4.20
It: 86500, Loss: 5.749e+01, l1: 0.914, l2: 0.01309, Time: 3.97
It: 86600, Loss: 5.749e+01, l1: 0.914, l2: 0.01309, Time: 4.14
It: 86700, Loss: 5.749e+01, l1: 0.914, l2: 0.01309, Time: 4.06
It: 86800, Loss: 5.748e+01, l1: 0.914, l2: 0.01309, Time: 4.60
It: 86900, Loss: 5.748e+01, l1: 0.914, l2: 0.01309, Time: 4.21
It: 87000, Loss: 5.748e+01, l1: 0.914, l2: 0.01309, Time: 4.12
It: 87100, Loss: 5.748e+01, l1: 0.914, l2: 0.01310, Time: 4.42
It: 87200, Loss: 5.747e+01, l1: 0.914, l2: 0.01309, Time: 4.32
It: 87300, Loss: 5.747e+01, l1: 0.914, l2: 0.01310, Time: 4.17
It: 87400, Loss: 5.747e+01, l1: 0.914, l2: 0.01310, Time: 4.72
It: 87500, Loss: 5.746e+01, l1: 0.914, l2: 0.01310, Time: 4.21
It: 87600, Loss: 5.746e+01, l1: 0.914, l2: 0.01310, Time: 4.15
It: 87700, Loss: 5.746e+01, l1: 0.914, l2: 0.01310, Time: 3.95
It: 87800, Loss: 5.745e+01, l1: 0.914, l2: 0.01311, Time: 4.03
It: 87900, Loss: 5.745e+01, l1: 0.914, l2: 0.01311, Time: 4.18
It: 88000, Loss: 5.745e+01, l1: 0.914, l2: 0.01311, Time: 4.32
It: 88100, Loss: 5.744e+01, l1: 0.914, l2: 0.01311, Time: 3.96
It: 88200, Loss: 5.744e+01, l1: 0.914, l2: 0.01311, Time: 4.36
It: 88300, Loss: 5.744e+01, l1: 0.914, l2: 0.01311, Time: 4.12
It: 88400, Loss: 5.744e+01, l1: 0.914, l2: 0.01311, Time: 3.84
It: 88500, Loss: 5.743e+01, l1: 0.914, l2: 0.01312, Time: 4.08
It: 88600, Loss: 5.743e+01, l1: 0.914, l2: 0.01312, Time: 4.59
It: 88700, Loss: 5.743e+01, l1: 0.914, l2: 0.01312, Time: 4.04
It: 88800, Loss: 5.742e+01, l1: 0.914, l2: 0.01312, Time: 4.23
It: 88900, Loss: 5.742e+01, l1: 0.914, l2: 0.01312, Time: 4.83
It: 89000, Loss: 5.742e+01, l1: 0.914, l2: 0.01312, Time: 4.35
It: 89100, Loss: 5.741e+01, l1: 0.914, l2: 0.01313, Time: 4.18
It: 89200, Loss: 5.741e+01, l1: 0.914, l2: 0.01313, Time: 4.85
It: 89300, Loss: 5.741e+01, l1: 0.914, l2: 0.01313, Time: 4.34
It: 89400, Loss: 5.740e+01, l1: 0.914, l2: 0.01313, Time: 4.05
It: 89500, Loss: 5.740e+01, l1: 0.914, l2: 0.01313, Time: 4.14
It: 89600, Loss: 5.740e+01, l1: 0.914, l2: 0.01313, Time: 4.69
It: 89700, Loss: 5.740e+01, l1: 0.914, l2: 0.01313, Time: 4.08
It: 89800, Loss: 5.739e+01, l1: 0.914, l2: 0.01314, Time: 4.45
It: 89900, Loss: 5.739e+01, l1: 0.914, l2: 0.01314, Time: 4.41
It: 90000, Loss: 5.739e+01, l1: 0.914, l2: 0.01314, Time: 4.57
It: 90100, Loss: 5.738e+01, l1: 0.914, l2: 0.01314, Time: 3.94
It: 90200, Loss: 5.738e+01, l1: 0.914, l2: 0.01314, Time: 4.41
It: 90300, Loss: 5.738e+01, l1: 0.914, l2: 0.01314, Time: 4.35
It: 90400, Loss: 5.738e+01, l1: 0.914, l2: 0.01314, Time: 4.40
It: 90500, Loss: 5.738e+01, l1: 0.914, l2: 0.01314, Time: 4.36
It: 90600, Loss: 5.738e+01, l1: 0.914, l2: 0.01315, Time: 4.41
It: 90700, Loss: 5.738e+01, l1: 0.914, l2: 0.01315, Time: 4.08
It: 90800, Loss: 5.737e+01, l1: 0.914, l2: 0.01315, Time: 4.37
It: 90900, Loss: 5.737e+01, l1: 0.914, l2: 0.01315, Time: 4.39
It: 91000, Loss: 5.737e+01, l1: 0.914, l2: 0.01315, Time: 4.14
It: 91100, Loss: 5.737e+01, l1: 0.914, l2: 0.01315, Time: 4.34
It: 91200, Loss: 5.737e+01, l1: 0.914, l2: 0.01315, Time: 4.11
It: 91300, Loss: 5.737e+01, l1: 0.914, l2: 0.01315, Time: 4.72
It: 91400, Loss: 5.736e+01, l1: 0.914, l2: 0.01315, Time: 4.43
It: 91500, Loss: 5.736e+01, l1: 0.915, l2: 0.01315, Time: 4.15
It: 91600, Loss: 5.736e+01, l1: 0.915, l2: 0.01316, Time: 4.30
It: 91700, Loss: 5.736e+01, l1: 0.915, l2: 0.01316, Time: 4.57