It: 0, Loss: 2.671e-01, nu: 0.020, Time: 0.08
It: 100, Loss: 6.497e-02, nu: 0.020, Time: 6.75
It: 200, Loss: 5.765e-02, nu: 0.020, Time: 6.70
It: 300, Loss: 4.778e-02, nu: 0.020, Time: 6.43
It: 400, Loss: 2.291e-03, nu: 0.020, Time: 6.44
It: 500, Loss: 1.296e-03, nu: 0.020, Time: 6.37
It: 600, Loss: 2.556e-04, nu: 0.020, Time: 6.22
It: 700, Loss: 2.074e-04, nu: 0.020, Time: 6.32
It: 800, Loss: 1.393e-04, nu: 0.020, Time: 6.19
It: 900, Loss: 1.150e-04, nu: 0.020, Time: 6.22
It: 1000, Loss: 9.832e-05, nu: 0.020, Time: 6.30
It: 1100, Loss: 8.909e-05, nu: 0.020, Time: 6.33
It: 1200, Loss: 8.753e-05, nu: 0.020, Time: 6.25
It: 1300, Loss: 7.623e-05, nu: 0.020, Time: 5.87
It: 1400, Loss: 7.213e-05, nu: 0.020, Time: 5.96
It: 1500, Loss: 6.902e-05, nu: 0.020, Time: 5.90
It: 1600, Loss: 6.341e-05, nu: 0.020, Time: 6.04
It: 1700, Loss: 6.003e-05, nu: 0.020, Time: 5.98
It: 1800, Loss: 5.672e-05, nu: 0.020, Time: 5.92
It: 1900, Loss: 5.435e-05, nu: 0.020, Time: 5.94
It: 2000, Loss: 4.935e-05, nu: 0.020, Time: 5.89
It: 2100, Loss: 4.712e-05, nu: 0.020, Time: 5.94
It: 2200, Loss: 4.562e-05, nu: 0.020, Time: 6.01
It: 2300, Loss: 4.472e-05, nu: 0.020, Time: 5.89
It: 2400, Loss: 4.328e-05, nu: 0.020, Time: 5.93
It: 2500, Loss: 4.141e-05, nu: 0.020, Time: 5.92
It: 2600, Loss: 3.966e-05, nu: 0.020, Time: 5.99
It: 2700, Loss: 3.819e-05, nu: 0.020, Time: 5.99
It: 2800, Loss: 3.701e-05, nu: 0.020, Time: 5.89
It: 2900, Loss: 3.590e-05, nu: 0.020, Time: 5.94
It: 3000, Loss: 3.451e-05, nu: 0.020, Time: 5.97
It: 3100, Loss: 3.359e-05, nu: 0.020, Time: 5.94
It: 3200, Loss: 3.232e-05, nu: 0.020, Time: 5.86
It: 3300, Loss: 3.260e-05, nu: 0.020, Time: 5.90
It: 3400, Loss: 3.153e-05, nu: 0.020, Time: 5.64
It: 3500, Loss: 3.071e-05, nu: 0.020, Time: 5.58
It: 3600, Loss: 2.998e-05, nu: 0.020, Time: 6.09
It: 3700, Loss: 2.907e-05, nu: 0.020, Time: 6.04
It: 3800, Loss: 2.882e-05, nu: 0.020, Time: 6.10
It: 3900, Loss: 2.805e-05, nu: 0.020, Time: 5.95
It: 4000, Loss: 2.713e-05, nu: 0.020, Time: 5.92
It: 4100, Loss: 2.629e-05, nu: 0.020, Time: 5.72
It: 4200, Loss: 2.704e-05, nu: 0.020, Time: 5.63
It: 4300, Loss: 2.660e-05, nu: 0.020, Time: 5.61
It: 4400, Loss: 2.577e-05, nu: 0.020, Time: 5.66
It: 4500, Loss: 2.562e-05, nu: 0.020, Time: 5.76
It: 4600, Loss: 2.571e-05, nu: 0.020, Time: 5.65
It: 4700, Loss: 2.604e-05, nu: 0.020, Time: 5.69
It: 4800, Loss: 2.480e-05, nu: 0.020, Time: 5.66
It: 4900, Loss: 2.434e-05, nu: 0.020, Time: 5.71
It: 5000, Loss: 2.318e-05, nu: 0.020, Time: 5.63
It: 5100, Loss: 2.355e-05, nu: 0.020, Time: 5.74
It: 5200, Loss: 2.390e-05, nu: 0.020, Time: 5.66
It: 5300, Loss: 2.366e-05, nu: 0.020, Time: 5.63
It: 5400, Loss: 2.341e-05, nu: 0.020, Time: 5.73
It: 5500, Loss: 2.312e-05, nu: 0.020, Time: 5.63
It: 5600, Loss: 2.281e-05, nu: 0.020, Time: 5.69
It: 5700, Loss: 2.286e-05, nu: 0.020, Time: 5.68
It: 5800, Loss: 2.235e-05, nu: 0.020, Time: 5.77
It: 5900, Loss: 2.200e-05, nu: 0.020, Time: 5.66
It: 6000, Loss: 2.256e-05, nu: 0.020, Time: 5.60
It: 6100, Loss: 2.152e-05, nu: 0.020, Time: 5.59
It: 6200, Loss: 2.233e-05, nu: 0.020, Time: 5.77
It: 6300, Loss: 2.157e-05, nu: 0.020, Time: 5.92
It: 6400, Loss: 2.187e-05, nu: 0.020, Time: 5.96
It: 6500, Loss: 2.114e-05, nu: 0.020, Time: 6.02
It: 6600, Loss: 2.095e-05, nu: 0.020, Time: 5.75
It: 6700, Loss: 2.150e-05, nu: 0.020, Time: 5.65
It: 6800, Loss: 2.036e-05, nu: 0.020, Time: 5.56
It: 6900, Loss: 2.148e-05, nu: 0.020, Time: 5.69
It: 7000, Loss: 2.145e-05, nu: 0.020, Time: 5.96
It: 7100, Loss: 2.105e-05, nu: 0.020, Time: 5.87
It: 7200, Loss: 2.003e-05, nu: 0.020, Time: 5.88
It: 7300, Loss: 2.059e-05, nu: 0.020, Time: 5.92
It: 7400, Loss: 2.061e-05, nu: 0.020, Time: 5.89
It: 7500, Loss: 2.038e-05, nu: 0.020, Time: 5.90
It: 7600, Loss: 2.052e-05, nu: 0.020, Time: 5.94
It: 7700, Loss: 2.072e-05, nu: 0.020, Time: 5.93
It: 7800, Loss: 2.053e-05, nu: 0.020, Time: 5.90
It: 7900, Loss: 2.008e-05, nu: 0.020, Time: 5.89
It: 8000, Loss: 2.007e-05, nu: 0.020, Time: 5.94
It: 8100, Loss: 2.021e-05, nu: 0.020, Time: 5.90
It: 8200, Loss: 1.965e-05, nu: 0.020, Time: 5.86
It: 8300, Loss: 1.948e-05, nu: 0.020, Time: 5.92
It: 8400, Loss: 2.015e-05, nu: 0.020, Time: 5.86
It: 8500, Loss: 1.950e-05, nu: 0.020, Time: 5.89
It: 8600, Loss: 1.981e-05, nu: 0.020, Time: 5.95
It: 8700, Loss: 1.967e-05, nu: 0.020, Time: 5.92
It: 8800, Loss: 1.972e-05, nu: 0.020, Time: 5.91
It: 8900, Loss: 2.032e-05, nu: 0.020, Time: 5.99
It: 9000, Loss: 1.986e-05, nu: 0.020, Time: 5.86
It: 9100, Loss: 1.954e-05, nu: 0.020, Time: 5.92
It: 9200, Loss: 1.993e-05, nu: 0.020, Time: 5.87
It: 9300, Loss: 1.916e-05, nu: 0.020, Time: 5.90
It: 9400, Loss: 1.920e-05, nu: 0.020, Time: 5.95
It: 9500, Loss: 1.975e-05, nu: 0.020, Time: 5.86
It: 9600, Loss: 1.990e-05, nu: 0.020, Time: 5.94
It: 9700, Loss: 1.940e-05, nu: 0.020, Time: 5.94
It: 9800, Loss: 1.930e-05, nu: 0.020, Time: 5.93
It: 9900, Loss: 1.995e-05, nu: 0.020, Time: 5.88
It: 10000, Loss: 1.919e-05, nu: 0.020, Time: 5.91
It: 10100, Loss: 2.000e-05, nu: 0.020, Time: 5.90
It: 10200, Loss: 1.936e-05, nu: 0.020, Time: 5.89
It: 10300, Loss: 1.963e-05, nu: 0.020, Time: 5.93
It: 10400, Loss: 1.931e-05, nu: 0.020, Time: 5.84
It: 10500, Loss: 1.910e-05, nu: 0.020, Time: 5.92
It: 10600, Loss: 1.961e-05, nu: 0.020, Time: 5.93
It: 10700, Loss: 1.920e-05, nu: 0.020, Time: 5.95
It: 10800, Loss: 1.889e-05, nu: 0.020, Time: 5.94
It: 10900, Loss: 1.885e-05, nu: 0.020, Time: 5.91
It: 11000, Loss: 1.856e-05, nu: 0.020, Time: 5.85
It: 11100, Loss: 1.876e-05, nu: 0.020, Time: 5.87
It: 11200, Loss: 1.871e-05, nu: 0.020, Time: 5.88
It: 11300, Loss: 1.887e-05, nu: 0.020, Time: 5.99
It: 11400, Loss: 1.872e-05, nu: 0.020, Time: 5.87
It: 11500, Loss: 1.883e-05, nu: 0.020, Time: 6.00
It: 11600, Loss: 1.843e-05, nu: 0.020, Time: 5.89
It: 11700, Loss: 1.938e-05, nu: 0.020, Time: 6.02
It: 11800, Loss: 1.892e-05, nu: 0.020, Time: 6.06
It: 11900, Loss: 1.891e-05, nu: 0.020, Time: 5.99
It: 12000, Loss: 1.853e-05, nu: 0.020, Time: 6.01
It: 12100, Loss: 1.896e-05, nu: 0.020, Time: 6.01
It: 12200, Loss: 1.850e-05, nu: 0.020, Time: 6.04
It: 12300, Loss: 1.949e-05, nu: 0.020, Time: 6.01
It: 12400, Loss: 1.873e-05, nu: 0.020, Time: 5.97
It: 12500, Loss: 1.879e-05, nu: 0.020, Time: 6.00
It: 12600, Loss: 1.929e-05, nu: 0.020, Time: 6.06
It: 12700, Loss: 1.873e-05, nu: 0.020, Time: 6.02
It: 12800, Loss: 1.908e-05, nu: 0.020, Time: 6.07
It: 12900, Loss: 1.900e-05, nu: 0.020, Time: 6.07
It: 13000, Loss: 1.898e-05, nu: 0.020, Time: 5.96
It: 13100, Loss: 1.925e-05, nu: 0.020, Time: 6.06
It: 13200, Loss: 1.869e-05, nu: 0.020, Time: 5.96
It: 13300, Loss: 1.882e-05, nu: 0.020, Time: 5.96
It: 13400, Loss: 1.846e-05, nu: 0.020, Time: 6.08
It: 13500, Loss: 1.870e-05, nu: 0.020, Time: 6.03
It: 13600, Loss: 1.861e-05, nu: 0.020, Time: 6.08
It: 13700, Loss: 1.912e-05, nu: 0.020, Time: 6.02
It: 13800, Loss: 1.889e-05, nu: 0.020, Time: 6.08
It: 13900, Loss: 1.846e-05, nu: 0.020, Time: 6.09
It: 14000, Loss: 1.872e-05, nu: 0.020, Time: 6.09
It: 14100, Loss: 1.873e-05, nu: 0.020, Time: 6.03
It: 14200, Loss: 1.914e-05, nu: 0.020, Time: 6.10
It: 14300, Loss: 1.929e-05, nu: 0.020, Time: 6.13
It: 14400, Loss: 1.879e-05, nu: 0.020, Time: 6.12
It: 14500, Loss: 1.841e-05, nu: 0.020, Time: 6.09
It: 14600, Loss: 1.901e-05, nu: 0.020, Time: 6.09
It: 14700, Loss: 1.857e-05, nu: 0.020, Time: 6.09
It: 14800, Loss: 1.929e-05, nu: 0.020, Time: 6.03
It: 14900, Loss: 1.898e-05, nu: 0.020, Time: 6.10
It: 15000, Loss: 1.862e-05, nu: 0.020, Time: 6.09
It: 15100, Loss: 1.866e-05, nu: 0.020, Time: 6.25
It: 15200, Loss: 1.920e-05, nu: 0.020, Time: 6.26
It: 15300, Loss: 1.857e-05, nu: 0.020, Time: 6.29
It: 15400, Loss: 1.875e-05, nu: 0.020, Time: 6.28
It: 15500, Loss: 1.921e-05, nu: 0.020, Time: 6.39
It: 15600, Loss: 1.861e-05, nu: 0.020, Time: 6.27
It: 15700, Loss: 1.915e-05, nu: 0.020, Time: 6.29
It: 15800, Loss: 1.853e-05, nu: 0.020, Time: 6.20
It: 15900, Loss: 1.915e-05, nu: 0.020, Time: 6.06
It: 16000, Loss: 1.819e-05, nu: 0.020, Time: 6.13
It: 16100, Loss: 1.893e-05, nu: 0.020, Time: 6.15
It: 16200, Loss: 1.875e-05, nu: 0.020, Time: 6.06
It: 16300, Loss: 1.902e-05, nu: 0.020, Time: 6.12
It: 16400, Loss: 1.877e-05, nu: 0.020, Time: 6.06
It: 16500, Loss: 1.869e-05, nu: 0.020, Time: 6.01
It: 16600, Loss: 1.893e-05, nu: 0.020, Time: 5.97
It: 16700, Loss: 1.886e-05, nu: 0.020, Time: 6.02
It: 16800, Loss: 1.850e-05, nu: 0.020, Time: 6.07
It: 16900, Loss: 1.811e-05, nu: 0.020, Time: 6.03
It: 17000, Loss: 1.892e-05, nu: 0.020, Time: 5.95
It: 17100, Loss: 1.857e-05, nu: 0.020, Time: 5.91
It: 17200, Loss: 1.840e-05, nu: 0.020, Time: 5.95
It: 17300, Loss: 1.912e-05, nu: 0.020, Time: 5.90
It: 17400, Loss: 1.850e-05, nu: 0.020, Time: 5.95
It: 17500, Loss: 1.852e-05, nu: 0.020, Time: 5.93
It: 17600, Loss: 1.861e-05, nu: 0.020, Time: 5.85
It: 17700, Loss: 1.854e-05, nu: 0.020, Time: 5.93
It: 17800, Loss: 1.924e-05, nu: 0.020, Time: 5.94
It: 17900, Loss: 1.886e-05, nu: 0.020, Time: 5.94
It: 18000, Loss: 1.877e-05, nu: 0.020, Time: 5.93
It: 18100, Loss: 1.900e-05, nu: 0.020, Time: 5.92
It: 18200, Loss: 1.888e-05, nu: 0.020, Time: 6.05
It: 18300, Loss: 1.898e-05, nu: 0.020, Time: 6.10
It: 18400, Loss: 1.898e-05, nu: 0.020, Time: 5.98
It: 18500, Loss: 1.922e-05, nu: 0.020, Time: 5.94
It: 18600, Loss: 1.863e-05, nu: 0.020, Time: 5.96
It: 18700, Loss: 1.907e-05, nu: 0.020, Time: 5.97
It: 18800, Loss: 1.938e-05, nu: 0.020, Time: 5.89
It: 18900, Loss: 1.882e-05, nu: 0.020, Time: 5.90
It: 19000, Loss: 1.895e-05, nu: 0.020, Time: 5.99
It: 19100, Loss: 1.869e-05, nu: 0.020, Time: 5.95
It: 19200, Loss: 1.903e-05, nu: 0.020, Time: 5.92
It: 19300, Loss: 1.912e-05, nu: 0.020, Time: 5.89
It: 19400, Loss: 1.833e-05, nu: 0.020, Time: 5.97
It: 19500, Loss: 1.829e-05, nu: 0.020, Time: 5.99
It: 19600, Loss: 1.857e-05, nu: 0.020, Time: 5.95
It: 19700, Loss: 1.863e-05, nu: 0.020, Time: 5.90
It: 19800, Loss: 1.861e-05, nu: 0.020, Time: 6.05
It: 19900, Loss: 1.932e-05, nu: 0.020, Time: 5.90
It: 20000, Loss: 1.920e-05, nu: 0.020, Time: 5.88
It: 20100, Loss: 1.886e-05, nu: 0.020, Time: 6.04
It: 20200, Loss: 1.863e-05, nu: 0.020, Time: 5.93
It: 20300, Loss: 1.848e-05, nu: 0.020, Time: 5.93
It: 20400, Loss: 1.873e-05, nu: 0.020, Time: 5.89
It: 20500, Loss: 1.907e-05, nu: 0.020, Time: 5.83
It: 20600, Loss: 1.890e-05, nu: 0.020, Time: 5.97
It: 20700, Loss: 1.897e-05, nu: 0.020, Time: 6.02
It: 20800, Loss: 1.861e-05, nu: 0.020, Time: 5.84
It: 20900, Loss: 1.862e-05, nu: 0.020, Time: 5.91
It: 21000, Loss: 1.880e-05, nu: 0.020, Time: 5.86
It: 21100, Loss: 1.954e-05, nu: 0.020, Time: 5.92
It: 21200, Loss: 1.908e-05, nu: 0.020, Time: 5.87
It: 21300, Loss: 1.844e-05, nu: 0.020, Time: 5.86
It: 21400, Loss: 1.886e-05, nu: 0.020, Time: 5.95
It: 21500, Loss: 1.883e-05, nu: 0.020, Time: 5.87
It: 21600, Loss: 1.810e-05, nu: 0.020, Time: 5.89
It: 21700, Loss: 1.872e-05, nu: 0.020, Time: 5.93
It: 21800, Loss: 1.860e-05, nu: 0.020, Time: 5.93
It: 21900, Loss: 1.912e-05, nu: 0.020, Time: 5.87
It: 22000, Loss: 1.823e-05, nu: 0.020, Time: 5.92
It: 22100, Loss: 1.899e-05, nu: 0.020, Time: 5.83
It: 22200, Loss: 1.864e-05, nu: 0.020, Time: 5.89
It: 22300, Loss: 1.851e-05, nu: 0.020, Time: 5.85
It: 22400, Loss: 1.925e-05, nu: 0.020, Time: 5.93
It: 22500, Loss: 1.908e-05, nu: 0.020, Time: 5.95
It: 22600, Loss: 1.826e-05, nu: 0.020, Time: 5.87
It: 22700, Loss: 1.831e-05, nu: 0.020, Time: 5.89
It: 22800, Loss: 1.908e-05, nu: 0.020, Time: 5.97
It: 22900, Loss: 1.879e-05, nu: 0.020, Time: 5.93
It: 23000, Loss: 1.857e-05, nu: 0.020, Time: 5.95
It: 23100, Loss: 1.898e-05, nu: 0.020, Time: 5.89
It: 23200, Loss: 1.862e-05, nu: 0.020, Time: 5.94
It: 23300, Loss: 1.934e-05, nu: 0.020, Time: 5.99
It: 23400, Loss: 1.869e-05, nu: 0.020, Time: 6.10
It: 23500, Loss: 1.862e-05, nu: 0.020, Time: 5.51
It: 23600, Loss: 1.904e-05, nu: 0.020, Time: 4.88
It: 23700, Loss: 1.890e-05, nu: 0.020, Time: 5.56
It: 23800, Loss: 1.856e-05, nu: 0.020, Time: 6.16
It: 23900, Loss: 1.921e-05, nu: 0.020, Time: 6.10
It: 24000, Loss: 1.881e-05, nu: 0.020, Time: 6.16
It: 24100, Loss: 1.872e-05, nu: 0.020, Time: 6.14
It: 24200, Loss: 1.876e-05, nu: 0.020, Time: 6.10
It: 24300, Loss: 1.829e-05, nu: 0.020, Time: 5.46
It: 24400, Loss: 1.870e-05, nu: 0.020, Time: 5.58
It: 24500, Loss: 1.828e-05, nu: 0.020, Time: 5.47
It: 24600, Loss: 1.883e-05, nu: 0.020, Time: 5.47
It: 24700, Loss: 1.854e-05, nu: 0.020, Time: 5.69
It: 24800, Loss: 1.880e-05, nu: 0.020, Time: 5.49
It: 24900, Loss: 1.938e-05, nu: 0.020, Time: 5.58
It: 25000, Loss: 1.908e-05, nu: 0.020, Time: 5.47
It: 25100, Loss: 1.893e-05, nu: 0.020, Time: 5.54
It: 25200, Loss: 1.801e-05, nu: 0.020, Time: 5.54
It: 25300, Loss: 1.908e-05, nu: 0.020, Time: 5.68
It: 25400, Loss: 1.877e-05, nu: 0.020, Time: 5.46
It: 25500, Loss: 1.860e-05, nu: 0.020, Time: 5.46
It: 25600, Loss: 1.926e-05, nu: 0.020, Time: 5.51
It: 25700, Loss: 1.867e-05, nu: 0.020, Time: 5.55
It: 25800, Loss: 1.885e-05, nu: 0.020, Time: 6.05
It: 25900, Loss: 1.899e-05, nu: 0.020, Time: 6.16
It: 26000, Loss: 1.905e-05, nu: 0.020, Time: 6.21
It: 26100, Loss: 1.880e-05, nu: 0.020, Time: 6.27
It: 26200, Loss: 1.887e-05, nu: 0.020, Time: 6.27
It: 26300, Loss: 1.901e-05, nu: 0.020, Time: 6.17
It: 26400, Loss: 1.875e-05, nu: 0.020, Time: 6.24
It: 26500, Loss: 1.904e-05, nu: 0.020, Time: 6.26
It: 26600, Loss: 1.893e-05, nu: 0.020, Time: 6.18
It: 26700, Loss: 1.881e-05, nu: 0.020, Time: 6.11
It: 26800, Loss: 1.884e-05, nu: 0.020, Time: 6.26
It: 26900, Loss: 1.916e-05, nu: 0.020, Time: 6.26
It: 27000, Loss: 1.913e-05, nu: 0.020, Time: 6.17
It: 27100, Loss: 1.841e-05, nu: 0.020, Time: 6.27
It: 27200, Loss: 1.921e-05, nu: 0.020, Time: 6.26
It: 27300, Loss: 1.885e-05, nu: 0.020, Time: 6.16
It: 27400, Loss: 1.904e-05, nu: 0.020, Time: 6.15
It: 27500, Loss: 1.872e-05, nu: 0.020, Time: 6.23
It: 27600, Loss: 1.957e-05, nu: 0.020, Time: 6.21
It: 27700, Loss: 1.837e-05, nu: 0.020, Time: 6.08
It: 27800, Loss: 1.869e-05, nu: 0.020, Time: 6.19
It: 27900, Loss: 1.826e-05, nu: 0.020, Time: 6.10
It: 28000, Loss: 1.903e-05, nu: 0.020, Time: 6.11
It: 28100, Loss: 1.918e-05, nu: 0.020, Time: 6.15
It: 28200, Loss: 1.853e-05, nu: 0.020, Time: 6.12
It: 28300, Loss: 1.888e-05, nu: 0.020, Time: 6.21
It: 28400, Loss: 1.918e-05, nu: 0.020, Time: 6.18
It: 28500, Loss: 1.894e-05, nu: 0.020, Time: 6.25
It: 28600, Loss: 1.885e-05, nu: 0.020, Time: 6.26
It: 28700, Loss: 1.929e-05, nu: 0.020, Time: 6.19
It: 28800, Loss: 1.951e-05, nu: 0.020, Time: 6.21
It: 28900, Loss: 1.888e-05, nu: 0.020, Time: 6.28
It: 29000, Loss: 1.876e-05, nu: 0.020, Time: 6.22
It: 29100, Loss: 1.911e-05, nu: 0.020, Time: 6.28
It: 29200, Loss: 1.851e-05, nu: 0.020, Time: 6.14
It: 29300, Loss: 1.869e-05, nu: 0.020, Time: 6.15
It: 29400, Loss: 1.945e-05, nu: 0.020, Time: 6.29
It: 29500, Loss: 1.926e-05, nu: 0.020, Time: 6.29
It: 29600, Loss: 1.888e-05, nu: 0.020, Time: 6.20
It: 29700, Loss: 1.844e-05, nu: 0.020, Time: 6.32
It: 29800, Loss: 1.883e-05, nu: 0.020, Time: 6.27
It: 29900, Loss: 1.875e-05, nu: 0.020, Time: 6.15
It: 30000, Loss: 1.870e-05, nu: 0.020, Time: 5.93
It: 30100, Loss: 1.896e-05, nu: 0.020, Time: 5.96
It: 30200, Loss: 1.863e-05, nu: 0.020, Time: 5.91
It: 30300, Loss: 1.858e-05, nu: 0.020, Time: 5.93
It: 30400, Loss: 1.898e-05, nu: 0.020, Time: 5.88
It: 30500, Loss: 1.879e-05, nu: 0.020, Time: 5.98
It: 30600, Loss: 1.858e-05, nu: 0.020, Time: 5.98
It: 30700, Loss: 1.899e-05, nu: 0.020, Time: 5.93
It: 30800, Loss: 1.914e-05, nu: 0.020, Time: 5.91
It: 30900, Loss: 1.868e-05, nu: 0.020, Time: 5.92
It: 31000, Loss: 1.898e-05, nu: 0.020, Time: 5.90
It: 31100, Loss: 1.854e-05, nu: 0.020, Time: 5.82
It: 31200, Loss: 1.859e-05, nu: 0.020, Time: 5.93
It: 31300, Loss: 1.868e-05, nu: 0.020, Time: 5.96
It: 31400, Loss: 1.916e-05, nu: 0.020, Time: 5.90
It: 31500, Loss: 1.917e-05, nu: 0.020, Time: 5.88
It: 31600, Loss: 1.886e-05, nu: 0.020, Time: 5.89
It: 31700, Loss: 1.880e-05, nu: 0.020, Time: 5.91
It: 31800, Loss: 1.887e-05, nu: 0.020, Time: 5.98
It: 31900, Loss: 1.913e-05, nu: 0.020, Time: 5.94
It: 32000, Loss: 1.918e-05, nu: 0.020, Time: 5.95
It: 32100, Loss: 1.868e-05, nu: 0.020, Time: 5.87
It: 32200, Loss: 1.917e-05, nu: 0.020, Time: 5.92
It: 32300, Loss: 1.875e-05, nu: 0.020, Time: 5.89
It: 32400, Loss: 1.894e-05, nu: 0.020, Time: 5.87
It: 32500, Loss: 1.900e-05, nu: 0.020, Time: 5.88
It: 32600, Loss: 1.884e-05, nu: 0.020, Time: 5.89
It: 32700, Loss: 1.851e-05, nu: 0.020, Time: 5.94
It: 32800, Loss: 1.914e-05, nu: 0.020, Time: 5.96
It: 32900, Loss: 1.932e-05, nu: 0.020, Time: 5.95
It: 33000, Loss: 1.843e-05, nu: 0.020, Time: 5.94
It: 33100, Loss: 1.815e-05, nu: 0.020, Time: 5.93
It: 33200, Loss: 1.890e-05, nu: 0.020, Time: 5.98
It: 33300, Loss: 1.850e-05, nu: 0.020, Time: 5.98
It: 33400, Loss: 1.868e-05, nu: 0.020, Time: 5.92
It: 33500, Loss: 1.942e-05, nu: 0.020, Time: 5.98
It: 33600, Loss: 1.878e-05, nu: 0.020, Time: 5.97
It: 33700, Loss: 1.895e-05, nu: 0.020, Time: 5.88
It: 33800, Loss: 1.825e-05, nu: 0.020, Time: 5.92
It: 33900, Loss: 1.848e-05, nu: 0.020, Time: 5.89
It: 34000, Loss: 1.892e-05, nu: 0.020, Time: 4.91
It: 34100, Loss: 1.900e-05, nu: 0.020, Time: 4.73
It: 34200, Loss: 1.933e-05, nu: 0.020, Time: 4.69
It: 34300, Loss: 1.894e-05, nu: 0.020, Time: 4.64
It: 34400, Loss: 1.911e-05, nu: 0.020, Time: 4.70
It: 34500, Loss: 1.871e-05, nu: 0.020, Time: 4.76
It: 34600, Loss: 1.909e-05, nu: 0.020, Time: 4.71
It: 34700, Loss: 1.834e-05, nu: 0.020, Time: 4.65
It: 34800, Loss: 1.893e-05, nu: 0.020, Time: 4.68
It: 34900, Loss: 1.835e-05, nu: 0.020, Time: 4.65
It: 35000, Loss: 1.910e-05, nu: 0.020, Time: 4.69
It: 35100, Loss: 1.886e-05, nu: 0.020, Time: 4.72
It: 35200, Loss: 1.886e-05, nu: 0.020, Time: 5.08
It: 35300, Loss: 1.871e-05, nu: 0.020, Time: 5.91
It: 35400, Loss: 1.916e-05, nu: 0.020, Time: 5.91
It: 35500, Loss: 1.835e-05, nu: 0.020, Time: 5.92
It: 35600, Loss: 1.934e-05, nu: 0.020, Time: 5.91
It: 35700, Loss: 1.875e-05, nu: 0.020, Time: 5.93
It: 35800, Loss: 1.915e-05, nu: 0.020, Time: 5.94
It: 35900, Loss: 1.896e-05, nu: 0.020, Time: 5.95
It: 36000, Loss: 1.872e-05, nu: 0.020, Time: 5.71
It: 36100, Loss: 1.862e-05, nu: 0.020, Time: 4.65
It: 36200, Loss: 1.863e-05, nu: 0.020, Time: 4.65
It: 36300, Loss: 1.907e-05, nu: 0.020, Time: 4.71
It: 36400, Loss: 1.910e-05, nu: 0.020, Time: 5.93
It: 36500, Loss: 1.851e-05, nu: 0.020, Time: 5.96
It: 36600, Loss: 1.839e-05, nu: 0.020, Time: 5.88
It: 36700, Loss: 1.900e-05, nu: 0.020, Time: 5.89
It: 36800, Loss: 1.858e-05, nu: 0.020, Time: 5.92
It: 36900, Loss: 1.914e-05, nu: 0.020, Time: 5.84
It: 37000, Loss: 1.930e-05, nu: 0.020, Time: 5.94
It: 37100, Loss: 1.878e-05, nu: 0.020, Time: 5.93
It: 37200, Loss: 1.866e-05, nu: 0.020, Time: 5.92
It: 37300, Loss: 1.861e-05, nu: 0.020, Time: 5.92
It: 37400, Loss: 1.907e-05, nu: 0.020, Time: 5.88
It: 37500, Loss: 1.890e-05, nu: 0.020, Time: 5.98
It: 37600, Loss: 1.902e-05, nu: 0.020, Time: 5.90
It: 37700, Loss: 1.876e-05, nu: 0.020, Time: 5.91
It: 37800, Loss: 1.857e-05, nu: 0.020, Time: 5.93
It: 37900, Loss: 1.920e-05, nu: 0.020, Time: 5.86
It: 38000, Loss: 1.875e-05, nu: 0.020, Time: 5.92
It: 38100, Loss: 1.909e-05, nu: 0.020, Time: 5.81
It: 38200, Loss: 1.873e-05, nu: 0.020, Time: 5.86
It: 38300, Loss: 1.833e-05, nu: 0.020, Time: 5.88
It: 38400, Loss: 1.856e-05, nu: 0.020, Time: 5.84
It: 38500, Loss: 1.902e-05, nu: 0.020, Time: 5.94
It: 38600, Loss: 1.936e-05, nu: 0.020, Time: 5.91
It: 38700, Loss: 1.864e-05, nu: 0.020, Time: 6.02
It: 38800, Loss: 1.896e-05, nu: 0.020, Time: 5.98
It: 38900, Loss: 1.886e-05, nu: 0.020, Time: 5.97
It: 39000, Loss: 1.888e-05, nu: 0.020, Time: 5.97
It: 39100, Loss: 1.895e-05, nu: 0.020, Time: 5.96
It: 39200, Loss: 1.922e-05, nu: 0.020, Time: 5.93
It: 39300, Loss: 1.878e-05, nu: 0.020, Time: 5.90
It: 39400, Loss: 1.881e-05, nu: 0.020, Time: 6.01
It: 39500, Loss: 1.872e-05, nu: 0.020, Time: 5.90
It: 39600, Loss: 1.905e-05, nu: 0.020, Time: 5.95
It: 39700, Loss: 1.833e-05, nu: 0.020, Time: 5.96
It: 39800, Loss: 1.896e-05, nu: 0.020, Time: 5.92
It: 39900, Loss: 1.856e-05, nu: 0.020, Time: 5.94
It: 40000, Loss: 1.920e-05, nu: 0.020, Time: 5.88
It: 40100, Loss: 1.884e-05, nu: 0.020, Time: 5.94
It: 40200, Loss: 1.823e-05, nu: 0.020, Time: 5.89
It: 40300, Loss: 1.917e-05, nu: 0.020, Time: 5.92
It: 40400, Loss: 1.837e-05, nu: 0.020, Time: 5.89
It: 40500, Loss: 1.838e-05, nu: 0.020, Time: 5.90
It: 40600, Loss: 1.929e-05, nu: 0.020, Time: 5.95
It: 40700, Loss: 1.846e-05, nu: 0.020, Time: 5.85
It: 40800, Loss: 1.874e-05, nu: 0.020, Time: 5.94
It: 40900, Loss: 1.849e-05, nu: 0.020, Time: 5.94
It: 41000, Loss: 1.867e-05, nu: 0.020, Time: 5.94
It: 41100, Loss: 1.864e-05, nu: 0.020, Time: 5.94
It: 41200, Loss: 1.870e-05, nu: 0.020, Time: 5.92
It: 41300, Loss: 1.918e-05, nu: 0.020, Time: 5.89
It: 41400, Loss: 1.924e-05, nu: 0.020, Time: 5.90
It: 41500, Loss: 1.866e-05, nu: 0.020, Time: 5.93
It: 41600, Loss: 1.845e-05, nu: 0.020, Time: 5.93
It: 41700, Loss: 1.863e-05, nu: 0.020, Time: 5.82
It: 41800, Loss: 1.858e-05, nu: 0.020, Time: 5.87
It: 41900, Loss: 1.885e-05, nu: 0.020, Time: 5.91
It: 42000, Loss: 1.859e-05, nu: 0.020, Time: 5.94
It: 42100, Loss: 1.870e-05, nu: 0.020, Time: 5.88
It: 42200, Loss: 1.890e-05, nu: 0.020, Time: 6.19
It: 42300, Loss: 1.862e-05, nu: 0.020, Time: 6.28
It: 42400, Loss: 1.890e-05, nu: 0.020, Time: 6.28
It: 42500, Loss: 1.850e-05, nu: 0.020, Time: 6.23
It: 42600, Loss: 1.869e-05, nu: 0.020, Time: 6.11
It: 42700, Loss: 1.919e-05, nu: 0.020, Time: 6.20
It: 42800, Loss: 1.919e-05, nu: 0.020, Time: 6.16
It: 42900, Loss: 1.873e-05, nu: 0.020, Time: 6.26
It: 43000, Loss: 1.875e-05, nu: 0.020, Time: 6.22
It: 43100, Loss: 1.873e-05, nu: 0.020, Time: 6.27
It: 43200, Loss: 1.915e-05, nu: 0.020, Time: 6.28
It: 43300, Loss: 1.853e-05, nu: 0.020, Time: 6.00
It: 43400, Loss: 1.866e-05, nu: 0.020, Time: 5.92
It: 43500, Loss: 1.867e-05, nu: 0.020, Time: 5.98
It: 43600, Loss: 1.873e-05, nu: 0.020, Time: 5.91
It: 43700, Loss: 1.917e-05, nu: 0.020, Time: 5.92
It: 43800, Loss: 1.862e-05, nu: 0.020, Time: 5.95
It: 43900, Loss: 1.887e-05, nu: 0.020, Time: 5.90
It: 44000, Loss: 1.917e-05, nu: 0.020, Time: 5.77
It: 44100, Loss: 1.910e-05, nu: 0.020, Time: 5.88
It: 44200, Loss: 1.937e-05, nu: 0.020, Time: 5.93
It: 44300, Loss: 1.890e-05, nu: 0.020, Time: 5.85
It: 44400, Loss: 1.878e-05, nu: 0.020, Time: 5.90
It: 44500, Loss: 1.860e-05, nu: 0.020, Time: 5.86
It: 44600, Loss: 1.925e-05, nu: 0.020, Time: 5.93
It: 44700, Loss: 1.845e-05, nu: 0.020, Time: 5.91
It: 44800, Loss: 1.894e-05, nu: 0.020, Time: 5.95
It: 44900, Loss: 1.895e-05, nu: 0.020, Time: 5.90
It: 45000, Loss: 1.878e-05, nu: 0.020, Time: 5.90
It: 45100, Loss: 1.929e-05, nu: 0.020, Time: 5.92
It: 45200, Loss: 1.866e-05, nu: 0.020, Time: 5.94
It: 45300, Loss: 1.912e-05, nu: 0.020, Time: 5.96
It: 45400, Loss: 1.923e-05, nu: 0.020, Time: 6.01
It: 45500, Loss: 1.876e-05, nu: 0.020, Time: 5.92
It: 45600, Loss: 1.885e-05, nu: 0.020, Time: 5.80
It: 45700, Loss: 1.894e-05, nu: 0.020, Time: 5.92
It: 45800, Loss: 1.899e-05, nu: 0.020, Time: 5.99
It: 45900, Loss: 1.879e-05, nu: 0.020, Time: 5.94
It: 46000, Loss: 1.872e-05, nu: 0.020, Time: 5.91
It: 46100, Loss: 1.901e-05, nu: 0.020, Time: 5.92
It: 46200, Loss: 1.940e-05, nu: 0.020, Time: 5.87
It: 46300, Loss: 1.898e-05, nu: 0.020, Time: 5.94
It: 46400, Loss: 1.868e-05, nu: 0.020, Time: 5.88
It: 46500, Loss: 1.862e-05, nu: 0.020, Time: 5.86
It: 46600, Loss: 1.880e-05, nu: 0.020, Time: 5.87
It: 46700, Loss: 1.935e-05, nu: 0.020, Time: 5.91
It: 46800, Loss: 1.880e-05, nu: 0.020, Time: 5.93
It: 46900, Loss: 1.947e-05, nu: 0.020, Time: 5.87
It: 47000, Loss: 1.886e-05, nu: 0.020, Time: 5.93
It: 47100, Loss: 1.885e-05, nu: 0.020, Time: 5.88
It: 47200, Loss: 1.955e-05, nu: 0.020, Time: 5.89
It: 47300, Loss: 1.860e-05, nu: 0.020, Time: 5.96
It: 47400, Loss: 1.887e-05, nu: 0.020, Time: 5.93
It: 47500, Loss: 1.863e-05, nu: 0.020, Time: 5.94
It: 47600, Loss: 1.881e-05, nu: 0.020, Time: 5.89
It: 47700, Loss: 1.863e-05, nu: 0.020, Time: 5.96
It: 47800, Loss: 1.923e-05, nu: 0.020, Time: 5.90
It: 47900, Loss: 1.894e-05, nu: 0.020, Time: 5.94
It: 48000, Loss: 1.935e-05, nu: 0.020, Time: 5.98
It: 48100, Loss: 1.897e-05, nu: 0.020, Time: 6.06
It: 48200, Loss: 1.834e-05, nu: 0.020, Time: 6.09
It: 48300, Loss: 1.879e-05, nu: 0.020, Time: 6.00
It: 48400, Loss: 1.908e-05, nu: 0.020, Time: 6.05
It: 48500, Loss: 1.880e-05, nu: 0.020, Time: 6.27
It: 48600, Loss: 1.887e-05, nu: 0.020, Time: 6.13
It: 48700, Loss: 1.910e-05, nu: 0.020, Time: 5.92
It: 48800, Loss: 1.871e-05, nu: 0.020, Time: 5.95
It: 48900, Loss: 1.904e-05, nu: 0.020, Time: 5.91
It: 49000, Loss: 1.909e-05, nu: 0.020, Time: 5.89
It: 49100, Loss: 1.856e-05, nu: 0.020, Time: 5.93
It: 49200, Loss: 1.927e-05, nu: 0.020, Time: 5.90
It: 49300, Loss: 1.874e-05, nu: 0.020, Time: 5.88
It: 49400, Loss: 1.876e-05, nu: 0.020, Time: 5.96/home/zihan/anaconda3/envs/x/lib/python3.7/site-packages/torch/nn/functional.py:1933: UserWarning: nn.functional.tanh is deprecated. Use torch.tanh instead.
  warnings.warn("nn.functional.tanh is deprecated. Use torch.tanh instead.")

It: 49500, Loss: 1.878e-05, nu: 0.020, Time: 5.99
It: 49600, Loss: 1.874e-05, nu: 0.020, Time: 5.98
It: 49700, Loss: 1.835e-05, nu: 0.020, Time: 6.01
It: 49800, Loss: 1.842e-05, nu: 0.020, Time: 5.89
It: 49900, Loss: 1.926e-05, nu: 0.020, Time: 5.93
Error u: 4.895915e-01
Error nu: 0.00000%
