It: 0, Loss: 2.705e-01, nu: 0.020, Time: 0.09
It: 100, Loss: 5.850e-02, nu: 0.020, Time: 6.64
It: 200, Loss: 5.292e-02, nu: 0.020, Time: 6.70
It: 300, Loss: 4.728e-02, nu: 0.020, Time: 6.47
It: 400, Loss: 1.647e-02, nu: 0.020, Time: 6.52
It: 500, Loss: 1.351e-03, nu: 0.020, Time: 6.55
It: 600, Loss: 1.152e-03, nu: 0.020, Time: 6.43
It: 700, Loss: 1.475e-04, nu: 0.020, Time: 6.44
It: 800, Loss: 1.084e-04, nu: 0.020, Time: 6.33
It: 900, Loss: 9.097e-05, nu: 0.020, Time: 6.41
It: 1000, Loss: 6.641e-05, nu: 0.020, Time: 6.58
It: 1100, Loss: 5.862e-05, nu: 0.020, Time: 6.51
It: 1200, Loss: 5.539e-05, nu: 0.020, Time: 6.61
It: 1300, Loss: 4.707e-05, nu: 0.020, Time: 6.48
It: 1400, Loss: 4.401e-05, nu: 0.020, Time: 6.65
It: 1500, Loss: 4.119e-05, nu: 0.020, Time: 6.51
It: 1600, Loss: 3.764e-05, nu: 0.020, Time: 6.71
It: 1700, Loss: 3.526e-05, nu: 0.020, Time: 6.52
It: 1800, Loss: 3.277e-05, nu: 0.020, Time: 6.63
It: 1900, Loss: 2.946e-05, nu: 0.020, Time: 6.69
It: 2000, Loss: 3.130e-05, nu: 0.020, Time: 6.65
It: 2100, Loss: 2.629e-05, nu: 0.020, Time: 6.68
It: 2200, Loss: 2.570e-05, nu: 0.020, Time: 6.66
It: 2300, Loss: 2.520e-05, nu: 0.020, Time: 6.64
It: 2400, Loss: 2.378e-05, nu: 0.020, Time: 6.65
It: 2500, Loss: 2.308e-05, nu: 0.020, Time: 6.72
It: 2600, Loss: 2.172e-05, nu: 0.020, Time: 6.66
It: 2700, Loss: 2.098e-05, nu: 0.020, Time: 6.74
It: 2800, Loss: 1.983e-05, nu: 0.020, Time: 6.68
It: 2900, Loss: 1.975e-05, nu: 0.020, Time: 6.60
It: 3000, Loss: 1.851e-05, nu: 0.020, Time: 6.63
It: 3100, Loss: 1.809e-05, nu: 0.020, Time: 6.53
It: 3200, Loss: 1.754e-05, nu: 0.020, Time: 6.48
It: 3300, Loss: 1.791e-05, nu: 0.020, Time: 6.34
It: 3400, Loss: 1.707e-05, nu: 0.020, Time: 6.44
It: 3500, Loss: 1.662e-05, nu: 0.020, Time: 6.51
It: 3600, Loss: 1.637e-05, nu: 0.020, Time: 6.43
It: 3700, Loss: 1.562e-05, nu: 0.020, Time: 6.43
It: 3800, Loss: 1.542e-05, nu: 0.020, Time: 6.48
It: 3900, Loss: 1.486e-05, nu: 0.020, Time: 6.47
It: 4000, Loss: 1.454e-05, nu: 0.020, Time: 6.41
It: 4100, Loss: 1.414e-05, nu: 0.020, Time: 6.48
It: 4200, Loss: 1.471e-05, nu: 0.020, Time: 6.51
It: 4300, Loss: 1.432e-05, nu: 0.020, Time: 6.63
It: 4400, Loss: 1.374e-05, nu: 0.020, Time: 6.45
It: 4500, Loss: 1.369e-05, nu: 0.020, Time: 6.43
It: 4600, Loss: 1.370e-05, nu: 0.020, Time: 6.38
It: 4700, Loss: 1.406e-05, nu: 0.020, Time: 6.38
It: 4800, Loss: 1.329e-05, nu: 0.020, Time: 6.53
It: 4900, Loss: 1.298e-05, nu: 0.020, Time: 6.50
It: 5000, Loss: 1.236e-05, nu: 0.020, Time: 6.28
It: 5100, Loss: 1.263e-05, nu: 0.020, Time: 6.27
It: 5200, Loss: 1.294e-05, nu: 0.020, Time: 6.53
It: 5300, Loss: 1.260e-05, nu: 0.020, Time: 6.49
It: 5400, Loss: 1.258e-05, nu: 0.020, Time: 6.45
It: 5500, Loss: 1.261e-05, nu: 0.020, Time: 6.49
It: 5600, Loss: 1.219e-05, nu: 0.020, Time: 6.59
It: 5700, Loss: 1.243e-05, nu: 0.020, Time: 6.47
It: 5800, Loss: 1.184e-05, nu: 0.020, Time: 6.37
It: 5900, Loss: 1.186e-05, nu: 0.020, Time: 6.43
It: 6000, Loss: 1.210e-05, nu: 0.020, Time: 6.59
It: 6100, Loss: 1.159e-05, nu: 0.020, Time: 6.57
It: 6200, Loss: 1.193e-05, nu: 0.020, Time: 6.60
It: 6300, Loss: 1.157e-05, nu: 0.020, Time: 6.60
It: 6400, Loss: 1.200e-05, nu: 0.020, Time: 6.66
It: 6500, Loss: 1.132e-05, nu: 0.020, Time: 6.62
It: 6600, Loss: 1.123e-05, nu: 0.020, Time: 6.51
It: 6700, Loss: 1.161e-05, nu: 0.020, Time: 6.45
It: 6800, Loss: 1.085e-05, nu: 0.020, Time: 6.46
It: 6900, Loss: 1.142e-05, nu: 0.020, Time: 6.60
It: 7000, Loss: 1.162e-05, nu: 0.020, Time: 6.62
It: 7100, Loss: 1.136e-05, nu: 0.020, Time: 6.55
It: 7200, Loss: 1.070e-05, nu: 0.020, Time: 6.56
It: 7300, Loss: 1.115e-05, nu: 0.020, Time: 6.46
It: 7400, Loss: 1.104e-05, nu: 0.020, Time: 6.38
It: 7500, Loss: 1.097e-05, nu: 0.020, Time: 6.29
It: 7600, Loss: 1.102e-05, nu: 0.020, Time: 6.54
It: 7700, Loss: 1.123e-05, nu: 0.020, Time: 6.55
It: 7800, Loss: 1.099e-05, nu: 0.020, Time: 6.49
It: 7900, Loss: 1.075e-05, nu: 0.020, Time: 6.55
It: 8000, Loss: 1.064e-05, nu: 0.020, Time: 6.43
It: 8100, Loss: 1.092e-05, nu: 0.020, Time: 6.06
It: 8200, Loss: 1.060e-05, nu: 0.020, Time: 6.40
It: 8300, Loss: 1.044e-05, nu: 0.020, Time: 6.54
It: 8400, Loss: 1.088e-05, nu: 0.020, Time: 6.56
It: 8500, Loss: 1.046e-05, nu: 0.020, Time: 6.30
It: 8600, Loss: 1.075e-05, nu: 0.020, Time: 6.56
It: 8700, Loss: 1.057e-05, nu: 0.020, Time: 6.53
It: 8800, Loss: 1.052e-05, nu: 0.020, Time: 6.41
It: 8900, Loss: 1.076e-05, nu: 0.020, Time: 6.42
It: 9000, Loss: 1.065e-05, nu: 0.020, Time: 6.54
It: 9100, Loss: 1.053e-05, nu: 0.020, Time: 6.43
It: 9200, Loss: 1.073e-05, nu: 0.020, Time: 6.47
It: 9300, Loss: 1.016e-05, nu: 0.020, Time: 6.25
It: 9400, Loss: 1.028e-05, nu: 0.020, Time: 6.27
It: 9500, Loss: 1.064e-05, nu: 0.020, Time: 6.33
It: 9600, Loss: 1.069e-05, nu: 0.020, Time: 6.40
It: 9700, Loss: 1.030e-05, nu: 0.020, Time: 6.30
It: 9800, Loss: 1.026e-05, nu: 0.020, Time: 6.50
It: 9900, Loss: 1.077e-05, nu: 0.020, Time: 6.47
It: 10000, Loss: 1.034e-05, nu: 0.020, Time: 6.74
It: 10100, Loss: 1.082e-05, nu: 0.020, Time: 6.66
It: 10200, Loss: 1.029e-05, nu: 0.020, Time: 6.69
It: 10300, Loss: 1.047e-05, nu: 0.020, Time: 6.43
It: 10400, Loss: 1.035e-05, nu: 0.020, Time: 6.33
It: 10500, Loss: 1.014e-05, nu: 0.020, Time: 6.46
It: 10600, Loss: 1.049e-05, nu: 0.020, Time: 6.49
It: 10700, Loss: 1.030e-05, nu: 0.020, Time: 6.44
It: 10800, Loss: 1.015e-05, nu: 0.020, Time: 6.35
It: 10900, Loss: 1.003e-05, nu: 0.020, Time: 6.60
It: 11000, Loss: 9.904e-06, nu: 0.020, Time: 6.69
It: 11100, Loss: 1.003e-05, nu: 0.020, Time: 6.65
It: 11200, Loss: 1.007e-05, nu: 0.020, Time: 6.63
It: 11300, Loss: 1.010e-05, nu: 0.020, Time: 6.48
It: 11400, Loss: 9.931e-06, nu: 0.020, Time: 6.50
It: 11500, Loss: 1.001e-05, nu: 0.020, Time: 6.42
It: 11600, Loss: 9.709e-06, nu: 0.020, Time: 6.43
It: 11700, Loss: 1.035e-05, nu: 0.020, Time: 6.47
It: 11800, Loss: 1.024e-05, nu: 0.020, Time: 6.51
It: 11900, Loss: 1.013e-05, nu: 0.020, Time: 6.43
It: 12000, Loss: 9.846e-06, nu: 0.020, Time: 6.41
It: 12100, Loss: 1.021e-05, nu: 0.020, Time: 6.48
It: 12200, Loss: 9.982e-06, nu: 0.020, Time: 6.42
It: 12300, Loss: 1.037e-05, nu: 0.020, Time: 6.45
It: 12400, Loss: 9.820e-06, nu: 0.020, Time: 6.33
It: 12500, Loss: 9.984e-06, nu: 0.020, Time: 6.28
It: 12600, Loss: 1.028e-05, nu: 0.020, Time: 6.13
It: 12700, Loss: 1.004e-05, nu: 0.020, Time: 6.43
It: 12800, Loss: 1.016e-05, nu: 0.020, Time: 6.55
It: 12900, Loss: 1.024e-05, nu: 0.020, Time: 6.58
It: 13000, Loss: 1.009e-05, nu: 0.020, Time: 6.38
It: 13100, Loss: 1.047e-05, nu: 0.020, Time: 6.49
It: 13200, Loss: 9.963e-06, nu: 0.020, Time: 6.57
It: 13300, Loss: 1.006e-05, nu: 0.020, Time: 6.42
It: 13400, Loss: 9.863e-06, nu: 0.020, Time: 6.52
It: 13500, Loss: 1.004e-05, nu: 0.020, Time: 7.02
It: 13600, Loss: 1.008e-05, nu: 0.020, Time: 6.44
It: 13700, Loss: 1.019e-05, nu: 0.020, Time: 6.34
It: 13800, Loss: 1.011e-05, nu: 0.020, Time: 6.22
It: 13900, Loss: 9.856e-06, nu: 0.020, Time: 6.24
It: 14000, Loss: 1.001e-05, nu: 0.020, Time: 6.41
It: 14100, Loss: 9.980e-06, nu: 0.020, Time: 6.36
It: 14200, Loss: 1.030e-05, nu: 0.020, Time: 6.28
It: 14300, Loss: 1.030e-05, nu: 0.020, Time: 6.24
It: 14400, Loss: 9.971e-06, nu: 0.020, Time: 6.42
It: 14500, Loss: 9.850e-06, nu: 0.020, Time: 6.43
It: 14600, Loss: 1.023e-05, nu: 0.020, Time: 6.21
It: 14700, Loss: 9.900e-06, nu: 0.020, Time: 6.35
It: 14800, Loss: 1.042e-05, nu: 0.020, Time: 6.26
It: 14900, Loss: 1.016e-05, nu: 0.020, Time: 6.36
It: 15000, Loss: 9.924e-06, nu: 0.020, Time: 6.37
It: 15100, Loss: 9.928e-06, nu: 0.020, Time: 6.36
It: 15200, Loss: 1.029e-05, nu: 0.020, Time: 6.49
It: 15300, Loss: 1.001e-05, nu: 0.020, Time: 6.39
It: 15400, Loss: 1.010e-05, nu: 0.020, Time: 6.49
It: 15500, Loss: 1.023e-05, nu: 0.020, Time: 6.33
It: 15600, Loss: 9.828e-06, nu: 0.020, Time: 6.41
It: 15700, Loss: 1.025e-05, nu: 0.020, Time: 6.37
It: 15800, Loss: 9.835e-06, nu: 0.020, Time: 6.62
It: 15900, Loss: 1.018e-05, nu: 0.020, Time: 6.42
It: 16000, Loss: 9.656e-06, nu: 0.020, Time: 6.53
It: 16100, Loss: 1.005e-05, nu: 0.020, Time: 6.42
It: 16200, Loss: 1.008e-05, nu: 0.020, Time: 6.41
It: 16300, Loss: 1.016e-05, nu: 0.020, Time: 6.47
It: 16400, Loss: 9.984e-06, nu: 0.020, Time: 6.50
It: 16500, Loss: 9.927e-06, nu: 0.020, Time: 6.43
It: 16600, Loss: 1.011e-05, nu: 0.020, Time: 6.32
It: 16700, Loss: 9.929e-06, nu: 0.020, Time: 6.37
It: 16800, Loss: 9.827e-06, nu: 0.020, Time: 6.34
It: 16900, Loss: 9.662e-06, nu: 0.020, Time: 6.17
It: 17000, Loss: 1.019e-05, nu: 0.020, Time: 6.35
It: 17100, Loss: 9.942e-06, nu: 0.020, Time: 6.19
It: 17200, Loss: 9.772e-06, nu: 0.020, Time: 6.34
It: 17300, Loss: 1.018e-05, nu: 0.020, Time: 6.33
It: 17400, Loss: 9.876e-06, nu: 0.020, Time: 6.30
It: 17500, Loss: 9.924e-06, nu: 0.020, Time: 6.36
It: 17600, Loss: 1.001e-05, nu: 0.020, Time: 6.38
It: 17700, Loss: 1.005e-05, nu: 0.020, Time: 6.42
It: 17800, Loss: 1.037e-05, nu: 0.020, Time: 6.41
It: 17900, Loss: 1.011e-05, nu: 0.020, Time: 6.41
It: 18000, Loss: 9.975e-06, nu: 0.020, Time: 6.32
It: 18100, Loss: 1.009e-05, nu: 0.020, Time: 6.36
It: 18200, Loss: 1.012e-05, nu: 0.020, Time: 6.39
It: 18300, Loss: 1.017e-05, nu: 0.020, Time: 6.35
It: 18400, Loss: 1.015e-05, nu: 0.020, Time: 6.40
It: 18500, Loss: 1.041e-05, nu: 0.020, Time: 6.29
It: 18600, Loss: 9.913e-06, nu: 0.020, Time: 6.33
It: 18700, Loss: 1.026e-05, nu: 0.020, Time: 6.38
It: 18800, Loss: 1.047e-05, nu: 0.020, Time: 6.29
It: 18900, Loss: 1.003e-05, nu: 0.020, Time: 6.42
It: 19000, Loss: 1.003e-05, nu: 0.020, Time: 6.42
It: 19100, Loss: 9.921e-06, nu: 0.020, Time: 6.28
It: 19200, Loss: 1.015e-05, nu: 0.020, Time: 6.29
It: 19300, Loss: 1.020e-05, nu: 0.020, Time: 6.38
It: 19400, Loss: 9.707e-06, nu: 0.020, Time: 6.24
It: 19500, Loss: 9.839e-06, nu: 0.020, Time: 6.41
It: 19600, Loss: 9.958e-06, nu: 0.020, Time: 6.57
It: 19700, Loss: 1.007e-05, nu: 0.020, Time: 6.53
It: 19800, Loss: 9.918e-06, nu: 0.020, Time: 6.49
It: 19900, Loss: 1.029e-05, nu: 0.020, Time: 6.50
It: 20000, Loss: 1.029e-05, nu: 0.020, Time: 6.55
It: 20100, Loss: 9.998e-06, nu: 0.020, Time: 6.37
It: 20200, Loss: 9.938e-06, nu: 0.020, Time: 6.52
It: 20300, Loss: 9.982e-06, nu: 0.020, Time: 6.71
It: 20400, Loss: 1.007e-05, nu: 0.020, Time: 6.70
It: 20500, Loss: 1.023e-05, nu: 0.020, Time: 6.72
It: 20600, Loss: 1.012e-05, nu: 0.020, Time: 6.68
It: 20700, Loss: 1.016e-05, nu: 0.020, Time: 6.42
It: 20800, Loss: 9.868e-06, nu: 0.020, Time: 6.40
It: 20900, Loss: 9.965e-06, nu: 0.020, Time: 6.37
It: 21000, Loss: 9.975e-06, nu: 0.020, Time: 6.21
It: 21100, Loss: 1.041e-05, nu: 0.020, Time: 6.36
It: 21200, Loss: 1.037e-05, nu: 0.020, Time: 6.23
It: 21300, Loss: 9.856e-06, nu: 0.020, Time: 6.19
It: 21400, Loss: 9.996e-06, nu: 0.020, Time: 6.34
It: 21500, Loss: 1.004e-05, nu: 0.020, Time: 6.38
It: 21600, Loss: 9.679e-06, nu: 0.020, Time: 6.28
It: 21700, Loss: 1.005e-05, nu: 0.020, Time: 6.30
It: 21800, Loss: 9.931e-06, nu: 0.020, Time: 6.44
It: 21900, Loss: 1.026e-05, nu: 0.020, Time: 6.41
It: 22000, Loss: 9.727e-06, nu: 0.020, Time: 6.29
It: 22100, Loss: 1.032e-05, nu: 0.020, Time: 6.43
It: 22200, Loss: 9.937e-06, nu: 0.020, Time: 6.50
It: 22300, Loss: 9.862e-06, nu: 0.020, Time: 6.43
It: 22400, Loss: 1.027e-05, nu: 0.020, Time: 6.48
It: 22500, Loss: 1.031e-05, nu: 0.020, Time: 6.51
It: 22600, Loss: 9.813e-06, nu: 0.020, Time: 6.50
It: 22700, Loss: 9.788e-06, nu: 0.020, Time: 6.48
It: 22800, Loss: 1.023e-05, nu: 0.020, Time: 6.41
It: 22900, Loss: 1.018e-05, nu: 0.020, Time: 6.41
It: 23000, Loss: 9.851e-06, nu: 0.020, Time: 6.38
It: 23100, Loss: 1.025e-05, nu: 0.020, Time: 6.63
It: 23200, Loss: 9.958e-06, nu: 0.020, Time: 6.52
It: 23300, Loss: 1.033e-05, nu: 0.020, Time: 6.61
It: 23400, Loss: 1.004e-05, nu: 0.020, Time: 6.52
It: 23500, Loss: 9.900e-06, nu: 0.020, Time: 6.51
It: 23600, Loss: 1.009e-05, nu: 0.020, Time: 6.57
It: 23700, Loss: 1.015e-05, nu: 0.020, Time: 6.52
It: 23800, Loss: 9.906e-06, nu: 0.020, Time: 6.55
It: 23900, Loss: 1.024e-05, nu: 0.020, Time: 6.63
It: 24000, Loss: 1.008e-05, nu: 0.020, Time: 6.62
It: 24100, Loss: 1.002e-05, nu: 0.020, Time: 6.48
It: 24200, Loss: 9.956e-06, nu: 0.020, Time: 6.33
It: 24300, Loss: 9.619e-06, nu: 0.020, Time: 6.34
It: 24400, Loss: 1.007e-05, nu: 0.020, Time: 6.34
It: 24500, Loss: 9.640e-06, nu: 0.020, Time: 6.32
It: 24600, Loss: 1.018e-05, nu: 0.020, Time: 6.45
It: 24700, Loss: 9.924e-06, nu: 0.020, Time: 6.43
It: 24800, Loss: 1.007e-05, nu: 0.020, Time: 6.41
It: 24900, Loss: 1.037e-05, nu: 0.020, Time: 6.52
It: 25000, Loss: 1.020e-05, nu: 0.020, Time: 6.57
It: 25100, Loss: 1.005e-05, nu: 0.020, Time: 6.50
It: 25200, Loss: 9.475e-06, nu: 0.020, Time: 6.52
It: 25300, Loss: 1.021e-05, nu: 0.020, Time: 6.26
It: 25400, Loss: 1.014e-05, nu: 0.020, Time: 6.33
It: 25500, Loss: 9.882e-06, nu: 0.020, Time: 6.46
It: 25600, Loss: 1.043e-05, nu: 0.020, Time: 6.61
It: 25700, Loss: 9.803e-06, nu: 0.020, Time: 6.59
It: 25800, Loss: 1.000e-05, nu: 0.020, Time: 6.58
It: 25900, Loss: 1.015e-05, nu: 0.020, Time: 6.30
It: 26000, Loss: 1.017e-05, nu: 0.020, Time: 6.37
It: 26100, Loss: 1.001e-05, nu: 0.020, Time: 6.49
It: 26200, Loss: 1.000e-05, nu: 0.020, Time: 6.46
It: 26300, Loss: 1.013e-05, nu: 0.020, Time: 6.54
It: 26400, Loss: 1.003e-05, nu: 0.020, Time: 6.51
It: 26500, Loss: 1.024e-05, nu: 0.020, Time: 6.28
It: 26600, Loss: 1.008e-05, nu: 0.020, Time: 6.35
It: 26700, Loss: 1.016e-05, nu: 0.020, Time: 6.41
It: 26800, Loss: 1.009e-05, nu: 0.020, Time: 6.46
It: 26900, Loss: 1.025e-05, nu: 0.020, Time: 6.38
It: 27000, Loss: 1.022e-05, nu: 0.020, Time: 6.48
It: 27100, Loss: 9.806e-06, nu: 0.020, Time: 6.46
It: 27200, Loss: 1.029e-05, nu: 0.020, Time: 6.41
It: 27300, Loss: 1.003e-05, nu: 0.020, Time: 6.43
It: 27400, Loss: 1.010e-05, nu: 0.020, Time: 6.38
It: 27500, Loss: 9.978e-06, nu: 0.020, Time: 6.61
It: 27600, Loss: 1.054e-05, nu: 0.020, Time: 6.44
It: 27700, Loss: 9.783e-06, nu: 0.020, Time: 6.52
It: 27800, Loss: 1.001e-05, nu: 0.020, Time: 6.31
It: 27900, Loss: 9.763e-06, nu: 0.020, Time: 6.39
It: 28000, Loss: 1.016e-05, nu: 0.020, Time: 6.41
It: 28100, Loss: 1.030e-05, nu: 0.020, Time: 6.31
It: 28200, Loss: 1.003e-05, nu: 0.020, Time: 6.30
It: 28300, Loss: 1.006e-05, nu: 0.020, Time: 6.34
It: 28400, Loss: 1.033e-05, nu: 0.020, Time: 6.37
It: 28500, Loss: 1.023e-05, nu: 0.020, Time: 6.36
It: 28600, Loss: 1.010e-05, nu: 0.020, Time: 6.40
It: 28700, Loss: 1.048e-05, nu: 0.020, Time: 6.36
It: 28800, Loss: 1.040e-05, nu: 0.020, Time: 6.29
It: 28900, Loss: 1.018e-05, nu: 0.020, Time: 6.35
It: 29000, Loss: 1.010e-05, nu: 0.020, Time: 6.45
It: 29100, Loss: 1.008e-05, nu: 0.020, Time: 6.30
It: 29200, Loss: 9.866e-06, nu: 0.020, Time: 6.33
It: 29300, Loss: 1.006e-05, nu: 0.020, Time: 6.35
It: 29400, Loss: 1.041e-05, nu: 0.020, Time: 6.34
It: 29500, Loss: 1.028e-05, nu: 0.020, Time: 6.32
It: 29600, Loss: 1.007e-05, nu: 0.020, Time: 6.30
It: 29700, Loss: 9.836e-06, nu: 0.020, Time: 6.33
It: 29800, Loss: 1.010e-05, nu: 0.020, Time: 6.40
It: 29900, Loss: 9.964e-06, nu: 0.020, Time: 6.21
It: 30000, Loss: 9.905e-06, nu: 0.020, Time: 6.35
It: 30100, Loss: 1.009e-05, nu: 0.020, Time: 6.37
It: 30200, Loss: 9.925e-06, nu: 0.020, Time: 6.45
It: 30300, Loss: 9.878e-06, nu: 0.020, Time: 6.34
It: 30400, Loss: 1.022e-05, nu: 0.020, Time: 6.28
It: 30500, Loss: 9.980e-06, nu: 0.020, Time: 6.44
It: 30600, Loss: 9.939e-06, nu: 0.020, Time: 6.49
It: 30700, Loss: 1.020e-05, nu: 0.020, Time: 6.62
It: 30800, Loss: 1.026e-05, nu: 0.020, Time: 6.55
It: 30900, Loss: 9.993e-06, nu: 0.020, Time: 6.47
It: 31000, Loss: 1.013e-05, nu: 0.020, Time: 6.57
It: 31100, Loss: 9.869e-06, nu: 0.020, Time: 6.45
It: 31200, Loss: 1.000e-05, nu: 0.020, Time: 6.73
It: 31300, Loss: 9.920e-06, nu: 0.020, Time: 6.60
It: 31400, Loss: 1.016e-05, nu: 0.020, Time: 6.48
It: 31500, Loss: 1.024e-05, nu: 0.020, Time: 6.63
It: 31600, Loss: 1.011e-05, nu: 0.020, Time: 6.51
It: 31700, Loss: 1.000e-05, nu: 0.020, Time: 6.59
It: 31800, Loss: 1.006e-05, nu: 0.020, Time: 6.64
It: 31900, Loss: 1.030e-05, nu: 0.020, Time: 6.60
It: 32000, Loss: 1.038e-05, nu: 0.020, Time: 6.73
It: 32100, Loss: 1.003e-05, nu: 0.020, Time: 6.56
It: 32200, Loss: 1.042e-05, nu: 0.020, Time: 6.47
It: 32300, Loss: 1.006e-05, nu: 0.020, Time: 6.41
It: 32400, Loss: 1.009e-05, nu: 0.020, Time: 6.45
It: 32500, Loss: 1.021e-05, nu: 0.020, Time: 6.52
It: 32600, Loss: 1.015e-05, nu: 0.020, Time: 6.39
It: 32700, Loss: 9.921e-06, nu: 0.020, Time: 6.42
It: 32800, Loss: 1.031e-05, nu: 0.020, Time: 6.45
It: 32900, Loss: 1.032e-05, nu: 0.020, Time: 6.43
It: 33000, Loss: 9.757e-06, nu: 0.020, Time: 6.44
It: 33100, Loss: 9.556e-06, nu: 0.020, Time: 6.48
It: 33200, Loss: 1.002e-05, nu: 0.020, Time: 6.50
It: 33300, Loss: 9.785e-06, nu: 0.020, Time: 6.49
It: 33400, Loss: 1.002e-05, nu: 0.020, Time: 6.64
It: 33500, Loss: 1.047e-05, nu: 0.020, Time: 6.50
It: 33600, Loss: 1.002e-05, nu: 0.020, Time: 6.49
It: 33700, Loss: 1.018e-05, nu: 0.020, Time: 6.44
It: 33800, Loss: 9.707e-06, nu: 0.020, Time: 6.50
It: 33900, Loss: 9.891e-06, nu: 0.020, Time: 6.56
It: 34000, Loss: 1.009e-05, nu: 0.020, Time: 6.52
It: 34100, Loss: 1.016e-05, nu: 0.020, Time: 6.58
It: 34200, Loss: 1.036e-05, nu: 0.020, Time: 6.48
It: 34300, Loss: 1.016e-05, nu: 0.020, Time: 6.65
It: 34400, Loss: 1.030e-05, nu: 0.020, Time: 6.59
It: 34500, Loss: 1.001e-05, nu: 0.020, Time: 6.69
It: 34600, Loss: 1.022e-05, nu: 0.020, Time: 6.66
It: 34700, Loss: 9.731e-06, nu: 0.020, Time: 6.59
It: 34800, Loss: 1.027e-05, nu: 0.020, Time: 6.54
It: 34900, Loss: 9.769e-06, nu: 0.020, Time: 6.57
It: 35000, Loss: 1.017e-05, nu: 0.020, Time: 6.34
It: 35100, Loss: 9.993e-06, nu: 0.020, Time: 6.42
It: 35200, Loss: 1.003e-05, nu: 0.020, Time: 6.46
It: 35300, Loss: 1.007e-05, nu: 0.020, Time: 6.26
It: 35400, Loss: 1.035e-05, nu: 0.020, Time: 6.40
It: 35500, Loss: 9.858e-06, nu: 0.020, Time: 6.32
It: 35600, Loss: 1.034e-05, nu: 0.020, Time: 6.45
It: 35700, Loss: 1.001e-05, nu: 0.020, Time: 6.36
It: 35800, Loss: 1.026e-05, nu: 0.020, Time: 6.25
It: 35900, Loss: 1.009e-05, nu: 0.020, Time: 6.38
It: 36000, Loss: 9.930e-06, nu: 0.020, Time: 6.64
It: 36100, Loss: 9.918e-06, nu: 0.020, Time: 6.71
It: 36200, Loss: 9.921e-06, nu: 0.020, Time: 6.73
It: 36300, Loss: 1.018e-05, nu: 0.020, Time: 6.63
It: 36400, Loss: 1.017e-05, nu: 0.020, Time: 6.55
It: 36500, Loss: 9.871e-06, nu: 0.020, Time: 6.53
It: 36600, Loss: 9.874e-06, nu: 0.020, Time: 6.58
It: 36700, Loss: 1.016e-05, nu: 0.020, Time: 6.47
It: 36800, Loss: 1.004e-05, nu: 0.020, Time: 6.51
It: 36900, Loss: 1.030e-05, nu: 0.020, Time: 6.63
It: 37000, Loss: 1.031e-05, nu: 0.020, Time: 6.59
It: 37100, Loss: 1.005e-05, nu: 0.020, Time: 6.64
It: 37200, Loss: 9.928e-06, nu: 0.020, Time: 6.18
It: 37300, Loss: 9.868e-06, nu: 0.020, Time: 5.94
It: 37400, Loss: 1.019e-05, nu: 0.020, Time: 6.36
It: 37500, Loss: 1.007e-05, nu: 0.020, Time: 6.42
It: 37600, Loss: 1.015e-05, nu: 0.020, Time: 6.39
It: 37700, Loss: 1.007e-05, nu: 0.020, Time: 6.52
It: 37800, Loss: 9.820e-06, nu: 0.020, Time: 6.54
It: 37900, Loss: 1.025e-05, nu: 0.020, Time: 6.41
It: 38000, Loss: 9.854e-06, nu: 0.020, Time: 6.49
It: 38100, Loss: 1.028e-05, nu: 0.020, Time: 6.51
It: 38200, Loss: 1.005e-05, nu: 0.020, Time: 6.51
It: 38300, Loss: 9.797e-06, nu: 0.020, Time: 6.43
It: 38400, Loss: 9.949e-06, nu: 0.020, Time: 6.63
It: 38500, Loss: 1.020e-05, nu: 0.020, Time: 6.39
It: 38600, Loss: 1.040e-05, nu: 0.020, Time: 6.62
It: 38700, Loss: 9.866e-06, nu: 0.020, Time: 6.48
It: 38800, Loss: 1.007e-05, nu: 0.020, Time: 6.52
It: 38900, Loss: 1.013e-05, nu: 0.020, Time: 6.57
It: 39000, Loss: 1.017e-05, nu: 0.020, Time: 6.49
It: 39100, Loss: 1.013e-05, nu: 0.020, Time: 6.50
It: 39200, Loss: 1.029e-05, nu: 0.020, Time: 6.51
It: 39300, Loss: 9.955e-06, nu: 0.020, Time: 6.42
It: 39400, Loss: 1.005e-05, nu: 0.020, Time: 6.44
It: 39500, Loss: 1.000e-05, nu: 0.020, Time: 6.46
It: 39600, Loss: 1.024e-05, nu: 0.020, Time: 6.45
It: 39700, Loss: 9.819e-06, nu: 0.020, Time: 6.48
It: 39800, Loss: 1.005e-05, nu: 0.020, Time: 6.64
It: 39900, Loss: 9.841e-06, nu: 0.020, Time: 6.71
It: 40000, Loss: 1.035e-05, nu: 0.020, Time: 6.67
It: 40100, Loss: 9.960e-06, nu: 0.020, Time: 6.65
It: 40200, Loss: 9.670e-06, nu: 0.020, Time: 6.64
It: 40300, Loss: 1.024e-05, nu: 0.020, Time: 6.65
It: 40400, Loss: 9.759e-06, nu: 0.020, Time: 6.63
It: 40500, Loss: 9.810e-06, nu: 0.020, Time: 6.67
It: 40600, Loss: 1.038e-05, nu: 0.020, Time: 6.65
It: 40700, Loss: 9.818e-06, nu: 0.020, Time: 6.65
It: 40800, Loss: 1.005e-05, nu: 0.020, Time: 6.70
It: 40900, Loss: 9.869e-06, nu: 0.020, Time: 6.68
It: 41000, Loss: 9.879e-06, nu: 0.020, Time: 6.62
It: 41100, Loss: 9.882e-06, nu: 0.020, Time: 6.64
It: 41200, Loss: 1.002e-05, nu: 0.020, Time: 6.48
It: 41300, Loss: 1.023e-05, nu: 0.020, Time: 6.33
It: 41400, Loss: 1.048e-05, nu: 0.020, Time: 6.29
It: 41500, Loss: 9.957e-06, nu: 0.020, Time: 6.33
It: 41600, Loss: 9.907e-06, nu: 0.020, Time: 6.35
It: 41700, Loss: 9.891e-06, nu: 0.020, Time: 6.43
It: 41800, Loss: 9.969e-06, nu: 0.020, Time: 6.36
It: 41900, Loss: 9.921e-06, nu: 0.020, Time: 6.45
It: 42000, Loss: 1.002e-05, nu: 0.020, Time: 6.38
It: 42100, Loss: 9.918e-06, nu: 0.020, Time: 6.41
It: 42200, Loss: 1.020e-05, nu: 0.020, Time: 6.29
It: 42300, Loss: 1.000e-05, nu: 0.020, Time: 6.35
It: 42400, Loss: 1.015e-05, nu: 0.020, Time: 6.41
It: 42500, Loss: 9.946e-06, nu: 0.020, Time: 6.52
It: 42600, Loss: 9.956e-06, nu: 0.020, Time: 6.55
It: 42700, Loss: 1.016e-05, nu: 0.020, Time: 6.43
It: 42800, Loss: 1.030e-05, nu: 0.020, Time: 6.36
It: 42900, Loss: 9.993e-06, nu: 0.020, Time: 6.50
It: 43000, Loss: 1.006e-05, nu: 0.020, Time: 6.48
It: 43100, Loss: 1.006e-05, nu: 0.020, Time: 6.56
It: 43200, Loss: 1.029e-05, nu: 0.020, Time: 6.54
It: 43300, Loss: 9.737e-06, nu: 0.020, Time: 6.49
It: 43400, Loss: 1.008e-05, nu: 0.020, Time: 6.38
It: 43500, Loss: 9.895e-06, nu: 0.020, Time: 6.44
It: 43600, Loss: 9.957e-06, nu: 0.020, Time: 6.33
It: 43700, Loss: 1.032e-05, nu: 0.020, Time: 6.57
It: 43800, Loss: 9.859e-06, nu: 0.020, Time: 6.31
It: 43900, Loss: 1.014e-05, nu: 0.020, Time: 6.34
It: 44000, Loss: 1.016e-05, nu: 0.020, Time: 6.14
It: 44100, Loss: 1.027e-05, nu: 0.020, Time: 6.34
It: 44200, Loss: 1.039e-05, nu: 0.020, Time: 6.21
It: 44300, Loss: 1.019e-05, nu: 0.020, Time: 5.80
It: 44400, Loss: 9.971e-06, nu: 0.020, Time: 5.04
It: 44500, Loss: 9.950e-06, nu: 0.020, Time: 5.44
It: 44600, Loss: 1.034e-05, nu: 0.020, Time: 6.31
It: 44700, Loss: 9.870e-06, nu: 0.020, Time: 6.42
It: 44800, Loss: 1.003e-05, nu: 0.020, Time: 6.21
It: 44900, Loss: 1.027e-05, nu: 0.020, Time: 6.16
It: 45000, Loss: 1.003e-05, nu: 0.020, Time: 6.28
It: 45100, Loss: 1.039e-05, nu: 0.020, Time: 6.20
It: 45200, Loss: 9.899e-06, nu: 0.020, Time: 6.23
It: 45300, Loss: 1.020e-05, nu: 0.020, Time: 6.30
It: 45400, Loss: 1.021e-05, nu: 0.020, Time: 6.35
It: 45500, Loss: 9.966e-06, nu: 0.020, Time: 6.37
It: 45600, Loss: 1.007e-05, nu: 0.020, Time: 6.36
It: 45700, Loss: 1.009e-05, nu: 0.020, Time: 6.37
It: 45800, Loss: 1.018e-05, nu: 0.020, Time: 6.42
It: 45900, Loss: 1.001e-05, nu: 0.020, Time: 6.50
It: 46000, Loss: 9.999e-06, nu: 0.020, Time: 6.38
It: 46100, Loss: 1.026e-05, nu: 0.020, Time: 6.38
It: 46200, Loss: 1.035e-05, nu: 0.020, Time: 6.36
It: 46300, Loss: 1.021e-05, nu: 0.020, Time: 6.41
It: 46400, Loss: 1.007e-05, nu: 0.020, Time: 6.74
It: 46500, Loss: 1.004e-05, nu: 0.020, Time: 6.39
It: 46600, Loss: 1.004e-05, nu: 0.020, Time: 6.04
It: 46700, Loss: 1.032e-05, nu: 0.020, Time: 6.01
It: 46800, Loss: 9.919e-06, nu: 0.020, Time: 6.02
It: 46900, Loss: 1.034e-05, nu: 0.020, Time: 6.05
It: 47000, Loss: 1.008e-05, nu: 0.020, Time: 5.88
It: 47100, Loss: 1.010e-05, nu: 0.020, Time: 5.81
It: 47200, Loss: 1.038e-05, nu: 0.020, Time: 5.93
It: 47300, Loss: 9.802e-06, nu: 0.020, Time: 5.79
It: 47400, Loss: 1.004e-05, nu: 0.020, Time: 5.91
It: 47500, Loss: 1.001e-05, nu: 0.020, Time: 5.83
It: 47600, Loss: 1.005e-05, nu: 0.020, Time: 5.88
It: 47700, Loss: 9.850e-06, nu: 0.020, Time: 5.91
It: 47800, Loss: 1.024e-05, nu: 0.020, Time: 5.90
It: 47900, Loss: 1.009e-05, nu: 0.020, Time: 5.82
It: 48000, Loss: 1.040e-05, nu: 0.020, Time: 5.80
It: 48100, Loss: 1.010e-05, nu: 0.020, Time: 5.79
It: 48200, Loss: 9.810e-06, nu: 0.020, Time: 5.87
It: 48300, Loss: 1.001e-05, nu: 0.020, Time: 5.86
It: 48400, Loss: 1.025e-05, nu: 0.020, Time: 5.86
It: 48500, Loss: 1.011e-05, nu: 0.020, Time: 5.86
It: 48600, Loss: 1.014e-05, nu: 0.020, Time: 5.82
It: 48700, Loss: 1.020e-05, nu: 0.020, Time: 5.82
It: 48800, Loss: 9.997e-06, nu: 0.020, Time: 5.76
It: 48900, Loss: 1.013e-05, nu: 0.020, Time: 5.88
It: 49000, Loss: 1.024e-05, nu: 0.020, Time: 5.74
It: 49100, Loss: 9.892e-06, nu: 0.020, Time: 5.88
It: 49200, Loss: 1.019e-05, nu: 0.020, Time: 5.84
It: 49300, Loss: 1.002e-05, nu: 0.020, Time: 5.89
It: 49400, Loss: 9.849e-06, nu: 0.020, Time: 5.95/home/zihan/anaconda3/envs/x/lib/python3.7/site-packages/torch/nn/functional.py:1933: UserWarning: nn.functional.tanh is deprecated. Use torch.tanh instead.
  warnings.warn("nn.functional.tanh is deprecated. Use torch.tanh instead.")

It: 49500, Loss: 1.012e-05, nu: 0.020, Time: 5.77
It: 49600, Loss: 9.940e-06, nu: 0.020, Time: 5.94
It: 49700, Loss: 9.755e-06, nu: 0.020, Time: 6.03
It: 49800, Loss: 9.820e-06, nu: 0.020, Time: 5.93
It: 49900, Loss: 1.030e-05, nu: 0.020, Time: 5.90
Error u: 6.165182e-06
Error nu: 0.00000%
