torch.Size([1000000, 3]) torch.Size([1000000, 1]) torch.Size([1000000, 1])
It: 0, Loss: 8.926e-01, lamd1: -0.000, lamd2: -0.00009, Time: 0.57
It: 100, Loss: 1.617e-01, lamd1: -0.087, lamd2: 0.01410, Time: 12.86
It: 200, Loss: 1.262e-01, lamd1: -0.001, lamd2: 0.00045, Time: 12.91
It: 300, Loss: 1.225e-01, lamd1: -0.060, lamd2: 0.00060, Time: 12.89
It: 400, Loss: 1.198e-01, lamd1: -0.042, lamd2: 0.00019, Time: 12.89
It: 500, Loss: 1.358e-01, lamd1: -0.007, lamd2: -0.00182, Time: 12.91
It: 600, Loss: 1.231e-01, lamd1: -0.010, lamd2: -0.00071, Time: 12.86
It: 700, Loss: 1.217e-01, lamd1: -0.024, lamd2: 0.00035, Time: 13.03
It: 800, Loss: 1.412e-01, lamd1: -0.048, lamd2: -0.00215, Time: 13.15
It: 900, Loss: 9.603e-02, lamd1: 0.005, lamd2: 0.00023, Time: 13.12
It: 1000, Loss: 9.548e-02, lamd1: 0.003, lamd2: 0.00008, Time: 13.14
It: 1100, Loss: 9.528e-02, lamd1: 0.000, lamd2: -0.00010, Time: 13.17
It: 1200, Loss: 9.516e-02, lamd1: -0.001, lamd2: -0.00014, Time: 13.02
It: 1300, Loss: 9.499e-02, lamd1: -0.000, lamd2: -0.00006, Time: 12.79
It: 1400, Loss: 9.562e-02, lamd1: -0.000, lamd2: -0.00001, Time: 12.85
It: 1500, Loss: 9.535e-02, lamd1: -0.001, lamd2: 0.00000, Time: 12.85
It: 1600, Loss: 9.494e-02, lamd1: -0.001, lamd2: 0.00001, Time: 12.91
It: 1700, Loss: 9.479e-02, lamd1: -0.002, lamd2: -0.00002, Time: 12.82
It: 1800, Loss: 9.534e-02, lamd1: -0.001, lamd2: 0.00002, Time: 12.87
It: 1900, Loss: 9.744e-02, lamd1: -0.002, lamd2: -0.00022, Time: 12.81
It: 2000, Loss: 9.527e-02, lamd1: -0.002, lamd2: -0.00013, Time: 12.85
It: 2100, Loss: 9.456e-02, lamd1: -0.002, lamd2: 0.00010, Time: 12.84
It: 2200, Loss: 9.634e-02, lamd1: -0.003, lamd2: 0.00053, Time: 12.86
It: 2300, Loss: 9.654e-02, lamd1: -0.002, lamd2: 0.00055, Time: 12.85
It: 2400, Loss: 9.458e-02, lamd1: -0.001, lamd2: 0.00001, Time: 12.91
It: 2500, Loss: 9.440e-02, lamd1: -0.001, lamd2: -0.00013, Time: 12.92
It: 2600, Loss: 9.507e-02, lamd1: -0.002, lamd2: 0.00019, Time: 12.89
It: 2700, Loss: 9.521e-02, lamd1: -0.001, lamd2: -0.00047, Time: 12.93
It: 2800, Loss: 9.569e-02, lamd1: -0.002, lamd2: 0.00058, Time: 12.86
It: 2900, Loss: 9.465e-02, lamd1: 0.000, lamd2: 0.00032, Time: 12.86
It: 3000, Loss: 9.464e-02, lamd1: -0.000, lamd2: -0.00027, Time: 12.90
It: 3100, Loss: 9.454e-02, lamd1: -0.001, lamd2: -0.00011, Time: 12.80
It: 3200, Loss: 9.484e-02, lamd1: 0.000, lamd2: 0.00045, Time: 12.82
It: 3300, Loss: 9.439e-02, lamd1: 0.002, lamd2: -0.00010, Time: 12.88
It: 3400, Loss: 9.582e-02, lamd1: 0.006, lamd2: -0.00026, Time: 12.91
It: 3500, Loss: 9.583e-02, lamd1: 0.006, lamd2: 0.00025, Time: 12.85
It: 3600, Loss: 9.399e-02, lamd1: 0.032, lamd2: -0.00013, Time: 12.94
It: 3700, Loss: 9.432e-02, lamd1: 0.054, lamd2: -0.00261, Time: 12.85
It: 3800, Loss: 9.302e-02, lamd1: 0.067, lamd2: 0.00076, Time: 12.87
It: 3900, Loss: 9.438e-02, lamd1: 0.596, lamd2: 0.01212, Time: 12.86
It: 4000, Loss: 8.041e-02, lamd1: 0.773, lamd2: 0.01428, Time: 12.85
It: 4100, Loss: 5.501e-02, lamd1: 0.855, lamd2: 0.01385, Time: 13.05
It: 4200, Loss: 2.296e-02, lamd1: 0.876, lamd2: 0.00625, Time: 13.13
It: 4300, Loss: 1.424e-02, lamd1: 0.913, lamd2: 0.00969, Time: 13.10
It: 4400, Loss: 1.510e-02, lamd1: 0.930, lamd2: 0.01150, Time: 13.10
It: 4500, Loss: 9.572e-03, lamd1: 0.939, lamd2: 0.01224, Time: 13.04
It: 4600, Loss: 8.264e-03, lamd1: 0.947, lamd2: 0.01266, Time: 12.99
It: 4700, Loss: 9.178e-03, lamd1: 0.955, lamd2: 0.01287, Time: 13.03
It: 4800, Loss: 9.080e-03, lamd1: 0.955, lamd2: 0.01329, Time: 13.11
It: 4900, Loss: 7.585e-03, lamd1: 0.963, lamd2: 0.01289, Time: 12.95
It: 5000, Loss: 7.865e-03, lamd1: 0.964, lamd2: 0.01315, Time: 13.01
It: 5100, Loss: 5.511e-03, lamd1: 0.967, lamd2: 0.01305, Time: 12.93
It: 5200, Loss: 6.266e-03, lamd1: 0.968, lamd2: 0.01236, Time: 12.99
It: 5300, Loss: 9.999e-03, lamd1: 0.970, lamd2: 0.01376, Time: 12.99
It: 5400, Loss: 5.954e-03, lamd1: 0.972, lamd2: 0.01281, Time: 12.99
It: 5500, Loss: 4.373e-03, lamd1: 0.976, lamd2: 0.01208, Time: 13.13
It: 5600, Loss: 5.707e-03, lamd1: 0.978, lamd2: 0.01198, Time: 13.10
It: 5700, Loss: 4.881e-03, lamd1: 0.980, lamd2: 0.01210, Time: 12.98
It: 5800, Loss: 6.272e-03, lamd1: 0.978, lamd2: 0.01204, Time: 13.13
It: 5900, Loss: 4.428e-03, lamd1: 0.981, lamd2: 0.01176, Time: 13.10
It: 6000, Loss: 4.170e-03, lamd1: 0.982, lamd2: 0.01252, Time: 13.03
It: 6100, Loss: 2.741e-03, lamd1: 0.983, lamd2: 0.01177, Time: 12.96
It: 6200, Loss: 3.230e-03, lamd1: 0.984, lamd2: 0.01175, Time: 13.13
It: 6300, Loss: 2.914e-03, lamd1: 0.984, lamd2: 0.01168, Time: 13.13
It: 6400, Loss: 2.513e-03, lamd1: 0.983, lamd2: 0.01204, Time: 13.11
It: 6500, Loss: 4.136e-03, lamd1: 0.984, lamd2: 0.01149, Time: 13.19
It: 6600, Loss: 3.251e-03, lamd1: 0.985, lamd2: 0.01181, Time: 13.30
It: 6700, Loss: 3.186e-03, lamd1: 0.983, lamd2: 0.01167, Time: 13.15
It: 6800, Loss: 3.614e-03, lamd1: 0.984, lamd2: 0.01153, Time: 13.07
It: 6900, Loss: 2.934e-03, lamd1: 0.985, lamd2: 0.01127, Time: 13.09
It: 7000, Loss: 2.954e-03, lamd1: 0.983, lamd2: 0.01147, Time: 12.75
It: 7100, Loss: 2.285e-03, lamd1: 0.986, lamd2: 0.01113, Time: 12.71
It: 7200, Loss: 2.291e-03, lamd1: 0.985, lamd2: 0.01213, Time: 12.82
It: 7300, Loss: 3.534e-03, lamd1: 0.984, lamd2: 0.01135, Time: 12.77
It: 7400, Loss: 5.916e-03, lamd1: 0.987, lamd2: 0.01133, Time: 12.80
It: 7500, Loss: 3.046e-03, lamd1: 0.985, lamd2: 0.01141, Time: 12.73
It: 7600, Loss: 3.948e-03, lamd1: 0.983, lamd2: 0.01221, Time: 12.75
It: 7700, Loss: 3.014e-03, lamd1: 0.987, lamd2: 0.01129, Time: 12.76
It: 7800, Loss: 5.737e-03, lamd1: 0.987, lamd2: 0.01183, Time: 12.79
It: 7900, Loss: 4.878e-03, lamd1: 0.986, lamd2: 0.01176, Time: 12.77
It: 8000, Loss: 2.198e-03, lamd1: 0.987, lamd2: 0.01084, Time: 12.83
It: 8100, Loss: 2.209e-03, lamd1: 0.987, lamd2: 0.01138, Time: 12.73
It: 8200, Loss: 2.288e-03, lamd1: 0.985, lamd2: 0.01086, Time: 12.76
It: 8300, Loss: 6.442e-03, lamd1: 0.985, lamd2: 0.01066, Time: 12.79
It: 8400, Loss: 3.558e-03, lamd1: 0.986, lamd2: 0.01134, Time: 12.77
It: 8500, Loss: 3.320e-03, lamd1: 0.985, lamd2: 0.01086, Time: 12.80
It: 8600, Loss: 5.147e-03, lamd1: 0.986, lamd2: 0.01063, Time: 12.80
It: 8700, Loss: 1.684e-03, lamd1: 0.986, lamd2: 0.01078, Time: 12.77
It: 8800, Loss: 1.986e-03, lamd1: 0.987, lamd2: 0.01079, Time: 12.78
It: 8900, Loss: 1.750e-03, lamd1: 0.987, lamd2: 0.01078, Time: 12.74
It: 9000, Loss: 2.490e-03, lamd1: 0.987, lamd2: 0.01079, Time: 12.81
It: 9100, Loss: 2.413e-03, lamd1: 0.986, lamd2: 0.01072, Time: 12.79
It: 9200, Loss: 1.471e-03, lamd1: 0.986, lamd2: 0.01095, Time: 12.77
It: 9300, Loss: 1.799e-03, lamd1: 0.988, lamd2: 0.01099, Time: 12.87
It: 9400, Loss: 1.997e-03, lamd1: 0.987, lamd2: 0.01070, Time: 13.20
It: 9500, Loss: 1.806e-03, lamd1: 0.988, lamd2: 0.01128, Time: 13.17
It: 9600, Loss: 2.789e-03, lamd1: 0.988, lamd2: 0.01060, Time: 13.11
It: 9700, Loss: 1.904e-03, lamd1: 0.988, lamd2: 0.01113, Time: 12.79
It: 9800, Loss: 2.202e-03, lamd1: 0.989, lamd2: 0.01051, Time: 12.81
It: 9900, Loss: 2.761e-03, lamd1: 0.989, lamd2: 0.01045, Time: 12.83
It: 10000, Loss: 3.042e-03, lamd1: 0.988, lamd2: 0.01108, Time: 12.90
It: 10100, Loss: 8.283e-04, lamd1: 0.990, lamd2: 0.01093, Time: 12.94
It: 10200, Loss: 8.097e-04, lamd1: 0.990, lamd2: 0.01092, Time: 13.01
It: 10300, Loss: 7.932e-04, lamd1: 0.991, lamd2: 0.01092, Time: 12.89
It: 10400, Loss: 7.779e-04, lamd1: 0.991, lamd2: 0.01092, Time: 12.89
It: 10500, Loss: 7.634e-04, lamd1: 0.991, lamd2: 0.01092, Time: 12.86
It: 10600, Loss: 7.495e-04, lamd1: 0.991, lamd2: 0.01092, Time: 12.85
It: 10700, Loss: 7.360e-04, lamd1: 0.991, lamd2: 0.01092, Time: 12.83
It: 10800, Loss: 7.229e-04, lamd1: 0.992, lamd2: 0.01092, Time: 12.87
It: 10900, Loss: 7.101e-04, lamd1: 0.992, lamd2: 0.01092, Time: 12.89
It: 11000, Loss: 6.975e-04, lamd1: 0.992, lamd2: 0.01092, Time: 12.84
It: 11100, Loss: 6.852e-04, lamd1: 0.992, lamd2: 0.01092, Time: 12.82
It: 11200, Loss: 7.004e-04, lamd1: 0.992, lamd2: 0.01089, Time: 12.89
It: 11300, Loss: 1.125e-03, lamd1: 0.992, lamd2: 0.01102, Time: 12.91
It: 11400, Loss: 8.625e-04, lamd1: 0.992, lamd2: 0.01100, Time: 12.89
It: 11500, Loss: 8.809e-04, lamd1: 0.991, lamd2: 0.01081, Time: 12.86
It: 11600, Loss: 6.557e-04, lamd1: 0.992, lamd2: 0.01095, Time: 12.83