torch.Size([1000000, 3]) torch.Size([1000000, 1]) torch.Size([1000000, 1])
It: 0, Loss: 8.939e-01, lamd1: -0.000, lamd2: -0.00009, Time: 0.56
It: 100, Loss: 1.621e-01, lamd1: -0.097, lamd2: 0.01585, Time: 53.47
It: 200, Loss: 1.632e-01, lamd1: 0.157, lamd2: -0.00598, Time: 53.21
It: 300, Loss: 1.211e-01, lamd1: -0.033, lamd2: 0.00061, Time: 52.91
It: 400, Loss: 1.163e-01, lamd1: -0.001, lamd2: 0.00009, Time: 53.50
It: 500, Loss: 9.869e-02, lamd1: 0.016, lamd2: 0.00063, Time: 53.48
It: 600, Loss: 9.534e-02, lamd1: 0.031, lamd2: 0.00068, Time: 53.46
It: 700, Loss: 9.457e-02, lamd1: 0.006, lamd2: 0.00034, Time: 53.48
It: 800, Loss: 9.435e-02, lamd1: 0.002, lamd2: 0.00043, Time: 53.47
It: 900, Loss: 9.489e-02, lamd1: 0.002, lamd2: 0.00001, Time: 53.45
It: 1000, Loss: 9.562e-02, lamd1: 0.002, lamd2: 0.00088, Time: 53.43
It: 1100, Loss: 9.486e-02, lamd1: 0.003, lamd2: 0.00051, Time: 53.30
It: 1200, Loss: 9.427e-02, lamd1: 0.002, lamd2: 0.00034, Time: 53.36
It: 1300, Loss: 9.434e-02, lamd1: 0.002, lamd2: 0.00046, Time: 53.34
It: 1400, Loss: 9.442e-02, lamd1: 0.001, lamd2: 0.00039, Time: 52.96
It: 1500, Loss: 9.410e-02, lamd1: 0.000, lamd2: 0.00015, Time: 53.05
It: 1600, Loss: 9.771e-02, lamd1: -0.000, lamd2: 0.00078, Time: 53.26
It: 1700, Loss: 9.454e-02, lamd1: -0.001, lamd2: 0.00024, Time: 53.06
It: 1800, Loss: 9.395e-02, lamd1: -0.001, lamd2: 0.00010, Time: 53.22
It: 1900, Loss: 9.520e-02, lamd1: -0.002, lamd2: -0.00020, Time: 53.15
It: 2000, Loss: 9.448e-02, lamd1: -0.002, lamd2: 0.00008, Time: 53.18
It: 2100, Loss: 9.490e-02, lamd1: -0.003, lamd2: 0.00015, Time: 53.16
It: 2200, Loss: 9.515e-02, lamd1: -0.004, lamd2: 0.00032, Time: 53.15
It: 2300, Loss: 9.418e-02, lamd1: -0.003, lamd2: 0.00029, Time: 53.31
It: 2400, Loss: 9.558e-02, lamd1: -0.004, lamd2: 0.00017, Time: 53.07
It: 2500, Loss: 9.399e-02, lamd1: -0.003, lamd2: 0.00023, Time: 53.41
It: 2600, Loss: 9.433e-02, lamd1: -0.003, lamd2: -0.00012, Time: 53.46
It: 2700, Loss: 9.413e-02, lamd1: -0.003, lamd2: 0.00013, Time: 53.48
It: 2800, Loss: 9.787e-02, lamd1: -0.003, lamd2: 0.00006, Time: 53.49
It: 2900, Loss: 9.660e-02, lamd1: -0.004, lamd2: -0.00014, Time: 53.49
It: 3000, Loss: 9.471e-02, lamd1: -0.004, lamd2: 0.00042, Time: 53.46
It: 3100, Loss: 9.409e-02, lamd1: -0.004, lamd2: -0.00004, Time: 53.42
It: 3200, Loss: 9.434e-02, lamd1: -0.004, lamd2: 0.00003, Time: 53.43
It: 3300, Loss: 9.422e-02, lamd1: -0.004, lamd2: 0.00006, Time: 53.41
It: 3400, Loss: 9.454e-02, lamd1: -0.003, lamd2: -0.00026, Time: 53.45
It: 3500, Loss: 9.392e-02, lamd1: -0.003, lamd2: -0.00009, Time: 53.41
It: 3600, Loss: 9.708e-02, lamd1: -0.004, lamd2: 0.00079, Time: 53.20
It: 3700, Loss: 9.525e-02, lamd1: -0.004, lamd2: 0.00041, Time: 53.21
It: 3800, Loss: 9.397e-02, lamd1: -0.003, lamd2: -0.00021, Time: 53.19
It: 3900, Loss: 9.450e-02, lamd1: -0.003, lamd2: -0.00047, Time: 53.16
It: 4000, Loss: 9.477e-02, lamd1: -0.004, lamd2: 0.00019, Time: 53.22
It: 4100, Loss: 9.404e-02, lamd1: -0.003, lamd2: -0.00000, Time: 53.18
It: 4200, Loss: 9.486e-02, lamd1: -0.004, lamd2: -0.00036, Time: 53.18
It: 4300, Loss: 9.535e-02, lamd1: -0.004, lamd2: 0.00071, Time: 53.27
It: 4400, Loss: 9.521e-02, lamd1: 0.018, lamd2: 0.00121, Time: 53.50
It: 4500, Loss: 1.120e-01, lamd1: -0.055, lamd2: 0.00656, Time: 53.50
It: 4600, Loss: 9.576e-02, lamd1: -0.000, lamd2: -0.00017, Time: 53.46
It: 4700, Loss: 9.447e-02, lamd1: -0.002, lamd2: -0.00003, Time: 53.48
It: 4800, Loss: 9.409e-02, lamd1: -0.002, lamd2: 0.00007, Time: 53.45
It: 4900, Loss: 9.395e-02, lamd1: -0.001, lamd2: 0.00008, Time: 53.46
It: 5000, Loss: 9.389e-02, lamd1: -0.001, lamd2: 0.00007, Time: 53.50
It: 5100, Loss: 9.369e-02, lamd1: -0.000, lamd2: 0.00008, Time: 53.48
It: 5200, Loss: 9.367e-02, lamd1: 0.019, lamd2: 0.00002, Time: 53.46
It: 5300, Loss: 9.348e-02, lamd1: -0.012, lamd2: -0.00041, Time: 53.46
It: 5400, Loss: 8.979e-02, lamd1: 0.499, lamd2: 0.01201, Time: 53.42
It: 5500, Loss: 7.209e-02, lamd1: 0.820, lamd2: 0.02124, Time: 53.51
It: 5600, Loss: 6.208e-02, lamd1: 0.843, lamd2: 0.01953, Time: 53.30
It: 5700, Loss: 5.031e-02, lamd1: 0.877, lamd2: 0.01986, Time: 53.24
It: 5800, Loss: 3.487e-02, lamd1: 0.876, lamd2: 0.01741, Time: 53.45
It: 5900, Loss: 2.238e-02, lamd1: 0.887, lamd2: 0.01152, Time: 53.52
It: 6000, Loss: 2.022e-02, lamd1: 0.891, lamd2: 0.01167, Time: 53.44
It: 6100, Loss: 1.546e-02, lamd1: 0.904, lamd2: 0.01285, Time: 53.49
It: 6200, Loss: 1.256e-02, lamd1: 0.926, lamd2: 0.01297, Time: 53.03
It: 6300, Loss: 1.391e-02, lamd1: 0.937, lamd2: 0.01449, Time: 53.06
It: 6400, Loss: 1.049e-02, lamd1: 0.945, lamd2: 0.01362, Time: 53.28
It: 6500, Loss: 9.385e-03, lamd1: 0.951, lamd2: 0.01404, Time: 53.09
It: 6600, Loss: 9.384e-03, lamd1: 0.954, lamd2: 0.01477, Time: 53.28
It: 6700, Loss: 9.160e-03, lamd1: 0.952, lamd2: 0.01543, Time: 52.85
It: 6800, Loss: 8.856e-03, lamd1: 0.959, lamd2: 0.01516, Time: 53.16
It: 6900, Loss: 6.673e-03, lamd1: 0.964, lamd2: 0.01451, Time: 52.83
It: 7000, Loss: 8.087e-03, lamd1: 0.964, lamd2: 0.01555, Time: 52.55
It: 7100, Loss: 7.422e-03, lamd1: 0.967, lamd2: 0.01361, Time: 52.38
It: 7200, Loss: 5.664e-03, lamd1: 0.967, lamd2: 0.01437, Time: 53.21
It: 7300, Loss: 5.687e-03, lamd1: 0.969, lamd2: 0.01500, Time: 53.25
It: 7400, Loss: 6.273e-03, lamd1: 0.968, lamd2: 0.01426, Time: 53.30
It: 7500, Loss: 5.112e-03, lamd1: 0.970, lamd2: 0.01383, Time: 53.38
It: 7600, Loss: 6.905e-03, lamd1: 0.971, lamd2: 0.01449, Time: 53.56
It: 7700, Loss: 6.816e-03, lamd1: 0.971, lamd2: 0.01399, Time: 53.50
It: 7800, Loss: 5.598e-03, lamd1: 0.972, lamd2: 0.01349, Time: 53.54
It: 7900, Loss: 4.947e-03, lamd1: 0.973, lamd2: 0.01417, Time: 53.33
It: 8000, Loss: 8.180e-03, lamd1: 0.975, lamd2: 0.01359, Time: 53.31
It: 8100, Loss: 5.938e-03, lamd1: 0.972, lamd2: 0.01363, Time: 53.12
It: 8200, Loss: 4.855e-03, lamd1: 0.975, lamd2: 0.01401, Time: 53.04
It: 8300, Loss: 4.763e-03, lamd1: 0.974, lamd2: 0.01246, Time: 52.84
It: 8400, Loss: 8.600e-03, lamd1: 0.975, lamd2: 0.01509, Time: 53.28
It: 8500, Loss: 5.677e-03, lamd1: 0.974, lamd2: 0.01240, Time: 52.28
It: 8600, Loss: 3.682e-03, lamd1: 0.976, lamd2: 0.01454, Time: 52.90
It: 8700, Loss: 5.077e-03, lamd1: 0.977, lamd2: 0.01221, Time: 52.08
It: 8800, Loss: 3.700e-03, lamd1: 0.977, lamd2: 0.01320, Time: 52.68
It: 8900, Loss: 4.640e-03, lamd1: 0.977, lamd2: 0.01259, Time: 53.28
It: 9000, Loss: 5.008e-03, lamd1: 0.979, lamd2: 0.01277, Time: 53.15
It: 9100, Loss: 4.166e-03, lamd1: 0.977, lamd2: 0.01293, Time: 53.15
It: 9200, Loss: 2.864e-03, lamd1: 0.978, lamd2: 0.01277, Time: 53.19
It: 9300, Loss: 4.137e-03, lamd1: 0.980, lamd2: 0.01322, Time: 53.26
It: 9400, Loss: 3.399e-03, lamd1: 0.979, lamd2: 0.01178, Time: 52.89
It: 9500, Loss: 4.515e-03, lamd1: 0.979, lamd2: 0.01369, Time: 52.92
It: 9600, Loss: 4.628e-03, lamd1: 0.980, lamd2: 0.01275, Time: 52.51
It: 9700, Loss: 3.192e-03, lamd1: 0.978, lamd2: 0.01149, Time: 53.50
It: 9800, Loss: 2.913e-03, lamd1: 0.979, lamd2: 0.01346, Time: 53.45
It: 9900, Loss: 2.412e-03, lamd1: 0.979, lamd2: 0.01272, Time: 52.79
It: 10000, Loss: 3.900e-03, lamd1: 0.981, lamd2: 0.01257, Time: 52.43
It: 10100, Loss: 1.991e-03, lamd1: 0.982, lamd2: 0.01237, Time: 52.97
It: 10200, Loss: 1.951e-03, lamd1: 0.982, lamd2: 0.01234, Time: 52.80
It: 10300, Loss: 1.913e-03, lamd1: 0.983, lamd2: 0.01231, Time: 53.18
It: 10400, Loss: 1.876e-03, lamd1: 0.983, lamd2: 0.01228, Time: 53.03
It: 10500, Loss: 1.839e-03, lamd1: 0.984, lamd2: 0.01225, Time: 52.99
It: 10600, Loss: 1.802e-03, lamd1: 0.984, lamd2: 0.01222, Time: 52.90
It: 10700, Loss: 1.766e-03, lamd1: 0.984, lamd2: 0.01218, Time: 53.02
It: 10800, Loss: 1.730e-03, lamd1: 0.984, lamd2: 0.01215, Time: 53.52
It: 10900, Loss: 1.694e-03, lamd1: 0.985, lamd2: 0.01211, Time: 53.57
It: 11000, Loss: 1.658e-03, lamd1: 0.985, lamd2: 0.01208, Time: 53.52
It: 11100, Loss: 1.648e-03, lamd1: 0.985, lamd2: 0.01208, Time: 53.54
It: 11200, Loss: 3.729e-03, lamd1: 0.985, lamd2: 0.01244, Time: 53.56
It: 11300, Loss: 2.151e-03, lamd1: 0.985, lamd2: 0.01217, Time: 53.48
It: 11400, Loss: 2.059e-03, lamd1: 0.986, lamd2: 0.01186, Time: 53.50
It: 11500, Loss: 1.971e-03, lamd1: 0.985, lamd2: 0.01186, Time: 53.31
It: 11600, Loss: 1.583e-03, lamd1: 0.985, lamd2: 0.01189, Time: 52.51
It: 11700, Loss: 2.032e-03, lamd1: 0.984, lamd2: 0.01173, Time: 53.15
It: 11800, Loss: 1.733e-03, lamd1: 0.986, lamd2: 0.01179, Time: 53.22
It: 11900, Loss: 1.799e-03, lamd1: 0.986, lamd2: 0.01180, Time: 53.58
It: 12000, Loss: 1.535e-03, lamd1: 0.986, lamd2: 0.01164, Time: 52.77
It: 12100, Loss: 1.685e-03, lamd1: 0.986, lamd2: 0.01182, Time: 52.57
It: 12200, Loss: 1.555e-03, lamd1: 0.987, lamd2: 0.01165, Time: 53.00
It: 12300, Loss: 1.518e-03, lamd1: 0.987, lamd2: 0.01183, Time: 52.76
It: 12400, Loss: 1.406e-03, lamd1: 0.986, lamd2: 0.01171, Time: 53.34
It: 12500, Loss: 2.188e-03, lamd1: 0.987, lamd2: 0.01190, Time: 53.53
It: 12600, Loss: 1.837e-03, lamd1: 0.987, lamd2: 0.01158, Time: 53.55
It: 12700, Loss: 1.897e-03, lamd1: 0.987, lamd2: 0.01172, Time: 53.37
It: 12800, Loss: 1.533e-03, lamd1: 0.987, lamd2: 0.01179, Time: 52.66
It: 12900, Loss: 2.152e-03, lamd1: 0.987, lamd2: 0.01168, Time: 53.06
It: 13000, Loss: 1.539e-03, lamd1: 0.987, lamd2: 0.01149, Time: 53.23
It: 13100, Loss: 1.320e-03, lamd1: 0.987, lamd2: 0.01149, Time: 53.18
It: 13200, Loss: 1.651e-03, lamd1: 0.988, lamd2: 0.01146, Time: 53.00
It: 13300, Loss: 1.760e-03, lamd1: 0.988, lamd2: 0.01133, Time: 53.19
It: 13400, Loss: 1.618e-03, lamd1: 0.988, lamd2: 0.01161, Time: 53.22
It: 13500, Loss: 1.643e-03, lamd1: 0.988, lamd2: 0.01140, Time: 53.13
It: 13600, Loss: 1.293e-03, lamd1: 0.988, lamd2: 0.01152, Time: 53.09
It: 13700, Loss: 1.386e-03, lamd1: 0.987, lamd2: 0.01155, Time: 53.18
It: 13800, Loss: 1.435e-03, lamd1: 0.989, lamd2: 0.01145, Time: 52.96
It: 13900, Loss: 1.327e-03, lamd1: 0.988, lamd2: 0.01137, Time: 53.00
It: 14000, Loss: 1.398e-03, lamd1: 0.988, lamd2: 0.01161, Time: 53.05
It: 14100, Loss: 1.540e-03, lamd1: 0.989, lamd2: 0.01130, Time: 53.13
It: 14200, Loss: 1.090e-03, lamd1: 0.989, lamd2: 0.01143, Time: 53.16
It: 14300, Loss: 1.788e-03, lamd1: 0.988, lamd2: 0.01173, Time: 53.58
It: 14400, Loss: 1.684e-03, lamd1: 0.988, lamd2: 0.01158, Time: 52.81
It: 14500, Loss: 1.268e-03, lamd1: 0.989, lamd2: 0.01157, Time: 52.99
It: 14600, Loss: 1.075e-03, lamd1: 0.989, lamd2: 0.01150, Time: 53.40
It: 14700, Loss: 1.658e-03, lamd1: 0.989, lamd2: 0.01122, Time: 53.21
It: 14800, Loss: 2.847e-03, lamd1: 0.990, lamd2: 0.01176, Time: 53.22
It: 14900, Loss: 1.291e-03, lamd1: 0.989, lamd2: 0.01147, Time: 53.28
It: 15000, Loss: 1.859e-03, lamd1: 0.989, lamd2: 0.01170, Time: 53.23
It: 15100, Loss: 1.781e-03, lamd1: 0.990, lamd2: 0.01141, Time: 53.28
It: 15200, Loss: 1.154e-03, lamd1: 0.989, lamd2: 0.01154, Time: 53.49
It: 15300, Loss: 9.660e-04, lamd1: 0.988, lamd2: 0.01130, Time: 53.49
It: 15400, Loss: 1.442e-03, lamd1: 0.989, lamd2: 0.01163, Time: 53.35
It: 15500, Loss: 1.186e-03, lamd1: 0.989, lamd2: 0.01157, Time: 53.18
It: 15600, Loss: 1.117e-03, lamd1: 0.990, lamd2: 0.01140, Time: 53.11
It: 15700, Loss: 1.746e-03, lamd1: 0.990, lamd2: 0.01122, Time: 53.57
It: 15800, Loss: 1.196e-03, lamd1: 0.990, lamd2: 0.01124, Time: 53.18
It: 15900, Loss: 1.007e-03, lamd1: 0.990, lamd2: 0.01143, Time: 51.97
It: 16000, Loss: 1.188e-03, lamd1: 0.990, lamd2: 0.01140, Time: 52.41
It: 16100, Loss: 1.187e-03, lamd1: 0.990, lamd2: 0.01149, Time: 53.14
It: 16200, Loss: 1.498e-03, lamd1: 0.989, lamd2: 0.01146, Time: 53.07
It: 16300, Loss: 1.126e-03, lamd1: 0.990, lamd2: 0.01130, Time: 53.17
It: 16400, Loss: 1.264e-03, lamd1: 0.990, lamd2: 0.01136, Time: 53.17
It: 16500, Loss: 2.113e-03, lamd1: 0.990, lamd2: 0.01172, Time: 53.05
It: 16600, Loss: 1.068e-03, lamd1: 0.991, lamd2: 0.01117, Time: 53.37
It: 16700, Loss: 9.661e-04, lamd1: 0.991, lamd2: 0.01133, Time: 53.51
It: 16800, Loss: 1.005e-03, lamd1: 0.991, lamd2: 0.01134, Time: 53.41
It: 16900, Loss: 1.582e-03, lamd1: 0.991, lamd2: 0.01157, Time: 53.10
It: 17000, Loss: 1.294e-03, lamd1: 0.990, lamd2: 0.01156, Time: 53.14
It: 17100, Loss: 1.103e-03, lamd1: 0.990, lamd2: 0.01153, Time: 53.31
It: 17200, Loss: 1.113e-03, lamd1: 0.991, lamd2: 0.01144, Time: 53.56
It: 17300, Loss: 1.164e-03, lamd1: 0.991, lamd2: 0.01131, Time: 53.53
It: 17400, Loss: 1.875e-03, lamd1: 0.991, lamd2: 0.01127, Time: 53.56
It: 17500, Loss: 1.341e-03, lamd1: 0.989, lamd2: 0.01153, Time: 53.57
It: 17600, Loss: 1.201e-03, lamd1: 0.990, lamd2: 0.01152, Time: 53.52
It: 17700, Loss: 1.073e-03, lamd1: 0.990, lamd2: 0.01124, Time: 53.53
It: 17800, Loss: 1.266e-03, lamd1: 0.991, lamd2: 0.01122, Time: 53.24
It: 17900, Loss: 1.118e-03, lamd1: 0.991, lamd2: 0.01137, Time: 53.29
It: 18000, Loss: 1.432e-03, lamd1: 0.991, lamd2: 0.01119, Time: 52.90
It: 18100, Loss: 9.106e-04, lamd1: 0.991, lamd2: 0.01140, Time: 53.03
It: 18200, Loss: 8.698e-04, lamd1: 0.991, lamd2: 0.01118, Time: 53.05
It: 18300, Loss: 9.836e-04, lamd1: 0.992, lamd2: 0.01116, Time: 53.36
It: 18400, Loss: 1.617e-03, lamd1: 0.992, lamd2: 0.01137, Time: 53.57
It: 18500, Loss: 1.124e-03, lamd1: 0.992, lamd2: 0.01118, Time: 53.22
It: 18600, Loss: 1.562e-03, lamd1: 0.992, lamd2: 0.01102, Time: 53.27
It: 18700, Loss: 1.664e-03, lamd1: 0.991, lamd2: 0.01114, Time: 52.56
It: 18800, Loss: 9.541e-04, lamd1: 0.991, lamd2: 0.01119, Time: 53.34
It: 18900, Loss: 9.611e-04, lamd1: 0.992, lamd2: 0.01132, Time: 53.18
It: 19000, Loss: 1.047e-03, lamd1: 0.992, lamd2: 0.01133, Time: 52.34
It: 19100, Loss: 1.054e-03, lamd1: 0.992, lamd2: 0.01129, Time: 52.82
It: 19200, Loss: 9.025e-04, lamd1: 0.992, lamd2: 0.01138, Time: 53.11
It: 19300, Loss: 1.103e-03, lamd1: 0.992, lamd2: 0.01127, Time: 53.31
It: 19400, Loss: 1.182e-03, lamd1: 0.992, lamd2: 0.01117, Time: 53.46
It: 19500, Loss: 7.166e-04, lamd1: 0.992, lamd2: 0.01133, Time: 53.49
It: 19600, Loss: 2.197e-03, lamd1: 0.992, lamd2: 0.01166, Time: 53.36
It: 19700, Loss: 7.466e-04, lamd1: 0.992, lamd2: 0.01130, Time: 53.48
It: 19800, Loss: 1.410e-03, lamd1: 0.992, lamd2: 0.01119, Time: 53.51
It: 19900, Loss: 9.029e-04, lamd1: 0.992, lamd2: 0.01112, Time: 53.43
It: 20000, Loss: 7.969e-04, lamd1: 0.992, lamd2: 0.01129, Time: 53.45
It: 20100, Loss: 6.569e-04, lamd1: 0.993, lamd2: 0.01127, Time: 53.21
It: 20200, Loss: 6.534e-04, lamd1: 0.993, lamd2: 0.01127, Time: 53.43
It: 20300, Loss: 6.500e-04, lamd1: 0.993, lamd2: 0.01127, Time: 53.49
It: 20400, Loss: 6.466e-04, lamd1: 0.993, lamd2: 0.01126, Time: 53.17
It: 20500, Loss: 6.432e-04, lamd1: 0.993, lamd2: 0.01126, Time: 53.37
It: 20600, Loss: 6.397e-04, lamd1: 0.993, lamd2: 0.01126, Time: 53.08
It: 20700, Loss: 6.361e-04, lamd1: 0.993, lamd2: 0.01126, Time: 52.95
It: 20800, Loss: 6.324e-04, lamd1: 0.993, lamd2: 0.01126, Time: 53.11
It: 20900, Loss: 6.286e-04, lamd1: 0.993, lamd2: 0.01126, Time: 53.16
It: 21000, Loss: 6.247e-04, lamd1: 0.993, lamd2: 0.01126, Time: 52.94
It: 21100, Loss: 6.207e-04, lamd1: 0.993, lamd2: 0.01126, Time: 53.18
It: 21200, Loss: 6.166e-04, lamd1: 0.993, lamd2: 0.01126, Time: 53.12
It: 21300, Loss: 6.305e-04, lamd1: 0.993, lamd2: 0.01132, Time: 53.53
It: 21400, Loss: 6.093e-04, lamd1: 0.993, lamd2: 0.01125, Time: 53.21
It: 21500, Loss: 6.281e-04, lamd1: 0.993, lamd2: 0.01124, Time: 52.90
It: 21600, Loss: 6.671e-04, lamd1: 0.993, lamd2: 0.01124, Time: 52.31
It: 21700, Loss: 8.246e-04, lamd1: 0.993, lamd2: 0.01142, Time: 52.94
It: 21800, Loss: 6.735e-04, lamd1: 0.993, lamd2: 0.01124, Time: 52.42
It: 21900, Loss: 6.507e-04, lamd1: 0.994, lamd2: 0.01118, Time: 53.08
It: 22000, Loss: 6.013e-04, lamd1: 0.993, lamd2: 0.01127, Time: 53.30
It: 22100, Loss: 6.849e-04, lamd1: 0.993, lamd2: 0.01117, Time: 53.17
It: 22200, Loss: 6.047e-04, lamd1: 0.994, lamd2: 0.01127, Time: 53.43
It: 22300, Loss: 6.879e-04, lamd1: 0.993, lamd2: 0.01129, Time: 53.27
It: 22400, Loss: 6.085e-04, lamd1: 0.993, lamd2: 0.01127, Time: 52.93
It: 22500, Loss: 1.043e-03, lamd1: 0.993, lamd2: 0.01111, Time: 52.75
It: 22600, Loss: 5.835e-04, lamd1: 0.993, lamd2: 0.01124, Time: 53.39
It: 22700, Loss: 5.730e-04, lamd1: 0.994, lamd2: 0.01125, Time: 53.23
It: 22800, Loss: 6.112e-04, lamd1: 0.994, lamd2: 0.01119, Time: 51.99
It: 22900, Loss: 5.942e-04, lamd1: 0.994, lamd2: 0.01120, Time: 52.78
It: 23000, Loss: 9.650e-04, lamd1: 0.994, lamd2: 0.01144, Time: 53.51
It: 23100, Loss: 6.090e-04, lamd1: 0.993, lamd2: 0.01131, Time: 53.43
It: 23200, Loss: 9.115e-04, lamd1: 0.994, lamd2: 0.01127, Time: 53.01
It: 23300, Loss: 5.825e-04, lamd1: 0.994, lamd2: 0.01128, Time: 52.28
It: 23400, Loss: 5.628e-04, lamd1: 0.994, lamd2: 0.01123, Time: 53.09
It: 23500, Loss: 6.375e-04, lamd1: 0.994, lamd2: 0.01113, Time: 53.41
It: 23600, Loss: 5.761e-04, lamd1: 0.994, lamd2: 0.01121, Time: 53.07
It: 23700, Loss: 7.310e-04, lamd1: 0.993, lamd2: 0.01137, Time: 53.13
It: 23800, Loss: 5.611e-04, lamd1: 0.994, lamd2: 0.01121, Time: 53.24
It: 23900, Loss: 5.638e-04, lamd1: 0.994, lamd2: 0.01122, Time: 53.41
It: 24000, Loss: 8.567e-04, lamd1: 0.994, lamd2: 0.01135, Time: 52.91
It: 24100, Loss: 5.421e-04, lamd1: 0.994, lamd2: 0.01124, Time: 53.28
It: 24200, Loss: 6.475e-04, lamd1: 0.994, lamd2: 0.01127, Time: 53.41
It: 24300, Loss: 8.294e-04, lamd1: 0.994, lamd2: 0.01114, Time: 53.22
It: 24400, Loss: 5.276e-04, lamd1: 0.994, lamd2: 0.01122, Time: 53.23
It: 24500, Loss: 5.292e-04, lamd1: 0.994, lamd2: 0.01122, Time: 53.47
It: 24600, Loss: 5.236e-04, lamd1: 0.994, lamd2: 0.01123, Time: 53.56
It: 24700, Loss: 5.968e-04, lamd1: 0.994, lamd2: 0.01128, Time: 53.54
It: 24800, Loss: 6.021e-04, lamd1: 0.994, lamd2: 0.01128, Time: 53.52
It: 24900, Loss: 5.979e-04, lamd1: 0.994, lamd2: 0.01112, Time: 53.54
It: 25000, Loss: 6.029e-04, lamd1: 0.994, lamd2: 0.01113, Time: 53.26
It: 25100, Loss: 5.755e-04, lamd1: 0.994, lamd2: 0.01114, Time: 53.31
It: 25200, Loss: 5.415e-04, lamd1: 0.994, lamd2: 0.01118, Time: 53.54
It: 25300, Loss: 5.454e-04, lamd1: 0.994, lamd2: 0.01117, Time: 53.52
It: 25400, Loss: 6.318e-04, lamd1: 0.994, lamd2: 0.01127, Time: 53.54
It: 25500, Loss: 9.740e-04, lamd1: 0.994, lamd2: 0.01141, Time: 53.53
It: 25600, Loss: 5.266e-04, lamd1: 0.994, lamd2: 0.01117, Time: 53.52
It: 25700, Loss: 5.100e-04, lamd1: 0.994, lamd2: 0.01123, Time: 53.53
It: 25800, Loss: 5.313e-04, lamd1: 0.994, lamd2: 0.01123, Time: 53.54
It: 25900, Loss: 5.700e-04, lamd1: 0.994, lamd2: 0.01117, Time: 53.16
It: 26000, Loss: 6.451e-04, lamd1: 0.995, lamd2: 0.01109, Time: 52.96
It: 26100, Loss: 9.747e-04, lamd1: 0.995, lamd2: 0.01110, Time: 53.03
It: 26200, Loss: 7.203e-04, lamd1: 0.994, lamd2: 0.01139, Time: 53.28
It: 26300, Loss: 5.781e-04, lamd1: 0.995, lamd2: 0.01123, Time: 52.97
It: 26400, Loss: 5.335e-04, lamd1: 0.994, lamd2: 0.01122, Time: 53.38
It: 26500, Loss: 4.909e-04, lamd1: 0.995, lamd2: 0.01120, Time: 53.40
It: 26600, Loss: 7.828e-04, lamd1: 0.994, lamd2: 0.01108, Time: 53.38
It: 26700, Loss: 7.780e-04, lamd1: 0.995, lamd2: 0.01108, Time: 53.40
It: 26800, Loss: 4.994e-04, lamd1: 0.995, lamd2: 0.01117, Time: 53.41
It: 26900, Loss: 5.095e-04, lamd1: 0.995, lamd2: 0.01116, Time: 53.58
It: 27000, Loss: 5.893e-04, lamd1: 0.995, lamd2: 0.01118, Time: 53.11
It: 27100, Loss: 5.722e-04, lamd1: 0.995, lamd2: 0.01125, Time: 53.18
It: 27200, Loss: 5.195e-04, lamd1: 0.995, lamd2: 0.01118, Time: 53.00
It: 27300, Loss: 1.041e-03, lamd1: 0.995, lamd2: 0.01133, Time: 52.80
It: 27400, Loss: 6.971e-04, lamd1: 0.994, lamd2: 0.01099, Time: 53.35
It: 27500, Loss: 5.233e-04, lamd1: 0.995, lamd2: 0.01120, Time: 53.54
It: 27600, Loss: 5.672e-04, lamd1: 0.994, lamd2: 0.01111, Time: 53.44
It: 27700, Loss: 9.113e-04, lamd1: 0.994, lamd2: 0.01147, Time: 52.69
It: 27800, Loss: 7.088e-04, lamd1: 0.995, lamd2: 0.01119, Time: 52.24
It: 27900, Loss: 7.219e-04, lamd1: 0.994, lamd2: 0.01118, Time: 52.55
It: 28000, Loss: 5.476e-04, lamd1: 0.994, lamd2: 0.01121, Time: 53.15
It: 28100, Loss: 4.825e-04, lamd1: 0.995, lamd2: 0.01118, Time: 53.35
It: 28200, Loss: 5.633e-04, lamd1: 0.995, lamd2: 0.01111, Time: 53.54
It: 28300, Loss: 5.095e-04, lamd1: 0.995, lamd2: 0.01112, Time: 53.56
It: 28400, Loss: 7.695e-04, lamd1: 0.995, lamd2: 0.01130, Time: 53.52
It: 28500, Loss: 5.001e-04, lamd1: 0.995, lamd2: 0.01115, Time: 53.15
It: 28600, Loss: 5.036e-04, lamd1: 0.995, lamd2: 0.01113, Time: 53.07
It: 28700, Loss: 5.409e-04, lamd1: 0.995, lamd2: 0.01117, Time: 53.26
It: 28800, Loss: 5.205e-04, lamd1: 0.995, lamd2: 0.01117, Time: 53.41
It: 28900, Loss: 6.568e-04, lamd1: 0.995, lamd2: 0.01115, Time: 53.26
It: 29000, Loss: 6.931e-04, lamd1: 0.995, lamd2: 0.01108, Time: 53.23
It: 29100, Loss: 6.749e-04, lamd1: 0.994, lamd2: 0.01120, Time: 53.20
It: 29200, Loss: 6.237e-04, lamd1: 0.995, lamd2: 0.01113, Time: 53.20
It: 29300, Loss: 4.685e-04, lamd1: 0.995, lamd2: 0.01111, Time: 53.23
It: 29400, Loss: 7.178e-04, lamd1: 0.995, lamd2: 0.01129, Time: 53.54
It: 29500, Loss: 5.255e-04, lamd1: 0.995, lamd2: 0.01123, Time: 53.55
It: 29600, Loss: 4.912e-04, lamd1: 0.995, lamd2: 0.01111, Time: 53.54
It: 29700, Loss: 4.977e-04, lamd1: 0.995, lamd2: 0.01113, Time: 53.35
It: 29800, Loss: 6.918e-04, lamd1: 0.995, lamd2: 0.01118, Time: 53.03
It: 29900, Loss: 4.456e-04, lamd1: 0.995, lamd2: 0.01115, Time: 53.07
It: 30000, Loss: 6.069e-04, lamd1: 0.995, lamd2: 0.01115, Time: 53.24
It: 30100, Loss: 4.425e-04, lamd1: 0.995, lamd2: 0.01114, Time: 53.41
It: 30200, Loss: 4.418e-04, lamd1: 0.995, lamd2: 0.01114, Time: 53.48
It: 30300, Loss: 4.410e-04, lamd1: 0.995, lamd2: 0.01114, Time: 53.49
It: 30400, Loss: 4.403e-04, lamd1: 0.995, lamd2: 0.01114, Time: 53.15
It: 30500, Loss: 4.395e-04, lamd1: 0.995, lamd2: 0.01114, Time: 53.24
It: 30600, Loss: 4.386e-04, lamd1: 0.995, lamd2: 0.01114, Time: 52.72
It: 30700, Loss: 4.378e-04, lamd1: 0.995, lamd2: 0.01114, Time: 52.86
It: 30800, Loss: 4.369e-04, lamd1: 0.995, lamd2: 0.01114, Time: 53.08
It: 30900, Loss: 4.359e-04, lamd1: 0.995, lamd2: 0.01114, Time: 52.31
It: 31000, Loss: 4.349e-04, lamd1: 0.995, lamd2: 0.01114, Time: 53.51
It: 31100, Loss: 4.339e-04, lamd1: 0.995, lamd2: 0.01114, Time: 53.53
It: 31200, Loss: 4.329e-04, lamd1: 0.995, lamd2: 0.01114, Time: 53.37
It: 31300, Loss: 4.318e-04, lamd1: 0.995, lamd2: 0.01114, Time: 53.23
It: 31400, Loss: 7.506e-04, lamd1: 0.995, lamd2: 0.01122, Time: 53.13
It: 31500, Loss: 4.330e-04, lamd1: 0.995, lamd2: 0.01111, Time: 53.25
It: 31600, Loss: 4.492e-04, lamd1: 0.995, lamd2: 0.01114, Time: 52.47
It: 31700, Loss: 4.528e-04, lamd1: 0.995, lamd2: 0.01115, Time: 52.96
It: 31800, Loss: 6.553e-04, lamd1: 0.995, lamd2: 0.01130, Time: 52.84
It: 31900, Loss: 5.946e-04, lamd1: 0.995, lamd2: 0.01122, Time: 53.02
It: 32000, Loss: 4.287e-04, lamd1: 0.995, lamd2: 0.01113, Time: 53.05
It: 32100, Loss: 4.379e-04, lamd1: 0.995, lamd2: 0.01111, Time: 53.19
It: 32200, Loss: 4.225e-04, lamd1: 0.995, lamd2: 0.01113, Time: 53.24
It: 32300, Loss: 4.216e-04, lamd1: 0.995, lamd2: 0.01113, Time: 53.25
It: 32400, Loss: 4.965e-04, lamd1: 0.995, lamd2: 0.01105, Time: 53.14
It: 32500, Loss: 4.272e-04, lamd1: 0.995, lamd2: 0.01115, Time: 53.21
It: 32600, Loss: 5.170e-04, lamd1: 0.995, lamd2: 0.01108, Time: 53.01
It: 32700, Loss: 4.696e-04, lamd1: 0.995, lamd2: 0.01114, Time: 53.03
It: 32800, Loss: 5.237e-04, lamd1: 0.995, lamd2: 0.01124, Time: 53.22
It: 32900, Loss: 4.199e-04, lamd1: 0.995, lamd2: 0.01114, Time: 53.19
It: 33000, Loss: 4.157e-04, lamd1: 0.995, lamd2: 0.01113, Time: 53.20
It: 33100, Loss: 4.142e-04, lamd1: 0.995, lamd2: 0.01112, Time: 53.19
It: 33200, Loss: 5.957e-04, lamd1: 0.995, lamd2: 0.01124, Time: 53.17
It: 33300, Loss: 4.175e-04, lamd1: 0.995, lamd2: 0.01114, Time: 53.25
It: 33400, Loss: 4.178e-04, lamd1: 0.995, lamd2: 0.01114, Time: 53.05
It: 33500, Loss: 4.102e-04, lamd1: 0.995, lamd2: 0.01112, Time: 52.69
It: 33600, Loss: 4.321e-04, lamd1: 0.995, lamd2: 0.01115, Time: 51.94
It: 33700, Loss: 4.101e-04, lamd1: 0.996, lamd2: 0.01112, Time: 51.99
It: 33800, Loss: 4.083e-04, lamd1: 0.996, lamd2: 0.01113, Time: 52.57
It: 33900, Loss: 5.193e-04, lamd1: 0.996, lamd2: 0.01108, Time: 52.95
It: 34000, Loss: 4.548e-04, lamd1: 0.995, lamd2: 0.01110, Time: 52.28
It: 34100, Loss: 4.761e-04, lamd1: 0.996, lamd2: 0.01108, Time: 52.56
It: 34200, Loss: 4.127e-04, lamd1: 0.996, lamd2: 0.01111, Time: 52.73
It: 34300, Loss: 4.036e-04, lamd1: 0.996, lamd2: 0.01112, Time: 53.12
It: 34400, Loss: 4.196e-04, lamd1: 0.995, lamd2: 0.01111, Time: 53.25
It: 34500, Loss: 4.130e-04, lamd1: 0.995, lamd2: 0.01114, Time: 53.21
It: 34600, Loss: 4.008e-04, lamd1: 0.996, lamd2: 0.01111, Time: 53.05
It: 34700, Loss: 4.033e-04, lamd1: 0.996, lamd2: 0.01110, Time: 53.14
It: 34800, Loss: 3.984e-04, lamd1: 0.996, lamd2: 0.01111, Time: 53.31
It: 34900, Loss: 4.887e-04, lamd1: 0.996, lamd2: 0.01110, Time: 53.15
It: 35000, Loss: 4.041e-04, lamd1: 0.996, lamd2: 0.01114, Time: 53.18
It: 35100, Loss: 4.012e-04, lamd1: 0.996, lamd2: 0.01112, Time: 53.54
It: 35200, Loss: 4.014e-04, lamd1: 0.996, lamd2: 0.01110, Time: 52.98
It: 35300, Loss: 5.343e-04, lamd1: 0.996, lamd2: 0.01106, Time: 53.10
It: 35400, Loss: 4.759e-04, lamd1: 0.996, lamd2: 0.01113, Time: 53.06
It: 35500, Loss: 4.469e-04, lamd1: 0.996, lamd2: 0.01117, Time: 53.05
It: 35600, Loss: 4.311e-04, lamd1: 0.996, lamd2: 0.01112, Time: 53.00
It: 35700, Loss: 3.980e-04, lamd1: 0.996, lamd2: 0.01109, Time: 53.21
It: 35800, Loss: 3.915e-04, lamd1: 0.996, lamd2: 0.01112, Time: 53.16
It: 35900, Loss: 5.059e-04, lamd1: 0.996, lamd2: 0.01100, Time: 53.30
It: 36000, Loss: 3.929e-04, lamd1: 0.996, lamd2: 0.01111, Time: 53.15
It: 36100, Loss: 3.882e-04, lamd1: 0.996, lamd2: 0.01110, Time: 53.28
It: 36200, Loss: 5.073e-04, lamd1: 0.996, lamd2: 0.01119, Time: 53.24
It: 36300, Loss: 3.899e-04, lamd1: 0.996, lamd2: 0.01111, Time: 53.07
It: 36400, Loss: 3.987e-04, lamd1: 0.996, lamd2: 0.01114, Time: 53.12
It: 36500, Loss: 3.951e-04, lamd1: 0.996, lamd2: 0.01112, Time: 53.18
It: 36600, Loss: 4.493e-04, lamd1: 0.996, lamd2: 0.01114, Time: 52.17
It: 36700, Loss: 3.887e-04, lamd1: 0.996, lamd2: 0.01112, Time: 53.27
It: 36800, Loss: 4.049e-04, lamd1: 0.996, lamd2: 0.01114, Time: 53.25
It: 36900, Loss: 3.843e-04, lamd1: 0.996, lamd2: 0.01111, Time: 53.17
It: 37000, Loss: 4.397e-04, lamd1: 0.996, lamd2: 0.01109, Time: 53.17
It: 37100, Loss: 3.817e-04, lamd1: 0.996, lamd2: 0.01111, Time: 53.15
It: 37200, Loss: 3.858e-04, lamd1: 0.996, lamd2: 0.01110, Time: 53.25
It: 37300, Loss: 4.788e-04, lamd1: 0.996, lamd2: 0.01117, Time: 53.09
It: 37400, Loss: 4.387e-04, lamd1: 0.996, lamd2: 0.01111, Time: 53.03
It: 37500, Loss: 3.785e-04, lamd1: 0.996, lamd2: 0.01110, Time: 53.16
It: 37600, Loss: 3.790e-04, lamd1: 0.996, lamd2: 0.01110, Time: 53.23
It: 37700, Loss: 3.784e-04, lamd1: 0.996, lamd2: 0.01110, Time: 53.26
It: 37800, Loss: 3.765e-04, lamd1: 0.996, lamd2: 0.01111, Time: 52.73
It: 37900, Loss: 4.116e-04, lamd1: 0.996, lamd2: 0.01107, Time: 53.20
It: 38000, Loss: 3.836e-04, lamd1: 0.996, lamd2: 0.01110, Time: 53.19
It: 38100, Loss: 3.813e-04, lamd1: 0.996, lamd2: 0.01110, Time: 53.08
It: 38200, Loss: 3.753e-04, lamd1: 0.996, lamd2: 0.01109, Time: 53.12
It: 38300, Loss: 4.244e-04, lamd1: 0.996, lamd2: 0.01114, Time: 53.17
It: 38400, Loss: 3.954e-04, lamd1: 0.996, lamd2: 0.01110, Time: 53.20
It: 38500, Loss: 3.712e-04, lamd1: 0.996, lamd2: 0.01110, Time: 53.12
It: 38600, Loss: 3.707e-04, lamd1: 0.996, lamd2: 0.01110, Time: 53.15
It: 38700, Loss: 4.656e-04, lamd1: 0.996, lamd2: 0.01116, Time: 53.10
It: 38800, Loss: 3.727e-04, lamd1: 0.996, lamd2: 0.01112, Time: 53.25
It: 38900, Loss: 4.080e-04, lamd1: 0.996, lamd2: 0.01113, Time: 53.01
It: 39000, Loss: 3.730e-04, lamd1: 0.996, lamd2: 0.01112, Time: 47.77
It: 39100, Loss: 3.770e-04, lamd1: 0.996, lamd2: 0.01110, Time: 44.29
It: 39200, Loss: 3.685e-04, lamd1: 0.996, lamd2: 0.01110, Time: 44.48
It: 39300, Loss: 3.739e-04, lamd1: 0.996, lamd2: 0.01110, Time: 44.94
It: 39400, Loss: 3.824e-04, lamd1: 0.996, lamd2: 0.01105, Time: 44.35
It: 39500, Loss: 3.842e-04, lamd1: 0.996, lamd2: 0.01110, Time: 44.22
It: 39600, Loss: 4.219e-04, lamd1: 0.996, lamd2: 0.01111, Time: 44.26
It: 39700, Loss: 4.236e-04, lamd1: 0.996, lamd2: 0.01116, Time: 44.29
It: 39800, Loss: 3.635e-04, lamd1: 0.996, lamd2: 0.01109, Time: 44.40
It: 39900, Loss: 5.056e-04, lamd1: 0.996, lamd2: 0.01104, Time: 44.42
It: 40000, Loss: 3.627e-04, lamd1: 0.996, lamd2: 0.01109, Time: 44.43
It: 40100, Loss: 3.608e-04, lamd1: 0.996, lamd2: 0.01109, Time: 44.30
It: 40200, Loss: 3.605e-04, lamd1: 0.996, lamd2: 0.01109, Time: 44.42
It: 40300, Loss: 3.601e-04, lamd1: 0.996, lamd2: 0.01109, Time: 44.98
It: 40400, Loss: 3.597e-04, lamd1: 0.996, lamd2: 0.01109, Time: 45.11
It: 40500, Loss: 3.593e-04, lamd1: 0.996, lamd2: 0.01109, Time: 44.64
It: 40600, Loss: 3.589e-04, lamd1: 0.996, lamd2: 0.01109, Time: 44.50
It: 40700, Loss: 3.585e-04, lamd1: 0.996, lamd2: 0.01109, Time: 44.30
It: 40800, Loss: 3.580e-04, lamd1: 0.996, lamd2: 0.01109, Time: 44.27
It: 40900, Loss: 3.575e-04, lamd1: 0.996, lamd2: 0.01109, Time: 44.28
It: 41000, Loss: 3.570e-04, lamd1: 0.996, lamd2: 0.01109, Time: 44.48
It: 41100, Loss: 3.565e-04, lamd1: 0.996, lamd2: 0.01109, Time: 44.32
It: 41200, Loss: 3.560e-04, lamd1: 0.996, lamd2: 0.01109, Time: 44.12
It: 41300, Loss: 3.554e-04, lamd1: 0.996, lamd2: 0.01109, Time: 44.08
It: 41400, Loss: 3.564e-04, lamd1: 0.996, lamd2: 0.01109, Time: 44.14
It: 41500, Loss: 3.707e-04, lamd1: 0.996, lamd2: 0.01109, Time: 44.30
It: 41600, Loss: 3.827e-04, lamd1: 0.996, lamd2: 0.01114, Time: 44.45
It: 41700, Loss: 3.568e-04, lamd1: 0.996, lamd2: 0.01107, Time: 44.31
It: 41800, Loss: 3.526e-04, lamd1: 0.996, lamd2: 0.01108, Time: 44.35
It: 41900, Loss: 3.656e-04, lamd1: 0.996, lamd2: 0.01112, Time: 44.52
It: 42000, Loss: 3.594e-04, lamd1: 0.996, lamd2: 0.01110, Time: 44.47
It: 42100, Loss: 3.520e-04, lamd1: 0.996, lamd2: 0.01108, Time: 44.40
It: 42200, Loss: 3.798e-04, lamd1: 0.996, lamd2: 0.01105, Time: 44.47
It: 42300, Loss: 3.629e-04, lamd1: 0.996, lamd2: 0.01109, Time: 44.34
It: 42400, Loss: 3.494e-04, lamd1: 0.996, lamd2: 0.01108, Time: 44.41
It: 42500, Loss: 3.492e-04, lamd1: 0.996, lamd2: 0.01108, Time: 44.31
It: 42600, Loss: 3.485e-04, lamd1: 0.996, lamd2: 0.01109, Time: 44.30
It: 42700, Loss: 3.486e-04, lamd1: 0.996, lamd2: 0.01109, Time: 44.31
It: 42800, Loss: 3.620e-04, lamd1: 0.996, lamd2: 0.01105, Time: 44.38
It: 42900, Loss: 3.498e-04, lamd1: 0.996, lamd2: 0.01109, Time: 44.33
It: 43000, Loss: 3.467e-04, lamd1: 0.996, lamd2: 0.01109, Time: 44.33
It: 43100, Loss: 3.480e-04, lamd1: 0.996, lamd2: 0.01109, Time: 44.34
It: 43200, Loss: 4.128e-04, lamd1: 0.996, lamd2: 0.01105, Time: 44.34
It: 43300, Loss: 3.470e-04, lamd1: 0.996, lamd2: 0.01107, Time: 44.33
It: 43400, Loss: 3.582e-04, lamd1: 0.996, lamd2: 0.01105, Time: 44.36
It: 43500, Loss: 3.444e-04, lamd1: 0.996, lamd2: 0.01108, Time: 44.31
It: 43600, Loss: 3.475e-04, lamd1: 0.996, lamd2: 0.01109, Time: 44.35
It: 43700, Loss: 3.467e-04, lamd1: 0.996, lamd2: 0.01108, Time: 44.35
It: 43800, Loss: 3.524e-04, lamd1: 0.996, lamd2: 0.01109, Time: 44.30
It: 43900, Loss: 3.518e-04, lamd1: 0.996, lamd2: 0.01112, Time: 44.44
It: 44000, Loss: 3.408e-04, lamd1: 0.996, lamd2: 0.01108, Time: 44.44
It: 44100, Loss: 3.467e-04, lamd1: 0.996, lamd2: 0.01106, Time: 44.29
It: 44200, Loss: 3.405e-04, lamd1: 0.996, lamd2: 0.01108, Time: 44.33
It: 44300, Loss: 3.428e-04, lamd1: 0.996, lamd2: 0.01108, Time: 44.33
It: 44400, Loss: 3.400e-04, lamd1: 0.996, lamd2: 0.01108, Time: 44.50
It: 44500, Loss: 3.383e-04, lamd1: 0.996, lamd2: 0.01108, Time: 44.55
It: 44600, Loss: 3.399e-04, lamd1: 0.996, lamd2: 0.01107, Time: 44.59
It: 44700, Loss: 3.383e-04, lamd1: 0.996, lamd2: 0.01108, Time: 44.56
It: 44800, Loss: 3.382e-04, lamd1: 0.996, lamd2: 0.01107, Time: 44.61
It: 44900, Loss: 3.561e-04, lamd1: 0.996, lamd2: 0.01107, Time: 44.64
It: 45000, Loss: 3.408e-04, lamd1: 0.996, lamd2: 0.01105, Time: 44.64
It: 45100, Loss: 3.353e-04, lamd1: 0.996, lamd2: 0.01108, Time: 44.61
It: 45200, Loss: 3.372e-04, lamd1: 0.996, lamd2: 0.01109, Time: 44.63
It: 45300, Loss: 3.347e-04, lamd1: 0.996, lamd2: 0.01107, Time: 44.63
It: 45400, Loss: 3.341e-04, lamd1: 0.996, lamd2: 0.01108, Time: 44.56
It: 45500, Loss: 3.335e-04, lamd1: 0.996, lamd2: 0.01108, Time: 44.63
It: 45600, Loss: 3.349e-04, lamd1: 0.996, lamd2: 0.01108, Time: 44.58
It: 45700, Loss: 3.333e-04, lamd1: 0.996, lamd2: 0.01108, Time: 44.54
It: 45800, Loss: 3.332e-04, lamd1: 0.996, lamd2: 0.01107, Time: 44.56
It: 45900, Loss: 3.357e-04, lamd1: 0.996, lamd2: 0.01108, Time: 44.61
It: 46000, Loss: 3.339e-04, lamd1: 0.996, lamd2: 0.01108, Time: 44.85
It: 46100, Loss: 3.346e-04, lamd1: 0.996, lamd2: 0.01108, Time: 44.91
It: 46200, Loss: 3.307e-04, lamd1: 0.996, lamd2: 0.01108, Time: 45.06
It: 46300, Loss: 3.399e-04, lamd1: 0.996, lamd2: 0.01108, Time: 44.86
It: 46400, Loss: 3.560e-04, lamd1: 0.996, lamd2: 0.01107, Time: 44.82
It: 46500, Loss: 3.308e-04, lamd1: 0.996, lamd2: 0.01107, Time: 44.81
It: 46600, Loss: 3.296e-04, lamd1: 0.996, lamd2: 0.01108, Time: 44.87
It: 46700, Loss: 3.456e-04, lamd1: 0.996, lamd2: 0.01103, Time: 44.76
It: 46800, Loss: 3.280e-04, lamd1: 0.996, lamd2: 0.01108, Time: 44.77
It: 46900, Loss: 3.709e-04, lamd1: 0.996, lamd2: 0.01102, Time: 44.75
It: 47000, Loss: 3.290e-04, lamd1: 0.996, lamd2: 0.01106, Time: 44.66