It: 0, Loss: 2.517e-01, nu: 0.020, Time: 0.08
It: 100, Loss: 6.069e-02, nu: 0.020, Time: 6.78
It: 200, Loss: 5.416e-02, nu: 0.020, Time: 6.80
It: 300, Loss: 3.797e-02, nu: 0.020, Time: 6.79
It: 400, Loss: 1.932e-03, nu: 0.020, Time: 6.75
It: 500, Loss: 1.222e-03, nu: 0.020, Time: 6.68
It: 600, Loss: 2.764e-04, nu: 0.020, Time: 6.75
It: 700, Loss: 1.697e-04, nu: 0.020, Time: 6.65
It: 800, Loss: 1.368e-04, nu: 0.020, Time: 6.61
It: 900, Loss: 1.222e-04, nu: 0.020, Time: 6.68
It: 1000, Loss: 8.253e-04, nu: 0.020, Time: 6.63
It: 1100, Loss: 9.381e-05, nu: 0.020, Time: 6.68
It: 1200, Loss: 9.341e-05, nu: 0.020, Time: 6.60
It: 1300, Loss: 7.984e-05, nu: 0.020, Time: 6.60
It: 1400, Loss: 7.561e-05, nu: 0.020, Time: 6.67
It: 1500, Loss: 7.282e-05, nu: 0.020, Time: 6.61
It: 1600, Loss: 6.627e-05, nu: 0.020, Time: 6.58
It: 1700, Loss: 6.277e-05, nu: 0.020, Time: 6.66
It: 1800, Loss: 5.937e-05, nu: 0.020, Time: 6.61
It: 1900, Loss: 6.089e-05, nu: 0.020, Time: 6.55
It: 2000, Loss: 5.200e-05, nu: 0.020, Time: 6.59
It: 2100, Loss: 4.994e-05, nu: 0.020, Time: 6.64
It: 2200, Loss: 4.800e-05, nu: 0.020, Time: 6.67
It: 2300, Loss: 4.695e-05, nu: 0.020, Time: 6.47
It: 2400, Loss: 4.571e-05, nu: 0.020, Time: 6.21
It: 2500, Loss: 4.373e-05, nu: 0.020, Time: 6.14
It: 2600, Loss: 4.242e-05, nu: 0.020, Time: 6.18
It: 2700, Loss: 4.087e-05, nu: 0.020, Time: 6.24
It: 2800, Loss: 3.984e-05, nu: 0.020, Time: 6.42
It: 2900, Loss: 3.879e-05, nu: 0.020, Time: 6.37
It: 3000, Loss: 3.741e-05, nu: 0.020, Time: 6.51
It: 3100, Loss: 3.650e-05, nu: 0.020, Time: 6.53
It: 3200, Loss: 3.526e-05, nu: 0.020, Time: 6.58
It: 3300, Loss: 3.579e-05, nu: 0.020, Time: 6.42
It: 3400, Loss: 3.473e-05, nu: 0.020, Time: 6.53
It: 3500, Loss: 3.404e-05, nu: 0.020, Time: 6.50
It: 3600, Loss: 3.312e-05, nu: 0.020, Time: 6.52
It: 3700, Loss: 3.254e-05, nu: 0.020, Time: 6.27
It: 3800, Loss: 3.246e-05, nu: 0.020, Time: 6.40
It: 3900, Loss: 3.178e-05, nu: 0.020, Time: 6.38
It: 4000, Loss: 3.077e-05, nu: 0.020, Time: 6.41
It: 4100, Loss: 2.966e-05, nu: 0.020, Time: 6.36
It: 4200, Loss: 3.049e-05, nu: 0.020, Time: 6.38
It: 4300, Loss: 3.026e-05, nu: 0.020, Time: 6.40
It: 4400, Loss: 2.951e-05, nu: 0.020, Time: 6.44
It: 4500, Loss: 2.947e-05, nu: 0.020, Time: 6.64
It: 4600, Loss: 2.963e-05, nu: 0.020, Time: 6.65
It: 4700, Loss: 3.013e-05, nu: 0.020, Time: 6.66
It: 4800, Loss: 2.864e-05, nu: 0.020, Time: 6.69
It: 4900, Loss: 2.841e-05, nu: 0.020, Time: 6.62
It: 5000, Loss: 2.714e-05, nu: 0.020, Time: 6.62
It: 5100, Loss: 2.744e-05, nu: 0.020, Time: 6.65
It: 5200, Loss: 2.783e-05, nu: 0.020, Time: 6.65
It: 5300, Loss: 2.779e-05, nu: 0.020, Time: 6.69
It: 5400, Loss: 2.737e-05, nu: 0.020, Time: 6.69
It: 5500, Loss: 2.715e-05, nu: 0.020, Time: 6.64
It: 5600, Loss: 2.700e-05, nu: 0.020, Time: 6.64
It: 5700, Loss: 2.696e-05, nu: 0.020, Time: 6.68
It: 5800, Loss: 2.653e-05, nu: 0.020, Time: 6.57
It: 5900, Loss: 2.600e-05, nu: 0.020, Time: 6.59
It: 6000, Loss: 2.680e-05, nu: 0.020, Time: 6.62
It: 6100, Loss: 2.560e-05, nu: 0.020, Time: 6.58
It: 6200, Loss: 2.659e-05, nu: 0.020, Time: 6.64
It: 6300, Loss: 2.575e-05, nu: 0.020, Time: 6.64
It: 6400, Loss: 2.580e-05, nu: 0.020, Time: 6.66
It: 6500, Loss: 2.532e-05, nu: 0.020, Time: 6.61
It: 6600, Loss: 2.488e-05, nu: 0.020, Time: 6.61
It: 6700, Loss: 2.558e-05, nu: 0.020, Time: 6.47
It: 6800, Loss: 2.450e-05, nu: 0.020, Time: 6.51
It: 6900, Loss: 2.576e-05, nu: 0.020, Time: 6.71
It: 7000, Loss: 2.572e-05, nu: 0.020, Time: 6.69
It: 7100, Loss: 2.530e-05, nu: 0.020, Time: 6.64
It: 7200, Loss: 2.417e-05, nu: 0.020, Time: 6.68
It: 7300, Loss: 2.453e-05, nu: 0.020, Time: 6.74
It: 7400, Loss: 2.466e-05, nu: 0.020, Time: 6.58
It: 7500, Loss: 2.451e-05, nu: 0.020, Time: 6.47
It: 7600, Loss: 2.478e-05, nu: 0.020, Time: 6.39
It: 7700, Loss: 2.492e-05, nu: 0.020, Time: 6.32
It: 7800, Loss: 2.484e-05, nu: 0.020, Time: 6.43
It: 7900, Loss: 2.436e-05, nu: 0.020, Time: 6.19
It: 8000, Loss: 2.429e-05, nu: 0.020, Time: 6.68
It: 8100, Loss: 2.433e-05, nu: 0.020, Time: 6.61
It: 8200, Loss: 2.386e-05, nu: 0.020, Time: 6.52
It: 8300, Loss: 2.345e-05, nu: 0.020, Time: 6.36
It: 8400, Loss: 2.417e-05, nu: 0.020, Time: 6.22
It: 8500, Loss: 2.374e-05, nu: 0.020, Time: 6.47
It: 8600, Loss: 2.397e-05, nu: 0.020, Time: 6.36
It: 8700, Loss: 2.378e-05, nu: 0.020, Time: 6.36
It: 8800, Loss: 2.403e-05, nu: 0.020, Time: 6.41
It: 8900, Loss: 2.463e-05, nu: 0.020, Time: 6.43
It: 9000, Loss: 2.411e-05, nu: 0.020, Time: 6.20
It: 9100, Loss: 2.361e-05, nu: 0.020, Time: 6.43
It: 9200, Loss: 2.405e-05, nu: 0.020, Time: 6.39
It: 9300, Loss: 2.338e-05, nu: 0.020, Time: 6.41
It: 9400, Loss: 2.325e-05, nu: 0.020, Time: 6.50
It: 9500, Loss: 2.383e-05, nu: 0.020, Time: 6.34
It: 9600, Loss: 2.403e-05, nu: 0.020, Time: 6.48
It: 9700, Loss: 2.363e-05, nu: 0.020, Time: 6.35
It: 9800, Loss: 2.343e-05, nu: 0.020, Time: 6.36
It: 9900, Loss: 2.426e-05, nu: 0.020, Time: 6.33
It: 10000, Loss: 2.334e-05, nu: 0.020, Time: 6.28
It: 10100, Loss: 2.415e-05, nu: 0.020, Time: 6.31
It: 10200, Loss: 2.346e-05, nu: 0.020, Time: 6.27
It: 10300, Loss: 2.386e-05, nu: 0.020, Time: 6.41
It: 10400, Loss: 2.360e-05, nu: 0.020, Time: 6.34
It: 10500, Loss: 2.337e-05, nu: 0.020, Time: 6.40
It: 10600, Loss: 2.379e-05, nu: 0.020, Time: 6.40
It: 10700, Loss: 2.327e-05, nu: 0.020, Time: 6.28
It: 10800, Loss: 2.301e-05, nu: 0.020, Time: 6.30
It: 10900, Loss: 2.279e-05, nu: 0.020, Time: 6.30
It: 11000, Loss: 2.257e-05, nu: 0.020, Time: 6.34
It: 11100, Loss: 2.299e-05, nu: 0.020, Time: 6.38
It: 11200, Loss: 2.277e-05, nu: 0.020, Time: 6.39
It: 11300, Loss: 2.302e-05, nu: 0.020, Time: 6.26
It: 11400, Loss: 2.279e-05, nu: 0.020, Time: 6.39
It: 11500, Loss: 2.285e-05, nu: 0.020, Time: 6.25
It: 11600, Loss: 2.260e-05, nu: 0.020, Time: 6.31
It: 11700, Loss: 2.351e-05, nu: 0.020, Time: 6.30
It: 11800, Loss: 2.302e-05, nu: 0.020, Time: 6.29
It: 11900, Loss: 2.309e-05, nu: 0.020, Time: 6.26
It: 12000, Loss: 2.247e-05, nu: 0.020, Time: 6.66
It: 12100, Loss: 2.302e-05, nu: 0.020, Time: 6.57
It: 12200, Loss: 2.256e-05, nu: 0.020, Time: 6.54
It: 12300, Loss: 2.371e-05, nu: 0.020, Time: 6.69
It: 12400, Loss: 2.278e-05, nu: 0.020, Time: 6.56
It: 12500, Loss: 2.292e-05, nu: 0.020, Time: 6.55
It: 12600, Loss: 2.355e-05, nu: 0.020, Time: 6.59
It: 12700, Loss: 2.275e-05, nu: 0.020, Time: 6.65
It: 12800, Loss: 2.338e-05, nu: 0.020, Time: 6.66
It: 12900, Loss: 2.309e-05, nu: 0.020, Time: 6.56
It: 13000, Loss: 2.318e-05, nu: 0.020, Time: 6.61
It: 13100, Loss: 2.337e-05, nu: 0.020, Time: 6.61
It: 13200, Loss: 2.285e-05, nu: 0.020, Time: 6.63
It: 13300, Loss: 2.287e-05, nu: 0.020, Time: 6.70
It: 13400, Loss: 2.262e-05, nu: 0.020, Time: 6.54
It: 13500, Loss: 2.276e-05, nu: 0.020, Time: 6.52
It: 13600, Loss: 2.255e-05, nu: 0.020, Time: 6.64
It: 13700, Loss: 2.327e-05, nu: 0.020, Time: 6.62
It: 13800, Loss: 2.299e-05, nu: 0.020, Time: 6.61
It: 13900, Loss: 2.263e-05, nu: 0.020, Time: 6.58
It: 14000, Loss: 2.266e-05, nu: 0.020, Time: 6.65
It: 14100, Loss: 2.278e-05, nu: 0.020, Time: 6.55
It: 14200, Loss: 2.335e-05, nu: 0.020, Time: 6.45
It: 14300, Loss: 2.347e-05, nu: 0.020, Time: 6.32
It: 14400, Loss: 2.297e-05, nu: 0.020, Time: 6.29
It: 14500, Loss: 2.241e-05, nu: 0.020, Time: 6.44
It: 14600, Loss: 2.315e-05, nu: 0.020, Time: 6.38
It: 14700, Loss: 2.258e-05, nu: 0.020, Time: 6.15
It: 14800, Loss: 2.350e-05, nu: 0.020, Time: 6.01
It: 14900, Loss: 2.315e-05, nu: 0.020, Time: 6.38
It: 15000, Loss: 2.272e-05, nu: 0.020, Time: 6.44
It: 15100, Loss: 2.278e-05, nu: 0.020, Time: 6.35
It: 15200, Loss: 2.333e-05, nu: 0.020, Time: 6.49
It: 15300, Loss: 2.258e-05, nu: 0.020, Time: 6.42
It: 15400, Loss: 2.276e-05, nu: 0.020, Time: 6.42
It: 15500, Loss: 2.335e-05, nu: 0.020, Time: 6.35
It: 15600, Loss: 2.283e-05, nu: 0.020, Time: 6.36
It: 15700, Loss: 2.337e-05, nu: 0.020, Time: 5.13
It: 15800, Loss: 2.255e-05, nu: 0.020, Time: 5.16
It: 15900, Loss: 2.339e-05, nu: 0.020, Time: 5.28
It: 16000, Loss: 2.207e-05, nu: 0.020, Time: 6.56
It: 16100, Loss: 2.298e-05, nu: 0.020, Time: 6.60
It: 16200, Loss: 2.285e-05, nu: 0.020, Time: 6.46
It: 16300, Loss: 2.302e-05, nu: 0.020, Time: 6.51
It: 16400, Loss: 2.282e-05, nu: 0.020, Time: 6.52
It: 16500, Loss: 2.279e-05, nu: 0.020, Time: 6.55
It: 16600, Loss: 2.306e-05, nu: 0.020, Time: 6.60
It: 16700, Loss: 2.307e-05, nu: 0.020, Time: 6.63
It: 16800, Loss: 2.272e-05, nu: 0.020, Time: 6.57
It: 16900, Loss: 2.209e-05, nu: 0.020, Time: 6.64
It: 17000, Loss: 2.304e-05, nu: 0.020, Time: 6.66
It: 17100, Loss: 2.257e-05, nu: 0.020, Time: 6.63
It: 17200, Loss: 2.239e-05, nu: 0.020, Time: 6.62
It: 17300, Loss: 2.345e-05, nu: 0.020, Time: 6.60
It: 17400, Loss: 2.250e-05, nu: 0.020, Time: 6.65
It: 17500, Loss: 2.278e-05, nu: 0.020, Time: 6.56
It: 17600, Loss: 2.276e-05, nu: 0.020, Time: 6.68
It: 17700, Loss: 2.251e-05, nu: 0.020, Time: 6.62
It: 17800, Loss: 2.348e-05, nu: 0.020, Time: 6.65
It: 17900, Loss: 2.299e-05, nu: 0.020, Time: 6.66
It: 18000, Loss: 2.283e-05, nu: 0.020, Time: 6.68
It: 18100, Loss: 2.311e-05, nu: 0.020, Time: 6.65
It: 18200, Loss: 2.294e-05, nu: 0.020, Time: 6.66
It: 18300, Loss: 2.308e-05, nu: 0.020, Time: 6.70
It: 18400, Loss: 2.300e-05, nu: 0.020, Time: 6.41
It: 18500, Loss: 2.338e-05, nu: 0.020, Time: 6.27
It: 18600, Loss: 2.286e-05, nu: 0.020, Time: 6.32
It: 18700, Loss: 2.314e-05, nu: 0.020, Time: 6.38
It: 18800, Loss: 2.354e-05, nu: 0.020, Time: 6.23
It: 18900, Loss: 2.284e-05, nu: 0.020, Time: 6.31
It: 19000, Loss: 2.302e-05, nu: 0.020, Time: 6.32
It: 19100, Loss: 2.275e-05, nu: 0.020, Time: 6.27
It: 19200, Loss: 2.316e-05, nu: 0.020, Time: 6.36
It: 19300, Loss: 2.330e-05, nu: 0.020, Time: 6.44
It: 19400, Loss: 2.240e-05, nu: 0.020, Time: 6.22
It: 19500, Loss: 2.223e-05, nu: 0.020, Time: 6.33
It: 19600, Loss: 2.261e-05, nu: 0.020, Time: 6.44
It: 19700, Loss: 2.269e-05, nu: 0.020, Time: 6.37
It: 19800, Loss: 2.263e-05, nu: 0.020, Time: 6.31
It: 19900, Loss: 2.358e-05, nu: 0.020, Time: 6.44
It: 20000, Loss: 2.344e-05, nu: 0.020, Time: 6.40
It: 20100, Loss: 2.313e-05, nu: 0.020, Time: 6.24
It: 20200, Loss: 2.269e-05, nu: 0.020, Time: 6.32
It: 20300, Loss: 2.247e-05, nu: 0.020, Time: 6.22
It: 20400, Loss: 2.290e-05, nu: 0.020, Time: 6.36
It: 20500, Loss: 2.340e-05, nu: 0.020, Time: 6.25
It: 20600, Loss: 2.288e-05, nu: 0.020, Time: 6.35
It: 20700, Loss: 2.326e-05, nu: 0.020, Time: 6.35
It: 20800, Loss: 2.259e-05, nu: 0.020, Time: 6.35
It: 20900, Loss: 2.272e-05, nu: 0.020, Time: 6.30
It: 21000, Loss: 2.301e-05, nu: 0.020, Time: 6.24
It: 21100, Loss: 2.377e-05, nu: 0.020, Time: 6.38
It: 21200, Loss: 2.318e-05, nu: 0.020, Time: 6.19
It: 21300, Loss: 2.239e-05, nu: 0.020, Time: 6.32
It: 21400, Loss: 2.299e-05, nu: 0.020, Time: 6.25
It: 21500, Loss: 2.288e-05, nu: 0.020, Time: 6.40
It: 21600, Loss: 2.203e-05, nu: 0.020, Time: 6.15
It: 21700, Loss: 2.290e-05, nu: 0.020, Time: 6.54
It: 21800, Loss: 2.258e-05, nu: 0.020, Time: 6.47
It: 21900, Loss: 2.321e-05, nu: 0.020, Time: 6.67
It: 22000, Loss: 2.235e-05, nu: 0.020, Time: 6.56
It: 22100, Loss: 2.309e-05, nu: 0.020, Time: 6.60
It: 22200, Loss: 2.275e-05, nu: 0.020, Time: 6.67
It: 22300, Loss: 2.271e-05, nu: 0.020, Time: 6.53
It: 22400, Loss: 2.349e-05, nu: 0.020, Time: 6.62
It: 22500, Loss: 2.316e-05, nu: 0.020, Time: 6.57
It: 22600, Loss: 2.224e-05, nu: 0.020, Time: 6.52
It: 22700, Loss: 2.241e-05, nu: 0.020, Time: 6.52
It: 22800, Loss: 2.315e-05, nu: 0.020, Time: 6.45
It: 22900, Loss: 2.293e-05, nu: 0.020, Time: 6.28
It: 23000, Loss: 2.278e-05, nu: 0.020, Time: 6.28
It: 23100, Loss: 2.309e-05, nu: 0.020, Time: 6.21
It: 23200, Loss: 2.257e-05, nu: 0.020, Time: 6.25
It: 23300, Loss: 2.350e-05, nu: 0.020, Time: 6.27
It: 23400, Loss: 2.273e-05, nu: 0.020, Time: 6.33
It: 23500, Loss: 2.266e-05, nu: 0.020, Time: 6.30
It: 23600, Loss: 2.331e-05, nu: 0.020, Time: 6.21
It: 23700, Loss: 2.299e-05, nu: 0.020, Time: 6.42
It: 23800, Loss: 2.269e-05, nu: 0.020, Time: 6.46
It: 23900, Loss: 2.351e-05, nu: 0.020, Time: 6.41
It: 24000, Loss: 2.279e-05, nu: 0.020, Time: 6.45
It: 24100, Loss: 2.279e-05, nu: 0.020, Time: 6.51
It: 24200, Loss: 2.293e-05, nu: 0.020, Time: 6.27
It: 24300, Loss: 2.234e-05, nu: 0.020, Time: 6.45
It: 24400, Loss: 2.291e-05, nu: 0.020, Time: 6.35
It: 24500, Loss: 2.220e-05, nu: 0.020, Time: 6.34
It: 24600, Loss: 2.297e-05, nu: 0.020, Time: 6.25
It: 24700, Loss: 2.250e-05, nu: 0.020, Time: 6.23
It: 24800, Loss: 2.301e-05, nu: 0.020, Time: 6.36
It: 24900, Loss: 2.354e-05, nu: 0.020, Time: 6.35
It: 25000, Loss: 2.323e-05, nu: 0.020, Time: 6.33
It: 25100, Loss: 2.292e-05, nu: 0.020, Time: 6.32
It: 25200, Loss: 2.192e-05, nu: 0.020, Time: 6.34
It: 25300, Loss: 2.329e-05, nu: 0.020, Time: 6.34
It: 25400, Loss: 2.273e-05, nu: 0.020, Time: 6.47
It: 25500, Loss: 2.284e-05, nu: 0.020, Time: 6.12
It: 25600, Loss: 2.351e-05, nu: 0.020, Time: 5.12
It: 25700, Loss: 2.285e-05, nu: 0.020, Time: 5.54
It: 25800, Loss: 2.289e-05, nu: 0.020, Time: 6.43
It: 25900, Loss: 2.306e-05, nu: 0.020, Time: 6.39
It: 26000, Loss: 2.321e-05, nu: 0.020, Time: 6.46
It: 26100, Loss: 2.285e-05, nu: 0.020, Time: 6.28
It: 26200, Loss: 2.310e-05, nu: 0.020, Time: 6.40
It: 26300, Loss: 2.314e-05, nu: 0.020, Time: 6.24
It: 26400, Loss: 2.281e-05, nu: 0.020, Time: 6.27
It: 26500, Loss: 2.319e-05, nu: 0.020, Time: 6.31
It: 26600, Loss: 2.308e-05, nu: 0.020, Time: 6.41
It: 26700, Loss: 2.277e-05, nu: 0.020, Time: 6.58
It: 26800, Loss: 2.275e-05, nu: 0.020, Time: 6.02
It: 26900, Loss: 2.316e-05, nu: 0.020, Time: 6.12
It: 27000, Loss: 2.335e-05, nu: 0.020, Time: 6.18
It: 27100, Loss: 2.241e-05, nu: 0.020, Time: 6.36
It: 27200, Loss: 2.335e-05, nu: 0.020, Time: 6.41
It: 27300, Loss: 2.309e-05, nu: 0.020, Time: 6.71
It: 27400, Loss: 2.306e-05, nu: 0.020, Time: 6.68
It: 27500, Loss: 2.288e-05, nu: 0.020, Time: 6.69
It: 27600, Loss: 2.384e-05, nu: 0.020, Time: 6.61
It: 27700, Loss: 2.251e-05, nu: 0.020, Time: 6.61
It: 27800, Loss: 2.294e-05, nu: 0.020, Time: 6.65
It: 27900, Loss: 2.213e-05, nu: 0.020, Time: 6.51
It: 28000, Loss: 2.306e-05, nu: 0.020, Time: 6.59
It: 28100, Loss: 2.323e-05, nu: 0.020, Time: 6.44
It: 28200, Loss: 2.241e-05, nu: 0.020, Time: 6.55
It: 28300, Loss: 2.317e-05, nu: 0.020, Time: 6.49
It: 28400, Loss: 2.330e-05, nu: 0.020, Time: 6.49
It: 28500, Loss: 2.300e-05, nu: 0.020, Time: 6.42
It: 28600, Loss: 2.297e-05, nu: 0.020, Time: 6.35
It: 28700, Loss: 2.343e-05, nu: 0.020, Time: 6.29
It: 28800, Loss: 2.378e-05, nu: 0.020, Time: 6.45
It: 28900, Loss: 2.306e-05, nu: 0.020, Time: 6.27
It: 29000, Loss: 2.274e-05, nu: 0.020, Time: 6.50
It: 29100, Loss: 2.348e-05, nu: 0.020, Time: 6.43
It: 29200, Loss: 2.254e-05, nu: 0.020, Time: 6.38
It: 29300, Loss: 2.280e-05, nu: 0.020, Time: 6.45
It: 29400, Loss: 2.369e-05, nu: 0.020, Time: 6.52
It: 29500, Loss: 2.349e-05, nu: 0.020, Time: 6.50
It: 29600, Loss: 2.296e-05, nu: 0.020, Time: 6.29
It: 29700, Loss: 2.257e-05, nu: 0.020, Time: 6.42
It: 29800, Loss: 2.298e-05, nu: 0.020, Time: 6.19
It: 29900, Loss: 2.275e-05, nu: 0.020, Time: 6.42
It: 30000, Loss: 2.282e-05, nu: 0.020, Time: 6.39
It: 30100, Loss: 2.318e-05, nu: 0.020, Time: 6.34
It: 30200, Loss: 2.263e-05, nu: 0.020, Time: 6.24
It: 30300, Loss: 2.267e-05, nu: 0.020, Time: 6.24
It: 30400, Loss: 2.321e-05, nu: 0.020, Time: 6.47
It: 30500, Loss: 2.285e-05, nu: 0.020, Time: 6.45
It: 30600, Loss: 2.265e-05, nu: 0.020, Time: 6.25
It: 30700, Loss: 2.304e-05, nu: 0.020, Time: 6.27
It: 30800, Loss: 2.337e-05, nu: 0.020, Time: 6.43
It: 30900, Loss: 2.275e-05, nu: 0.020, Time: 6.33
It: 31000, Loss: 2.315e-05, nu: 0.020, Time: 6.15
It: 31100, Loss: 2.261e-05, nu: 0.020, Time: 6.12
It: 31200, Loss: 2.253e-05, nu: 0.020, Time: 6.45
It: 31300, Loss: 2.260e-05, nu: 0.020, Time: 6.23
It: 31400, Loss: 2.344e-05, nu: 0.020, Time: 6.24
It: 31500, Loss: 2.333e-05, nu: 0.020, Time: 6.33
It: 31600, Loss: 2.295e-05, nu: 0.020, Time: 6.19
It: 31700, Loss: 2.289e-05, nu: 0.020, Time: 6.15
It: 31800, Loss: 2.307e-05, nu: 0.020, Time: 6.22
It: 31900, Loss: 2.321e-05, nu: 0.020, Time: 5.59
It: 32000, Loss: 2.329e-05, nu: 0.020, Time: 5.17
It: 32100, Loss: 2.273e-05, nu: 0.020, Time: 5.12
It: 32200, Loss: 2.338e-05, nu: 0.020, Time: 5.17
It: 32300, Loss: 2.282e-05, nu: 0.020, Time: 5.10
It: 32400, Loss: 2.296e-05, nu: 0.020, Time: 5.11
It: 32500, Loss: 2.303e-05, nu: 0.020, Time: 5.17
It: 32600, Loss: 2.285e-05, nu: 0.020, Time: 5.19
It: 32700, Loss: 2.261e-05, nu: 0.020, Time: 5.15
It: 32800, Loss: 2.317e-05, nu: 0.020, Time: 5.06
It: 32900, Loss: 2.353e-05, nu: 0.020, Time: 5.15
It: 33000, Loss: 2.259e-05, nu: 0.020, Time: 5.08
It: 33100, Loss: 2.218e-05, nu: 0.020, Time: 5.14
It: 33200, Loss: 2.302e-05, nu: 0.020, Time: 5.15
It: 33300, Loss: 2.266e-05, nu: 0.020, Time: 5.73
It: 33400, Loss: 2.275e-05, nu: 0.020, Time: 6.51
It: 33500, Loss: 2.370e-05, nu: 0.020, Time: 6.39
It: 33600, Loss: 2.276e-05, nu: 0.020, Time: 6.45
It: 33700, Loss: 2.297e-05, nu: 0.020, Time: 6.60
It: 33800, Loss: 2.230e-05, nu: 0.020, Time: 6.46
It: 33900, Loss: 2.269e-05, nu: 0.020, Time: 6.44
It: 34000, Loss: 2.314e-05, nu: 0.020, Time: 6.44
It: 34100, Loss: 2.306e-05, nu: 0.020, Time: 6.41
It: 34200, Loss: 2.347e-05, nu: 0.020, Time: 6.38
It: 34300, Loss: 2.300e-05, nu: 0.020, Time: 6.39
It: 34400, Loss: 2.323e-05, nu: 0.020, Time: 6.49
It: 34500, Loss: 2.293e-05, nu: 0.020, Time: 6.51
It: 34600, Loss: 2.324e-05, nu: 0.020, Time: 6.39
It: 34700, Loss: 2.258e-05, nu: 0.020, Time: 6.42
It: 34800, Loss: 2.300e-05, nu: 0.020, Time: 6.46
It: 34900, Loss: 2.247e-05, nu: 0.020, Time: 6.46
It: 35000, Loss: 2.334e-05, nu: 0.020, Time: 6.47
It: 35100, Loss: 2.298e-05, nu: 0.020, Time: 6.44
It: 35200, Loss: 2.313e-05, nu: 0.020, Time: 6.43
It: 35300, Loss: 2.287e-05, nu: 0.020, Time: 6.34
It: 35400, Loss: 2.321e-05, nu: 0.020, Time: 6.43
It: 35500, Loss: 2.233e-05, nu: 0.020, Time: 6.44
It: 35600, Loss: 2.358e-05, nu: 0.020, Time: 6.54
It: 35700, Loss: 2.283e-05, nu: 0.020, Time: 6.39
It: 35800, Loss: 2.348e-05, nu: 0.020, Time: 6.47
It: 35900, Loss: 2.324e-05, nu: 0.020, Time: 6.39
It: 36000, Loss: 2.284e-05, nu: 0.020, Time: 6.44
It: 36100, Loss: 2.271e-05, nu: 0.020, Time: 6.44
It: 36200, Loss: 2.283e-05, nu: 0.020, Time: 6.48
It: 36300, Loss: 2.320e-05, nu: 0.020, Time: 6.45
It: 36400, Loss: 2.345e-05, nu: 0.020, Time: 6.49
It: 36500, Loss: 2.251e-05, nu: 0.020, Time: 6.50
It: 36600, Loss: 2.235e-05, nu: 0.020, Time: 6.43
It: 36700, Loss: 2.310e-05, nu: 0.020, Time: 6.46
It: 36800, Loss: 2.267e-05, nu: 0.020, Time: 6.40
It: 36900, Loss: 2.328e-05, nu: 0.020, Time: 6.41
It: 37000, Loss: 2.367e-05, nu: 0.020, Time: 6.41
It: 37100, Loss: 2.273e-05, nu: 0.020, Time: 6.40
It: 37200, Loss: 2.284e-05, nu: 0.020, Time: 6.29
It: 37300, Loss: 2.268e-05, nu: 0.020, Time: 6.49
It: 37400, Loss: 2.334e-05, nu: 0.020, Time: 6.35
It: 37500, Loss: 2.307e-05, nu: 0.020, Time: 6.36
It: 37600, Loss: 2.300e-05, nu: 0.020, Time: 6.44
It: 37700, Loss: 2.280e-05, nu: 0.020, Time: 6.34
It: 37800, Loss: 2.267e-05, nu: 0.020, Time: 6.45
It: 37900, Loss: 2.334e-05, nu: 0.020, Time: 6.33
It: 38000, Loss: 2.288e-05, nu: 0.020, Time: 6.57
It: 38100, Loss: 2.327e-05, nu: 0.020, Time: 6.61
It: 38200, Loss: 2.275e-05, nu: 0.020, Time: 6.60
It: 38300, Loss: 2.240e-05, nu: 0.020, Time: 6.55
It: 38400, Loss: 2.264e-05, nu: 0.020, Time: 6.61
It: 38500, Loss: 2.299e-05, nu: 0.020, Time: 6.34
It: 38600, Loss: 2.358e-05, nu: 0.020, Time: 6.37
It: 38700, Loss: 2.259e-05, nu: 0.020, Time: 6.26
It: 38800, Loss: 2.299e-05, nu: 0.020, Time: 6.13
It: 38900, Loss: 2.278e-05, nu: 0.020, Time: 6.12
It: 39000, Loss: 2.301e-05, nu: 0.020, Time: 6.25
It: 39100, Loss: 2.307e-05, nu: 0.020, Time: 6.12
It: 39200, Loss: 2.340e-05, nu: 0.020, Time: 6.16
It: 39300, Loss: 2.288e-05, nu: 0.020, Time: 6.50
It: 39400, Loss: 2.280e-05, nu: 0.020, Time: 6.44
It: 39500, Loss: 2.281e-05, nu: 0.020, Time: 6.51
It: 39600, Loss: 2.311e-05, nu: 0.020, Time: 6.27
It: 39700, Loss: 2.237e-05, nu: 0.020, Time: 6.29
It: 39800, Loss: 2.304e-05, nu: 0.020, Time: 6.51
It: 39900, Loss: 2.285e-05, nu: 0.020, Time: 6.47
It: 40000, Loss: 2.337e-05, nu: 0.020, Time: 6.27
It: 40100, Loss: 2.306e-05, nu: 0.020, Time: 6.26
It: 40200, Loss: 2.237e-05, nu: 0.020, Time: 6.46
It: 40300, Loss: 2.337e-05, nu: 0.020, Time: 6.43
It: 40400, Loss: 2.256e-05, nu: 0.020, Time: 6.52
It: 40500, Loss: 2.231e-05, nu: 0.020, Time: 6.34
It: 40600, Loss: 2.344e-05, nu: 0.020, Time: 6.42
It: 40700, Loss: 2.256e-05, nu: 0.020, Time: 6.40
It: 40800, Loss: 2.299e-05, nu: 0.020, Time: 6.46
It: 40900, Loss: 2.263e-05, nu: 0.020, Time: 6.37
It: 41000, Loss: 2.281e-05, nu: 0.020, Time: 6.48
It: 41100, Loss: 2.273e-05, nu: 0.020, Time: 6.38
It: 41200, Loss: 2.278e-05, nu: 0.020, Time: 6.35
It: 41300, Loss: 2.343e-05, nu: 0.020, Time: 6.35
It: 41400, Loss: 2.332e-05, nu: 0.020, Time: 6.34
It: 41500, Loss: 2.286e-05, nu: 0.020, Time: 6.53
It: 41600, Loss: 2.253e-05, nu: 0.020, Time: 6.37
It: 41700, Loss: 2.266e-05, nu: 0.020, Time: 6.25
It: 41800, Loss: 2.268e-05, nu: 0.020, Time: 6.31
It: 41900, Loss: 2.301e-05, nu: 0.020, Time: 6.21
It: 42000, Loss: 2.269e-05, nu: 0.020, Time: 6.45
It: 42100, Loss: 2.281e-05, nu: 0.020, Time: 6.36
It: 42200, Loss: 2.304e-05, nu: 0.020, Time: 6.44
It: 42300, Loss: 2.285e-05, nu: 0.020, Time: 6.33
It: 42400, Loss: 2.306e-05, nu: 0.020, Time: 6.44
It: 42500, Loss: 2.248e-05, nu: 0.020, Time: 6.43
It: 42600, Loss: 2.284e-05, nu: 0.020, Time: 6.45
It: 42700, Loss: 2.345e-05, nu: 0.020, Time: 6.41
It: 42800, Loss: 2.354e-05, nu: 0.020, Time: 6.45
It: 42900, Loss: 2.277e-05, nu: 0.020, Time: 6.47
It: 43000, Loss: 2.282e-05, nu: 0.020, Time: 6.44
It: 43100, Loss: 2.270e-05, nu: 0.020, Time: 6.43
It: 43200, Loss: 2.323e-05, nu: 0.020, Time: 6.36
It: 43300, Loss: 2.269e-05, nu: 0.020, Time: 6.26
It: 43400, Loss: 2.271e-05, nu: 0.020, Time: 6.32
It: 43500, Loss: 2.279e-05, nu: 0.020, Time: 6.18
It: 43600, Loss: 2.281e-05, nu: 0.020, Time: 6.39
It: 43700, Loss: 2.333e-05, nu: 0.020, Time: 6.34
It: 43800, Loss: 2.272e-05, nu: 0.020, Time: 6.31
It: 43900, Loss: 2.286e-05, nu: 0.020, Time: 6.28
It: 44000, Loss: 2.336e-05, nu: 0.020, Time: 6.30
It: 44100, Loss: 2.321e-05, nu: 0.020, Time: 6.41
It: 44200, Loss: 2.357e-05, nu: 0.020, Time: 6.22
It: 44300, Loss: 2.289e-05, nu: 0.020, Time: 6.35
It: 44400, Loss: 2.294e-05, nu: 0.020, Time: 6.31
It: 44500, Loss: 2.262e-05, nu: 0.020, Time: 6.35
It: 44600, Loss: 2.340e-05, nu: 0.020, Time: 6.31
It: 44700, Loss: 2.251e-05, nu: 0.020, Time: 6.39
It: 44800, Loss: 2.310e-05, nu: 0.020, Time: 6.47
It: 44900, Loss: 2.307e-05, nu: 0.020, Time: 6.51
It: 45000, Loss: 2.273e-05, nu: 0.020, Time: 6.36
It: 45100, Loss: 2.339e-05, nu: 0.020, Time: 6.39
It: 45200, Loss: 2.282e-05, nu: 0.020, Time: 6.57
It: 45300, Loss: 2.344e-05, nu: 0.020, Time: 6.46
It: 45400, Loss: 2.338e-05, nu: 0.020, Time: 6.30
It: 45500, Loss: 2.295e-05, nu: 0.020, Time: 6.32
It: 45600, Loss: 2.289e-05, nu: 0.020, Time: 6.38
It: 45700, Loss: 2.303e-05, nu: 0.020, Time: 6.47
It: 45800, Loss: 2.322e-05, nu: 0.020, Time: 6.33
It: 45900, Loss: 2.278e-05, nu: 0.020, Time: 6.31
It: 46000, Loss: 2.294e-05, nu: 0.020, Time: 6.46
It: 46100, Loss: 2.302e-05, nu: 0.020, Time: 6.60
It: 46200, Loss: 2.361e-05, nu: 0.020, Time: 6.49
It: 46300, Loss: 2.320e-05, nu: 0.020, Time: 6.46
It: 46400, Loss: 2.266e-05, nu: 0.020, Time: 6.58
It: 46500, Loss: 2.262e-05, nu: 0.020, Time: 6.34
It: 46600, Loss: 2.298e-05, nu: 0.020, Time: 6.20
It: 46700, Loss: 2.340e-05, nu: 0.020, Time: 6.28
It: 46800, Loss: 2.291e-05, nu: 0.020, Time: 6.26
It: 46900, Loss: 2.374e-05, nu: 0.020, Time: 6.23
It: 47000, Loss: 2.298e-05, nu: 0.020, Time: 6.28
It: 47100, Loss: 2.299e-05, nu: 0.020, Time: 6.31
It: 47200, Loss: 2.381e-05, nu: 0.020, Time: 6.24
It: 47300, Loss: 2.268e-05, nu: 0.020, Time: 6.27
It: 47400, Loss: 2.286e-05, nu: 0.020, Time: 6.26
It: 47500, Loss: 2.256e-05, nu: 0.020, Time: 6.27
It: 47600, Loss: 2.285e-05, nu: 0.020, Time: 6.28
It: 47700, Loss: 2.267e-05, nu: 0.020, Time: 5.93
It: 47800, Loss: 2.340e-05, nu: 0.020, Time: 5.97
It: 47900, Loss: 2.297e-05, nu: 0.020, Time: 6.05
It: 48000, Loss: 2.358e-05, nu: 0.020, Time: 5.99
It: 48100, Loss: 2.305e-05, nu: 0.020, Time: 5.98
It: 48200, Loss: 2.231e-05, nu: 0.020, Time: 5.99
It: 48300, Loss: 2.280e-05, nu: 0.020, Time: 5.87
It: 48400, Loss: 2.328e-05, nu: 0.020, Time: 5.93
It: 48500, Loss: 2.290e-05, nu: 0.020, Time: 6.51
It: 48600, Loss: 2.292e-05, nu: 0.020, Time: 6.00
It: 48700, Loss: 2.331e-05, nu: 0.020, Time: 5.96
It: 48800, Loss: 2.279e-05, nu: 0.020, Time: 5.95
It: 48900, Loss: 2.314e-05, nu: 0.020, Time: 5.92
It: 49000, Loss: 2.324e-05, nu: 0.020, Time: 5.99
It: 49100, Loss: 2.268e-05, nu: 0.020, Time: 5.98
It: 49200, Loss: 2.356e-05, nu: 0.020, Time: 5.95
It: 49300, Loss: 2.292e-05, nu: 0.020, Time: 6.04
It: 49400, Loss: 2.302e-05, nu: 0.020, Time: 5.98/home/zihan/anaconda3/envs/x/lib/python3.7/site-packages/torch/nn/functional.py:1933: UserWarning: nn.functional.tanh is deprecated. Use torch.tanh instead.
  warnings.warn("nn.functional.tanh is deprecated. Use torch.tanh instead.")

It: 49500, Loss: 2.293e-05, nu: 0.020, Time: 5.90
It: 49600, Loss: 2.298e-05, nu: 0.020, Time: 5.98
It: 49700, Loss: 2.247e-05, nu: 0.020, Time: 6.06
It: 49800, Loss: 2.239e-05, nu: 0.020, Time: 6.03
It: 49900, Loss: 2.355e-05, nu: 0.020, Time: 6.03
Error u: 4.894854e-01
Error nu: 0.00000%
