It: 0, Loss: 2.677e-01, nu: 0.020, Time: 0.07
It: 100, Loss: 6.523e-02, nu: 0.020, Time: 6.28
It: 200, Loss: 5.798e-02, nu: 0.020, Time: 6.28
It: 300, Loss: 4.811e-02, nu: 0.020, Time: 6.29
It: 400, Loss: 2.134e-03, nu: 0.020, Time: 6.33
It: 500, Loss: 5.317e-04, nu: 0.020, Time: 6.19
It: 600, Loss: 2.725e-04, nu: 0.020, Time: 6.18
It: 700, Loss: 1.778e-04, nu: 0.020, Time: 6.26
It: 800, Loss: 2.380e-04, nu: 0.020, Time: 6.14
It: 900, Loss: 1.089e-04, nu: 0.020, Time: 6.17
It: 1000, Loss: 2.372e-04, nu: 0.020, Time: 6.02
It: 1100, Loss: 8.294e-05, nu: 0.020, Time: 6.20
It: 1200, Loss: 8.327e-05, nu: 0.020, Time: 6.16
It: 1300, Loss: 6.995e-05, nu: 0.020, Time: 6.27
It: 1400, Loss: 6.672e-05, nu: 0.020, Time: 6.16
It: 1500, Loss: 6.412e-05, nu: 0.020, Time: 6.15
It: 1600, Loss: 5.818e-05, nu: 0.020, Time: 6.12
It: 1700, Loss: 5.504e-05, nu: 0.020, Time: 6.26
It: 1800, Loss: 5.168e-05, nu: 0.020, Time: 6.28
It: 1900, Loss: 4.644e-05, nu: 0.020, Time: 6.25
It: 2000, Loss: 4.471e-05, nu: 0.020, Time: 6.24
It: 2100, Loss: 4.281e-05, nu: 0.020, Time: 6.43
It: 2200, Loss: 4.112e-05, nu: 0.020, Time: 6.35
It: 2300, Loss: 4.040e-05, nu: 0.020, Time: 6.38
It: 2400, Loss: 3.933e-05, nu: 0.020, Time: 6.42
It: 2500, Loss: 3.749e-05, nu: 0.020, Time: 6.45
It: 2600, Loss: 3.625e-05, nu: 0.020, Time: 6.35
It: 2700, Loss: 3.479e-05, nu: 0.020, Time: 6.33
It: 2800, Loss: 3.379e-05, nu: 0.020, Time: 6.38
It: 2900, Loss: 3.278e-05, nu: 0.020, Time: 6.40
It: 3000, Loss: 3.186e-05, nu: 0.020, Time: 6.40
It: 3100, Loss: 3.078e-05, nu: 0.020, Time: 6.29
It: 3200, Loss: 2.969e-05, nu: 0.020, Time: 6.37
It: 3300, Loss: 3.010e-05, nu: 0.020, Time: 6.37
It: 3400, Loss: 2.922e-05, nu: 0.020, Time: 6.46
It: 3500, Loss: 2.850e-05, nu: 0.020, Time: 6.25
It: 3600, Loss: 2.779e-05, nu: 0.020, Time: 6.20
It: 3700, Loss: 2.718e-05, nu: 0.020, Time: 6.34
It: 3800, Loss: 2.710e-05, nu: 0.020, Time: 6.27
It: 3900, Loss: 2.640e-05, nu: 0.020, Time: 6.30
It: 4000, Loss: 2.553e-05, nu: 0.020, Time: 6.28
It: 4100, Loss: 2.468e-05, nu: 0.020, Time: 6.28
It: 4200, Loss: 2.540e-05, nu: 0.020, Time: 6.17
It: 4300, Loss: 2.503e-05, nu: 0.020, Time: 6.35
It: 4400, Loss: 2.440e-05, nu: 0.020, Time: 6.29
It: 4500, Loss: 2.439e-05, nu: 0.020, Time: 6.32
It: 4600, Loss: 2.449e-05, nu: 0.020, Time: 6.22
It: 4700, Loss: 2.488e-05, nu: 0.020, Time: 6.20
It: 4800, Loss: 2.365e-05, nu: 0.020, Time: 6.09
It: 4900, Loss: 2.338e-05, nu: 0.020, Time: 6.31
It: 5000, Loss: 2.216e-05, nu: 0.020, Time: 6.23
It: 5100, Loss: 2.257e-05, nu: 0.020, Time: 6.24
It: 5200, Loss: 2.300e-05, nu: 0.020, Time: 6.19
It: 5300, Loss: 2.282e-05, nu: 0.020, Time: 6.27
It: 5400, Loss: 2.256e-05, nu: 0.020, Time: 6.19
It: 5500, Loss: 2.235e-05, nu: 0.020, Time: 6.19
It: 5600, Loss: 2.208e-05, nu: 0.020, Time: 6.19
It: 5700, Loss: 2.215e-05, nu: 0.020, Time: 6.36
It: 5800, Loss: 2.173e-05, nu: 0.020, Time: 6.25
It: 5900, Loss: 2.123e-05, nu: 0.020, Time: 6.22
It: 6000, Loss: 2.199e-05, nu: 0.020, Time: 6.14
It: 6100, Loss: 2.091e-05, nu: 0.020, Time: 6.25
It: 6200, Loss: 2.183e-05, nu: 0.020, Time: 6.31
It: 6300, Loss: 2.108e-05, nu: 0.020, Time: 6.15
It: 6400, Loss: 2.119e-05, nu: 0.020, Time: 6.29
It: 6500, Loss: 2.063e-05, nu: 0.020, Time: 6.16
It: 6600, Loss: 2.035e-05, nu: 0.020, Time: 6.18
It: 6700, Loss: 2.092e-05, nu: 0.020, Time: 6.24
It: 6800, Loss: 1.995e-05, nu: 0.020, Time: 6.23
It: 6900, Loss: 2.109e-05, nu: 0.020, Time: 6.28
It: 7000, Loss: 2.104e-05, nu: 0.020, Time: 6.27
It: 7100, Loss: 2.063e-05, nu: 0.020, Time: 6.11
It: 7200, Loss: 1.969e-05, nu: 0.020, Time: 6.10
It: 7300, Loss: 2.013e-05, nu: 0.020, Time: 6.22
It: 7400, Loss: 2.012e-05, nu: 0.020, Time: 6.22
It: 7500, Loss: 1.998e-05, nu: 0.020, Time: 6.20
It: 7600, Loss: 2.018e-05, nu: 0.020, Time: 6.07
It: 7700, Loss: 2.041e-05, nu: 0.020, Time: 6.19
It: 7800, Loss: 2.027e-05, nu: 0.020, Time: 6.28
It: 7900, Loss: 1.985e-05, nu: 0.020, Time: 6.22
It: 8000, Loss: 1.976e-05, nu: 0.020, Time: 6.15
It: 8100, Loss: 1.987e-05, nu: 0.020, Time: 6.21
It: 8200, Loss: 1.940e-05, nu: 0.020, Time: 6.24
It: 8300, Loss: 1.914e-05, nu: 0.020, Time: 6.31
It: 8400, Loss: 1.982e-05, nu: 0.020, Time: 6.16
It: 8500, Loss: 1.925e-05, nu: 0.020, Time: 6.13
It: 8600, Loss: 1.952e-05, nu: 0.020, Time: 6.28
It: 8700, Loss: 1.937e-05, nu: 0.020, Time: 6.31
It: 8800, Loss: 1.954e-05, nu: 0.020, Time: 6.32
It: 8900, Loss: 2.013e-05, nu: 0.020, Time: 6.42
It: 9000, Loss: 1.963e-05, nu: 0.020, Time: 6.19
It: 9100, Loss: 1.929e-05, nu: 0.020, Time: 6.43
It: 9200, Loss: 1.958e-05, nu: 0.020, Time: 6.39
It: 9300, Loss: 1.895e-05, nu: 0.020, Time: 6.25
It: 9400, Loss: 1.894e-05, nu: 0.020, Time: 6.33
It: 9500, Loss: 1.950e-05, nu: 0.020, Time: 6.24
It: 9600, Loss: 1.969e-05, nu: 0.020, Time: 6.18
It: 9700, Loss: 1.925e-05, nu: 0.020, Time: 6.26
It: 9800, Loss: 1.910e-05, nu: 0.020, Time: 6.34
It: 9900, Loss: 1.976e-05, nu: 0.020, Time: 6.37
It: 10000, Loss: 1.897e-05, nu: 0.020, Time: 6.35
It: 10100, Loss: 1.974e-05, nu: 0.020, Time: 6.21
It: 10200, Loss: 1.915e-05, nu: 0.020, Time: 6.35
It: 10300, Loss: 1.942e-05, nu: 0.020, Time: 6.21
It: 10400, Loss: 1.916e-05, nu: 0.020, Time: 5.81
It: 10500, Loss: 1.896e-05, nu: 0.020, Time: 5.84
It: 10600, Loss: 1.948e-05, nu: 0.020, Time: 5.80
It: 10700, Loss: 1.895e-05, nu: 0.020, Time: 5.69
It: 10800, Loss: 1.872e-05, nu: 0.020, Time: 5.76
It: 10900, Loss: 1.856e-05, nu: 0.020, Time: 5.81
It: 11000, Loss: 1.839e-05, nu: 0.020, Time: 5.84
It: 11100, Loss: 1.861e-05, nu: 0.020, Time: 5.85
It: 11200, Loss: 1.853e-05, nu: 0.020, Time: 5.71
It: 11300, Loss: 1.878e-05, nu: 0.020, Time: 5.66
It: 11400, Loss: 1.853e-05, nu: 0.020, Time: 5.73
It: 11500, Loss: 1.861e-05, nu: 0.020, Time: 5.86
It: 11600, Loss: 1.831e-05, nu: 0.020, Time: 5.74
It: 11700, Loss: 1.920e-05, nu: 0.020, Time: 5.74
It: 11800, Loss: 1.871e-05, nu: 0.020, Time: 5.79
It: 11900, Loss: 1.870e-05, nu: 0.020, Time: 5.79
It: 12000, Loss: 1.830e-05, nu: 0.020, Time: 5.74
It: 12100, Loss: 1.879e-05, nu: 0.020, Time: 5.65
It: 12200, Loss: 1.831e-05, nu: 0.020, Time: 5.69
It: 12300, Loss: 1.931e-05, nu: 0.020, Time: 5.76
It: 12400, Loss: 1.850e-05, nu: 0.020, Time: 5.92
It: 12500, Loss: 1.867e-05, nu: 0.020, Time: 5.73
It: 12600, Loss: 1.923e-05, nu: 0.020, Time: 5.75
It: 12700, Loss: 1.850e-05, nu: 0.020, Time: 6.10
It: 12800, Loss: 1.892e-05, nu: 0.020, Time: 5.85
It: 12900, Loss: 1.877e-05, nu: 0.020, Time: 6.24
It: 13000, Loss: 1.883e-05, nu: 0.020, Time: 6.30
It: 13100, Loss: 1.905e-05, nu: 0.020, Time: 6.23
It: 13200, Loss: 1.850e-05, nu: 0.020, Time: 6.22
It: 13300, Loss: 1.857e-05, nu: 0.020, Time: 6.41
It: 13400, Loss: 1.834e-05, nu: 0.020, Time: 6.39
It: 13500, Loss: 1.852e-05, nu: 0.020, Time: 7.01
It: 13600, Loss: 1.842e-05, nu: 0.020, Time: 6.81
It: 13700, Loss: 1.895e-05, nu: 0.020, Time: 6.33
It: 13800, Loss: 1.878e-05, nu: 0.020, Time: 7.10
It: 13900, Loss: 1.839e-05, nu: 0.020, Time: 7.19
It: 14000, Loss: 1.843e-05, nu: 0.020, Time: 7.20
It: 14100, Loss: 1.850e-05, nu: 0.020, Time: 7.09
It: 14200, Loss: 1.900e-05, nu: 0.020, Time: 6.84
It: 14300, Loss: 1.910e-05, nu: 0.020, Time: 7.66
It: 14400, Loss: 1.860e-05, nu: 0.020, Time: 7.36
It: 14500, Loss: 1.817e-05, nu: 0.020, Time: 6.68
It: 14600, Loss: 1.886e-05, nu: 0.020, Time: 6.84
It: 14700, Loss: 1.836e-05, nu: 0.020, Time: 6.90
It: 14800, Loss: 1.914e-05, nu: 0.020, Time: 6.54
It: 14900, Loss: 1.885e-05, nu: 0.020, Time: 6.29
It: 15000, Loss: 1.842e-05, nu: 0.020, Time: 6.29
It: 15100, Loss: 1.852e-05, nu: 0.020, Time: 6.30
It: 15200, Loss: 1.903e-05, nu: 0.020, Time: 6.48
It: 15300, Loss: 1.842e-05, nu: 0.020, Time: 6.88
It: 15400, Loss: 1.854e-05, nu: 0.020, Time: 6.95
It: 15500, Loss: 1.907e-05, nu: 0.020, Time: 5.76
It: 15600, Loss: 1.852e-05, nu: 0.020, Time: 6.84
It: 15700, Loss: 1.901e-05, nu: 0.020, Time: 7.39
It: 15800, Loss: 1.836e-05, nu: 0.020, Time: 7.38
It: 15900, Loss: 1.906e-05, nu: 0.020, Time: 7.46
It: 16000, Loss: 1.791e-05, nu: 0.020, Time: 7.56
It: 16100, Loss: 1.873e-05, nu: 0.020, Time: 7.53
It: 16200, Loss: 1.861e-05, nu: 0.020, Time: 7.32
It: 16300, Loss: 1.879e-05, nu: 0.020, Time: 6.80
It: 16400, Loss: 1.855e-05, nu: 0.020, Time: 5.71
It: 16500, Loss: 1.853e-05, nu: 0.020, Time: 5.68
It: 16600, Loss: 1.877e-05, nu: 0.020, Time: 5.75
It: 16700, Loss: 1.869e-05, nu: 0.020, Time: 5.70
It: 16800, Loss: 1.840e-05, nu: 0.020, Time: 5.71
It: 16900, Loss: 1.796e-05, nu: 0.020, Time: 5.73
It: 17000, Loss: 1.874e-05, nu: 0.020, Time: 5.70
It: 17100, Loss: 1.839e-05, nu: 0.020, Time: 5.78
It: 17200, Loss: 1.820e-05, nu: 0.020, Time: 5.79
It: 17300, Loss: 1.907e-05, nu: 0.020, Time: 5.70
It: 17400, Loss: 1.830e-05, nu: 0.020, Time: 5.76
It: 17500, Loss: 1.844e-05, nu: 0.020, Time: 5.70
It: 17600, Loss: 1.845e-05, nu: 0.020, Time: 5.79
It: 17700, Loss: 1.834e-05, nu: 0.020, Time: 5.73
It: 17800, Loss: 1.915e-05, nu: 0.020, Time: 6.83
It: 17900, Loss: 1.872e-05, nu: 0.020, Time: 7.41
It: 18000, Loss: 1.857e-05, nu: 0.020, Time: 7.41
It: 18100, Loss: 1.884e-05, nu: 0.020, Time: 7.44
It: 18200, Loss: 1.870e-05, nu: 0.020, Time: 7.38
It: 18300, Loss: 1.881e-05, nu: 0.020, Time: 7.34
It: 18400, Loss: 1.882e-05, nu: 0.020, Time: 7.27
It: 18500, Loss: 1.906e-05, nu: 0.020, Time: 7.50
It: 18600, Loss: 1.846e-05, nu: 0.020, Time: 7.27
It: 18700, Loss: 1.888e-05, nu: 0.020, Time: 7.24
It: 18800, Loss: 1.922e-05, nu: 0.020, Time: 7.29
It: 18900, Loss: 1.865e-05, nu: 0.020, Time: 7.35
It: 19000, Loss: 1.880e-05, nu: 0.020, Time: 7.32
It: 19100, Loss: 1.849e-05, nu: 0.020, Time: 7.38
It: 19200, Loss: 1.882e-05, nu: 0.020, Time: 7.36
It: 19300, Loss: 1.896e-05, nu: 0.020, Time: 7.36
It: 19400, Loss: 1.821e-05, nu: 0.020, Time: 7.20
It: 19500, Loss: 1.808e-05, nu: 0.020, Time: 7.26
It: 19600, Loss: 1.839e-05, nu: 0.020, Time: 7.17
It: 19700, Loss: 1.847e-05, nu: 0.020, Time: 6.84
It: 19800, Loss: 1.845e-05, nu: 0.020, Time: 6.46
It: 19900, Loss: 1.917e-05, nu: 0.020, Time: 6.50
It: 20000, Loss: 1.910e-05, nu: 0.020, Time: 7.28
It: 20100, Loss: 1.875e-05, nu: 0.020, Time: 7.28
It: 20200, Loss: 1.848e-05, nu: 0.020, Time: 7.30
It: 20300, Loss: 1.828e-05, nu: 0.020, Time: 7.46
It: 20400, Loss: 1.861e-05, nu: 0.020, Time: 7.53
It: 20500, Loss: 1.899e-05, nu: 0.020, Time: 7.47
It: 20600, Loss: 1.864e-05, nu: 0.020, Time: 7.21
It: 20700, Loss: 1.889e-05, nu: 0.020, Time: 7.31
It: 20800, Loss: 1.844e-05, nu: 0.020, Time: 7.32
It: 20900, Loss: 1.849e-05, nu: 0.020, Time: 7.27
It: 21000, Loss: 1.870e-05, nu: 0.020, Time: 7.43
It: 21100, Loss: 1.942e-05, nu: 0.020, Time: 7.29
It: 21200, Loss: 1.887e-05, nu: 0.020, Time: 7.33
It: 21300, Loss: 1.820e-05, nu: 0.020, Time: 6.02
It: 21400, Loss: 1.872e-05, nu: 0.020, Time: 6.16
It: 21500, Loss: 1.864e-05, nu: 0.020, Time: 6.17
It: 21600, Loss: 1.793e-05, nu: 0.020, Time: 6.19
It: 21700, Loss: 1.862e-05, nu: 0.020, Time: 6.47
It: 21800, Loss: 1.842e-05, nu: 0.020, Time: 7.33
It: 21900, Loss: 1.892e-05, nu: 0.020, Time: 7.27
It: 22000, Loss: 1.813e-05, nu: 0.020, Time: 6.36
It: 22100, Loss: 1.885e-05, nu: 0.020, Time: 5.99
It: 22200, Loss: 1.841e-05, nu: 0.020, Time: 6.67
It: 22300, Loss: 1.841e-05, nu: 0.020, Time: 7.39
It: 22400, Loss: 1.910e-05, nu: 0.020, Time: 7.45
It: 22500, Loss: 1.884e-05, nu: 0.020, Time: 6.39
It: 22600, Loss: 1.803e-05, nu: 0.020, Time: 5.44
It: 22700, Loss: 1.819e-05, nu: 0.020, Time: 5.42
It: 22800, Loss: 1.889e-05, nu: 0.020, Time: 5.37
It: 22900, Loss: 1.862e-05, nu: 0.020, Time: 5.43
It: 23000, Loss: 1.848e-05, nu: 0.020, Time: 5.33
It: 23100, Loss: 1.881e-05, nu: 0.020, Time: 5.37
It: 23200, Loss: 1.840e-05, nu: 0.020, Time: 5.26
It: 23300, Loss: 1.911e-05, nu: 0.020, Time: 5.50
It: 23400, Loss: 1.852e-05, nu: 0.020, Time: 7.31
It: 23500, Loss: 1.841e-05, nu: 0.020, Time: 7.30
It: 23600, Loss: 1.895e-05, nu: 0.020, Time: 7.16
It: 23700, Loss: 1.874e-05, nu: 0.020, Time: 7.22
It: 23800, Loss: 1.839e-05, nu: 0.020, Time: 7.24
It: 23900, Loss: 1.909e-05, nu: 0.020, Time: 7.19
It: 24000, Loss: 1.859e-05, nu: 0.020, Time: 7.30
It: 24100, Loss: 1.856e-05, nu: 0.020, Time: 7.75
It: 24200, Loss: 1.860e-05, nu: 0.020, Time: 7.69
It: 24300, Loss: 1.814e-05, nu: 0.020, Time: 6.90
It: 24400, Loss: 1.862e-05, nu: 0.020, Time: 7.12
It: 24500, Loss: 1.803e-05, nu: 0.020, Time: 7.37
It: 24600, Loss: 1.871e-05, nu: 0.020, Time: 7.45
It: 24700, Loss: 1.832e-05, nu: 0.020, Time: 7.41
It: 24800, Loss: 1.866e-05, nu: 0.020, Time: 7.66
It: 24900, Loss: 1.924e-05, nu: 0.020, Time: 7.90
It: 25000, Loss: 1.895e-05, nu: 0.020, Time: 7.89
It: 25100, Loss: 1.871e-05, nu: 0.020, Time: 7.84
It: 25200, Loss: 1.777e-05, nu: 0.020, Time: 7.88
It: 25300, Loss: 1.890e-05, nu: 0.020, Time: 7.87
It: 25400, Loss: 1.855e-05, nu: 0.020, Time: 7.88
It: 25500, Loss: 1.847e-05, nu: 0.020, Time: 7.59
It: 25600, Loss: 1.913e-05, nu: 0.020, Time: 7.43
It: 25700, Loss: 1.855e-05, nu: 0.020, Time: 7.04
It: 25800, Loss: 1.864e-05, nu: 0.020, Time: 7.50
It: 25900, Loss: 1.878e-05, nu: 0.020, Time: 7.52
It: 26000, Loss: 1.885e-05, nu: 0.020, Time: 7.56
It: 26100, Loss: 1.861e-05, nu: 0.020, Time: 7.37
It: 26200, Loss: 1.877e-05, nu: 0.020, Time: 7.25
It: 26300, Loss: 1.884e-05, nu: 0.020, Time: 6.38
It: 26400, Loss: 1.856e-05, nu: 0.020, Time: 7.68
It: 26500, Loss: 1.884e-05, nu: 0.020, Time: 7.99
It: 26600, Loss: 1.881e-05, nu: 0.020, Time: 7.13
It: 26700, Loss: 1.858e-05, nu: 0.020, Time: 7.45
It: 26800, Loss: 1.863e-05, nu: 0.020, Time: 7.43
It: 26900, Loss: 1.889e-05, nu: 0.020, Time: 7.56
It: 27000, Loss: 1.900e-05, nu: 0.020, Time: 7.49
It: 27100, Loss: 1.822e-05, nu: 0.020, Time: 7.50
It: 27200, Loss: 1.902e-05, nu: 0.020, Time: 7.16
It: 27300, Loss: 1.874e-05, nu: 0.020, Time: 7.30
It: 27400, Loss: 1.880e-05, nu: 0.020, Time: 7.23
It: 27500, Loss: 1.860e-05, nu: 0.020, Time: 7.26
It: 27600, Loss: 1.942e-05, nu: 0.020, Time: 7.31
It: 27700, Loss: 1.826e-05, nu: 0.020, Time: 7.20
It: 27800, Loss: 1.858e-05, nu: 0.020, Time: 7.24
It: 27900, Loss: 1.801e-05, nu: 0.020, Time: 6.93
It: 28000, Loss: 1.881e-05, nu: 0.020, Time: 6.56
It: 28100, Loss: 1.890e-05, nu: 0.020, Time: 6.94
It: 28200, Loss: 1.827e-05, nu: 0.020, Time: 7.01
It: 28300, Loss: 1.877e-05, nu: 0.020, Time: 7.07
It: 28400, Loss: 1.898e-05, nu: 0.020, Time: 7.15
It: 28500, Loss: 1.876e-05, nu: 0.020, Time: 7.26
It: 28600, Loss: 1.869e-05, nu: 0.020, Time: 6.71
It: 28700, Loss: 1.909e-05, nu: 0.020, Time: 6.92
It: 28800, Loss: 1.937e-05, nu: 0.020, Time: 7.06
It: 28900, Loss: 1.874e-05, nu: 0.020, Time: 7.57
It: 29000, Loss: 1.852e-05, nu: 0.020, Time: 7.43
It: 29100, Loss: 1.908e-05, nu: 0.020, Time: 7.28
It: 29200, Loss: 1.829e-05, nu: 0.020, Time: 6.96
It: 29300, Loss: 1.852e-05, nu: 0.020, Time: 6.80
It: 29400, Loss: 1.936e-05, nu: 0.020, Time: 6.36
It: 29500, Loss: 1.913e-05, nu: 0.020, Time: 5.89
It: 29600, Loss: 1.869e-05, nu: 0.020, Time: 6.05
It: 29700, Loss: 1.829e-05, nu: 0.020, Time: 7.24
It: 29800, Loss: 1.868e-05, nu: 0.020, Time: 7.45
It: 29900, Loss: 1.852e-05, nu: 0.020, Time: 6.83
It: 30000, Loss: 1.853e-05, nu: 0.020, Time: 6.91
It: 30100, Loss: 1.885e-05, nu: 0.020, Time: 6.70
It: 30200, Loss: 1.846e-05, nu: 0.020, Time: 6.72
It: 30300, Loss: 1.841e-05, nu: 0.020, Time: 6.65
It: 30400, Loss: 1.885e-05, nu: 0.020, Time: 6.84
It: 30500, Loss: 1.853e-05, nu: 0.020, Time: 7.38
It: 30600, Loss: 1.843e-05, nu: 0.020, Time: 7.37
It: 30700, Loss: 1.877e-05, nu: 0.020, Time: 7.10
It: 30800, Loss: 1.905e-05, nu: 0.020, Time: 7.14
It: 30900, Loss: 1.858e-05, nu: 0.020, Time: 7.35
It: 31000, Loss: 1.882e-05, nu: 0.020, Time: 7.31
It: 31100, Loss: 1.833e-05, nu: 0.020, Time: 7.21
It: 31200, Loss: 1.836e-05, nu: 0.020, Time: 7.08
It: 31300, Loss: 1.839e-05, nu: 0.020, Time: 7.48
It: 31400, Loss: 1.902e-05, nu: 0.020, Time: 7.11
It: 31500, Loss: 1.906e-05, nu: 0.020, Time: 7.32
It: 31600, Loss: 1.866e-05, nu: 0.020, Time: 7.36
It: 31700, Loss: 1.858e-05, nu: 0.020, Time: 7.13
It: 31800, Loss: 1.869e-05, nu: 0.020, Time: 5.34
It: 31900, Loss: 1.897e-05, nu: 0.020, Time: 6.26
It: 32000, Loss: 1.898e-05, nu: 0.020, Time: 7.10
It: 32100, Loss: 1.845e-05, nu: 0.020, Time: 7.24
It: 32200, Loss: 1.907e-05, nu: 0.020, Time: 7.40
It: 32300, Loss: 1.855e-05, nu: 0.020, Time: 7.45
It: 32400, Loss: 1.871e-05, nu: 0.020, Time: 6.97
It: 32500, Loss: 1.879e-05, nu: 0.020, Time: 7.20
It: 32600, Loss: 1.864e-05, nu: 0.020, Time: 7.32
It: 32700, Loss: 1.838e-05, nu: 0.020, Time: 7.24
It: 32800, Loss: 1.890e-05, nu: 0.020, Time: 7.36
It: 32900, Loss: 1.921e-05, nu: 0.020, Time: 7.32
It: 33000, Loss: 1.830e-05, nu: 0.020, Time: 7.01
It: 33100, Loss: 1.796e-05, nu: 0.020, Time: 7.79
It: 33200, Loss: 1.874e-05, nu: 0.020, Time: 7.78
It: 33300, Loss: 1.842e-05, nu: 0.020, Time: 7.68
It: 33400, Loss: 1.846e-05, nu: 0.020, Time: 7.05
It: 33500, Loss: 1.927e-05, nu: 0.020, Time: 6.93
It: 33600, Loss: 1.855e-05, nu: 0.020, Time: 6.94
It: 33700, Loss: 1.874e-05, nu: 0.020, Time: 7.37
It: 33800, Loss: 1.806e-05, nu: 0.020, Time: 7.38
It: 33900, Loss: 1.841e-05, nu: 0.020, Time: 6.88
It: 34000, Loss: 1.881e-05, nu: 0.020, Time: 6.51
It: 34100, Loss: 1.879e-05, nu: 0.020, Time: 6.50
It: 34200, Loss: 1.917e-05, nu: 0.020, Time: 6.38
It: 34300, Loss: 1.878e-05, nu: 0.020, Time: 6.40
It: 34400, Loss: 1.888e-05, nu: 0.020, Time: 6.50
It: 34500, Loss: 1.862e-05, nu: 0.020, Time: 6.57
It: 34600, Loss: 1.888e-05, nu: 0.020, Time: 6.73
It: 34700, Loss: 1.827e-05, nu: 0.020, Time: 7.22
It: 34800, Loss: 1.871e-05, nu: 0.020, Time: 7.32
It: 34900, Loss: 1.822e-05, nu: 0.020, Time: 7.31
It: 35000, Loss: 1.904e-05, nu: 0.020, Time: 7.09
It: 35100, Loss: 1.868e-05, nu: 0.020, Time: 6.89
It: 35200, Loss: 1.881e-05, nu: 0.020, Time: 7.09
It: 35300, Loss: 1.861e-05, nu: 0.020, Time: 7.05
It: 35400, Loss: 1.902e-05, nu: 0.020, Time: 7.37
It: 35500, Loss: 1.818e-05, nu: 0.020, Time: 7.21
It: 35600, Loss: 1.919e-05, nu: 0.020, Time: 7.08
It: 35700, Loss: 1.857e-05, nu: 0.020, Time: 6.57
It: 35800, Loss: 1.903e-05, nu: 0.020, Time: 6.68
It: 35900, Loss: 1.889e-05, nu: 0.020, Time: 6.32
It: 36000, Loss: 1.858e-05, nu: 0.020, Time: 6.74
It: 36100, Loss: 1.849e-05, nu: 0.020, Time: 6.88
It: 36200, Loss: 1.849e-05, nu: 0.020, Time: 6.55
It: 36300, Loss: 1.888e-05, nu: 0.020, Time: 6.81
It: 36400, Loss: 1.902e-05, nu: 0.020, Time: 7.23
It: 36500, Loss: 1.830e-05, nu: 0.020, Time: 7.29
It: 36600, Loss: 1.819e-05, nu: 0.020, Time: 7.20
It: 36700, Loss: 1.883e-05, nu: 0.020, Time: 6.59
It: 36800, Loss: 1.836e-05, nu: 0.020, Time: 7.15
It: 36900, Loss: 1.895e-05, nu: 0.020, Time: 7.31
It: 37000, Loss: 1.918e-05, nu: 0.020, Time: 6.28
It: 37100, Loss: 1.853e-05, nu: 0.020, Time: 6.16
It: 37200, Loss: 1.857e-05, nu: 0.020, Time: 6.73
It: 37300, Loss: 1.841e-05, nu: 0.020, Time: 6.56
It: 37400, Loss: 1.896e-05, nu: 0.020, Time: 6.43
It: 37500, Loss: 1.875e-05, nu: 0.020, Time: 7.07
It: 37600, Loss: 1.882e-05, nu: 0.020, Time: 6.55
It: 37700, Loss: 1.858e-05, nu: 0.020, Time: 6.49
It: 37800, Loss: 1.841e-05, nu: 0.020, Time: 6.39
It: 37900, Loss: 1.895e-05, nu: 0.020, Time: 6.38
It: 38000, Loss: 1.858e-05, nu: 0.020, Time: 6.39
It: 38100, Loss: 1.892e-05, nu: 0.020, Time: 6.42
It: 38200, Loss: 1.856e-05, nu: 0.020, Time: 6.46
It: 38300, Loss: 1.818e-05, nu: 0.020, Time: 6.54
It: 38400, Loss: 1.835e-05, nu: 0.020, Time: 6.46
It: 38500, Loss: 1.874e-05, nu: 0.020, Time: 7.48
It: 38600, Loss: 1.923e-05, nu: 0.020, Time: 7.16
It: 38700, Loss: 1.839e-05, nu: 0.020, Time: 5.41
It: 38800, Loss: 1.871e-05, nu: 0.020, Time: 6.98
It: 38900, Loss: 1.861e-05, nu: 0.020, Time: 7.38
It: 39000, Loss: 1.875e-05, nu: 0.020, Time: 7.30
It: 39100, Loss: 1.882e-05, nu: 0.020, Time: 7.04
It: 39200, Loss: 1.910e-05, nu: 0.020, Time: 7.46
It: 39300, Loss: 1.854e-05, nu: 0.020, Time: 7.34
It: 39400, Loss: 1.853e-05, nu: 0.020, Time: 7.41
It: 39500, Loss: 1.852e-05, nu: 0.020, Time: 7.47
It: 39600, Loss: 1.887e-05, nu: 0.020, Time: 7.47
It: 39700, Loss: 1.815e-05, nu: 0.020, Time: 7.39
It: 39800, Loss: 1.881e-05, nu: 0.020, Time: 7.51
It: 39900, Loss: 1.848e-05, nu: 0.020, Time: 7.49
It: 40000, Loss: 1.902e-05, nu: 0.020, Time: 7.45
It: 40100, Loss: 1.876e-05, nu: 0.020, Time: 7.22
It: 40200, Loss: 1.812e-05, nu: 0.020, Time: 7.42
It: 40300, Loss: 1.903e-05, nu: 0.020, Time: 7.43
It: 40400, Loss: 1.825e-05, nu: 0.020, Time: 7.46
It: 40500, Loss: 1.816e-05, nu: 0.020, Time: 7.04
It: 40600, Loss: 1.913e-05, nu: 0.020, Time: 6.15
It: 40700, Loss: 1.834e-05, nu: 0.020, Time: 7.26
It: 40800, Loss: 1.863e-05, nu: 0.020, Time: 7.35
It: 40900, Loss: 1.838e-05, nu: 0.020, Time: 7.50
It: 41000, Loss: 1.854e-05, nu: 0.020, Time: 7.70
It: 41100, Loss: 1.846e-05, nu: 0.020, Time: 7.08
It: 41200, Loss: 1.854e-05, nu: 0.020, Time: 6.25
It: 41300, Loss: 1.906e-05, nu: 0.020, Time: 7.06
It: 41400, Loss: 1.905e-05, nu: 0.020, Time: 7.39
It: 41500, Loss: 1.861e-05, nu: 0.020, Time: 7.49
It: 41600, Loss: 1.832e-05, nu: 0.020, Time: 7.86
It: 41700, Loss: 1.840e-05, nu: 0.020, Time: 7.85
It: 41800, Loss: 1.843e-05, nu: 0.020, Time: 7.88
It: 41900, Loss: 1.870e-05, nu: 0.020, Time: 7.97
It: 42000, Loss: 1.841e-05, nu: 0.020, Time: 7.92
It: 42100, Loss: 1.850e-05, nu: 0.020, Time: 7.45
It: 42200, Loss: 1.878e-05, nu: 0.020, Time: 7.39
It: 42300, Loss: 1.852e-05, nu: 0.020, Time: 6.86
It: 42400, Loss: 1.878e-05, nu: 0.020, Time: 6.01
It: 42500, Loss: 1.826e-05, nu: 0.020, Time: 6.39
It: 42600, Loss: 1.854e-05, nu: 0.020, Time: 7.20
It: 42700, Loss: 1.911e-05, nu: 0.020, Time: 7.24
It: 42800, Loss: 1.911e-05, nu: 0.020, Time: 6.95
It: 42900, Loss: 1.852e-05, nu: 0.020, Time: 6.33
It: 43000, Loss: 1.854e-05, nu: 0.020, Time: 6.83
It: 43100, Loss: 1.848e-05, nu: 0.020, Time: 7.01
It: 43200, Loss: 1.893e-05, nu: 0.020, Time: 6.85
It: 43300, Loss: 1.845e-05, nu: 0.020, Time: 6.74
It: 43400, Loss: 1.847e-05, nu: 0.020, Time: 6.80
It: 43500, Loss: 1.849e-05, nu: 0.020, Time: 6.98
It: 43600, Loss: 1.851e-05, nu: 0.020, Time: 7.41
It: 43700, Loss: 1.900e-05, nu: 0.020, Time: 7.32
It: 43800, Loss: 1.842e-05, nu: 0.020, Time: 7.43
It: 43900, Loss: 1.869e-05, nu: 0.020, Time: 6.46
It: 44000, Loss: 1.902e-05, nu: 0.020, Time: 6.39
It: 44100, Loss: 1.892e-05, nu: 0.020, Time: 6.36
It: 44200, Loss: 1.916e-05, nu: 0.020, Time: 7.00
It: 44300, Loss: 1.871e-05, nu: 0.020, Time: 8.17
It: 44400, Loss: 1.865e-05, nu: 0.020, Time: 7.32
It: 44500, Loss: 1.835e-05, nu: 0.020, Time: 7.38
It: 44600, Loss: 1.909e-05, nu: 0.020, Time: 7.42
It: 44700, Loss: 1.824e-05, nu: 0.020, Time: 7.40
It: 44800, Loss: 1.879e-05, nu: 0.020, Time: 7.26
It: 44900, Loss: 1.878e-05, nu: 0.020, Time: 7.30
It: 45000, Loss: 1.854e-05, nu: 0.020, Time: 7.18
It: 45100, Loss: 1.912e-05, nu: 0.020, Time: 7.23
It: 45200, Loss: 1.852e-05, nu: 0.020, Time: 7.23
It: 45300, Loss: 1.901e-05, nu: 0.020, Time: 7.29
It: 45400, Loss: 1.908e-05, nu: 0.020, Time: 6.73
It: 45500, Loss: 1.864e-05, nu: 0.020, Time: 6.36
It: 45600, Loss: 1.865e-05, nu: 0.020, Time: 6.43
It: 45700, Loss: 1.874e-05, nu: 0.020, Time: 6.42
It: 45800, Loss: 1.888e-05, nu: 0.020, Time: 6.60
It: 45900, Loss: 1.858e-05, nu: 0.020, Time: 7.33
It: 46000, Loss: 1.861e-05, nu: 0.020, Time: 6.50
It: 46100, Loss: 1.879e-05, nu: 0.020, Time: 6.42
It: 46200, Loss: 1.922e-05, nu: 0.020, Time: 6.63
It: 46300, Loss: 1.882e-05, nu: 0.020, Time: 7.13
It: 46400, Loss: 1.850e-05, nu: 0.020, Time: 7.53
It: 46500, Loss: 1.845e-05, nu: 0.020, Time: 8.08
It: 46600, Loss: 1.865e-05, nu: 0.020, Time: 7.60
It: 46700, Loss: 1.910e-05, nu: 0.020, Time: 6.36
It: 46800, Loss: 1.860e-05, nu: 0.020, Time: 6.35
It: 46900, Loss: 1.932e-05, nu: 0.020, Time: 6.42
It: 47000, Loss: 1.873e-05, nu: 0.020, Time: 6.31
It: 47100, Loss: 1.865e-05, nu: 0.020, Time: 6.43
It: 47200, Loss: 1.938e-05, nu: 0.020, Time: 6.40
It: 47300, Loss: 1.846e-05, nu: 0.020, Time: 6.51
It: 47400, Loss: 1.864e-05, nu: 0.020, Time: 7.28
It: 47500, Loss: 1.839e-05, nu: 0.020, Time: 7.19
It: 47600, Loss: 1.859e-05, nu: 0.020, Time: 7.08
It: 47700, Loss: 1.840e-05, nu: 0.020, Time: 6.92
It: 47800, Loss: 1.912e-05, nu: 0.020, Time: 6.78
It: 47900, Loss: 1.875e-05, nu: 0.020, Time: 6.38
It: 48000, Loss: 1.926e-05, nu: 0.020, Time: 6.32
It: 48100, Loss: 1.872e-05, nu: 0.020, Time: 6.44
It: 48200, Loss: 1.811e-05, nu: 0.020, Time: 6.31
It: 48300, Loss: 1.857e-05, nu: 0.020, Time: 6.48
It: 48400, Loss: 1.894e-05, nu: 0.020, Time: 6.33
It: 48500, Loss: 1.867e-05, nu: 0.020, Time: 6.37
It: 48600, Loss: 1.862e-05, nu: 0.020, Time: 6.44
It: 48700, Loss: 1.895e-05, nu: 0.020, Time: 6.46
It: 48800, Loss: 1.859e-05, nu: 0.020, Time: 6.51
It: 48900, Loss: 1.888e-05, nu: 0.020, Time: 6.29
It: 49000, Loss: 1.895e-05, nu: 0.020, Time: 6.44
It: 49100, Loss: 1.844e-05, nu: 0.020, Time: 6.43
It: 49200, Loss: 1.913e-05, nu: 0.020, Time: 6.31
It: 49300, Loss: 1.859e-05, nu: 0.020, Time: 6.28
It: 49400, Loss: 1.866e-05, nu: 0.020, Time: 6.28/home/zihan/anaconda3/envs/x/lib/python3.7/site-packages/torch/nn/functional.py:1933: UserWarning: nn.functional.tanh is deprecated. Use torch.tanh instead.
  warnings.warn("nn.functional.tanh is deprecated. Use torch.tanh instead.")

It: 49500, Loss: 1.870e-05, nu: 0.020, Time: 6.39
It: 49600, Loss: 1.861e-05, nu: 0.020, Time: 6.40
It: 49700, Loss: 1.816e-05, nu: 0.020, Time: 6.33
It: 49800, Loss: 1.819e-05, nu: 0.020, Time: 6.50
It: 49900, Loss: 1.916e-05, nu: 0.020, Time: 6.37
Error u: 6.242710e-06
Error nu: 0.00000%
