It: 0, Loss: 2.593e-01, nu: 0.020, Time: 0.07
It: 100, Loss: 3.833e-02, nu: 0.020, Time: 5.97
It: 200, Loss: 1.415e-03, nu: 0.020, Time: 5.89
It: 300, Loss: 1.047e-03, nu: 0.020, Time: 5.96
It: 400, Loss: 1.638e-04, nu: 0.020, Time: 5.86
It: 500, Loss: 1.061e-03, nu: 0.020, Time: 5.89
It: 600, Loss: 1.236e-04, nu: 0.020, Time: 5.97
It: 700, Loss: 1.339e-04, nu: 0.020, Time: 5.97
It: 800, Loss: 5.696e-04, nu: 0.020, Time: 5.96
It: 900, Loss: 2.431e-04, nu: 0.020, Time: 5.86
It: 1000, Loss: 7.577e-05, nu: 0.020, Time: 5.96
It: 1100, Loss: 6.346e-05, nu: 0.020, Time: 5.89
It: 1200, Loss: 5.989e-05, nu: 0.020, Time: 5.88
It: 1300, Loss: 5.051e-05, nu: 0.020, Time: 5.76
It: 1400, Loss: 4.635e-05, nu: 0.020, Time: 5.88
It: 1500, Loss: 4.433e-05, nu: 0.020, Time: 5.86
It: 1600, Loss: 4.097e-05, nu: 0.020, Time: 5.83
It: 1700, Loss: 3.884e-05, nu: 0.020, Time: 5.96
It: 1800, Loss: 3.667e-05, nu: 0.020, Time: 5.96
It: 1900, Loss: 4.748e-05, nu: 0.020, Time: 5.82
It: 2000, Loss: 3.303e-05, nu: 0.020, Time: 5.90
It: 2100, Loss: 3.154e-05, nu: 0.020, Time: 5.88
It: 2200, Loss: 3.094e-05, nu: 0.020, Time: 5.93
It: 2300, Loss: 3.010e-05, nu: 0.020, Time: 6.00
It: 2400, Loss: 2.915e-05, nu: 0.020, Time: 5.94
It: 2500, Loss: 2.819e-05, nu: 0.020, Time: 5.85
It: 2600, Loss: 2.661e-05, nu: 0.020, Time: 5.89
It: 2700, Loss: 2.627e-05, nu: 0.020, Time: 5.94
It: 2800, Loss: 2.500e-05, nu: 0.020, Time: 5.86
It: 2900, Loss: 2.437e-05, nu: 0.020, Time: 5.92
It: 3000, Loss: 2.331e-05, nu: 0.020, Time: 5.91
It: 3100, Loss: 2.276e-05, nu: 0.020, Time: 5.94
It: 3200, Loss: 2.206e-05, nu: 0.020, Time: 5.89
It: 3300, Loss: 2.191e-05, nu: 0.020, Time: 5.84
It: 3400, Loss: 2.120e-05, nu: 0.020, Time: 5.78
It: 3500, Loss: 2.091e-05, nu: 0.020, Time: 5.89
It: 3600, Loss: 2.034e-05, nu: 0.020, Time: 6.01
It: 3700, Loss: 1.938e-05, nu: 0.020, Time: 6.03
It: 3800, Loss: 1.926e-05, nu: 0.020, Time: 5.85
It: 3900, Loss: 1.873e-05, nu: 0.020, Time: 5.94
It: 4000, Loss: 1.832e-05, nu: 0.020, Time: 5.84
It: 4100, Loss: 1.753e-05, nu: 0.020, Time: 5.99
It: 4200, Loss: 1.809e-05, nu: 0.020, Time: 5.87
It: 4300, Loss: 1.739e-05, nu: 0.020, Time: 5.87
It: 4400, Loss: 1.698e-05, nu: 0.020, Time: 5.92
It: 4500, Loss: 1.703e-05, nu: 0.020, Time: 5.84
It: 4600, Loss: 1.714e-05, nu: 0.020, Time: 5.82
It: 4700, Loss: 1.696e-05, nu: 0.020, Time: 5.97
It: 4800, Loss: 1.602e-05, nu: 0.020, Time: 5.88
It: 4900, Loss: 1.581e-05, nu: 0.020, Time: 5.84
It: 5000, Loss: 1.477e-05, nu: 0.020, Time: 6.14
It: 5100, Loss: 1.523e-05, nu: 0.020, Time: 5.98
It: 5200, Loss: 1.515e-05, nu: 0.020, Time: 6.01
It: 5300, Loss: 1.515e-05, nu: 0.020, Time: 5.89
It: 5400, Loss: 1.477e-05, nu: 0.020, Time: 5.97
It: 5500, Loss: 1.495e-05, nu: 0.020, Time: 5.92
It: 5600, Loss: 1.429e-05, nu: 0.020, Time: 6.04
It: 5700, Loss: 1.466e-05, nu: 0.020, Time: 6.04
It: 5800, Loss: 1.394e-05, nu: 0.020, Time: 5.87
It: 5900, Loss: 1.356e-05, nu: 0.020, Time: 6.00
It: 6000, Loss: 1.391e-05, nu: 0.020, Time: 5.94
It: 6100, Loss: 1.343e-05, nu: 0.020, Time: 5.91
It: 6200, Loss: 1.364e-05, nu: 0.020, Time: 5.94
It: 6300, Loss: 1.335e-05, nu: 0.020, Time: 5.97
It: 6400, Loss: 1.332e-05, nu: 0.020, Time: 5.85
It: 6500, Loss: 1.296e-05, nu: 0.020, Time: 5.97
It: 6600, Loss: 1.274e-05, nu: 0.020, Time: 5.98
It: 6700, Loss: 1.289e-05, nu: 0.020, Time: 5.90
It: 6800, Loss: 1.251e-05, nu: 0.020, Time: 5.95
It: 6900, Loss: 1.273e-05, nu: 0.020, Time: 5.95
It: 7000, Loss: 1.302e-05, nu: 0.020, Time: 5.98
It: 7100, Loss: 1.255e-05, nu: 0.020, Time: 5.94
It: 7200, Loss: 1.194e-05, nu: 0.020, Time: 5.97
It: 7300, Loss: 1.227e-05, nu: 0.020, Time: 5.98
It: 7400, Loss: 1.200e-05, nu: 0.020, Time: 5.99
It: 7500, Loss: 1.180e-05, nu: 0.020, Time: 6.74
It: 7600, Loss: 1.204e-05, nu: 0.020, Time: 6.64
It: 7700, Loss: 1.225e-05, nu: 0.020, Time: 6.61
It: 7800, Loss: 1.182e-05, nu: 0.020, Time: 6.62
It: 7900, Loss: 1.178e-05, nu: 0.020, Time: 6.55
It: 8000, Loss: 1.172e-05, nu: 0.020, Time: 6.59
It: 8100, Loss: 1.165e-05, nu: 0.020, Time: 6.55
It: 8200, Loss: 1.142e-05, nu: 0.020, Time: 6.39
It: 8300, Loss: 1.123e-05, nu: 0.020, Time: 6.49
It: 8400, Loss: 1.162e-05, nu: 0.020, Time: 6.49
It: 8500, Loss: 1.113e-05, nu: 0.020, Time: 6.36
It: 8600, Loss: 1.153e-05, nu: 0.020, Time: 5.92
It: 8700, Loss: 1.132e-05, nu: 0.020, Time: 5.85
It: 8800, Loss: 1.141e-05, nu: 0.020, Time: 5.81
It: 8900, Loss: 1.137e-05, nu: 0.020, Time: 5.92
It: 9000, Loss: 1.125e-05, nu: 0.020, Time: 5.93
It: 9100, Loss: 1.123e-05, nu: 0.020, Time: 5.90
It: 9200, Loss: 1.124e-05, nu: 0.020, Time: 5.92
It: 9300, Loss: 1.101e-05, nu: 0.020, Time: 5.89
It: 9400, Loss: 1.073e-05, nu: 0.020, Time: 5.88
It: 9500, Loss: 1.106e-05, nu: 0.020, Time: 5.97
It: 9600, Loss: 1.104e-05, nu: 0.020, Time: 5.95
It: 9700, Loss: 1.083e-05, nu: 0.020, Time: 6.47
It: 9800, Loss: 1.079e-05, nu: 0.020, Time: 6.40
It: 9900, Loss: 1.100e-05, nu: 0.020, Time: 6.36
It: 10000, Loss: 1.058e-05, nu: 0.020, Time: 6.35
It: 10100, Loss: 1.109e-05, nu: 0.020, Time: 6.38
It: 10200, Loss: 1.080e-05, nu: 0.020, Time: 6.42
It: 10300, Loss: 1.073e-05, nu: 0.020, Time: 6.43
It: 10400, Loss: 1.077e-05, nu: 0.020, Time: 6.39
It: 10500, Loss: 1.052e-05, nu: 0.020, Time: 6.44
It: 10600, Loss: 1.092e-05, nu: 0.020, Time: 6.40
It: 10700, Loss: 1.072e-05, nu: 0.020, Time: 6.40
It: 10800, Loss: 1.051e-05, nu: 0.020, Time: 6.42
It: 10900, Loss: 1.029e-05, nu: 0.020, Time: 6.35
It: 11000, Loss: 1.011e-05, nu: 0.020, Time: 6.36
It: 11100, Loss: 1.030e-05, nu: 0.020, Time: 6.33
It: 11200, Loss: 1.045e-05, nu: 0.020, Time: 6.39
It: 11300, Loss: 1.043e-05, nu: 0.020, Time: 6.41
It: 11400, Loss: 1.040e-05, nu: 0.020, Time: 6.46
It: 11500, Loss: 1.027e-05, nu: 0.020, Time: 6.44
It: 11600, Loss: 1.015e-05, nu: 0.020, Time: 6.37
It: 11700, Loss: 1.046e-05, nu: 0.020, Time: 6.37
It: 11800, Loss: 1.039e-05, nu: 0.020, Time: 6.42
It: 11900, Loss: 1.017e-05, nu: 0.020, Time: 6.42
It: 12000, Loss: 1.015e-05, nu: 0.020, Time: 6.37
It: 12100, Loss: 1.048e-05, nu: 0.020, Time: 6.36
It: 12200, Loss: 1.013e-05, nu: 0.020, Time: 6.38
It: 12300, Loss: 1.036e-05, nu: 0.020, Time: 6.41
It: 12400, Loss: 9.776e-06, nu: 0.020, Time: 6.32
It: 12500, Loss: 1.011e-05, nu: 0.020, Time: 6.34
It: 12600, Loss: 1.033e-05, nu: 0.020, Time: 6.39
It: 12700, Loss: 1.017e-05, nu: 0.020, Time: 6.35
It: 12800, Loss: 1.023e-05, nu: 0.020, Time: 6.41
It: 12900, Loss: 1.027e-05, nu: 0.020, Time: 6.43
It: 13000, Loss: 1.019e-05, nu: 0.020, Time: 6.42
It: 13100, Loss: 1.031e-05, nu: 0.020, Time: 6.44
It: 13200, Loss: 9.918e-06, nu: 0.020, Time: 6.48
It: 13300, Loss: 1.011e-05, nu: 0.020, Time: 6.45
It: 13400, Loss: 9.946e-06, nu: 0.020, Time: 6.34
It: 13500, Loss: 1.014e-05, nu: 0.020, Time: 6.28
It: 13600, Loss: 1.017e-05, nu: 0.020, Time: 6.34
It: 13700, Loss: 1.018e-05, nu: 0.020, Time: 6.33
It: 13800, Loss: 1.015e-05, nu: 0.020, Time: 6.35
It: 13900, Loss: 9.952e-06, nu: 0.020, Time: 6.32
It: 14000, Loss: 9.977e-06, nu: 0.020, Time: 6.23
It: 14100, Loss: 9.891e-06, nu: 0.020, Time: 6.48
It: 14200, Loss: 1.029e-05, nu: 0.020, Time: 6.34
It: 14300, Loss: 1.022e-05, nu: 0.020, Time: 6.35
It: 14400, Loss: 9.891e-06, nu: 0.020, Time: 6.30
It: 14500, Loss: 9.721e-06, nu: 0.020, Time: 6.37
It: 14600, Loss: 1.006e-05, nu: 0.020, Time: 6.44
It: 14700, Loss: 9.768e-06, nu: 0.020, Time: 6.33
It: 14800, Loss: 1.045e-05, nu: 0.020, Time: 6.33
It: 14900, Loss: 1.005e-05, nu: 0.020, Time: 6.40
It: 15000, Loss: 9.893e-06, nu: 0.020, Time: 6.40
It: 15100, Loss: 1.005e-05, nu: 0.020, Time: 6.40
It: 15200, Loss: 1.025e-05, nu: 0.020, Time: 6.37
It: 15300, Loss: 1.010e-05, nu: 0.020, Time: 6.34
It: 15400, Loss: 1.017e-05, nu: 0.020, Time: 6.12
It: 15500, Loss: 1.011e-05, nu: 0.020, Time: 6.30
It: 15600, Loss: 9.743e-06, nu: 0.020, Time: 6.33
It: 15700, Loss: 1.023e-05, nu: 0.020, Time: 6.33
It: 15800, Loss: 9.918e-06, nu: 0.020, Time: 6.31
It: 15900, Loss: 1.002e-05, nu: 0.020, Time: 6.35
It: 16000, Loss: 9.757e-06, nu: 0.020, Time: 6.32
It: 16100, Loss: 1.007e-05, nu: 0.020, Time: 6.48
It: 16200, Loss: 1.006e-05, nu: 0.020, Time: 6.53
It: 16300, Loss: 1.016e-05, nu: 0.020, Time: 6.42
It: 16400, Loss: 1.004e-05, nu: 0.020, Time: 6.40
It: 16500, Loss: 9.931e-06, nu: 0.020, Time: 6.30
It: 16600, Loss: 9.974e-06, nu: 0.020, Time: 6.30
It: 16700, Loss: 9.874e-06, nu: 0.020, Time: 6.29
It: 16800, Loss: 9.804e-06, nu: 0.020, Time: 6.37
It: 16900, Loss: 9.711e-06, nu: 0.020, Time: 6.32
It: 17000, Loss: 1.004e-05, nu: 0.020, Time: 6.32
It: 17100, Loss: 9.906e-06, nu: 0.020, Time: 6.28
It: 17200, Loss: 9.718e-06, nu: 0.020, Time: 6.35
It: 17300, Loss: 1.007e-05, nu: 0.020, Time: 6.36
It: 17400, Loss: 9.826e-06, nu: 0.020, Time: 6.37
It: 17500, Loss: 9.985e-06, nu: 0.020, Time: 6.28
It: 17600, Loss: 9.958e-06, nu: 0.020, Time: 6.31
It: 17700, Loss: 9.897e-06, nu: 0.020, Time: 6.38
It: 17800, Loss: 1.017e-05, nu: 0.020, Time: 6.42
It: 17900, Loss: 9.904e-06, nu: 0.020, Time: 6.41
It: 18000, Loss: 9.969e-06, nu: 0.020, Time: 6.42
It: 18100, Loss: 1.001e-05, nu: 0.020, Time: 6.46
It: 18200, Loss: 1.009e-05, nu: 0.020, Time: 6.41
It: 18300, Loss: 1.013e-05, nu: 0.020, Time: 6.41
It: 18400, Loss: 1.016e-05, nu: 0.020, Time: 6.35
It: 18500, Loss: 1.038e-05, nu: 0.020, Time: 6.35
It: 18600, Loss: 9.798e-06, nu: 0.020, Time: 6.36
It: 18700, Loss: 1.011e-05, nu: 0.020, Time: 6.24
It: 18800, Loss: 1.036e-05, nu: 0.020, Time: 6.32
It: 18900, Loss: 1.004e-05, nu: 0.020, Time: 6.27
It: 19000, Loss: 9.980e-06, nu: 0.020, Time: 6.28
It: 19100, Loss: 9.786e-06, nu: 0.020, Time: 6.20
It: 19200, Loss: 1.002e-05, nu: 0.020, Time: 6.27
It: 19300, Loss: 1.027e-05, nu: 0.020, Time: 6.34
It: 19400, Loss: 9.653e-06, nu: 0.020, Time: 6.28
It: 19500, Loss: 9.799e-06, nu: 0.020, Time: 6.31
It: 19600, Loss: 9.951e-06, nu: 0.020, Time: 6.15
It: 19700, Loss: 1.009e-05, nu: 0.020, Time: 6.33
It: 19800, Loss: 9.954e-06, nu: 0.020, Time: 6.29
It: 19900, Loss: 1.015e-05, nu: 0.020, Time: 6.33
It: 20000, Loss: 1.017e-05, nu: 0.020, Time: 6.36
It: 20100, Loss: 9.935e-06, nu: 0.020, Time: 6.38
It: 20200, Loss: 9.951e-06, nu: 0.020, Time: 6.35
It: 20300, Loss: 1.004e-05, nu: 0.020, Time: 6.28
It: 20400, Loss: 9.908e-06, nu: 0.020, Time: 6.17
It: 20500, Loss: 1.013e-05, nu: 0.020, Time: 6.06
It: 20600, Loss: 9.911e-06, nu: 0.020, Time: 6.36
It: 20700, Loss: 1.011e-05, nu: 0.020, Time: 6.21
It: 20800, Loss: 9.983e-06, nu: 0.020, Time: 6.35
It: 20900, Loss: 1.005e-05, nu: 0.020, Time: 6.29
It: 21000, Loss: 9.975e-06, nu: 0.020, Time: 6.43
It: 21100, Loss: 1.054e-05, nu: 0.020, Time: 6.33
It: 21200, Loss: 1.009e-05, nu: 0.020, Time: 6.27
It: 21300, Loss: 9.818e-06, nu: 0.020, Time: 6.29
It: 21400, Loss: 1.001e-05, nu: 0.020, Time: 6.20
It: 21500, Loss: 1.001e-05, nu: 0.020, Time: 6.35
It: 21600, Loss: 9.654e-06, nu: 0.020, Time: 6.32
It: 21700, Loss: 1.009e-05, nu: 0.020, Time: 6.27
It: 21800, Loss: 9.774e-06, nu: 0.020, Time: 6.40
It: 21900, Loss: 1.034e-05, nu: 0.020, Time: 6.40
It: 22000, Loss: 9.669e-06, nu: 0.020, Time: 6.46
It: 22100, Loss: 1.021e-05, nu: 0.020, Time: 6.41
It: 22200, Loss: 9.896e-06, nu: 0.020, Time: 6.46
It: 22300, Loss: 9.753e-06, nu: 0.020, Time: 6.39
It: 22400, Loss: 1.026e-05, nu: 0.020, Time: 6.41
It: 22500, Loss: 1.028e-05, nu: 0.020, Time: 6.41
It: 22600, Loss: 9.769e-06, nu: 0.020, Time: 6.47
It: 22700, Loss: 9.799e-06, nu: 0.020, Time: 6.38
It: 22800, Loss: 1.008e-05, nu: 0.020, Time: 6.42
It: 22900, Loss: 1.002e-05, nu: 0.020, Time: 6.36
It: 23000, Loss: 9.813e-06, nu: 0.020, Time: 6.33
It: 23100, Loss: 1.013e-05, nu: 0.020, Time: 6.30
It: 23200, Loss: 9.914e-06, nu: 0.020, Time: 6.30
It: 23300, Loss: 1.011e-05, nu: 0.020, Time: 6.22
It: 23400, Loss: 1.019e-05, nu: 0.020, Time: 6.29
It: 23500, Loss: 9.975e-06, nu: 0.020, Time: 6.35
It: 23600, Loss: 1.019e-05, nu: 0.020, Time: 6.47
It: 23700, Loss: 1.013e-05, nu: 0.020, Time: 6.28
It: 23800, Loss: 9.872e-06, nu: 0.020, Time: 6.25
It: 23900, Loss: 1.026e-05, nu: 0.020, Time: 6.31
It: 24000, Loss: 9.916e-06, nu: 0.020, Time: 6.31
It: 24100, Loss: 9.976e-06, nu: 0.020, Time: 6.32
It: 24200, Loss: 1.010e-05, nu: 0.020, Time: 6.35
It: 24300, Loss: 9.660e-06, nu: 0.020, Time: 6.26
It: 24400, Loss: 1.013e-05, nu: 0.020, Time: 6.38
It: 24500, Loss: 9.761e-06, nu: 0.020, Time: 6.32
It: 24600, Loss: 1.015e-05, nu: 0.020, Time: 6.25
It: 24700, Loss: 9.814e-06, nu: 0.020, Time: 6.27
It: 24800, Loss: 9.977e-06, nu: 0.020, Time: 6.30
It: 24900, Loss: 1.035e-05, nu: 0.020, Time: 6.23
It: 25000, Loss: 1.007e-05, nu: 0.020, Time: 6.31
It: 25100, Loss: 9.966e-06, nu: 0.020, Time: 6.27
It: 25200, Loss: 9.509e-06, nu: 0.020, Time: 6.29
It: 25300, Loss: 1.007e-05, nu: 0.020, Time: 6.32
It: 25400, Loss: 1.006e-05, nu: 0.020, Time: 6.30
It: 25500, Loss: 9.812e-06, nu: 0.020, Time: 6.31
It: 25600, Loss: 1.033e-05, nu: 0.020, Time: 6.34
It: 25700, Loss: 9.697e-06, nu: 0.020, Time: 6.33
It: 25800, Loss: 9.943e-06, nu: 0.020, Time: 6.39
It: 25900, Loss: 1.028e-05, nu: 0.020, Time: 6.37
It: 26000, Loss: 9.934e-06, nu: 0.020, Time: 6.31
It: 26100, Loss: 9.848e-06, nu: 0.020, Time: 6.37
It: 26200, Loss: 9.938e-06, nu: 0.020, Time: 6.28
It: 26300, Loss: 1.002e-05, nu: 0.020, Time: 6.24
It: 26400, Loss: 9.964e-06, nu: 0.020, Time: 6.33
It: 26500, Loss: 1.009e-05, nu: 0.020, Time: 6.35
It: 26600, Loss: 1.001e-05, nu: 0.020, Time: 6.39
It: 26700, Loss: 1.008e-05, nu: 0.020, Time: 6.39
It: 26800, Loss: 9.984e-06, nu: 0.020, Time: 6.35
It: 26900, Loss: 1.020e-05, nu: 0.020, Time: 6.38
It: 27000, Loss: 1.010e-05, nu: 0.020, Time: 6.36
It: 27100, Loss: 9.836e-06, nu: 0.020, Time: 6.37
It: 27200, Loss: 1.022e-05, nu: 0.020, Time: 6.39
It: 27300, Loss: 1.003e-05, nu: 0.020, Time: 6.35
It: 27400, Loss: 1.001e-05, nu: 0.020, Time: 6.36
It: 27500, Loss: 9.962e-06, nu: 0.020, Time: 6.37
It: 27600, Loss: 1.038e-05, nu: 0.020, Time: 6.34
It: 27700, Loss: 1.007e-05, nu: 0.020, Time: 6.39
It: 27800, Loss: 1.001e-05, nu: 0.020, Time: 6.38
It: 27900, Loss: 9.772e-06, nu: 0.020, Time: 6.33
It: 28000, Loss: 1.012e-05, nu: 0.020, Time: 6.35
It: 28100, Loss: 1.005e-05, nu: 0.020, Time: 6.34
It: 28200, Loss: 1.000e-05, nu: 0.020, Time: 6.33
It: 28300, Loss: 1.008e-05, nu: 0.020, Time: 6.44
It: 28400, Loss: 1.009e-05, nu: 0.020, Time: 6.42
It: 28500, Loss: 1.002e-05, nu: 0.020, Time: 6.39
It: 28600, Loss: 1.018e-05, nu: 0.020, Time: 6.34
It: 28700, Loss: 1.026e-05, nu: 0.020, Time: 6.44
It: 28800, Loss: 1.026e-05, nu: 0.020, Time: 6.40
It: 28900, Loss: 1.020e-05, nu: 0.020, Time: 6.43
It: 29000, Loss: 1.006e-05, nu: 0.020, Time: 6.38
It: 29100, Loss: 1.019e-05, nu: 0.020, Time: 6.28
It: 29200, Loss: 9.854e-06, nu: 0.020, Time: 6.40
It: 29300, Loss: 9.942e-06, nu: 0.020, Time: 6.42
It: 29400, Loss: 1.033e-05, nu: 0.020, Time: 6.40
It: 29500, Loss: 1.017e-05, nu: 0.020, Time: 6.40
It: 29600, Loss: 1.014e-05, nu: 0.020, Time: 6.43
It: 29700, Loss: 9.859e-06, nu: 0.020, Time: 6.41
It: 29800, Loss: 9.974e-06, nu: 0.020, Time: 6.42
It: 29900, Loss: 9.881e-06, nu: 0.020, Time: 6.38
It: 30000, Loss: 9.878e-06, nu: 0.020, Time: 6.34
It: 30100, Loss: 9.949e-06, nu: 0.020, Time: 6.37
It: 30200, Loss: 9.825e-06, nu: 0.020, Time: 6.41
It: 30300, Loss: 9.703e-06, nu: 0.020, Time: 6.39
It: 30400, Loss: 1.005e-05, nu: 0.020, Time: 6.43
It: 30500, Loss: 9.930e-06, nu: 0.020, Time: 6.55
It: 30600, Loss: 9.832e-06, nu: 0.020, Time: 6.46
It: 30700, Loss: 1.008e-05, nu: 0.020, Time: 6.35
It: 30800, Loss: 1.020e-05, nu: 0.020, Time: 6.41
It: 30900, Loss: 1.010e-05, nu: 0.020, Time: 6.37
It: 31000, Loss: 1.016e-05, nu: 0.020, Time: 6.40
It: 31100, Loss: 9.859e-06, nu: 0.020, Time: 6.45
It: 31200, Loss: 9.907e-06, nu: 0.020, Time: 6.51
It: 31300, Loss: 9.933e-06, nu: 0.020, Time: 6.41
It: 31400, Loss: 1.000e-05, nu: 0.020, Time: 6.48
It: 31500, Loss: 1.015e-05, nu: 0.020, Time: 6.40
It: 31600, Loss: 9.916e-06, nu: 0.020, Time: 6.43
It: 31700, Loss: 9.885e-06, nu: 0.020, Time: 6.31
It: 31800, Loss: 9.969e-06, nu: 0.020, Time: 6.43
It: 31900, Loss: 1.017e-05, nu: 0.020, Time: 6.35
It: 32000, Loss: 1.027e-05, nu: 0.020, Time: 6.34
It: 32100, Loss: 9.995e-06, nu: 0.020, Time: 6.22
It: 32200, Loss: 1.035e-05, nu: 0.020, Time: 6.35
It: 32300, Loss: 1.003e-05, nu: 0.020, Time: 6.35
It: 32400, Loss: 1.012e-05, nu: 0.020, Time: 6.37
It: 32500, Loss: 1.014e-05, nu: 0.020, Time: 6.35
It: 32600, Loss: 1.013e-05, nu: 0.020, Time: 6.29
It: 32700, Loss: 9.924e-06, nu: 0.020, Time: 6.34
It: 32800, Loss: 1.011e-05, nu: 0.020, Time: 6.34
It: 32900, Loss: 1.030e-05, nu: 0.020, Time: 6.36
It: 33000, Loss: 9.749e-06, nu: 0.020, Time: 6.37
It: 33100, Loss: 9.567e-06, nu: 0.020, Time: 6.31
It: 33200, Loss: 9.843e-06, nu: 0.020, Time: 6.33
It: 33300, Loss: 1.002e-05, nu: 0.020, Time: 6.33
It: 33400, Loss: 1.014e-05, nu: 0.020, Time: 6.32
It: 33500, Loss: 1.038e-05, nu: 0.020, Time: 6.32
It: 33600, Loss: 9.989e-06, nu: 0.020, Time: 6.35
It: 33700, Loss: 1.006e-05, nu: 0.020, Time: 6.32
It: 33800, Loss: 9.746e-06, nu: 0.020, Time: 6.34
It: 33900, Loss: 1.001e-05, nu: 0.020, Time: 6.26
It: 34000, Loss: 1.007e-05, nu: 0.020, Time: 6.32
It: 34100, Loss: 9.956e-06, nu: 0.020, Time: 6.35
It: 34200, Loss: 1.045e-05, nu: 0.020, Time: 6.35
It: 34300, Loss: 1.003e-05, nu: 0.020, Time: 6.31
It: 34400, Loss: 1.013e-05, nu: 0.020, Time: 6.24
It: 34500, Loss: 9.997e-06, nu: 0.020, Time: 6.37
It: 34600, Loss: 1.020e-05, nu: 0.020, Time: 6.28
It: 34700, Loss: 9.868e-06, nu: 0.020, Time: 6.36
It: 34800, Loss: 1.016e-05, nu: 0.020, Time: 6.26
It: 34900, Loss: 9.848e-06, nu: 0.020, Time: 6.42
It: 35000, Loss: 1.014e-05, nu: 0.020, Time: 6.33
It: 35100, Loss: 9.963e-06, nu: 0.020, Time: 6.28
It: 35200, Loss: 1.019e-05, nu: 0.020, Time: 6.36
It: 35300, Loss: 9.990e-06, nu: 0.020, Time: 6.34
It: 35400, Loss: 1.023e-05, nu: 0.020, Time: 6.32
It: 35500, Loss: 9.834e-06, nu: 0.020, Time: 6.34
It: 35600, Loss: 1.012e-05, nu: 0.020, Time: 6.34
It: 35700, Loss: 9.753e-06, nu: 0.020, Time: 6.32
It: 35800, Loss: 1.025e-05, nu: 0.020, Time: 6.41
It: 35900, Loss: 1.019e-05, nu: 0.020, Time: 6.32
It: 36000, Loss: 9.978e-06, nu: 0.020, Time: 6.27
It: 36100, Loss: 9.975e-06, nu: 0.020, Time: 6.36
It: 36200, Loss: 9.673e-06, nu: 0.020, Time: 6.29
It: 36300, Loss: 1.004e-05, nu: 0.020, Time: 6.31
It: 36400, Loss: 1.006e-05, nu: 0.020, Time: 6.36
It: 36500, Loss: 9.986e-06, nu: 0.020, Time: 6.35
It: 36600, Loss: 9.831e-06, nu: 0.020, Time: 6.35
It: 36700, Loss: 1.003e-05, nu: 0.020, Time: 6.32
It: 36800, Loss: 9.803e-06, nu: 0.020, Time: 6.34
It: 36900, Loss: 1.016e-05, nu: 0.020, Time: 6.32
It: 37000, Loss: 1.037e-05, nu: 0.020, Time: 6.38
It: 37100, Loss: 9.853e-06, nu: 0.020, Time: 6.31
It: 37200, Loss: 1.002e-05, nu: 0.020, Time: 6.33
It: 37300, Loss: 9.880e-06, nu: 0.020, Time: 6.29
It: 37400, Loss: 1.019e-05, nu: 0.020, Time: 6.31
It: 37500, Loss: 1.019e-05, nu: 0.020, Time: 6.32
It: 37600, Loss: 1.026e-05, nu: 0.020, Time: 6.24
It: 37700, Loss: 1.016e-05, nu: 0.020, Time: 6.03
It: 37800, Loss: 9.766e-06, nu: 0.020, Time: 5.45
It: 37900, Loss: 1.035e-05, nu: 0.020, Time: 5.43
It: 38000, Loss: 9.811e-06, nu: 0.020, Time: 5.46
It: 38100, Loss: 1.006e-05, nu: 0.020, Time: 5.45
It: 38200, Loss: 9.879e-06, nu: 0.020, Time: 5.43
It: 38300, Loss: 9.872e-06, nu: 0.020, Time: 5.42
It: 38400, Loss: 9.830e-06, nu: 0.020, Time: 5.42
It: 38500, Loss: 1.007e-05, nu: 0.020, Time: 5.43
It: 38600, Loss: 1.033e-05, nu: 0.020, Time: 5.45
It: 38700, Loss: 9.832e-06, nu: 0.020, Time: 6.25
It: 38800, Loss: 9.879e-06, nu: 0.020, Time: 6.26
It: 38900, Loss: 1.017e-05, nu: 0.020, Time: 6.36
It: 39000, Loss: 1.015e-05, nu: 0.020, Time: 6.37
It: 39100, Loss: 1.009e-05, nu: 0.020, Time: 6.33
It: 39200, Loss: 1.026e-05, nu: 0.020, Time: 6.32
It: 39300, Loss: 9.929e-06, nu: 0.020, Time: 6.36
It: 39400, Loss: 9.984e-06, nu: 0.020, Time: 6.27
It: 39500, Loss: 9.808e-06, nu: 0.020, Time: 6.29
It: 39600, Loss: 1.025e-05, nu: 0.020, Time: 6.30
It: 39700, Loss: 9.838e-06, nu: 0.020, Time: 6.25
It: 39800, Loss: 9.968e-06, nu: 0.020, Time: 6.38
It: 39900, Loss: 9.935e-06, nu: 0.020, Time: 6.33
It: 40000, Loss: 1.030e-05, nu: 0.020, Time: 6.34
It: 40100, Loss: 9.964e-06, nu: 0.020, Time: 6.30
It: 40200, Loss: 9.861e-06, nu: 0.020, Time: 6.35
It: 40300, Loss: 1.017e-05, nu: 0.020, Time: 6.27
It: 40400, Loss: 9.643e-06, nu: 0.020, Time: 6.30
It: 40500, Loss: 9.746e-06, nu: 0.020, Time: 6.36
It: 40600, Loss: 1.031e-05, nu: 0.020, Time: 6.31
It: 40700, Loss: 9.846e-06, nu: 0.020, Time: 6.30
It: 40800, Loss: 1.019e-05, nu: 0.020, Time: 6.24
It: 40900, Loss: 9.673e-06, nu: 0.020, Time: 6.33
It: 41000, Loss: 9.801e-06, nu: 0.020, Time: 6.30
It: 41100, Loss: 9.986e-06, nu: 0.020, Time: 6.35
It: 41200, Loss: 1.007e-05, nu: 0.020, Time: 6.35
It: 41300, Loss: 1.018e-05, nu: 0.020, Time: 6.29
It: 41400, Loss: 1.032e-05, nu: 0.020, Time: 6.24
It: 41500, Loss: 9.955e-06, nu: 0.020, Time: 6.45
It: 41600, Loss: 9.904e-06, nu: 0.020, Time: 6.58
It: 41700, Loss: 9.867e-06, nu: 0.020, Time: 6.61
It: 41800, Loss: 9.916e-06, nu: 0.020, Time: 6.59
It: 41900, Loss: 9.838e-06, nu: 0.020, Time: 6.50
It: 42000, Loss: 9.974e-06, nu: 0.020, Time: 6.36
It: 42100, Loss: 9.935e-06, nu: 0.020, Time: 6.34
It: 42200, Loss: 1.015e-05, nu: 0.020, Time: 6.34
It: 42300, Loss: 9.934e-06, nu: 0.020, Time: 6.29
It: 42400, Loss: 1.022e-05, nu: 0.020, Time: 6.34
It: 42500, Loss: 9.957e-06, nu: 0.020, Time: 6.35
It: 42600, Loss: 9.837e-06, nu: 0.020, Time: 6.31
It: 42700, Loss: 1.016e-05, nu: 0.020, Time: 6.40
It: 42800, Loss: 1.035e-05, nu: 0.020, Time: 6.35
It: 42900, Loss: 9.853e-06, nu: 0.020, Time: 6.41
It: 43000, Loss: 9.843e-06, nu: 0.020, Time: 6.38
It: 43100, Loss: 1.009e-05, nu: 0.020, Time: 6.39
It: 43200, Loss: 1.021e-05, nu: 0.020, Time: 6.36
It: 43300, Loss: 9.821e-06, nu: 0.020, Time: 6.36
It: 43400, Loss: 1.001e-05, nu: 0.020, Time: 6.40
It: 43500, Loss: 9.959e-06, nu: 0.020, Time: 6.43
It: 43600, Loss: 9.963e-06, nu: 0.020, Time: 6.38
It: 43700, Loss: 1.034e-05, nu: 0.020, Time: 6.31
It: 43800, Loss: 9.730e-06, nu: 0.020, Time: 6.32
It: 43900, Loss: 1.010e-05, nu: 0.020, Time: 6.32
It: 44000, Loss: 1.012e-05, nu: 0.020, Time: 6.28
It: 44100, Loss: 1.028e-05, nu: 0.020, Time: 6.38
It: 44200, Loss: 1.021e-05, nu: 0.020, Time: 6.41
It: 44300, Loss: 1.000e-05, nu: 0.020, Time: 6.40
It: 44400, Loss: 9.847e-06, nu: 0.020, Time: 6.41
It: 44500, Loss: 9.853e-06, nu: 0.020, Time: 6.38
It: 44600, Loss: 1.025e-05, nu: 0.020, Time: 6.44
It: 44700, Loss: 9.940e-06, nu: 0.020, Time: 6.46
It: 44800, Loss: 9.983e-06, nu: 0.020, Time: 6.40
It: 44900, Loss: 1.023e-05, nu: 0.020, Time: 6.46
It: 45000, Loss: 1.003e-05, nu: 0.020, Time: 6.45
It: 45100, Loss: 1.030e-05, nu: 0.020, Time: 6.47
It: 45200, Loss: 9.677e-06, nu: 0.020, Time: 6.48
It: 45300, Loss: 1.012e-05, nu: 0.020, Time: 6.41
It: 45400, Loss: 1.015e-05, nu: 0.020, Time: 6.40
It: 45500, Loss: 9.960e-06, nu: 0.020, Time: 6.41
It: 45600, Loss: 9.987e-06, nu: 0.020, Time: 6.40
It: 45700, Loss: 9.976e-06, nu: 0.020, Time: 6.41
It: 45800, Loss: 1.017e-05, nu: 0.020, Time: 6.44
It: 45900, Loss: 1.008e-05, nu: 0.020, Time: 6.38
It: 46000, Loss: 9.979e-06, nu: 0.020, Time: 6.38
It: 46100, Loss: 1.005e-05, nu: 0.020, Time: 6.42
It: 46200, Loss: 1.035e-05, nu: 0.020, Time: 6.42
It: 46300, Loss: 1.012e-05, nu: 0.020, Time: 6.38
It: 46400, Loss: 1.010e-05, nu: 0.020, Time: 6.38
It: 46500, Loss: 1.011e-05, nu: 0.020, Time: 6.40
It: 46600, Loss: 1.016e-05, nu: 0.020, Time: 6.41
It: 46700, Loss: 1.028e-05, nu: 0.020, Time: 6.48
It: 46800, Loss: 9.746e-06, nu: 0.020, Time: 6.38
It: 46900, Loss: 1.014e-05, nu: 0.020, Time: 6.44
It: 47000, Loss: 9.935e-06, nu: 0.020, Time: 6.51
It: 47100, Loss: 1.006e-05, nu: 0.020, Time: 6.45
It: 47200, Loss: 1.034e-05, nu: 0.020, Time: 6.43
It: 47300, Loss: 9.757e-06, nu: 0.020, Time: 6.41
It: 47400, Loss: 9.884e-06, nu: 0.020, Time: 6.47
It: 47500, Loss: 1.006e-05, nu: 0.020, Time: 6.40
It: 47600, Loss: 1.003e-05, nu: 0.020, Time: 6.42
It: 47700, Loss: 9.906e-06, nu: 0.020, Time: 6.37
It: 47800, Loss: 1.012e-05, nu: 0.020, Time: 6.37
It: 47900, Loss: 1.008e-05, nu: 0.020, Time: 6.39
It: 48000, Loss: 1.057e-05, nu: 0.020, Time: 6.47
It: 48100, Loss: 9.906e-06, nu: 0.020, Time: 6.41
It: 48200, Loss: 9.787e-06, nu: 0.020, Time: 6.42
It: 48300, Loss: 9.807e-06, nu: 0.020, Time: 6.40
It: 48400, Loss: 1.007e-05, nu: 0.020, Time: 6.47
It: 48500, Loss: 1.007e-05, nu: 0.020, Time: 6.40
It: 48600, Loss: 1.006e-05, nu: 0.020, Time: 6.39
It: 48700, Loss: 1.020e-05, nu: 0.020, Time: 6.45
It: 48800, Loss: 1.003e-05, nu: 0.020, Time: 6.45
It: 48900, Loss: 1.007e-05, nu: 0.020, Time: 6.40
It: 49000, Loss: 1.023e-05, nu: 0.020, Time: 6.40
It: 49100, Loss: 9.973e-06, nu: 0.020, Time: 6.39
It: 49200, Loss: 1.024e-05, nu: 0.020, Time: 6.36
It: 49300, Loss: 1.003e-05, nu: 0.020, Time: 6.39
It: 49400, Loss: 9.826e-06, nu: 0.020, Time: 6.38/home/zihan/anaconda3/envs/x/lib/python3.7/site-packages/torch/nn/functional.py:1933: UserWarning: nn.functional.tanh is deprecated. Use torch.tanh instead.
  warnings.warn("nn.functional.tanh is deprecated. Use torch.tanh instead.")

It: 49500, Loss: 1.008e-05, nu: 0.020, Time: 6.35
It: 49600, Loss: 9.937e-06, nu: 0.020, Time: 6.45
It: 49700, Loss: 9.742e-06, nu: 0.020, Time: 6.44
It: 49800, Loss: 9.803e-06, nu: 0.020, Time: 6.47
It: 49900, Loss: 1.020e-05, nu: 0.020, Time: 6.45
Error u: 6.586377e-06
Error nu: 0.00000%
