It: 0, Loss: 2.945e-01, nu: 0.020, Time: 0.08
It: 100, Loss: 1.643e-02, nu: 0.020, Time: 7.49
It: 200, Loss: 3.404e-03, nu: 0.020, Time: 7.56
It: 300, Loss: 7.574e-04, nu: 0.020, Time: 7.50
It: 400, Loss: 4.765e-04, nu: 0.020, Time: 7.61
It: 500, Loss: 4.131e-04, nu: 0.020, Time: 7.68
It: 600, Loss: 2.309e-04, nu: 0.020, Time: 7.67
It: 700, Loss: 2.621e-04, nu: 0.020, Time: 7.70
It: 800, Loss: 2.207e-04, nu: 0.020, Time: 7.57
It: 900, Loss: 3.240e-04, nu: 0.020, Time: 7.66
It: 1000, Loss: 1.852e-04, nu: 0.020, Time: 7.63
It: 1100, Loss: 1.550e-04, nu: 0.020, Time: 7.64
It: 1200, Loss: 1.411e-04, nu: 0.020, Time: 7.55
It: 1300, Loss: 1.257e-04, nu: 0.020, Time: 7.55
It: 1400, Loss: 9.548e-04, nu: 0.020, Time: 7.58
It: 1500, Loss: 1.126e-04, nu: 0.020, Time: 7.55
It: 1600, Loss: 1.379e-04, nu: 0.020, Time: 7.68
It: 1700, Loss: 1.639e-04, nu: 0.020, Time: 7.62
It: 1800, Loss: 9.549e-05, nu: 0.020, Time: 7.51
It: 1900, Loss: 1.327e-04, nu: 0.020, Time: 7.70
It: 2000, Loss: 8.880e-05, nu: 0.020, Time: 7.72
It: 2100, Loss: 7.824e-05, nu: 0.020, Time: 7.62
It: 2200, Loss: 6.779e-05, nu: 0.020, Time: 7.59
It: 2300, Loss: 5.780e-05, nu: 0.020, Time: 7.64
It: 2400, Loss: 4.878e-05, nu: 0.020, Time: 7.56
It: 2500, Loss: 3.944e-05, nu: 0.020, Time: 7.73
It: 2600, Loss: 3.972e-05, nu: 0.020, Time: 7.65
It: 2700, Loss: 3.146e-05, nu: 0.020, Time: 7.70
It: 2800, Loss: 3.867e-05, nu: 0.020, Time: 7.73
It: 2900, Loss: 2.613e-05, nu: 0.020, Time: 7.63
It: 3000, Loss: 5.994e-05, nu: 0.020, Time: 7.61
It: 3100, Loss: 2.172e-05, nu: 0.020, Time: 7.69
It: 3200, Loss: 1.855e-05, nu: 0.020, Time: 7.49
It: 3300, Loss: 1.636e-05, nu: 0.020, Time: 7.49
It: 3400, Loss: 1.415e-05, nu: 0.020, Time: 7.58
It: 3500, Loss: 1.208e-05, nu: 0.020, Time: 7.61
It: 3600, Loss: 1.006e-05, nu: 0.020, Time: 7.72
It: 3700, Loss: 9.118e-06, nu: 0.020, Time: 7.60
It: 3800, Loss: 7.843e-06, nu: 0.020, Time: 7.56
It: 3900, Loss: 1.042e-05, nu: 0.020, Time: 7.53
It: 4000, Loss: 5.779e-05, nu: 0.020, Time: 7.55
It: 4100, Loss: 5.678e-06, nu: 0.020, Time: 7.60
It: 4200, Loss: 5.327e-06, nu: 0.020, Time: 7.60
It: 4300, Loss: 5.023e-06, nu: 0.020, Time: 7.66
It: 4400, Loss: 4.744e-06, nu: 0.020, Time: 7.52
It: 4500, Loss: 4.734e-06, nu: 0.020, Time: 7.60
It: 4600, Loss: 4.371e-06, nu: 0.020, Time: 7.66
It: 4700, Loss: 4.284e-06, nu: 0.020, Time: 7.58
It: 4800, Loss: 3.983e-06, nu: 0.020, Time: 7.58
It: 4900, Loss: 3.689e-06, nu: 0.020, Time: 7.56
It: 5000, Loss: 3.481e-06, nu: 0.020, Time: 7.64
It: 5100, Loss: 3.343e-06, nu: 0.020, Time: 7.57
It: 5200, Loss: 3.300e-06, nu: 0.020, Time: 7.59
It: 5300, Loss: 3.302e-06, nu: 0.020, Time: 7.65
It: 5400, Loss: 3.155e-06, nu: 0.020, Time: 7.63
It: 5500, Loss: 2.979e-06, nu: 0.020, Time: 7.61
It: 5600, Loss: 3.010e-06, nu: 0.020, Time: 7.54
It: 5700, Loss: 2.835e-06, nu: 0.020, Time: 7.64
It: 5800, Loss: 2.859e-06, nu: 0.020, Time: 7.61
It: 5900, Loss: 2.716e-06, nu: 0.020, Time: 7.59
It: 6000, Loss: 2.640e-06, nu: 0.020, Time: 7.61
It: 6100, Loss: 2.604e-06, nu: 0.020, Time: 7.56
It: 6200, Loss: 2.558e-06, nu: 0.020, Time: 7.70
It: 6300, Loss: 2.533e-06, nu: 0.020, Time: 7.61
It: 6400, Loss: 2.403e-06, nu: 0.020, Time: 7.58
It: 6500, Loss: 2.389e-06, nu: 0.020, Time: 7.65
It: 6600, Loss: 2.295e-06, nu: 0.020, Time: 7.58
It: 6700, Loss: 2.147e-06, nu: 0.020, Time: 7.54
It: 6800, Loss: 2.286e-06, nu: 0.020, Time: 7.57
It: 6900, Loss: 2.272e-06, nu: 0.020, Time: 7.54
It: 7000, Loss: 2.182e-06, nu: 0.020, Time: 7.57
It: 7100, Loss: 2.204e-06, nu: 0.020, Time: 7.55
It: 7200, Loss: 2.112e-06, nu: 0.020, Time: 7.67
It: 7300, Loss: 2.101e-06, nu: 0.020, Time: 7.61
It: 7400, Loss: 2.129e-06, nu: 0.020, Time: 7.54
It: 7500, Loss: 2.056e-06, nu: 0.020, Time: 7.69
It: 7600, Loss: 2.075e-06, nu: 0.020, Time: 7.53
It: 7700, Loss: 2.036e-06, nu: 0.020, Time: 7.62
It: 7800, Loss: 2.041e-06, nu: 0.020, Time: 7.55
It: 7900, Loss: 1.991e-06, nu: 0.020, Time: 7.64
It: 8000, Loss: 1.974e-06, nu: 0.020, Time: 7.61
It: 8100, Loss: 1.872e-06, nu: 0.020, Time: 7.65
It: 8200, Loss: 1.908e-06, nu: 0.020, Time: 7.72
It: 8300, Loss: 1.846e-06, nu: 0.020, Time: 7.57
It: 8400, Loss: 1.857e-06, nu: 0.020, Time: 7.63
It: 8500, Loss: 1.880e-06, nu: 0.020, Time: 7.64
It: 8600, Loss: 1.904e-06, nu: 0.020, Time: 7.62
It: 8700, Loss: 1.833e-06, nu: 0.020, Time: 7.68
It: 8800, Loss: 1.899e-06, nu: 0.020, Time: 7.60
It: 8900, Loss: 1.949e-06, nu: 0.020, Time: 7.60
It: 9000, Loss: 1.872e-06, nu: 0.020, Time: 7.75
It: 9100, Loss: 1.813e-06, nu: 0.020, Time: 7.65
It: 9200, Loss: 1.794e-06, nu: 0.020, Time: 7.70
It: 9300, Loss: 1.757e-06, nu: 0.020, Time: 7.73
It: 9400, Loss: 1.747e-06, nu: 0.020, Time: 7.73
It: 9500, Loss: 1.756e-06, nu: 0.020, Time: 7.75
It: 9600, Loss: 1.716e-06, nu: 0.020, Time: 7.59
It: 9700, Loss: 1.764e-06, nu: 0.020, Time: 7.66
It: 9800, Loss: 1.697e-06, nu: 0.020, Time: 7.72
It: 9900, Loss: 1.702e-06, nu: 0.020, Time: 7.76
It: 10000, Loss: 1.660e-06, nu: 0.020, Time: 7.66
It: 10100, Loss: 1.675e-06, nu: 0.020, Time: 7.72
It: 10200, Loss: 1.708e-06, nu: 0.020, Time: 7.75
It: 10300, Loss: 1.736e-06, nu: 0.020, Time: 7.79
It: 10400, Loss: 1.698e-06, nu: 0.020, Time: 7.76
It: 10500, Loss: 1.682e-06, nu: 0.020, Time: 7.83
It: 10600, Loss: 1.681e-06, nu: 0.020, Time: 7.74
It: 10700, Loss: 1.701e-06, nu: 0.020, Time: 7.76
It: 10800, Loss: 1.654e-06, nu: 0.020, Time: 7.68
It: 10900, Loss: 1.574e-06, nu: 0.020, Time: 7.66
It: 11000, Loss: 1.644e-06, nu: 0.020, Time: 7.74
It: 11100, Loss: 1.618e-06, nu: 0.020, Time: 7.75
It: 11200, Loss: 1.620e-06, nu: 0.020, Time: 7.81
It: 11300, Loss: 1.627e-06, nu: 0.020, Time: 7.70
It: 11400, Loss: 1.606e-06, nu: 0.020, Time: 7.73
It: 11500, Loss: 1.634e-06, nu: 0.020, Time: 7.79
It: 11600, Loss: 1.575e-06, nu: 0.020, Time: 7.82
It: 11700, Loss: 1.601e-06, nu: 0.020, Time: 7.72
It: 11800, Loss: 1.578e-06, nu: 0.020, Time: 7.68
It: 11900, Loss: 1.563e-06, nu: 0.020, Time: 7.67
It: 12000, Loss: 1.524e-06, nu: 0.020, Time: 7.66
It: 12100, Loss: 1.606e-06, nu: 0.020, Time: 7.74
It: 12200, Loss: 1.567e-06, nu: 0.020, Time: 7.71
It: 12300, Loss: 1.582e-06, nu: 0.020, Time: 7.74
It: 12400, Loss: 1.506e-06, nu: 0.020, Time: 7.61
It: 12500, Loss: 1.547e-06, nu: 0.020, Time: 7.72
It: 12600, Loss: 1.596e-06, nu: 0.020, Time: 7.75
It: 12700, Loss: 1.558e-06, nu: 0.020, Time: 7.78
It: 12800, Loss: 1.567e-06, nu: 0.020, Time: 7.69
It: 12900, Loss: 1.525e-06, nu: 0.020, Time: 7.75
It: 13000, Loss: 1.557e-06, nu: 0.020, Time: 7.77
It: 13100, Loss: 1.529e-06, nu: 0.020, Time: 7.76
It: 13200, Loss: 1.478e-06, nu: 0.020, Time: 7.74
It: 13300, Loss: 1.506e-06, nu: 0.020, Time: 7.74
It: 13400, Loss: 1.554e-06, nu: 0.020, Time: 7.71
It: 13500, Loss: 1.519e-06, nu: 0.020, Time: 7.74
It: 13600, Loss: 1.492e-06, nu: 0.020, Time: 7.72
It: 13700, Loss: 1.556e-06, nu: 0.020, Time: 7.67
It: 13800, Loss: 1.473e-06, nu: 0.020, Time: 7.67
It: 13900, Loss: 1.581e-06, nu: 0.020, Time: 7.60
It: 14000, Loss: 1.460e-06, nu: 0.020, Time: 7.55
It: 14100, Loss: 1.456e-06, nu: 0.020, Time: 7.55
It: 14200, Loss: 1.526e-06, nu: 0.020, Time: 7.58
It: 14300, Loss: 1.487e-06, nu: 0.020, Time: 7.52
It: 14400, Loss: 1.475e-06, nu: 0.020, Time: 7.59
It: 14500, Loss: 1.474e-06, nu: 0.020, Time: 7.58
It: 14600, Loss: 1.530e-06, nu: 0.020, Time: 7.68
It: 14700, Loss: 1.428e-06, nu: 0.020, Time: 7.57
It: 14800, Loss: 1.551e-06, nu: 0.020, Time: 7.63
It: 14900, Loss: 1.499e-06, nu: 0.020, Time: 7.56
It: 15000, Loss: 1.476e-06, nu: 0.020, Time: 7.70
It: 15100, Loss: 1.517e-06, nu: 0.020, Time: 7.59
It: 15200, Loss: 1.544e-06, nu: 0.020, Time: 7.56
It: 15300, Loss: 1.488e-06, nu: 0.020, Time: 7.67
It: 15400, Loss: 1.497e-06, nu: 0.020, Time: 7.56
It: 15500, Loss: 1.484e-06, nu: 0.020, Time: 7.63
It: 15600, Loss: 1.523e-06, nu: 0.020, Time: 7.59
It: 15700, Loss: 1.529e-06, nu: 0.020, Time: 7.57
It: 15800, Loss: 1.542e-06, nu: 0.020, Time: 7.69
It: 15900, Loss: 1.495e-06, nu: 0.020, Time: 7.59
It: 16000, Loss: 1.444e-06, nu: 0.020, Time: 7.59
It: 16100, Loss: 1.493e-06, nu: 0.020, Time: 7.58
It: 16200, Loss: 1.507e-06, nu: 0.020, Time: 7.63
It: 16300, Loss: 1.438e-06, nu: 0.020, Time: 7.60
It: 16400, Loss: 1.503e-06, nu: 0.020, Time: 7.60
It: 16500, Loss: 1.502e-06, nu: 0.020, Time: 7.57
It: 16600, Loss: 1.465e-06, nu: 0.020, Time: 7.49
It: 16700, Loss: 1.486e-06, nu: 0.020, Time: 7.71
It: 16800, Loss: 1.548e-06, nu: 0.020, Time: 7.69
It: 16900, Loss: 1.468e-06, nu: 0.020, Time: 7.60
It: 17000, Loss: 1.473e-06, nu: 0.020, Time: 7.63
It: 17100, Loss: 1.461e-06, nu: 0.020, Time: 7.65
It: 17200, Loss: 1.471e-06, nu: 0.020, Time: 7.66
It: 17300, Loss: 1.522e-06, nu: 0.020, Time: 7.59
It: 17400, Loss: 1.469e-06, nu: 0.020, Time: 7.62
It: 17500, Loss: 1.555e-06, nu: 0.020, Time: 7.61
It: 17600, Loss: 1.465e-06, nu: 0.020, Time: 7.62
It: 17700, Loss: 1.468e-06, nu: 0.020, Time: 7.60
It: 17800, Loss: 1.544e-06, nu: 0.020, Time: 7.68
It: 17900, Loss: 1.420e-06, nu: 0.020, Time: 7.56
It: 18000, Loss: 1.504e-06, nu: 0.020, Time: 7.54
It: 18100, Loss: 1.455e-06, nu: 0.020, Time: 7.58
It: 18200, Loss: 1.438e-06, nu: 0.020, Time: 7.55
It: 18300, Loss: 1.503e-06, nu: 0.020, Time: 7.60
It: 18400, Loss: 1.506e-06, nu: 0.020, Time: 7.55
It: 18500, Loss: 1.490e-06, nu: 0.020, Time: 7.59
It: 18600, Loss: 1.445e-06, nu: 0.020, Time: 7.69
It: 18700, Loss: 1.473e-06, nu: 0.020, Time: 7.53
It: 18800, Loss: 1.428e-06, nu: 0.020, Time: 7.63
It: 18900, Loss: 1.500e-06, nu: 0.020, Time: 7.62
It: 19000, Loss: 1.445e-06, nu: 0.020, Time: 7.62
It: 19100, Loss: 1.469e-06, nu: 0.020, Time: 7.54
It: 19200, Loss: 1.501e-06, nu: 0.020, Time: 7.56
It: 19300, Loss: 1.480e-06, nu: 0.020, Time: 7.68
It: 19400, Loss: 1.564e-06, nu: 0.020, Time: 7.71
It: 19500, Loss: 1.436e-06, nu: 0.020, Time: 7.64
It: 19600, Loss: 1.416e-06, nu: 0.020, Time: 7.65
It: 19700, Loss: 1.467e-06, nu: 0.020, Time: 7.86
It: 19800, Loss: 1.464e-06, nu: 0.020, Time: 7.83
It: 19900, Loss: 1.507e-06, nu: 0.020, Time: 7.79
It: 20000, Loss: 1.467e-06, nu: 0.020, Time: 7.71
It: 20100, Loss: 1.505e-06, nu: 0.020, Time: 7.59
It: 20200, Loss: 1.484e-06, nu: 0.020, Time: 7.71
It: 20300, Loss: 1.458e-06, nu: 0.020, Time: 7.65
It: 20400, Loss: 1.487e-06, nu: 0.020, Time: 7.70
It: 20500, Loss: 1.519e-06, nu: 0.020, Time: 7.68
It: 20600, Loss: 1.463e-06, nu: 0.020, Time: 7.80
It: 20700, Loss: 1.475e-06, nu: 0.020, Time: 7.78
It: 20800, Loss: 1.472e-06, nu: 0.020, Time: 7.77
It: 20900, Loss: 1.541e-06, nu: 0.020, Time: 7.69
It: 21000, Loss: 1.496e-06, nu: 0.020, Time: 7.70
It: 21100, Loss: 1.488e-06, nu: 0.020, Time: 7.74
It: 21200, Loss: 1.476e-06, nu: 0.020, Time: 7.81
It: 21300, Loss: 1.432e-06, nu: 0.020, Time: 7.79
It: 21400, Loss: 1.487e-06, nu: 0.020, Time: 7.82
It: 21500, Loss: 1.492e-06, nu: 0.020, Time: 7.83
It: 21600, Loss: 1.465e-06, nu: 0.020, Time: 7.81
It: 21700, Loss: 1.492e-06, nu: 0.020, Time: 7.79
It: 21800, Loss: 1.492e-06, nu: 0.020, Time: 7.81
It: 21900, Loss: 1.482e-06, nu: 0.020, Time: 7.77
It: 22000, Loss: 1.521e-06, nu: 0.020, Time: 7.65
It: 22100, Loss: 1.478e-06, nu: 0.020, Time: 7.60
It: 22200, Loss: 1.495e-06, nu: 0.020, Time: 7.62
It: 22300, Loss: 1.479e-06, nu: 0.020, Time: 7.70
It: 22400, Loss: 1.487e-06, nu: 0.020, Time: 7.59
It: 22500, Loss: 1.448e-06, nu: 0.020, Time: 7.70
It: 22600, Loss: 1.469e-06, nu: 0.020, Time: 7.67
It: 22700, Loss: 1.462e-06, nu: 0.020, Time: 7.65
It: 22800, Loss: 1.479e-06, nu: 0.020, Time: 7.66
It: 22900, Loss: 1.480e-06, nu: 0.020, Time: 7.68
It: 23000, Loss: 1.437e-06, nu: 0.020, Time: 7.70
It: 23100, Loss: 1.445e-06, nu: 0.020, Time: 7.63
It: 23200, Loss: 1.470e-06, nu: 0.020, Time: 7.60
It: 23300, Loss: 1.494e-06, nu: 0.020, Time: 7.58
It: 23400, Loss: 1.441e-06, nu: 0.020, Time: 7.65
It: 23500, Loss: 1.459e-06, nu: 0.020, Time: 7.64
It: 23600, Loss: 1.519e-06, nu: 0.020, Time: 7.65
It: 23700, Loss: 1.483e-06, nu: 0.020, Time: 7.64
It: 23800, Loss: 1.517e-06, nu: 0.020, Time: 7.69
It: 23900, Loss: 1.517e-06, nu: 0.020, Time: 7.66
It: 24000, Loss: 1.481e-06, nu: 0.020, Time: 7.60
It: 24100, Loss: 1.464e-06, nu: 0.020, Time: 7.63
It: 24200, Loss: 1.507e-06, nu: 0.020, Time: 7.64
It: 24300, Loss: 1.477e-06, nu: 0.020, Time: 7.58
It: 24400, Loss: 1.449e-06, nu: 0.020, Time: 7.70
It: 24500, Loss: 1.458e-06, nu: 0.020, Time: 7.61
It: 24600, Loss: 1.522e-06, nu: 0.020, Time: 7.54
It: 24700, Loss: 1.448e-06, nu: 0.020, Time: 7.70
It: 24800, Loss: 1.499e-06, nu: 0.020, Time: 7.68
It: 24900, Loss: 1.464e-06, nu: 0.020, Time: 7.75
It: 25000, Loss: 1.477e-06, nu: 0.020, Time: 7.71
It: 25100, Loss: 1.494e-06, nu: 0.020, Time: 7.71
It: 25200, Loss: 1.456e-06, nu: 0.020, Time: 7.77
It: 25300, Loss: 1.473e-06, nu: 0.020, Time: 7.73
It: 25400, Loss: 1.440e-06, nu: 0.020, Time: 7.69
It: 25500, Loss: 1.506e-06, nu: 0.020, Time: 7.66
It: 25600, Loss: 1.442e-06, nu: 0.020, Time: 7.70
It: 25700, Loss: 1.532e-06, nu: 0.020, Time: 7.73
It: 25800, Loss: 1.463e-06, nu: 0.020, Time: 7.60
It: 25900, Loss: 1.506e-06, nu: 0.020, Time: 7.64
It: 26000, Loss: 1.469e-06, nu: 0.020, Time: 7.65
It: 26100, Loss: 1.450e-06, nu: 0.020, Time: 7.66
It: 26200, Loss: 1.471e-06, nu: 0.020, Time: 7.68
It: 26300, Loss: 1.456e-06, nu: 0.020, Time: 7.70
It: 26400, Loss: 1.447e-06, nu: 0.020, Time: 7.72
It: 26500, Loss: 1.463e-06, nu: 0.020, Time: 7.70
It: 26600, Loss: 1.466e-06, nu: 0.020, Time: 7.70
It: 26700, Loss: 1.483e-06, nu: 0.020, Time: 7.68
It: 26800, Loss: 1.467e-06, nu: 0.020, Time: 7.77
It: 26900, Loss: 1.462e-06, nu: 0.020, Time: 7.67
It: 27000, Loss: 1.513e-06, nu: 0.020, Time: 7.75
It: 27100, Loss: 1.459e-06, nu: 0.020, Time: 7.62
It: 27200, Loss: 1.478e-06, nu: 0.020, Time: 7.62
It: 27300, Loss: 1.479e-06, nu: 0.020, Time: 7.67
It: 27400, Loss: 1.474e-06, nu: 0.020, Time: 7.69
It: 27500, Loss: 1.512e-06, nu: 0.020, Time: 7.68
It: 27600, Loss: 1.498e-06, nu: 0.020, Time: 7.63
It: 27700, Loss: 1.454e-06, nu: 0.020, Time: 7.65
It: 27800, Loss: 1.486e-06, nu: 0.020, Time: 7.83
It: 27900, Loss: 1.454e-06, nu: 0.020, Time: 7.76
It: 28000, Loss: 1.439e-06, nu: 0.020, Time: 7.77
It: 28100, Loss: 1.472e-06, nu: 0.020, Time: 7.77
It: 28200, Loss: 1.453e-06, nu: 0.020, Time: 7.79
It: 28300, Loss: 1.539e-06, nu: 0.020, Time: 7.72
It: 28400, Loss: 1.493e-06, nu: 0.020, Time: 7.73
It: 28500, Loss: 1.466e-06, nu: 0.020, Time: 7.75
It: 28600, Loss: 1.486e-06, nu: 0.020, Time: 7.72
It: 28700, Loss: 1.480e-06, nu: 0.020, Time: 7.78
It: 28800, Loss: 1.478e-06, nu: 0.020, Time: 7.75
It: 28900, Loss: 1.471e-06, nu: 0.020, Time: 7.78
It: 29000, Loss: 1.436e-06, nu: 0.020, Time: 7.80
It: 29100, Loss: 1.576e-06, nu: 0.020, Time: 7.74
It: 29200, Loss: 1.494e-06, nu: 0.020, Time: 7.79
It: 29300, Loss: 1.453e-06, nu: 0.020, Time: 7.81
It: 29400, Loss: 1.540e-06, nu: 0.020, Time: 7.76
It: 29500, Loss: 1.511e-06, nu: 0.020, Time: 7.80
It: 29600, Loss: 1.465e-06, nu: 0.020, Time: 7.78
It: 29700, Loss: 1.469e-06, nu: 0.020, Time: 7.68
It: 29800, Loss: 1.482e-06, nu: 0.020, Time: 7.61
It: 29900, Loss: 1.474e-06, nu: 0.020, Time: 7.67
It: 30000, Loss: 1.492e-06, nu: 0.020, Time: 7.61
It: 30100, Loss: 1.548e-06, nu: 0.020, Time: 7.65
It: 30200, Loss: 1.495e-06, nu: 0.020, Time: 7.55
It: 30300, Loss: 1.486e-06, nu: 0.020, Time: 7.58
It: 30400, Loss: 1.486e-06, nu: 0.020, Time: 7.61
It: 30500, Loss: 1.447e-06, nu: 0.020, Time: 7.63
It: 30600, Loss: 1.478e-06, nu: 0.020, Time: 7.55
It: 30700, Loss: 1.496e-06, nu: 0.020, Time: 7.51
It: 30800, Loss: 1.540e-06, nu: 0.020, Time: 7.48
It: 30900, Loss: 1.490e-06, nu: 0.020, Time: 7.55
It: 31000, Loss: 1.546e-06, nu: 0.020, Time: 7.56
It: 31100, Loss: 1.475e-06, nu: 0.020, Time: 7.54
It: 31200, Loss: 1.406e-06, nu: 0.020, Time: 7.56
It: 31300, Loss: 1.450e-06, nu: 0.020, Time: 7.55
It: 31400, Loss: 1.486e-06, nu: 0.020, Time: 7.66
It: 31500, Loss: 1.496e-06, nu: 0.020, Time: 7.59
It: 31600, Loss: 1.461e-06, nu: 0.020, Time: 7.59
It: 31700, Loss: 1.510e-06, nu: 0.020, Time: 7.70
It: 31800, Loss: 1.502e-06, nu: 0.020, Time: 7.61
It: 31900, Loss: 1.444e-06, nu: 0.020, Time: 7.60
It: 32000, Loss: 1.444e-06, nu: 0.020, Time: 7.43
It: 32100, Loss: 1.463e-06, nu: 0.020, Time: 7.63
It: 32200, Loss: 1.525e-06, nu: 0.020, Time: 7.58
It: 32300, Loss: 1.479e-06, nu: 0.020, Time: 7.60
It: 32400, Loss: 1.449e-06, nu: 0.020, Time: 7.53
It: 32500, Loss: 1.441e-06, nu: 0.020, Time: 7.49
It: 32600, Loss: 1.468e-06, nu: 0.020, Time: 7.41
It: 32700, Loss: 1.470e-06, nu: 0.020, Time: 7.53
It: 32800, Loss: 1.466e-06, nu: 0.020, Time: 7.53
It: 32900, Loss: 1.509e-06, nu: 0.020, Time: 7.49
It: 33000, Loss: 1.494e-06, nu: 0.020, Time: 7.58
It: 33100, Loss: 1.518e-06, nu: 0.020, Time: 7.52
It: 33200, Loss: 1.471e-06, nu: 0.020, Time: 7.47
It: 33300, Loss: 1.480e-06, nu: 0.020, Time: 7.55
It: 33400, Loss: 1.482e-06, nu: 0.020, Time: 7.59
It: 33500, Loss: 1.442e-06, nu: 0.020, Time: 7.63
It: 33600, Loss: 1.532e-06, nu: 0.020, Time: 7.54
It: 33700, Loss: 1.457e-06, nu: 0.020, Time: 7.62
It: 33800, Loss: 1.471e-06, nu: 0.020, Time: 7.63
It: 33900, Loss: 1.490e-06, nu: 0.020, Time: 7.45
It: 34000, Loss: 1.487e-06, nu: 0.020, Time: 7.48
It: 34100, Loss: 1.460e-06, nu: 0.020, Time: 7.50
It: 34200, Loss: 1.469e-06, nu: 0.020, Time: 7.61
It: 34300, Loss: 1.466e-06, nu: 0.020, Time: 7.65
It: 34400, Loss: 1.461e-06, nu: 0.020, Time: 7.57
It: 34500, Loss: 1.552e-06, nu: 0.020, Time: 7.57
It: 34600, Loss: 1.498e-06, nu: 0.020, Time: 7.55
It: 34700, Loss: 1.533e-06, nu: 0.020, Time: 7.63
It: 34800, Loss: 1.452e-06, nu: 0.020, Time: 7.56
It: 34900, Loss: 1.458e-06, nu: 0.020, Time: 7.56
It: 35000, Loss: 1.494e-06, nu: 0.020, Time: 7.60
It: 35100, Loss: 1.457e-06, nu: 0.020, Time: 7.59
It: 35200, Loss: 1.502e-06, nu: 0.020, Time: 7.52
It: 35300, Loss: 1.433e-06, nu: 0.020, Time: 7.51
It: 35400, Loss: 1.447e-06, nu: 0.020, Time: 7.46
It: 35500, Loss: 1.445e-06, nu: 0.020, Time: 7.50
It: 35600, Loss: 1.520e-06, nu: 0.020, Time: 7.53
It: 35700, Loss: 1.485e-06, nu: 0.020, Time: 7.55
It: 35800, Loss: 1.474e-06, nu: 0.020, Time: 7.62
It: 35900, Loss: 1.493e-06, nu: 0.020, Time: 7.54
It: 36000, Loss: 1.497e-06, nu: 0.020, Time: 7.54
It: 36100, Loss: 1.507e-06, nu: 0.020, Time: 7.67
It: 36200, Loss: 1.512e-06, nu: 0.020, Time: 7.44
It: 36300, Loss: 1.463e-06, nu: 0.020, Time: 7.55
It: 36400, Loss: 1.567e-06, nu: 0.020, Time: 7.54
It: 36500, Loss: 1.468e-06, nu: 0.020, Time: 7.55
It: 36600, Loss: 1.473e-06, nu: 0.020, Time: 7.43
It: 36700, Loss: 1.544e-06, nu: 0.020, Time: 7.49
It: 36800, Loss: 1.481e-06, nu: 0.020, Time: 7.56
It: 36900, Loss: 1.482e-06, nu: 0.020, Time: 7.63
It: 37000, Loss: 1.533e-06, nu: 0.020, Time: 7.62
It: 37100, Loss: 1.482e-06, nu: 0.020, Time: 7.63
It: 37200, Loss: 1.472e-06, nu: 0.020, Time: 7.59
It: 37300, Loss: 1.466e-06, nu: 0.020, Time: 7.54
It: 37400, Loss: 1.512e-06, nu: 0.020, Time: 7.56
It: 37500, Loss: 1.493e-06, nu: 0.020, Time: 7.66
It: 37600, Loss: 1.478e-06, nu: 0.020, Time: 7.52
It: 37700, Loss: 1.461e-06, nu: 0.020, Time: 7.60
It: 37800, Loss: 1.503e-06, nu: 0.020, Time: 7.64
It: 37900, Loss: 1.525e-06, nu: 0.020, Time: 7.54
It: 38000, Loss: 1.486e-06, nu: 0.020, Time: 7.66
It: 38100, Loss: 1.480e-06, nu: 0.020, Time: 7.63
It: 38200, Loss: 1.470e-06, nu: 0.020, Time: 7.64
It: 38300, Loss: 1.490e-06, nu: 0.020, Time: 7.63
It: 38400, Loss: 1.489e-06, nu: 0.020, Time: 7.63
It: 38500, Loss: 1.443e-06, nu: 0.020, Time: 7.67
It: 38600, Loss: 1.472e-06, nu: 0.020, Time: 7.64
It: 38700, Loss: 1.424e-06, nu: 0.020, Time: 7.57
It: 38800, Loss: 1.473e-06, nu: 0.020, Time: 7.57
It: 38900, Loss: 1.501e-06, nu: 0.020, Time: 7.62
It: 39000, Loss: 1.492e-06, nu: 0.020, Time: 7.69
It: 39100, Loss: 1.469e-06, nu: 0.020, Time: 7.54
It: 39200, Loss: 1.496e-06, nu: 0.020, Time: 7.44
It: 39300, Loss: 1.483e-06, nu: 0.020, Time: 7.40
It: 39400, Loss: 1.440e-06, nu: 0.020, Time: 7.50
It: 39500, Loss: 1.481e-06, nu: 0.020, Time: 7.50
It: 39600, Loss: 1.463e-06, nu: 0.020, Time: 7.54
It: 39700, Loss: 1.424e-06, nu: 0.020, Time: 7.52
It: 39800, Loss: 1.512e-06, nu: 0.020, Time: 7.48
It: 39900, Loss: 1.513e-06, nu: 0.020, Time: 7.49
It: 40000, Loss: 1.467e-06, nu: 0.020, Time: 7.54
It: 40100, Loss: 1.527e-06, nu: 0.020, Time: 7.49
It: 40200, Loss: 1.527e-06, nu: 0.020, Time: 7.49
It: 40300, Loss: 1.452e-06, nu: 0.020, Time: 7.54
It: 40400, Loss: 1.529e-06, nu: 0.020, Time: 7.47
It: 40500, Loss: 1.408e-06, nu: 0.020, Time: 7.58
It: 40600, Loss: 1.489e-06, nu: 0.020, Time: 7.51
It: 40700, Loss: 1.492e-06, nu: 0.020, Time: 7.57
It: 40800, Loss: 1.493e-06, nu: 0.020, Time: 7.50
It: 40900, Loss: 1.463e-06, nu: 0.020, Time: 7.59
It: 41000, Loss: 1.512e-06, nu: 0.020, Time: 7.45
It: 41100, Loss: 1.471e-06, nu: 0.020, Time: 7.65
It: 41200, Loss: 1.493e-06, nu: 0.020, Time: 7.60
It: 41300, Loss: 1.458e-06, nu: 0.020, Time: 7.55
It: 41400, Loss: 1.469e-06, nu: 0.020, Time: 7.61
It: 41500, Loss: 1.500e-06, nu: 0.020, Time: 7.61
It: 41600, Loss: 1.500e-06, nu: 0.020, Time: 7.64
It: 41700, Loss: 1.437e-06, nu: 0.020, Time: 7.53
It: 41800, Loss: 1.461e-06, nu: 0.020, Time: 7.63
It: 41900, Loss: 1.499e-06, nu: 0.020, Time: 7.52
It: 42000, Loss: 1.450e-06, nu: 0.020, Time: 7.50
It: 42100, Loss: 1.462e-06, nu: 0.020, Time: 7.56
It: 42200, Loss: 1.494e-06, nu: 0.020, Time: 7.51
It: 42300, Loss: 1.480e-06, nu: 0.020, Time: 7.41
It: 42400, Loss: 1.441e-06, nu: 0.020, Time: 7.29
It: 42500, Loss: 1.467e-06, nu: 0.020, Time: 7.27
It: 42600, Loss: 1.537e-06, nu: 0.020, Time: 7.21
It: 42700, Loss: 1.443e-06, nu: 0.020, Time: 7.16
It: 42800, Loss: 1.522e-06, nu: 0.020, Time: 7.23
It: 42900, Loss: 1.467e-06, nu: 0.020, Time: 7.25
It: 43000, Loss: 1.470e-06, nu: 0.020, Time: 7.29
It: 43100, Loss: 1.476e-06, nu: 0.020, Time: 7.29
It: 43200, Loss: 1.450e-06, nu: 0.020, Time: 7.25
It: 43300, Loss: 1.464e-06, nu: 0.020, Time: 7.30
It: 43400, Loss: 1.474e-06, nu: 0.020, Time: 7.28
It: 43500, Loss: 1.449e-06, nu: 0.020, Time: 7.28
It: 43600, Loss: 1.460e-06, nu: 0.020, Time: 7.27
It: 43700, Loss: 1.511e-06, nu: 0.020, Time: 6.87
It: 43800, Loss: 1.451e-06, nu: 0.020, Time: 6.83
It: 43900, Loss: 1.478e-06, nu: 0.020, Time: 6.80
It: 44000, Loss: 1.492e-06, nu: 0.020, Time: 6.85
It: 44100, Loss: 1.460e-06, nu: 0.020, Time: 6.86
It: 44200, Loss: 1.449e-06, nu: 0.020, Time: 6.83
It: 44300, Loss: 1.474e-06, nu: 0.020, Time: 6.78
It: 44400, Loss: 1.458e-06, nu: 0.020, Time: 6.85
It: 44500, Loss: 1.455e-06, nu: 0.020, Time: 6.87
It: 44600, Loss: 1.468e-06, nu: 0.020, Time: 6.85
It: 44700, Loss: 1.482e-06, nu: 0.020, Time: 6.87
It: 44800, Loss: 1.507e-06, nu: 0.020, Time: 6.85
It: 44900, Loss: 1.441e-06, nu: 0.020, Time: 6.84
It: 45000, Loss: 1.438e-06, nu: 0.020, Time: 6.84
It: 45100, Loss: 1.466e-06, nu: 0.020, Time: 6.80
It: 45200, Loss: 1.470e-06, nu: 0.020, Time: 6.91
It: 45300, Loss: 1.573e-06, nu: 0.020, Time: 6.89
It: 45400, Loss: 1.521e-06, nu: 0.020, Time: 6.83
It: 45500, Loss: 1.508e-06, nu: 0.020, Time: 6.86
It: 45600, Loss: 1.486e-06, nu: 0.020, Time: 6.94
It: 45700, Loss: 1.500e-06, nu: 0.020, Time: 6.84
It: 45800, Loss: 1.475e-06, nu: 0.020, Time: 6.86
It: 45900, Loss: 1.485e-06, nu: 0.020, Time: 6.84
It: 46000, Loss: 1.512e-06, nu: 0.020, Time: 6.89
It: 46100, Loss: 1.436e-06, nu: 0.020, Time: 6.87
It: 46200, Loss: 1.489e-06, nu: 0.020, Time: 6.88
It: 46300, Loss: 1.462e-06, nu: 0.020, Time: 6.91
It: 46400, Loss: 1.477e-06, nu: 0.020, Time: 6.90
It: 46500, Loss: 1.470e-06, nu: 0.020, Time: 6.84
It: 46600, Loss: 1.525e-06, nu: 0.020, Time: 6.82
It: 46700, Loss: 1.479e-06, nu: 0.020, Time: 6.85
It: 46800, Loss: 1.491e-06, nu: 0.020, Time: 6.80
It: 46900, Loss: 1.501e-06, nu: 0.020, Time: 6.84
It: 47000, Loss: 1.454e-06, nu: 0.020, Time: 6.92
It: 47100, Loss: 1.472e-06, nu: 0.020, Time: 6.89
It: 47200, Loss: 1.525e-06, nu: 0.020, Time: 6.98
It: 47300, Loss: 1.462e-06, nu: 0.020, Time: 6.91
It: 47400, Loss: 1.477e-06, nu: 0.020, Time: 6.90
It: 47500, Loss: 1.437e-06, nu: 0.020, Time: 6.91
It: 47600, Loss: 1.452e-06, nu: 0.020, Time: 6.81
It: 47700, Loss: 1.457e-06, nu: 0.020, Time: 6.81
It: 47800, Loss: 1.480e-06, nu: 0.020, Time: 6.87
It: 47900, Loss: 1.496e-06, nu: 0.020, Time: 6.84
It: 48000, Loss: 1.522e-06, nu: 0.020, Time: 6.95
It: 48100, Loss: 1.470e-06, nu: 0.020, Time: 6.85
It: 48200, Loss: 1.497e-06, nu: 0.020, Time: 6.90
It: 48300, Loss: 1.488e-06, nu: 0.020, Time: 6.92
It: 48400, Loss: 1.462e-06, nu: 0.020, Time: 6.90
It: 48500, Loss: 1.419e-06, nu: 0.020, Time: 7.04
It: 48600, Loss: 1.461e-06, nu: 0.020, Time: 7.30
It: 48700, Loss: 1.512e-06, nu: 0.020, Time: 7.04
It: 48800, Loss: 1.422e-06, nu: 0.020, Time: 6.98
It: 48900, Loss: 1.469e-06, nu: 0.020, Time: 7.00
It: 49000, Loss: 1.481e-06, nu: 0.020, Time: 7.00
It: 49100, Loss: 1.489e-06, nu: 0.020, Time: 7.00
It: 49200, Loss: 1.592e-06, nu: 0.020, Time: 6.93
It: 49300, Loss: 1.475e-06, nu: 0.020, Time: 7.02
It: 49400, Loss: 1.507e-06, nu: 0.020, Time: 7.07/home/zihan/anaconda3/envs/x/lib/python3.7/site-packages/torch/nn/functional.py:1933: UserWarning: nn.functional.tanh is deprecated. Use torch.tanh instead.
  warnings.warn("nn.functional.tanh is deprecated. Use torch.tanh instead.")

It: 49500, Loss: 1.512e-06, nu: 0.020, Time: 6.98
It: 49600, Loss: 1.471e-06, nu: 0.020, Time: 7.04
It: 49700, Loss: 1.517e-06, nu: 0.020, Time: 7.03
It: 49800, Loss: 1.464e-06, nu: 0.020, Time: 7.12
It: 49900, Loss: 1.489e-06, nu: 0.020, Time: 7.02
Error u: 1.432758e-04
Error nu: 0.00000%
